[  1%] Built target rl_sar__cpp
[  9%] Built target rl_sar__rosidl_generator_c
[  9%] Built target ament_cmake_python_symlink_rl_sar
[ 16%] Built target rl_sar__rosidl_typesupport_introspection_c
[ 24%] Built target rl_sar__rosidl_typesupport_c
[ 31%] Built target rl_sar__rosidl_typesupport_cpp
[ 39%] Built target rl_sar__rosidl_typesupport_fastrtps_cpp
[ 46%] Built target rl_sar__rosidl_typesupport_introspection_cpp
[ 54%] Built target rl_sar__rosidl_typesupport_fastrtps_c
[ 57%] Built target rl_sdk
[ 60%] Built target observation_buffer
[ 60%] Built target rl_sar
[ 62%] [32mBuilding CXX object CMakeFiles/rl_real_go2.dir/src/rl_real_go2.cpp.o[0m
[ 63%] [32mBuilding CXX object CMakeFiles/rl_real_g1.dir/src/rl_real_g1.cpp.o[0m
[ 65%] Built target rl_sar__py
[ 68%] Built target rl_real_l4w4
[ 71%] Built target rl_real_a1
[ 77%] Built target rl_sar__rosidl_generator_py
[ 84%] Built target rl_real_lite3
[ 87%] Built target rl_sim
[ 96%] Built target rl_sar__rosidl_typesupport_c__pyext
[ 96%] Built target rl_sar__rosidl_typesupport_introspection_c__pyext
[ 96%] Built target rl_sar__rosidl_typesupport_fastrtps_c__pyext
running egg_info
writing rl_sar.egg-info/PKG-INFO
writing dependency_links to rl_sar.egg-info/dependency_links.txt
writing top-level names to rl_sar.egg-info/top_level.txt
reading manifest file 'rl_sar.egg-info/SOURCES.txt'
writing manifest file 'rl_sar.egg-info/SOURCES.txt'
[ 96%] Built target ament_cmake_python_build_rl_sar_egg
[ 98%] [32m[1mLinking CXX executable rl_real_go2[0m
[100%] [32m[1mLinking CXX executable rl_real_g1[0m
[100%] Built target rl_real_go2
[100%] Built target rl_real_g1
-- Install configuration: "Debug"
-- Execute custom install script
-- Symlinking: /home/home/ros2_ws/install/rl_sar/share/ament_index/resource_index/rosidl_interfaces/rl_sar
-- Symlinking: /home/home/ros2_ws/install/rl_sar/include/rl_sar/rl_sar/action/detail/robot_activation__functions.h
-- Symlinking: /home/home/ros2_ws/install/rl_sar/include/rl_sar/rl_sar/action/detail/robot_activation__struct.h
-- Symlinking: /home/home/ros2_ws/install/rl_sar/include/rl_sar/rl_sar/action/detail/robot_activation__type_support.h
-- Symlinking: /home/home/ros2_ws/install/rl_sar/include/rl_sar/rl_sar/action/detail/set_locomotion_mode__functions.h
-- Symlinking: /home/home/ros2_ws/install/rl_sar/include/rl_sar/rl_sar/action/detail/set_locomotion_mode__struct.h
-- Symlinking: /home/home/ros2_ws/install/rl_sar/include/rl_sar/rl_sar/action/detail/set_locomotion_mode__type_support.h
-- Symlinking: /home/home/ros2_ws/install/rl_sar/include/rl_sar/rl_sar/action/detail/set_navigation_mode__functions.h
-- Symlinking: /home/home/ros2_ws/install/rl_sar/include/rl_sar/rl_sar/action/detail/set_navigation_mode__struct.h
-- Symlinking: /home/home/ros2_ws/install/rl_sar/include/rl_sar/rl_sar/action/detail/set_navigation_mode__type_support.h
-- Symlinking: /home/home/ros2_ws/install/rl_sar/include/rl_sar/rl_sar/action/robot_activation.h
-- Symlinking: /home/home/ros2_ws/install/rl_sar/include/rl_sar/rl_sar/action/set_locomotion_mode.h
-- Symlinking: /home/home/ros2_ws/install/rl_sar/include/rl_sar/rl_sar/action/set_navigation_mode.h
-- Symlinking: /home/home/ros2_ws/install/rl_sar/include/rl_sar/rl_sar/msg/rosidl_generator_c__visibility_control.h
-- Symlinking: /home/home/ros2_ws/install/rl_sar/share/rl_sar/environment/library_path.sh
-- Symlinking: /home/home/ros2_ws/install/rl_sar/share/rl_sar/environment/library_path.dsv
-- Symlinking: /home/home/ros2_ws/install/rl_sar/include/rl_sar/rl_sar/action/detail/robot_activation__rosidl_typesupport_fastrtps_c.h
-- Symlinking: /home/home/ros2_ws/install/rl_sar/include/rl_sar/rl_sar/action/detail/set_locomotion_mode__rosidl_typesupport_fastrtps_c.h
-- Symlinking: /home/home/ros2_ws/install/rl_sar/include/rl_sar/rl_sar/action/detail/set_navigation_mode__rosidl_typesupport_fastrtps_c.h
-- Symlinking: /home/home/ros2_ws/install/rl_sar/include/rl_sar/rl_sar/msg/rosidl_typesupport_fastrtps_c__visibility_control.h
-- Symlinking: /home/home/ros2_ws/install/rl_sar/include/rl_sar/rl_sar/action/detail/robot_activation__builder.hpp
-- Symlinking: /home/home/ros2_ws/install/rl_sar/include/rl_sar/rl_sar/action/detail/robot_activation__struct.hpp
-- Symlinking: /home/home/ros2_ws/install/rl_sar/include/rl_sar/rl_sar/action/detail/robot_activation__traits.hpp
-- Symlinking: /home/home/ros2_ws/install/rl_sar/include/rl_sar/rl_sar/action/detail/robot_activation__type_support.hpp
-- Symlinking: /home/home/ros2_ws/install/rl_sar/include/rl_sar/rl_sar/action/detail/set_locomotion_mode__builder.hpp
-- Symlinking: /home/home/ros2_ws/install/rl_sar/include/rl_sar/rl_sar/action/detail/set_locomotion_mode__struct.hpp
-- Symlinking: /home/home/ros2_ws/install/rl_sar/include/rl_sar/rl_sar/action/detail/set_locomotion_mode__traits.hpp
-- Symlinking: /home/home/ros2_ws/install/rl_sar/include/rl_sar/rl_sar/action/detail/set_locomotion_mode__type_support.hpp
-- Symlinking: /home/home/ros2_ws/install/rl_sar/include/rl_sar/rl_sar/action/detail/set_navigation_mode__builder.hpp
-- Symlinking: /home/home/ros2_ws/install/rl_sar/include/rl_sar/rl_sar/action/detail/set_navigation_mode__struct.hpp
-- Symlinking: /home/home/ros2_ws/install/rl_sar/include/rl_sar/rl_sar/action/detail/set_navigation_mode__traits.hpp
-- Symlinking: /home/home/ros2_ws/install/rl_sar/include/rl_sar/rl_sar/action/detail/set_navigation_mode__type_support.hpp
-- Symlinking: /home/home/ros2_ws/install/rl_sar/include/rl_sar/rl_sar/action/robot_activation.hpp
-- Symlinking: /home/home/ros2_ws/install/rl_sar/include/rl_sar/rl_sar/action/set_locomotion_mode.hpp
-- Symlinking: /home/home/ros2_ws/install/rl_sar/include/rl_sar/rl_sar/action/set_navigation_mode.hpp
-- Symlinking: /home/home/ros2_ws/install/rl_sar/include/rl_sar/rl_sar/msg/rosidl_generator_cpp__visibility_control.hpp
-- Symlinking: /home/home/ros2_ws/install/rl_sar/include/rl_sar/rl_sar/action/detail/robot_activation__rosidl_typesupport_fastrtps_cpp.hpp
-- Symlinking: /home/home/ros2_ws/install/rl_sar/include/rl_sar/rl_sar/action/detail/set_locomotion_mode__rosidl_typesupport_fastrtps_cpp.hpp
-- Symlinking: /home/home/ros2_ws/install/rl_sar/include/rl_sar/rl_sar/action/detail/set_navigation_mode__rosidl_typesupport_fastrtps_cpp.hpp
-- Symlinking: /home/home/ros2_ws/install/rl_sar/include/rl_sar/rl_sar/msg/rosidl_typesupport_fastrtps_cpp__visibility_control.h
-- Symlinking: /home/home/ros2_ws/install/rl_sar/include/rl_sar/rl_sar/action/detail/robot_activation__rosidl_typesupport_introspection_c.h
-- Symlinking: /home/home/ros2_ws/install/rl_sar/include/rl_sar/rl_sar/action/detail/set_locomotion_mode__rosidl_typesupport_introspection_c.h
-- Symlinking: /home/home/ros2_ws/install/rl_sar/include/rl_sar/rl_sar/action/detail/set_navigation_mode__rosidl_typesupport_introspection_c.h
-- Symlinking: /home/home/ros2_ws/install/rl_sar/include/rl_sar/rl_sar/msg/rosidl_typesupport_introspection_c__visibility_control.h
-- Symlinking: /home/home/ros2_ws/install/rl_sar/include/rl_sar/rl_sar/action/detail/robot_activation__rosidl_typesupport_introspection_cpp.hpp
-- Symlinking: /home/home/ros2_ws/install/rl_sar/include/rl_sar/rl_sar/action/detail/set_locomotion_mode__rosidl_typesupport_introspection_cpp.hpp
-- Symlinking: /home/home/ros2_ws/install/rl_sar/include/rl_sar/rl_sar/action/detail/set_navigation_mode__rosidl_typesupport_introspection_cpp.hpp
-- Symlinking: /home/home/ros2_ws/install/rl_sar/share/rl_sar/environment/pythonpath.sh
-- Symlinking: /home/home/ros2_ws/install/rl_sar/share/rl_sar/environment/pythonpath.dsv
-- Symlinking: /home/home/ros2_ws/install/rl_sar/local/lib/python3.10/dist-packages/rl_sar-3.0.0-py3.10.egg-info/PKG-INFO
-- Symlinking: /home/home/ros2_ws/install/rl_sar/local/lib/python3.10/dist-packages/rl_sar-3.0.0-py3.10.egg-info/SOURCES.txt
-- Symlinking: /home/home/ros2_ws/install/rl_sar/local/lib/python3.10/dist-packages/rl_sar-3.0.0-py3.10.egg-info/dependency_links.txt
-- Symlinking: /home/home/ros2_ws/install/rl_sar/local/lib/python3.10/dist-packages/rl_sar-3.0.0-py3.10.egg-info/top_level.txt
-- Symlinking: /home/home/ros2_ws/install/rl_sar/local/lib/python3.10/dist-packages/rl_sar/__init__.py
-- Symlinking: /home/home/ros2_ws/install/rl_sar/local/lib/python3.10/dist-packages/rl_sar/_rl_sar_s.ep.rosidl_typesupport_c.c
-- Symlinking: /home/home/ros2_ws/install/rl_sar/local/lib/python3.10/dist-packages/rl_sar/_rl_sar_s.ep.rosidl_typesupport_fastrtps_c.c
-- Symlinking: /home/home/ros2_ws/install/rl_sar/local/lib/python3.10/dist-packages/rl_sar/_rl_sar_s.ep.rosidl_typesupport_introspection_c.c
-- Symlinking: /home/home/ros2_ws/install/rl_sar/local/lib/python3.10/dist-packages/rl_sar/action/__init__.py
-- Symlinking: /home/home/ros2_ws/install/rl_sar/local/lib/python3.10/dist-packages/rl_sar/action/_robot_activation.py
-- Symlinking: /home/home/ros2_ws/install/rl_sar/local/lib/python3.10/dist-packages/rl_sar/action/_robot_activation_s.c
-- Symlinking: /home/home/ros2_ws/install/rl_sar/local/lib/python3.10/dist-packages/rl_sar/action/_set_locomotion_mode.py
-- Symlinking: /home/home/ros2_ws/install/rl_sar/local/lib/python3.10/dist-packages/rl_sar/action/_set_locomotion_mode_s.c
-- Symlinking: /home/home/ros2_ws/install/rl_sar/local/lib/python3.10/dist-packages/rl_sar/action/_set_navigation_mode.py
-- Symlinking: /home/home/ros2_ws/install/rl_sar/local/lib/python3.10/dist-packages/rl_sar/action/_set_navigation_mode_s.c
-- Symlinking: /home/home/ros2_ws/install/rl_sar/local/lib/python3.10/dist-packages/rl_sar/librl_sar__rosidl_generator_py.so
-- Symlinking: /home/home/ros2_ws/install/rl_sar/local/lib/python3.10/dist-packages/rl_sar/rl_sar_s__rosidl_typesupport_c.cpython-310-x86_64-linux-gnu.so
-- Symlinking: /home/home/ros2_ws/install/rl_sar/local/lib/python3.10/dist-packages/rl_sar/rl_sar_s__rosidl_typesupport_fastrtps_c.cpython-310-x86_64-linux-gnu.so
-- Symlinking: /home/home/ros2_ws/install/rl_sar/local/lib/python3.10/dist-packages/rl_sar/rl_sar_s__rosidl_typesupport_introspection_c.cpython-310-x86_64-linux-gnu.so
-- Up-to-date symlink: /home/home/ros2_ws/install/rl_sar/local/lib/python3.10/dist-packages/rl_sar/rl_sar_s__rosidl_typesupport_fastrtps_c.cpython-310-x86_64-linux-gnu.so
-- Up-to-date symlink: /home/home/ros2_ws/install/rl_sar/local/lib/python3.10/dist-packages/rl_sar/rl_sar_s__rosidl_typesupport_introspection_c.cpython-310-x86_64-linux-gnu.so
-- Up-to-date symlink: /home/home/ros2_ws/install/rl_sar/local/lib/python3.10/dist-packages/rl_sar/rl_sar_s__rosidl_typesupport_c.cpython-310-x86_64-linux-gnu.so
-- Symlinking: /home/home/ros2_ws/install/rl_sar/share/rl_sar/action/RobotActivation.idl
-- Symlinking: /home/home/ros2_ws/install/rl_sar/share/rl_sar/action/SetLocomotionMode.idl
-- Symlinking: /home/home/ros2_ws/install/rl_sar/share/rl_sar/action/SetNavigationMode.idl
-- Symlinking: /home/home/ros2_ws/install/rl_sar/share/rl_sar/action/RobotActivation.action
-- Symlinking: /home/home/ros2_ws/install/rl_sar/share/rl_sar/action/SetLocomotionMode.action
-- Symlinking: /home/home/ros2_ws/install/rl_sar/share/rl_sar/action/SetNavigationMode.action
-- Symlinking: /home/home/ros2_ws/install/rl_sar/share/ament_index/resource_index/package_run_dependencies/rl_sar
-- Symlinking: /home/home/ros2_ws/install/rl_sar/share/ament_index/resource_index/parent_prefix_path/rl_sar
-- Symlinking: /home/home/ros2_ws/install/rl_sar/share/rl_sar/environment/ament_prefix_path.sh
-- Symlinking: /home/home/ros2_ws/install/rl_sar/share/rl_sar/environment/ament_prefix_path.dsv
-- Symlinking: /home/home/ros2_ws/install/rl_sar/share/rl_sar/environment/path.sh
-- Symlinking: /home/home/ros2_ws/install/rl_sar/share/rl_sar/environment/path.dsv
-- Symlinking: /home/home/ros2_ws/install/rl_sar/share/rl_sar/local_setup.bash
-- Symlinking: /home/home/ros2_ws/install/rl_sar/share/rl_sar/local_setup.sh
-- Symlinking: /home/home/ros2_ws/install/rl_sar/share/rl_sar/local_setup.zsh
-- Symlinking: /home/home/ros2_ws/install/rl_sar/share/rl_sar/local_setup.dsv
-- Symlinking: /home/home/ros2_ws/install/rl_sar/share/rl_sar/package.dsv
-- Symlinking: /home/home/ros2_ws/install/rl_sar/share/ament_index/resource_index/packages/rl_sar
-- Symlinking: /home/home/ros2_ws/install/rl_sar/share/rl_sar/cmake/rosidl_cmake-extras.cmake
-- Symlinking: /home/home/ros2_ws/install/rl_sar/share/rl_sar/cmake/ament_cmake_export_dependencies-extras.cmake
-- Symlinking: /home/home/ros2_ws/install/rl_sar/share/rl_sar/cmake/ament_cmake_export_include_directories-extras.cmake
-- Symlinking: /home/home/ros2_ws/install/rl_sar/share/rl_sar/cmake/ament_cmake_export_libraries-extras.cmake
-- Symlinking: /home/home/ros2_ws/install/rl_sar/share/rl_sar/cmake/ament_cmake_export_targets-extras.cmake
-- Symlinking: /home/home/ros2_ws/install/rl_sar/share/rl_sar/cmake/rosidl_cmake_export_typesupport_targets-extras.cmake
-- Symlinking: /home/home/ros2_ws/install/rl_sar/share/rl_sar/cmake/rosidl_cmake_export_typesupport_libraries-extras.cmake
-- Symlinking: /home/home/ros2_ws/install/rl_sar/share/rl_sar/cmake/rl_sarConfig.cmake
-- Symlinking: /home/home/ros2_ws/install/rl_sar/share/rl_sar/cmake/rl_sarConfig-version.cmake
-- Symlinking: /home/home/ros2_ws/install/rl_sar/share/rl_sar/package.xml
-- Symlinking: /home/home/ros2_ws/install/rl_sar/lib/libddsc.so
-- Symlinking: /home/home/ros2_ws/install/rl_sar/lib/libddsc.so.0
-- Symlinking: /home/home/ros2_ws/install/rl_sar/lib/libddscxx.so
-- Symlinking: /home/home/ros2_ws/install/rl_sar/lib/libddscxx.so.0
-- Symlinking: /home/home/ros2_ws/install/rl_sar/include/dds/config.h
-- Symlinking: /home/home/ros2_ws/install/rl_sar/include/dds/dds.h
-- Symlinking: /home/home/ros2_ws/install/rl_sar/include/dds/ddsc/dds_basic_types.h
-- Symlinking: /home/home/ros2_ws/install/rl_sar/include/dds/ddsc/dds_data_allocator.h
-- Symlinking: /home/home/ros2_ws/install/rl_sar/include/dds/ddsc/dds_internal_api.h
-- Symlinking: /home/home/ros2_ws/install/rl_sar/include/dds/ddsc/dds_loan_api.h
-- Symlinking: /home/home/ros2_ws/install/rl_sar/include/dds/ddsc/dds_opcodes.h
-- Symlinking: /home/home/ros2_ws/install/rl_sar/include/dds/ddsc/dds_public_alloc.h
-- Symlinking: /home/home/ros2_ws/install/rl_sar/include/dds/ddsc/dds_public_error.h
-- Symlinking: /home/home/ros2_ws/install/rl_sar/include/dds/ddsc/dds_public_impl.h
-- Symlinking: /home/home/ros2_ws/install/rl_sar/include/dds/ddsc/dds_public_listener.h
-- Symlinking: /home/home/ros2_ws/install/rl_sar/include/dds/ddsc/dds_public_qos.h
-- Symlinking: /home/home/ros2_ws/install/rl_sar/include/dds/ddsc/dds_public_qosdefs.h
-- Symlinking: /home/home/ros2_ws/install/rl_sar/include/dds/ddsc/dds_public_status.h
-- Symlinking: /home/home/ros2_ws/install/rl_sar/include/dds/ddsc/dds_rhc.h
-- Symlinking: /home/home/ros2_ws/install/rl_sar/include/dds/ddsc/dds_statistics.h
-- Symlinking: /home/home/ros2_ws/install/rl_sar/include/dds/ddsi/ddsi_acknack.h
-- Symlinking: /home/home/ros2_ws/install/rl_sar/include/dds/ddsi/ddsi_builtin_topic_if.h
-- Symlinking: /home/home/ros2_ws/install/rl_sar/include/dds/ddsi/ddsi_cdrstream.h
-- Symlinking: /home/home/ros2_ws/install/rl_sar/include/dds/ddsi/ddsi_cfgelems.h
-- Symlinking: /home/home/ros2_ws/install/rl_sar/include/dds/ddsi/ddsi_cfgunits.h
-- Symlinking: /home/home/ros2_ws/install/rl_sar/include/dds/ddsi/ddsi_config.h
-- Symlinking: /home/home/ros2_ws/install/rl_sar/include/dds/ddsi/ddsi_config_impl.h
-- Symlinking: /home/home/ros2_ws/install/rl_sar/include/dds/ddsi/ddsi_deadline.h
-- Symlinking: /home/home/ros2_ws/install/rl_sar/include/dds/ddsi/ddsi_deliver_locally.h
-- Symlinking: /home/home/ros2_ws/install/rl_sar/include/dds/ddsi/ddsi_domaingv.h
-- Symlinking: /home/home/ros2_ws/install/rl_sar/include/dds/ddsi/ddsi_endpoint.h
-- Symlinking: /home/home/ros2_ws/install/rl_sar/include/dds/ddsi/ddsi_entity.h
-- Symlinking: /home/home/ros2_ws/install/rl_sar/include/dds/ddsi/ddsi_entity_index.h
-- Symlinking: /home/home/ros2_ws/install/rl_sar/include/dds/ddsi/ddsi_entity_match.h
-- Symlinking: /home/home/ros2_ws/install/rl_sar/include/dds/ddsi/ddsi_guid.h
-- Symlinking: /home/home/ros2_ws/install/rl_sar/include/dds/ddsi/ddsi_handshake.h
-- Symlinking: /home/home/ros2_ws/install/rl_sar/include/dds/ddsi/ddsi_iid.h
-- Symlinking: /home/home/ros2_ws/install/rl_sar/include/dds/ddsi/ddsi_ipaddr.h
-- Symlinking: /home/home/ros2_ws/install/rl_sar/include/dds/ddsi/ddsi_keyhash.h
-- Symlinking: /home/home/ros2_ws/install/rl_sar/include/dds/ddsi/ddsi_lifespan.h
-- Symlinking: /home/home/ros2_ws/install/rl_sar/include/dds/ddsi/ddsi_list_genptr.h
-- Symlinking: /home/home/ros2_ws/install/rl_sar/include/dds/ddsi/ddsi_list_tmpl.h
-- Symlinking: /home/home/ros2_ws/install/rl_sar/include/dds/ddsi/ddsi_locator.h
-- Symlinking: /home/home/ros2_ws/install/rl_sar/include/dds/ddsi/ddsi_mcgroup.h
-- Symlinking: /home/home/ros2_ws/install/rl_sar/include/dds/ddsi/ddsi_ownip.h
-- Symlinking: /home/home/ros2_ws/install/rl_sar/include/dds/ddsi/ddsi_participant.h
-- Symlinking: /home/home/ros2_ws/install/rl_sar/include/dds/ddsi/ddsi_plist.h
-- Symlinking: /home/home/ros2_ws/install/rl_sar/include/dds/ddsi/ddsi_plist_generic.h
-- Symlinking: /home/home/ros2_ws/install/rl_sar/include/dds/ddsi/ddsi_pmd.h
-- Symlinking: /home/home/ros2_ws/install/rl_sar/include/dds/ddsi/ddsi_portmapping.h
-- Symlinking: /home/home/ros2_ws/install/rl_sar/include/dds/ddsi/ddsi_proxy_endpoint.h
-- Symlinking: /home/home/ros2_ws/install/rl_sar/include/dds/ddsi/ddsi_proxy_participant.h
-- Symlinking: /home/home/ros2_ws/install/rl_sar/include/dds/ddsi/ddsi_raweth.h
-- Symlinking: /home/home/ros2_ws/install/rl_sar/include/dds/ddsi/ddsi_rhc.h
-- Symlinking: /home/home/ros2_ws/install/rl_sar/include/dds/ddsi/ddsi_security_exchange.h
-- Symlinking: /home/home/ros2_ws/install/rl_sar/include/dds/ddsi/ddsi_security_msg.h
-- Symlinking: /home/home/ros2_ws/install/rl_sar/include/dds/ddsi/ddsi_security_omg.h
-- Symlinking: /home/home/ros2_ws/install/rl_sar/include/dds/ddsi/ddsi_security_util.h
-- Symlinking: /home/home/ros2_ws/install/rl_sar/include/dds/ddsi/ddsi_serdata.h
-- Symlinking: /home/home/ros2_ws/install/rl_sar/include/dds/ddsi/ddsi_serdata_default.h
-- Symlinking: /home/home/ros2_ws/install/rl_sar/include/dds/ddsi/ddsi_serdata_plist.h
-- Symlinking: /home/home/ros2_ws/install/rl_sar/include/dds/ddsi/ddsi_serdata_pserop.h
-- Symlinking: /home/home/ros2_ws/install/rl_sar/include/dds/ddsi/ddsi_sertopic.h
-- Symlinking: /home/home/ros2_ws/install/rl_sar/include/dds/ddsi/ddsi_sertype.h
-- Symlinking: /home/home/ros2_ws/install/rl_sar/include/dds/ddsi/ddsi_shm_transport.h
-- Symlinking: /home/home/ros2_ws/install/rl_sar/include/dds/ddsi/ddsi_ssl.h
-- Symlinking: /home/home/ros2_ws/install/rl_sar/include/dds/ddsi/ddsi_statistics.h
-- Symlinking: /home/home/ros2_ws/install/rl_sar/include/dds/ddsi/ddsi_tcp.h
-- Symlinking: /home/home/ros2_ws/install/rl_sar/include/dds/ddsi/ddsi_threadmon.h
-- Symlinking: /home/home/ros2_ws/install/rl_sar/include/dds/ddsi/ddsi_time.h
-- Symlinking: /home/home/ros2_ws/install/rl_sar/include/dds/ddsi/ddsi_tkmap.h
-- Symlinking: /home/home/ros2_ws/install/rl_sar/include/dds/ddsi/ddsi_topic.h
-- Symlinking: /home/home/ros2_ws/install/rl_sar/include/dds/ddsi/ddsi_tran.h
-- Symlinking: /home/home/ros2_ws/install/rl_sar/include/dds/ddsi/ddsi_typebuilder.h
-- Symlinking: /home/home/ros2_ws/install/rl_sar/include/dds/ddsi/ddsi_typelib.h
-- Symlinking: /home/home/ros2_ws/install/rl_sar/include/dds/ddsi/ddsi_typelookup.h
-- Symlinking: /home/home/ros2_ws/install/rl_sar/include/dds/ddsi/ddsi_typewrap.h
-- Symlinking: /home/home/ros2_ws/install/rl_sar/include/dds/ddsi/ddsi_udp.h
-- Symlinking: /home/home/ros2_ws/install/rl_sar/include/dds/ddsi/ddsi_vendor.h
-- Symlinking: /home/home/ros2_ws/install/rl_sar/include/dds/ddsi/ddsi_vnet.h
-- Symlinking: /home/home/ros2_ws/install/rl_sar/include/dds/ddsi/ddsi_wraddrset.h
-- Symlinking: /home/home/ros2_ws/install/rl_sar/include/dds/ddsi/ddsi_xqos.h
-- Symlinking: /home/home/ros2_ws/install/rl_sar/include/dds/ddsi/ddsi_xt_impl.h
-- Symlinking: /home/home/ros2_ws/install/rl_sar/include/dds/ddsi/ddsi_xt_typeinfo.h
-- Symlinking: /home/home/ros2_ws/install/rl_sar/include/dds/ddsi/ddsi_xt_typeinfo.idl
-- Symlinking: /home/home/ros2_ws/install/rl_sar/include/dds/ddsi/ddsi_xt_typelookup.h
-- Symlinking: /home/home/ros2_ws/install/rl_sar/include/dds/ddsi/ddsi_xt_typelookup.idl
-- Symlinking: /home/home/ros2_ws/install/rl_sar/include/dds/ddsi/ddsi_xt_typemap.h
-- Symlinking: /home/home/ros2_ws/install/rl_sar/include/dds/ddsi/ddsi_xt_typemap.idl
-- Symlinking: /home/home/ros2_ws/install/rl_sar/include/dds/ddsi/q_addrset.h
-- Symlinking: /home/home/ros2_ws/install/rl_sar/include/dds/ddsi/q_bitset.h
-- Symlinking: /home/home/ros2_ws/install/rl_sar/include/dds/ddsi/q_bswap.h
-- Symlinking: /home/home/ros2_ws/install/rl_sar/include/dds/ddsi/q_ddsi_discovery.h
-- Symlinking: /home/home/ros2_ws/install/rl_sar/include/dds/ddsi/q_debmon.h
-- Symlinking: /home/home/ros2_ws/install/rl_sar/include/dds/ddsi/q_feature_check.h
-- Symlinking: /home/home/ros2_ws/install/rl_sar/include/dds/ddsi/q_freelist.h
-- Symlinking: /home/home/ros2_ws/install/rl_sar/include/dds/ddsi/q_gc.h
-- Symlinking: /home/home/ros2_ws/install/rl_sar/include/dds/ddsi/q_hbcontrol.h
-- Symlinking: /home/home/ros2_ws/install/rl_sar/include/dds/ddsi/q_init.h
-- Symlinking: /home/home/ros2_ws/install/rl_sar/include/dds/ddsi/q_inverse_uint32_set.h
-- Symlinking: /home/home/ros2_ws/install/rl_sar/include/dds/ddsi/q_lat_estim.h
-- Symlinking: /home/home/ros2_ws/install/rl_sar/include/dds/ddsi/q_lease.h
-- Symlinking: /home/home/ros2_ws/install/rl_sar/include/dds/ddsi/q_log.h
-- Symlinking: /home/home/ros2_ws/install/rl_sar/include/dds/ddsi/q_misc.h
-- Symlinking: /home/home/ros2_ws/install/rl_sar/include/dds/ddsi/q_pcap.h
-- Symlinking: /home/home/ros2_ws/install/rl_sar/include/dds/ddsi/q_protocol.h
-- Symlinking: /home/home/ros2_ws/install/rl_sar/include/dds/ddsi/q_qosmatch.h
-- Symlinking: /home/home/ros2_ws/install/rl_sar/include/dds/ddsi/q_radmin.h
-- Symlinking: /home/home/ros2_ws/install/rl_sar/include/dds/ddsi/q_receive.h
-- Symlinking: /home/home/ros2_ws/install/rl_sar/include/dds/ddsi/q_rtps.h
-- Symlinking: /home/home/ros2_ws/install/rl_sar/include/dds/ddsi/q_sockwaitset.h
-- Symlinking: /home/home/ros2_ws/install/rl_sar/include/dds/ddsi/q_thread.h
-- Symlinking: /home/home/ros2_ws/install/rl_sar/include/dds/ddsi/q_transmit.h
-- Symlinking: /home/home/ros2_ws/install/rl_sar/include/dds/ddsi/q_unused.h
-- Symlinking: /home/home/ros2_ws/install/rl_sar/include/dds/ddsi/q_whc.h
-- Symlinking: /home/home/ros2_ws/install/rl_sar/include/dds/ddsi/q_xevent.h
-- Symlinking: /home/home/ros2_ws/install/rl_sar/include/dds/ddsi/q_xmsg.h
-- Symlinking: /home/home/ros2_ws/install/rl_sar/include/dds/ddsi/sysdeps.h
-- Symlinking: /home/home/ros2_ws/install/rl_sar/include/dds/ddsrt/align.h
-- Symlinking: /home/home/ros2_ws/install/rl_sar/include/dds/ddsrt/arch.h
-- Symlinking: /home/home/ros2_ws/install/rl_sar/include/dds/ddsrt/atomics.h
-- Symlinking: /home/home/ros2_ws/install/rl_sar/include/dds/ddsrt/atomics/arm.h
-- Symlinking: /home/home/ros2_ws/install/rl_sar/include/dds/ddsrt/atomics/gcc.h
-- Symlinking: /home/home/ros2_ws/install/rl_sar/include/dds/ddsrt/atomics/msvc.h
-- Symlinking: /home/home/ros2_ws/install/rl_sar/include/dds/ddsrt/atomics/sun.h
-- Symlinking: /home/home/ros2_ws/install/rl_sar/include/dds/ddsrt/attributes.h
-- Symlinking: /home/home/ros2_ws/install/rl_sar/include/dds/ddsrt/avl.h
-- Symlinking: /home/home/ros2_ws/install/rl_sar/include/dds/ddsrt/bswap.h
-- Symlinking: /home/home/ros2_ws/install/rl_sar/include/dds/ddsrt/cdtors.h
-- Symlinking: /home/home/ros2_ws/install/rl_sar/include/dds/ddsrt/circlist.h
-- Symlinking: /home/home/ros2_ws/install/rl_sar/include/dds/ddsrt/countargs.h
-- Symlinking: /home/home/ros2_ws/install/rl_sar/include/dds/ddsrt/dynlib.h
-- Symlinking: /home/home/ros2_ws/install/rl_sar/include/dds/ddsrt/endian.h
-- Symlinking: /home/home/ros2_ws/install/rl_sar/include/dds/ddsrt/environ.h
-- Symlinking: /home/home/ros2_ws/install/rl_sar/include/dds/ddsrt/expand_vars.h
-- Symlinking: /home/home/ros2_ws/install/rl_sar/include/dds/ddsrt/fibheap.h
-- Symlinking: /home/home/ros2_ws/install/rl_sar/include/dds/ddsrt/filesystem.h
-- Symlinking: /home/home/ros2_ws/install/rl_sar/include/dds/ddsrt/filesystem/posix.h
-- Symlinking: /home/home/ros2_ws/install/rl_sar/include/dds/ddsrt/filesystem/windows.h
-- Symlinking: /home/home/ros2_ws/install/rl_sar/include/dds/ddsrt/heap.h
-- Symlinking: /home/home/ros2_ws/install/rl_sar/include/dds/ddsrt/hopscotch.h
-- Symlinking: /home/home/ros2_ws/install/rl_sar/include/dds/ddsrt/ifaddrs.h
-- Symlinking: /home/home/ros2_ws/install/rl_sar/include/dds/ddsrt/io.h
-- Symlinking: /home/home/ros2_ws/install/rl_sar/include/dds/ddsrt/iovec.h
-- Symlinking: /home/home/ros2_ws/install/rl_sar/include/dds/ddsrt/log.h
-- Symlinking: /home/home/ros2_ws/install/rl_sar/include/dds/ddsrt/md5.h
-- Symlinking: /home/home/ros2_ws/install/rl_sar/include/dds/ddsrt/mh3.h
-- Symlinking: /home/home/ros2_ws/install/rl_sar/include/dds/ddsrt/misc.h
-- Symlinking: /home/home/ros2_ws/install/rl_sar/include/dds/ddsrt/netstat.h
-- Symlinking: /home/home/ros2_ws/install/rl_sar/include/dds/ddsrt/process.h
-- Symlinking: /home/home/ros2_ws/install/rl_sar/include/dds/ddsrt/random.h
-- Symlinking: /home/home/ros2_ws/install/rl_sar/include/dds/ddsrt/retcode.h
-- Symlinking: /home/home/ros2_ws/install/rl_sar/include/dds/ddsrt/rusage.h
-- Symlinking: /home/home/ros2_ws/install/rl_sar/include/dds/ddsrt/sched.h
-- Symlinking: /home/home/ros2_ws/install/rl_sar/include/dds/ddsrt/sockets.h
-- Symlinking: /home/home/ros2_ws/install/rl_sar/include/dds/ddsrt/sockets/posix.h
-- Symlinking: /home/home/ros2_ws/install/rl_sar/include/dds/ddsrt/sockets/windows.h
-- Symlinking: /home/home/ros2_ws/install/rl_sar/include/dds/ddsrt/static_assert.h
-- Symlinking: /home/home/ros2_ws/install/rl_sar/include/dds/ddsrt/string.h
-- Symlinking: /home/home/ros2_ws/install/rl_sar/include/dds/ddsrt/strtod.h
-- Symlinking: /home/home/ros2_ws/install/rl_sar/include/dds/ddsrt/strtol.h
-- Symlinking: /home/home/ros2_ws/install/rl_sar/include/dds/ddsrt/sync.h
-- Symlinking: /home/home/ros2_ws/install/rl_sar/include/dds/ddsrt/sync/freertos.h
-- Symlinking: /home/home/ros2_ws/install/rl_sar/include/dds/ddsrt/sync/posix.h
-- Symlinking: /home/home/ros2_ws/install/rl_sar/include/dds/ddsrt/sync/windows.h
-- Symlinking: /home/home/ros2_ws/install/rl_sar/include/dds/ddsrt/threads.h
-- Symlinking: /home/home/ros2_ws/install/rl_sar/include/dds/ddsrt/threads/freertos.h
-- Symlinking: /home/home/ros2_ws/install/rl_sar/include/dds/ddsrt/threads/posix.h
-- Symlinking: /home/home/ros2_ws/install/rl_sar/include/dds/ddsrt/threads/windows.h
-- Symlinking: /home/home/ros2_ws/install/rl_sar/include/dds/ddsrt/time.h
-- Symlinking: /home/home/ros2_ws/install/rl_sar/include/dds/ddsrt/time/freertos.h
-- Symlinking: /home/home/ros2_ws/install/rl_sar/include/dds/ddsrt/types.h
-- Symlinking: /home/home/ros2_ws/install/rl_sar/include/dds/ddsrt/types/posix.h
-- Symlinking: /home/home/ros2_ws/install/rl_sar/include/dds/ddsrt/types/vxworks.h
-- Symlinking: /home/home/ros2_ws/install/rl_sar/include/dds/ddsrt/types/windows.h
-- Symlinking: /home/home/ros2_ws/install/rl_sar/include/dds/ddsrt/xmlparser.h
-- Symlinking: /home/home/ros2_ws/install/rl_sar/include/dds/export.h
-- Symlinking: /home/home/ros2_ws/install/rl_sar/include/dds/features.h
-- Symlinking: /home/home/ros2_ws/install/rl_sar/include/dds/version.h
-- Symlinking: /home/home/ros2_ws/install/rl_sar/include/ddsc/dds.h
-- Symlinking: /home/home/ros2_ws/install/rl_sar/include/ddscxx/dds/LICENSE
-- Symlinking: /home/home/ros2_ws/install/rl_sar/include/ddscxx/dds/core/BuiltinTopicTypes.hpp
-- Symlinking: /home/home/ros2_ws/install/rl_sar/include/ddscxx/dds/core/Duration.hpp
-- Symlinking: /home/home/ros2_ws/install/rl_sar/include/ddscxx/dds/core/Entity.hpp
-- Symlinking: /home/home/ros2_ws/install/rl_sar/include/ddscxx/dds/core/Exception.hpp
-- Symlinking: /home/home/ros2_ws/install/rl_sar/include/ddscxx/dds/core/External.hpp
-- Symlinking: /home/home/ros2_ws/install/rl_sar/include/ddscxx/dds/core/InstanceHandle.hpp
-- Symlinking: /home/home/ros2_ws/install/rl_sar/include/ddscxx/dds/core/LengthUnlimited.hpp
-- Symlinking: /home/home/ros2_ws/install/rl_sar/include/ddscxx/dds/core/Optional.hpp
-- Symlinking: /home/home/ros2_ws/install/rl_sar/include/ddscxx/dds/core/QosProvider.hpp
-- Symlinking: /home/home/ros2_ws/install/rl_sar/include/ddscxx/dds/core/Reference.hpp
-- Symlinking: /home/home/ros2_ws/install/rl_sar/include/ddscxx/dds/core/SafeEnumeration.hpp
-- Symlinking: /home/home/ros2_ws/install/rl_sar/include/ddscxx/dds/core/TBuiltinTopicTypes.hpp
-- Symlinking: /home/home/ros2_ws/install/rl_sar/include/ddscxx/dds/core/TEntity.hpp
-- Symlinking: /home/home/ros2_ws/install/rl_sar/include/ddscxx/dds/core/TEntityQos.hpp
-- Symlinking: /home/home/ros2_ws/install/rl_sar/include/ddscxx/dds/core/TInstanceHandle.hpp
-- Symlinking: /home/home/ros2_ws/install/rl_sar/include/ddscxx/dds/core/TQosProvider.hpp
-- Symlinking: /home/home/ros2_ws/install/rl_sar/include/ddscxx/dds/core/Time.hpp
-- Symlinking: /home/home/ros2_ws/install/rl_sar/include/ddscxx/dds/core/Value.hpp
-- Symlinking: /home/home/ros2_ws/install/rl_sar/include/ddscxx/dds/core/WeakReference.hpp
-- Symlinking: /home/home/ros2_ws/install/rl_sar/include/ddscxx/dds/core/array.hpp
-- Symlinking: /home/home/ros2_ws/install/rl_sar/include/ddscxx/dds/core/cond/Condition.hpp
-- Symlinking: /home/home/ros2_ws/install/rl_sar/include/ddscxx/dds/core/cond/GuardCondition.hpp
-- Symlinking: /home/home/ros2_ws/install/rl_sar/include/ddscxx/dds/core/cond/StatusCondition.hpp
-- Symlinking: /home/home/ros2_ws/install/rl_sar/include/ddscxx/dds/core/cond/TCondition.hpp
-- Symlinking: /home/home/ros2_ws/install/rl_sar/include/ddscxx/dds/core/cond/TGuardCondition.hpp
-- Symlinking: /home/home/ros2_ws/install/rl_sar/include/ddscxx/dds/core/cond/TStatusCondition.hpp
-- Symlinking: /home/home/ros2_ws/install/rl_sar/include/ddscxx/dds/core/cond/TWaitSet.hpp
-- Symlinking: /home/home/ros2_ws/install/rl_sar/include/ddscxx/dds/core/cond/WaitSet.hpp
-- Symlinking: /home/home/ros2_ws/install/rl_sar/include/ddscxx/dds/core/cond/detail/Condition.hpp
-- Symlinking: /home/home/ros2_ws/install/rl_sar/include/ddscxx/dds/core/cond/detail/GuardCondition.hpp
-- Symlinking: /home/home/ros2_ws/install/rl_sar/include/ddscxx/dds/core/cond/detail/StatusCondition.hpp
-- Symlinking: /home/home/ros2_ws/install/rl_sar/include/ddscxx/dds/core/cond/detail/TConditionImpl.hpp
-- Symlinking: /home/home/ros2_ws/install/rl_sar/include/ddscxx/dds/core/cond/detail/TGuardConditionImpl.hpp
-- Symlinking: /home/home/ros2_ws/install/rl_sar/include/ddscxx/dds/core/cond/detail/TStatusConditionImpl.hpp
-- Symlinking: /home/home/ros2_ws/install/rl_sar/include/ddscxx/dds/core/cond/detail/TWaitSetImpl.hpp
-- Symlinking: /home/home/ros2_ws/install/rl_sar/include/ddscxx/dds/core/cond/detail/WaitSet.hpp
-- Symlinking: /home/home/ros2_ws/install/rl_sar/include/ddscxx/dds/core/conformance.hpp
-- Symlinking: /home/home/ros2_ws/install/rl_sar/include/ddscxx/dds/core/ddscore.hpp
-- Symlinking: /home/home/ros2_ws/install/rl_sar/include/ddscxx/dds/core/detail/BuiltinTopicTypes.hpp
-- Symlinking: /home/home/ros2_ws/install/rl_sar/include/ddscxx/dds/core/detail/Entity.hpp
-- Symlinking: /home/home/ros2_ws/install/rl_sar/include/ddscxx/dds/core/detail/InstanceHandle.hpp
-- Symlinking: /home/home/ros2_ws/install/rl_sar/include/ddscxx/dds/core/detail/QosProvider.hpp
-- Symlinking: /home/home/ros2_ws/install/rl_sar/include/ddscxx/dds/core/detail/ReferenceImpl.hpp
-- Symlinking: /home/home/ros2_ws/install/rl_sar/include/ddscxx/dds/core/detail/TEntityImpl.hpp
-- Symlinking: /home/home/ros2_ws/install/rl_sar/include/ddscxx/dds/core/detail/TEntityQosImpl.hpp
-- Symlinking: /home/home/ros2_ws/install/rl_sar/include/ddscxx/dds/core/detail/TInstanceHandleImpl.hpp
-- Symlinking: /home/home/ros2_ws/install/rl_sar/include/ddscxx/dds/core/detail/TQosProviderImpl.hpp
-- Symlinking: /home/home/ros2_ws/install/rl_sar/include/ddscxx/dds/core/detail/Value.hpp
-- Symlinking: /home/home/ros2_ws/install/rl_sar/include/ddscxx/dds/core/detail/WeakReferenceImpl.hpp
-- Symlinking: /home/home/ros2_ws/install/rl_sar/include/ddscxx/dds/core/detail/array.hpp
-- Symlinking: /home/home/ros2_ws/install/rl_sar/include/ddscxx/dds/core/detail/conformance.hpp
-- Symlinking: /home/home/ros2_ws/install/rl_sar/include/ddscxx/dds/core/detail/ddscore.hpp
-- Symlinking: /home/home/ros2_ws/install/rl_sar/include/ddscxx/dds/core/detail/export.hpp
-- Symlinking: /home/home/ros2_ws/install/rl_sar/include/ddscxx/dds/core/detail/inttypes.hpp
-- Symlinking: /home/home/ros2_ws/install/rl_sar/include/ddscxx/dds/core/detail/macros.hpp
-- Symlinking: /home/home/ros2_ws/install/rl_sar/include/ddscxx/dds/core/detail/module_docs.hpp
-- Symlinking: /home/home/ros2_ws/install/rl_sar/include/ddscxx/dds/core/detail/old_win_stdint.h
-- Symlinking: /home/home/ros2_ws/install/rl_sar/include/ddscxx/dds/core/detail/ref_traits.hpp
-- Symlinking: /home/home/ros2_ws/install/rl_sar/include/ddscxx/dds/core/macros.hpp
-- Symlinking: /home/home/ros2_ws/install/rl_sar/include/ddscxx/dds/core/policy/CorePolicy.hpp
-- Symlinking: /home/home/ros2_ws/install/rl_sar/include/ddscxx/dds/core/policy/PolicyKind.hpp
-- Symlinking: /home/home/ros2_ws/install/rl_sar/include/ddscxx/dds/core/policy/QosPolicyCount.hpp
-- Symlinking: /home/home/ros2_ws/install/rl_sar/include/ddscxx/dds/core/policy/TCorePolicy.hpp
-- Symlinking: /home/home/ros2_ws/install/rl_sar/include/ddscxx/dds/core/policy/TQosPolicyCount.hpp
-- Symlinking: /home/home/ros2_ws/install/rl_sar/include/ddscxx/dds/core/policy/detail/CorePolicy.hpp
-- Symlinking: /home/home/ros2_ws/install/rl_sar/include/ddscxx/dds/core/policy/detail/QosPolicyCount.hpp
-- Symlinking: /home/home/ros2_ws/install/rl_sar/include/ddscxx/dds/core/policy/detail/TCorePolicyImpl.hpp
-- Symlinking: /home/home/ros2_ws/install/rl_sar/include/ddscxx/dds/core/policy/detail/TQosPolicyCountImpl.hpp
-- Symlinking: /home/home/ros2_ws/install/rl_sar/include/ddscxx/dds/core/ref_traits.hpp
-- Symlinking: /home/home/ros2_ws/install/rl_sar/include/ddscxx/dds/core/refmacros.hpp
-- Symlinking: /home/home/ros2_ws/install/rl_sar/include/ddscxx/dds/core/status/State.hpp
-- Symlinking: /home/home/ros2_ws/install/rl_sar/include/ddscxx/dds/core/status/Status.hpp
-- Symlinking: /home/home/ros2_ws/install/rl_sar/include/ddscxx/dds/core/status/TStatus.hpp
-- Symlinking: /home/home/ros2_ws/install/rl_sar/include/ddscxx/dds/core/status/detail/Status.hpp
-- Symlinking: /home/home/ros2_ws/install/rl_sar/include/ddscxx/dds/core/status/detail/TStatusImpl.hpp
-- Symlinking: /home/home/ros2_ws/install/rl_sar/include/ddscxx/dds/core/types.hpp
-- Symlinking: /home/home/ros2_ws/install/rl_sar/include/ddscxx/dds/core/xtypes/Annotations.hpp
-- Symlinking: /home/home/ros2_ws/install/rl_sar/include/ddscxx/dds/core/xtypes/CollectionTypes.hpp
-- Symlinking: /home/home/ros2_ws/install/rl_sar/include/ddscxx/dds/core/xtypes/DynamicData.hpp
-- Symlinking: /home/home/ros2_ws/install/rl_sar/include/ddscxx/dds/core/xtypes/DynamicType.hpp
-- Symlinking: /home/home/ros2_ws/install/rl_sar/include/ddscxx/dds/core/xtypes/MemberType.hpp
-- Symlinking: /home/home/ros2_ws/install/rl_sar/include/ddscxx/dds/core/xtypes/PrimitiveTypes.hpp
-- Symlinking: /home/home/ros2_ws/install/rl_sar/include/ddscxx/dds/core/xtypes/StructType.hpp
-- Symlinking: /home/home/ros2_ws/install/rl_sar/include/ddscxx/dds/core/xtypes/TAnnotation.hpp
-- Symlinking: /home/home/ros2_ws/install/rl_sar/include/ddscxx/dds/core/xtypes/TCollectionTypes.hpp
-- Symlinking: /home/home/ros2_ws/install/rl_sar/include/ddscxx/dds/core/xtypes/TDynamicData.hpp
-- Symlinking: /home/home/ros2_ws/install/rl_sar/include/ddscxx/dds/core/xtypes/TDynamicType.hpp
-- Symlinking: /home/home/ros2_ws/install/rl_sar/include/ddscxx/dds/core/xtypes/TMemberType.hpp
-- Symlinking: /home/home/ros2_ws/install/rl_sar/include/ddscxx/dds/core/xtypes/TStructType.hpp
-- Symlinking: /home/home/ros2_ws/install/rl_sar/include/ddscxx/dds/core/xtypes/TTypeProvider.hpp
-- Symlinking: /home/home/ros2_ws/install/rl_sar/include/ddscxx/dds/core/xtypes/TypeKind.hpp
-- Symlinking: /home/home/ros2_ws/install/rl_sar/include/ddscxx/dds/core/xtypes/TypeProvider.hpp
-- Symlinking: /home/home/ros2_ws/install/rl_sar/include/ddscxx/dds/core/xtypes/UnionCase.hpp
-- Symlinking: /home/home/ros2_ws/install/rl_sar/include/ddscxx/dds/core/xtypes/UnionType.hpp
-- Symlinking: /home/home/ros2_ws/install/rl_sar/include/ddscxx/dds/core/xtypes/detail/Annotation.hpp
-- Symlinking: /home/home/ros2_ws/install/rl_sar/include/ddscxx/dds/core/xtypes/detail/CollectionTypes.hpp
-- Symlinking: /home/home/ros2_ws/install/rl_sar/include/ddscxx/dds/core/xtypes/detail/DynamicData.hpp
-- Symlinking: /home/home/ros2_ws/install/rl_sar/include/ddscxx/dds/core/xtypes/detail/DynamicType.hpp
-- Symlinking: /home/home/ros2_ws/install/rl_sar/include/ddscxx/dds/core/xtypes/detail/MemberType.hpp
-- Symlinking: /home/home/ros2_ws/install/rl_sar/include/ddscxx/dds/core/xtypes/detail/PrimitiveTypes.hpp
-- Symlinking: /home/home/ros2_ws/install/rl_sar/include/ddscxx/dds/core/xtypes/detail/StructType.hpp
-- Symlinking: /home/home/ros2_ws/install/rl_sar/include/ddscxx/dds/core/xtypes/detail/TypeProvider.hpp
-- Symlinking: /home/home/ros2_ws/install/rl_sar/include/ddscxx/dds/core/xtypes/detail/UnionCase.hpp
-- Symlinking: /home/home/ros2_ws/install/rl_sar/include/ddscxx/dds/core/xtypes/detail/UnionType.hpp
-- Symlinking: /home/home/ros2_ws/install/rl_sar/include/ddscxx/dds/dds.hpp
-- Symlinking: /home/home/ros2_ws/install/rl_sar/include/ddscxx/dds/domain/DomainParticipant.hpp
-- Symlinking: /home/home/ros2_ws/install/rl_sar/include/ddscxx/dds/domain/DomainParticipantListener.hpp
-- Symlinking: /home/home/ros2_ws/install/rl_sar/include/ddscxx/dds/domain/TDomainParticipant.hpp
-- Symlinking: /home/home/ros2_ws/install/rl_sar/include/ddscxx/dds/domain/ddsdomain.hpp
-- Symlinking: /home/home/ros2_ws/install/rl_sar/include/ddscxx/dds/domain/detail/DomainParticipant.hpp
-- Symlinking: /home/home/ros2_ws/install/rl_sar/include/ddscxx/dds/domain/detail/TDomainParticipantImpl.hpp
-- Symlinking: /home/home/ros2_ws/install/rl_sar/include/ddscxx/dds/domain/detail/ddsdomain.hpp
-- Symlinking: /home/home/ros2_ws/install/rl_sar/include/ddscxx/dds/domain/discovery.hpp
-- Symlinking: /home/home/ros2_ws/install/rl_sar/include/ddscxx/dds/domain/find.hpp
-- Symlinking: /home/home/ros2_ws/install/rl_sar/include/ddscxx/dds/domain/qos/DomainParticipantQos.hpp
-- Symlinking: /home/home/ros2_ws/install/rl_sar/include/ddscxx/dds/domain/qos/detail/DomainParticipantQos.hpp
-- Symlinking: /home/home/ros2_ws/install/rl_sar/include/ddscxx/dds/features.hpp
-- Symlinking: /home/home/ros2_ws/install/rl_sar/include/ddscxx/dds/pub/AnyDataWriter.hpp
-- Symlinking: /home/home/ros2_ws/install/rl_sar/include/ddscxx/dds/pub/AnyDataWriterListener.hpp
-- Symlinking: /home/home/ros2_ws/install/rl_sar/include/ddscxx/dds/pub/CoherentSet.hpp
-- Symlinking: /home/home/ros2_ws/install/rl_sar/include/ddscxx/dds/pub/DataWriter.hpp
-- Symlinking: /home/home/ros2_ws/install/rl_sar/include/ddscxx/dds/pub/DataWriterListener.hpp
-- Symlinking: /home/home/ros2_ws/install/rl_sar/include/ddscxx/dds/pub/Publisher.hpp
-- Symlinking: /home/home/ros2_ws/install/rl_sar/include/ddscxx/dds/pub/PublisherListener.hpp
-- Symlinking: /home/home/ros2_ws/install/rl_sar/include/ddscxx/dds/pub/SuspendedPublication.hpp
-- Symlinking: /home/home/ros2_ws/install/rl_sar/include/ddscxx/dds/pub/TAnyDataWriter.hpp
-- Symlinking: /home/home/ros2_ws/install/rl_sar/include/ddscxx/dds/pub/TCoherentSet.hpp
-- Symlinking: /home/home/ros2_ws/install/rl_sar/include/ddscxx/dds/pub/TPublisher.hpp
-- Symlinking: /home/home/ros2_ws/install/rl_sar/include/ddscxx/dds/pub/TSuspendedPublication.hpp
-- Symlinking: /home/home/ros2_ws/install/rl_sar/include/ddscxx/dds/pub/ddspub.hpp
-- Symlinking: /home/home/ros2_ws/install/rl_sar/include/ddscxx/dds/pub/detail/AnyDataWriter.hpp
-- Symlinking: /home/home/ros2_ws/install/rl_sar/include/ddscxx/dds/pub/detail/CoherentSet.hpp
-- Symlinking: /home/home/ros2_ws/install/rl_sar/include/ddscxx/dds/pub/detail/DataWriter.hpp
-- Symlinking: /home/home/ros2_ws/install/rl_sar/include/ddscxx/dds/pub/detail/DataWriterImpl.hpp
-- Symlinking: /home/home/ros2_ws/install/rl_sar/include/ddscxx/dds/pub/detail/Publisher.hpp
-- Symlinking: /home/home/ros2_ws/install/rl_sar/include/ddscxx/dds/pub/detail/SuspendedPublication.hpp
-- Symlinking: /home/home/ros2_ws/install/rl_sar/include/ddscxx/dds/pub/detail/TAnyDataWriterImpl.hpp
-- Symlinking: /home/home/ros2_ws/install/rl_sar/include/ddscxx/dds/pub/detail/TCoherentSetImpl.hpp
-- Symlinking: /home/home/ros2_ws/install/rl_sar/include/ddscxx/dds/pub/detail/TPublisherImpl.hpp
-- Symlinking: /home/home/ros2_ws/install/rl_sar/include/ddscxx/dds/pub/detail/TSuspendedPublicationImpl.hpp
-- Symlinking: /home/home/ros2_ws/install/rl_sar/include/ddscxx/dds/pub/detail/ddspub.hpp
-- Symlinking: /home/home/ros2_ws/install/rl_sar/include/ddscxx/dds/pub/detail/discovery.hpp
-- Symlinking: /home/home/ros2_ws/install/rl_sar/include/ddscxx/dds/pub/detail/find.hpp
-- Symlinking: /home/home/ros2_ws/install/rl_sar/include/ddscxx/dds/pub/discovery.hpp
-- Symlinking: /home/home/ros2_ws/install/rl_sar/include/ddscxx/dds/pub/find.hpp
-- Symlinking: /home/home/ros2_ws/install/rl_sar/include/ddscxx/dds/pub/qos/DataWriterQos.hpp
-- Symlinking: /home/home/ros2_ws/install/rl_sar/include/ddscxx/dds/pub/qos/PublisherQos.hpp
-- Symlinking: /home/home/ros2_ws/install/rl_sar/include/ddscxx/dds/pub/qos/detail/DataWriterQos.hpp
-- Symlinking: /home/home/ros2_ws/install/rl_sar/include/ddscxx/dds/pub/qos/detail/PublisherQos.hpp
-- Symlinking: /home/home/ros2_ws/install/rl_sar/include/ddscxx/dds/sub/AnyDataReader.hpp
-- Symlinking: /home/home/ros2_ws/install/rl_sar/include/ddscxx/dds/sub/AnyDataReaderListener.hpp
-- Symlinking: /home/home/ros2_ws/install/rl_sar/include/ddscxx/dds/sub/CoherentAccess.hpp
-- Symlinking: /home/home/ros2_ws/install/rl_sar/include/ddscxx/dds/sub/DataReader.hpp
-- Symlinking: /home/home/ros2_ws/install/rl_sar/include/ddscxx/dds/sub/DataReaderListener.hpp
-- Symlinking: /home/home/ros2_ws/install/rl_sar/include/ddscxx/dds/sub/GenerationCount.hpp
-- Symlinking: /home/home/ros2_ws/install/rl_sar/include/ddscxx/dds/sub/LoanedSamples.hpp
-- Symlinking: /home/home/ros2_ws/install/rl_sar/include/ddscxx/dds/sub/Query.hpp
-- Symlinking: /home/home/ros2_ws/install/rl_sar/include/ddscxx/dds/sub/Rank.hpp
-- Symlinking: /home/home/ros2_ws/install/rl_sar/include/ddscxx/dds/sub/Sample.hpp
-- Symlinking: /home/home/ros2_ws/install/rl_sar/include/ddscxx/dds/sub/SampleInfo.hpp
-- Symlinking: /home/home/ros2_ws/install/rl_sar/include/ddscxx/dds/sub/SampleRef.hpp
-- Symlinking: /home/home/ros2_ws/install/rl_sar/include/ddscxx/dds/sub/SharedSamples.hpp
-- Symlinking: /home/home/ros2_ws/install/rl_sar/include/ddscxx/dds/sub/Subscriber.hpp
-- Symlinking: /home/home/ros2_ws/install/rl_sar/include/ddscxx/dds/sub/SubscriberListener.hpp
-- Symlinking: /home/home/ros2_ws/install/rl_sar/include/ddscxx/dds/sub/TAnyDataReader.hpp
-- Symlinking: /home/home/ros2_ws/install/rl_sar/include/ddscxx/dds/sub/TCoherentAccess.hpp
-- Symlinking: /home/home/ros2_ws/install/rl_sar/include/ddscxx/dds/sub/TDataReader.hpp
-- Symlinking: /home/home/ros2_ws/install/rl_sar/include/ddscxx/dds/sub/TGenerationCount.hpp
-- Symlinking: /home/home/ros2_ws/install/rl_sar/include/ddscxx/dds/sub/TQuery.hpp
-- Symlinking: /home/home/ros2_ws/install/rl_sar/include/ddscxx/dds/sub/TRank.hpp
-- Symlinking: /home/home/ros2_ws/install/rl_sar/include/ddscxx/dds/sub/TSample.hpp
-- Symlinking: /home/home/ros2_ws/install/rl_sar/include/ddscxx/dds/sub/TSampleInfo.hpp
-- Symlinking: /home/home/ros2_ws/install/rl_sar/include/ddscxx/dds/sub/TSampleRef.hpp
-- Symlinking: /home/home/ros2_ws/install/rl_sar/include/ddscxx/dds/sub/TSubscriber.hpp
-- Symlinking: /home/home/ros2_ws/install/rl_sar/include/ddscxx/dds/sub/cond/QueryCondition.hpp
-- Symlinking: /home/home/ros2_ws/install/rl_sar/include/ddscxx/dds/sub/cond/ReadCondition.hpp
-- Symlinking: /home/home/ros2_ws/install/rl_sar/include/ddscxx/dds/sub/cond/TQueryCondition.hpp
-- Symlinking: /home/home/ros2_ws/install/rl_sar/include/ddscxx/dds/sub/cond/TReadCondition.hpp
-- Symlinking: /home/home/ros2_ws/install/rl_sar/include/ddscxx/dds/sub/cond/detail/QueryCondition.hpp
-- Symlinking: /home/home/ros2_ws/install/rl_sar/include/ddscxx/dds/sub/cond/detail/ReadCondition.hpp
-- Symlinking: /home/home/ros2_ws/install/rl_sar/include/ddscxx/dds/sub/cond/detail/TQueryConditionImpl.hpp
-- Symlinking: /home/home/ros2_ws/install/rl_sar/include/ddscxx/dds/sub/cond/detail/TReadConditionImpl.hpp
-- Symlinking: /home/home/ros2_ws/install/rl_sar/include/ddscxx/dds/sub/ddssub.hpp
-- Symlinking: /home/home/ros2_ws/install/rl_sar/include/ddscxx/dds/sub/detail/AnyDataReader.hpp
-- Symlinking: /home/home/ros2_ws/install/rl_sar/include/ddscxx/dds/sub/detail/CoherentAccess.hpp
-- Symlinking: /home/home/ros2_ws/install/rl_sar/include/ddscxx/dds/sub/detail/DataReader.hpp
-- Symlinking: /home/home/ros2_ws/install/rl_sar/include/ddscxx/dds/sub/detail/GenerationCount.hpp
-- Symlinking: /home/home/ros2_ws/install/rl_sar/include/ddscxx/dds/sub/detail/LoanedSamples.hpp
-- Symlinking: /home/home/ros2_ws/install/rl_sar/include/ddscxx/dds/sub/detail/LoanedSamplesImpl.hpp
-- Symlinking: /home/home/ros2_ws/install/rl_sar/include/ddscxx/dds/sub/detail/Manipulators.hpp
-- Symlinking: /home/home/ros2_ws/install/rl_sar/include/ddscxx/dds/sub/detail/Query.hpp
-- Symlinking: /home/home/ros2_ws/install/rl_sar/include/ddscxx/dds/sub/detail/Rank.hpp
-- Symlinking: /home/home/ros2_ws/install/rl_sar/include/ddscxx/dds/sub/detail/Sample.hpp
-- Symlinking: /home/home/ros2_ws/install/rl_sar/include/ddscxx/dds/sub/detail/SampleInfo.hpp
-- Symlinking: /home/home/ros2_ws/install/rl_sar/include/ddscxx/dds/sub/detail/SampleRef.hpp
-- Symlinking: /home/home/ros2_ws/install/rl_sar/include/ddscxx/dds/sub/detail/SamplesHolder.hpp
-- Symlinking: /home/home/ros2_ws/install/rl_sar/include/ddscxx/dds/sub/detail/SharedSamples.hpp
-- Symlinking: /home/home/ros2_ws/install/rl_sar/include/ddscxx/dds/sub/detail/SharedSamplesImpl.hpp
-- Symlinking: /home/home/ros2_ws/install/rl_sar/include/ddscxx/dds/sub/detail/Subscriber.hpp
-- Symlinking: /home/home/ros2_ws/install/rl_sar/include/ddscxx/dds/sub/detail/TAnyDataReaderImpl.hpp
-- Symlinking: /home/home/ros2_ws/install/rl_sar/include/ddscxx/dds/sub/detail/TCoherentAccessImpl.hpp
-- Symlinking: /home/home/ros2_ws/install/rl_sar/include/ddscxx/dds/sub/detail/TDataReaderImpl.hpp
-- Symlinking: /home/home/ros2_ws/install/rl_sar/include/ddscxx/dds/sub/detail/TGenerationCountImpl.hpp
-- Symlinking: /home/home/ros2_ws/install/rl_sar/include/ddscxx/dds/sub/detail/TQueryImpl.hpp
-- Symlinking: /home/home/ros2_ws/install/rl_sar/include/ddscxx/dds/sub/detail/TRankImpl.hpp
-- Symlinking: /home/home/ros2_ws/install/rl_sar/include/ddscxx/dds/sub/detail/TSampleImpl.hpp
-- Symlinking: /home/home/ros2_ws/install/rl_sar/include/ddscxx/dds/sub/detail/TSampleInfoImpl.hpp
-- Symlinking: /home/home/ros2_ws/install/rl_sar/include/ddscxx/dds/sub/detail/TSampleRefImpl.hpp
-- Symlinking: /home/home/ros2_ws/install/rl_sar/include/ddscxx/dds/sub/detail/TSubscriberImpl.hpp
-- Symlinking: /home/home/ros2_ws/install/rl_sar/include/ddscxx/dds/sub/detail/ddssub.hpp
-- Symlinking: /home/home/ros2_ws/install/rl_sar/include/ddscxx/dds/sub/detail/discovery.hpp
-- Symlinking: /home/home/ros2_ws/install/rl_sar/include/ddscxx/dds/sub/detail/find.hpp
-- Symlinking: /home/home/ros2_ws/install/rl_sar/include/ddscxx/dds/sub/discovery.hpp
-- Symlinking: /home/home/ros2_ws/install/rl_sar/include/ddscxx/dds/sub/find.hpp
-- Symlinking: /home/home/ros2_ws/install/rl_sar/include/ddscxx/dds/sub/qos/DataReaderQos.hpp
-- Symlinking: /home/home/ros2_ws/install/rl_sar/include/ddscxx/dds/sub/qos/SubscriberQos.hpp
-- Symlinking: /home/home/ros2_ws/install/rl_sar/include/ddscxx/dds/sub/qos/detail/DataReaderQos.hpp
-- Symlinking: /home/home/ros2_ws/install/rl_sar/include/ddscxx/dds/sub/qos/detail/SubscriberQos.hpp
-- Symlinking: /home/home/ros2_ws/install/rl_sar/include/ddscxx/dds/sub/status/DataState.hpp
-- Symlinking: /home/home/ros2_ws/install/rl_sar/include/ddscxx/dds/sub/status/detail/DataStateImpl.hpp
-- Symlinking: /home/home/ros2_ws/install/rl_sar/include/ddscxx/dds/topic/AnyTopic.hpp
-- Symlinking: /home/home/ros2_ws/install/rl_sar/include/ddscxx/dds/topic/AnyTopicListener.hpp
-- Symlinking: /home/home/ros2_ws/install/rl_sar/include/ddscxx/dds/topic/BuiltinTopic.hpp
-- Symlinking: /home/home/ros2_ws/install/rl_sar/include/ddscxx/dds/topic/BuiltinTopicKey.hpp
-- Symlinking: /home/home/ros2_ws/install/rl_sar/include/ddscxx/dds/topic/ContentFilteredTopic.hpp
-- Symlinking: /home/home/ros2_ws/install/rl_sar/include/ddscxx/dds/topic/Filter.hpp
-- Symlinking: /home/home/ros2_ws/install/rl_sar/include/ddscxx/dds/topic/MultiTopic.hpp
-- Symlinking: /home/home/ros2_ws/install/rl_sar/include/ddscxx/dds/topic/TAnyTopic.hpp
-- Symlinking: /home/home/ros2_ws/install/rl_sar/include/ddscxx/dds/topic/TBuiltinTopic.hpp
-- Symlinking: /home/home/ros2_ws/install/rl_sar/include/ddscxx/dds/topic/TBuiltinTopicKey.hpp
-- Symlinking: /home/home/ros2_ws/install/rl_sar/include/ddscxx/dds/topic/TContentFilteredTopic.hpp
-- Symlinking: /home/home/ros2_ws/install/rl_sar/include/ddscxx/dds/topic/TFilter.hpp
-- Symlinking: /home/home/ros2_ws/install/rl_sar/include/ddscxx/dds/topic/TMultiTopic.hpp
-- Symlinking: /home/home/ros2_ws/install/rl_sar/include/ddscxx/dds/topic/TTopic.hpp
-- Symlinking: /home/home/ros2_ws/install/rl_sar/include/ddscxx/dds/topic/TTopicDescription.hpp
-- Symlinking: /home/home/ros2_ws/install/rl_sar/include/ddscxx/dds/topic/Topic.hpp
-- Symlinking: /home/home/ros2_ws/install/rl_sar/include/ddscxx/dds/topic/TopicDescription.hpp
-- Symlinking: /home/home/ros2_ws/install/rl_sar/include/ddscxx/dds/topic/TopicInstance.hpp
-- Symlinking: /home/home/ros2_ws/install/rl_sar/include/ddscxx/dds/topic/TopicListener.hpp
-- Symlinking: /home/home/ros2_ws/install/rl_sar/include/ddscxx/dds/topic/TopicTraits.hpp
-- Symlinking: /home/home/ros2_ws/install/rl_sar/include/ddscxx/dds/topic/ddstopic.hpp
-- Symlinking: /home/home/ros2_ws/install/rl_sar/include/ddscxx/dds/topic/detail/AnyTopic.hpp
-- Symlinking: /home/home/ros2_ws/install/rl_sar/include/ddscxx/dds/topic/detail/BuiltinTopic.hpp
-- Symlinking: /home/home/ros2_ws/install/rl_sar/include/ddscxx/dds/topic/detail/BuiltinTopicKey.hpp
-- Symlinking: /home/home/ros2_ws/install/rl_sar/include/ddscxx/dds/topic/detail/ContentFilteredTopic.hpp
-- Symlinking: /home/home/ros2_ws/install/rl_sar/include/ddscxx/dds/topic/detail/Filter.hpp
-- Symlinking: /home/home/ros2_ws/install/rl_sar/include/ddscxx/dds/topic/detail/MultiTopic.hpp
-- Symlinking: /home/home/ros2_ws/install/rl_sar/include/ddscxx/dds/topic/detail/TAnyTopicImpl.hpp
-- Symlinking: /home/home/ros2_ws/install/rl_sar/include/ddscxx/dds/topic/detail/TBuiltinTopicImpl.hpp
-- Symlinking: /home/home/ros2_ws/install/rl_sar/include/ddscxx/dds/topic/detail/TBuiltinTopicKeyImpl.hpp
-- Symlinking: /home/home/ros2_ws/install/rl_sar/include/ddscxx/dds/topic/detail/TContentFilteredTopicImpl.hpp
-- Symlinking: /home/home/ros2_ws/install/rl_sar/include/ddscxx/dds/topic/detail/TFilterImpl.hpp
-- Symlinking: /home/home/ros2_ws/install/rl_sar/include/ddscxx/dds/topic/detail/TTopicDescriptionImpl.hpp
-- Symlinking: /home/home/ros2_ws/install/rl_sar/include/ddscxx/dds/topic/detail/TTopicImpl.hpp
-- Symlinking: /home/home/ros2_ws/install/rl_sar/include/ddscxx/dds/topic/detail/Topic.hpp
-- Symlinking: /home/home/ros2_ws/install/rl_sar/include/ddscxx/dds/topic/detail/TopicDescription.hpp
-- Symlinking: /home/home/ros2_ws/install/rl_sar/include/ddscxx/dds/topic/detail/TopicInstanceImpl.hpp
-- Symlinking: /home/home/ros2_ws/install/rl_sar/include/ddscxx/dds/topic/detail/ddstopic.hpp
-- Symlinking: /home/home/ros2_ws/install/rl_sar/include/ddscxx/dds/topic/detail/discovery.hpp
-- Symlinking: /home/home/ros2_ws/install/rl_sar/include/ddscxx/dds/topic/detail/find.hpp
-- Symlinking: /home/home/ros2_ws/install/rl_sar/include/ddscxx/dds/topic/discovery.hpp
-- Symlinking: /home/home/ros2_ws/install/rl_sar/include/ddscxx/dds/topic/find.hpp
-- Symlinking: /home/home/ros2_ws/install/rl_sar/include/ddscxx/dds/topic/qos/TopicQos.hpp
-- Symlinking: /home/home/ros2_ws/install/rl_sar/include/ddscxx/dds/topic/qos/detail/TopicQos.hpp
-- Symlinking: /home/home/ros2_ws/install/rl_sar/include/ddscxx/org/eclipse/cyclonedds/ForwardDeclarations.hpp
-- Symlinking: /home/home/ros2_ws/install/rl_sar/include/ddscxx/org/eclipse/cyclonedds/core/DDScObjectDelegate.hpp
-- Symlinking: /home/home/ros2_ws/install/rl_sar/include/ddscxx/org/eclipse/cyclonedds/core/EntityDelegate.hpp
-- Symlinking: /home/home/ros2_ws/install/rl_sar/include/ddscxx/org/eclipse/cyclonedds/core/EntityRegistry.hpp
-- Symlinking: /home/home/ros2_ws/install/rl_sar/include/ddscxx/org/eclipse/cyclonedds/core/EntitySet.hpp
-- Symlinking: /home/home/ros2_ws/install/rl_sar/include/ddscxx/org/eclipse/cyclonedds/core/InstanceHandleDelegate.hpp
-- Symlinking: /home/home/ros2_ws/install/rl_sar/include/ddscxx/org/eclipse/cyclonedds/core/ListenerDispatcher.hpp
-- Symlinking: /home/home/ros2_ws/install/rl_sar/include/ddscxx/org/eclipse/cyclonedds/core/MiscUtils.hpp
-- Symlinking: /home/home/ros2_ws/install/rl_sar/include/ddscxx/org/eclipse/cyclonedds/core/Missing.hpp
-- Symlinking: /home/home/ros2_ws/install/rl_sar/include/ddscxx/org/eclipse/cyclonedds/core/Mutex.hpp
-- Symlinking: /home/home/ros2_ws/install/rl_sar/include/ddscxx/org/eclipse/cyclonedds/core/ObjectDelegate.hpp
-- Symlinking: /home/home/ros2_ws/install/rl_sar/include/ddscxx/org/eclipse/cyclonedds/core/ObjectSet.hpp
-- Symlinking: /home/home/ros2_ws/install/rl_sar/include/ddscxx/org/eclipse/cyclonedds/core/QosProviderDelegate.hpp
-- Symlinking: /home/home/ros2_ws/install/rl_sar/include/ddscxx/org/eclipse/cyclonedds/core/ReportUtils.hpp
-- Symlinking: /home/home/ros2_ws/install/rl_sar/include/ddscxx/org/eclipse/cyclonedds/core/ScopedLock.hpp
-- Symlinking: /home/home/ros2_ws/install/rl_sar/include/ddscxx/org/eclipse/cyclonedds/core/TimeHelper.hpp
-- Symlinking: /home/home/ros2_ws/install/rl_sar/include/ddscxx/org/eclipse/cyclonedds/core/WeakReferenceSet.hpp
-- Symlinking: /home/home/ros2_ws/install/rl_sar/include/ddscxx/org/eclipse/cyclonedds/core/cdr/basic_cdr_ser.hpp
-- Symlinking: /home/home/ros2_ws/install/rl_sar/include/ddscxx/org/eclipse/cyclonedds/core/cdr/cdr_enums.hpp
-- Symlinking: /home/home/ros2_ws/install/rl_sar/include/ddscxx/org/eclipse/cyclonedds/core/cdr/cdr_stream.hpp
-- Symlinking: /home/home/ros2_ws/install/rl_sar/include/ddscxx/org/eclipse/cyclonedds/core/cdr/entity_properties.hpp
-- Symlinking: /home/home/ros2_ws/install/rl_sar/include/ddscxx/org/eclipse/cyclonedds/core/cdr/extended_cdr_v1_ser.hpp
-- Symlinking: /home/home/ros2_ws/install/rl_sar/include/ddscxx/org/eclipse/cyclonedds/core/cdr/extended_cdr_v2_ser.hpp
-- Symlinking: /home/home/ros2_ws/install/rl_sar/include/ddscxx/org/eclipse/cyclonedds/core/cdr/fragchain.hpp
-- Symlinking: /home/home/ros2_ws/install/rl_sar/include/ddscxx/org/eclipse/cyclonedds/core/cond/ConditionDelegate.hpp
-- Symlinking: /home/home/ros2_ws/install/rl_sar/include/ddscxx/org/eclipse/cyclonedds/core/cond/FunctorHolder.hpp
-- Symlinking: /home/home/ros2_ws/install/rl_sar/include/ddscxx/org/eclipse/cyclonedds/core/cond/GuardConditionDelegate.hpp
-- Symlinking: /home/home/ros2_ws/install/rl_sar/include/ddscxx/org/eclipse/cyclonedds/core/cond/ShadowParticipant.hpp
-- Symlinking: /home/home/ros2_ws/install/rl_sar/include/ddscxx/org/eclipse/cyclonedds/core/cond/StatusConditionDelegate.hpp
-- Symlinking: /home/home/ros2_ws/install/rl_sar/include/ddscxx/org/eclipse/cyclonedds/core/cond/WaitSetDelegate.hpp
-- Symlinking: /home/home/ros2_ws/install/rl_sar/include/ddscxx/org/eclipse/cyclonedds/core/config.hpp
-- Symlinking: /home/home/ros2_ws/install/rl_sar/include/ddscxx/org/eclipse/cyclonedds/core/policy/Policy.hpp
-- Symlinking: /home/home/ros2_ws/install/rl_sar/include/ddscxx/org/eclipse/cyclonedds/core/policy/PolicyDelegate.hpp
-- Symlinking: /home/home/ros2_ws/install/rl_sar/include/ddscxx/org/eclipse/cyclonedds/core/policy/ProprietaryPolicyKind.hpp
-- Symlinking: /home/home/ros2_ws/install/rl_sar/include/ddscxx/org/eclipse/cyclonedds/core/policy/QosPolicyCountDelegate.hpp
-- Symlinking: /home/home/ros2_ws/install/rl_sar/include/ddscxx/org/eclipse/cyclonedds/core/policy/TPolicy.hpp
-- Symlinking: /home/home/ros2_ws/install/rl_sar/include/ddscxx/org/eclipse/cyclonedds/core/status/StatusDelegate.hpp
-- Symlinking: /home/home/ros2_ws/install/rl_sar/include/ddscxx/org/eclipse/cyclonedds/core/type_helpers.hpp
-- Symlinking: /home/home/ros2_ws/install/rl_sar/include/ddscxx/org/eclipse/cyclonedds/domain/Domain.hpp
-- Symlinking: /home/home/ros2_ws/install/rl_sar/include/ddscxx/org/eclipse/cyclonedds/domain/DomainParticipantDelegate.hpp
-- Symlinking: /home/home/ros2_ws/install/rl_sar/include/ddscxx/org/eclipse/cyclonedds/domain/DomainParticipantListener.hpp
-- Symlinking: /home/home/ros2_ws/install/rl_sar/include/ddscxx/org/eclipse/cyclonedds/domain/DomainParticipantRegistry.hpp
-- Symlinking: /home/home/ros2_ws/install/rl_sar/include/ddscxx/org/eclipse/cyclonedds/domain/DomainWrap.hpp
-- Symlinking: /home/home/ros2_ws/install/rl_sar/include/ddscxx/org/eclipse/cyclonedds/domain/qos/DomainParticipantQosDelegate.hpp
-- Symlinking: /home/home/ros2_ws/install/rl_sar/include/ddscxx/org/eclipse/cyclonedds/pub/AnyDataWriterDelegate.hpp
-- Symlinking: /home/home/ros2_ws/install/rl_sar/include/ddscxx/org/eclipse/cyclonedds/pub/CoherentSetDelegate.hpp
-- Symlinking: /home/home/ros2_ws/install/rl_sar/include/ddscxx/org/eclipse/cyclonedds/pub/PublisherDelegate.hpp
-- Symlinking: /home/home/ros2_ws/install/rl_sar/include/ddscxx/org/eclipse/cyclonedds/pub/SuspendedPublicationDelegate.hpp
-- Symlinking: /home/home/ros2_ws/install/rl_sar/include/ddscxx/org/eclipse/cyclonedds/pub/qos/DataWriterQosDelegate.hpp
-- Symlinking: /home/home/ros2_ws/install/rl_sar/include/ddscxx/org/eclipse/cyclonedds/pub/qos/PublisherQosDelegate.hpp
-- Symlinking: /home/home/ros2_ws/install/rl_sar/include/ddscxx/org/eclipse/cyclonedds/sub/AnyDataReaderDelegate.hpp
-- Symlinking: /home/home/ros2_ws/install/rl_sar/include/ddscxx/org/eclipse/cyclonedds/sub/BuiltinSubscriberDelegate.hpp
-- Symlinking: /home/home/ros2_ws/install/rl_sar/include/ddscxx/org/eclipse/cyclonedds/sub/CoherentAccessDelegate.hpp
-- Symlinking: /home/home/ros2_ws/install/rl_sar/include/ddscxx/org/eclipse/cyclonedds/sub/GenerationCountImpl.hpp
-- Symlinking: /home/home/ros2_ws/install/rl_sar/include/ddscxx/org/eclipse/cyclonedds/sub/QueryDelegate.hpp
-- Symlinking: /home/home/ros2_ws/install/rl_sar/include/ddscxx/org/eclipse/cyclonedds/sub/RankImpl.hpp
-- Symlinking: /home/home/ros2_ws/install/rl_sar/include/ddscxx/org/eclipse/cyclonedds/sub/SampleInfoImpl.hpp
-- Symlinking: /home/home/ros2_ws/install/rl_sar/include/ddscxx/org/eclipse/cyclonedds/sub/SubscriberDelegate.hpp
-- Symlinking: /home/home/ros2_ws/install/rl_sar/include/ddscxx/org/eclipse/cyclonedds/sub/cond/QueryConditionDelegate.hpp
-- Symlinking: /home/home/ros2_ws/install/rl_sar/include/ddscxx/org/eclipse/cyclonedds/sub/cond/ReadConditionDelegate.hpp
-- Symlinking: /home/home/ros2_ws/install/rl_sar/include/ddscxx/org/eclipse/cyclonedds/sub/qos/DataReaderQosDelegate.hpp
-- Symlinking: /home/home/ros2_ws/install/rl_sar/include/ddscxx/org/eclipse/cyclonedds/sub/qos/SubscriberQosDelegate.hpp
-- Symlinking: /home/home/ros2_ws/install/rl_sar/include/ddscxx/org/eclipse/cyclonedds/topic/AnyTopicDelegate.hpp
-- Symlinking: /home/home/ros2_ws/install/rl_sar/include/ddscxx/org/eclipse/cyclonedds/topic/AnyTopicListener.hpp
-- Symlinking: /home/home/ros2_ws/install/rl_sar/include/ddscxx/org/eclipse/cyclonedds/topic/BuiltinTopic.hpp
-- Symlinking: /home/home/ros2_ws/install/rl_sar/include/ddscxx/org/eclipse/cyclonedds/topic/BuiltinTopicCopy.hpp
-- Symlinking: /home/home/ros2_ws/install/rl_sar/include/ddscxx/org/eclipse/cyclonedds/topic/BuiltinTopicDelegate.hpp
-- Symlinking: /home/home/ros2_ws/install/rl_sar/include/ddscxx/org/eclipse/cyclonedds/topic/BuiltinTopicKeyDelegate.hpp
-- Symlinking: /home/home/ros2_ws/install/rl_sar/include/ddscxx/org/eclipse/cyclonedds/topic/BuiltinTopicTraits.hpp
-- Symlinking: /home/home/ros2_ws/install/rl_sar/include/ddscxx/org/eclipse/cyclonedds/topic/CDRBlob.hpp
-- Symlinking: /home/home/ros2_ws/install/rl_sar/include/ddscxx/org/eclipse/cyclonedds/topic/FilterDelegate.hpp
-- Symlinking: /home/home/ros2_ws/install/rl_sar/include/ddscxx/org/eclipse/cyclonedds/topic/TBuiltinTopic.hpp
-- Symlinking: /home/home/ros2_ws/install/rl_sar/include/ddscxx/org/eclipse/cyclonedds/topic/TopicDescriptionDelegate.hpp
-- Symlinking: /home/home/ros2_ws/install/rl_sar/include/ddscxx/org/eclipse/cyclonedds/topic/TopicListener.hpp
-- Symlinking: /home/home/ros2_ws/install/rl_sar/include/ddscxx/org/eclipse/cyclonedds/topic/TopicTraits.hpp
-- Symlinking: /home/home/ros2_ws/install/rl_sar/include/ddscxx/org/eclipse/cyclonedds/topic/datatopic.hpp
-- Symlinking: /home/home/ros2_ws/install/rl_sar/include/ddscxx/org/eclipse/cyclonedds/topic/discovery.hpp
-- Symlinking: /home/home/ros2_ws/install/rl_sar/include/ddscxx/org/eclipse/cyclonedds/topic/find.hpp
-- Symlinking: /home/home/ros2_ws/install/rl_sar/include/ddscxx/org/eclipse/cyclonedds/topic/hash.hpp
-- Symlinking: /home/home/ros2_ws/install/rl_sar/include/ddscxx/org/eclipse/cyclonedds/topic/qos/TopicQosDelegate.hpp
-- Symlinking: /home/home/ros2_ws/install/rl_sar/include/unitree/common/any.hpp
-- Symlinking: /home/home/ros2_ws/install/rl_sar/include/unitree/common/assert.hpp
-- Symlinking: /home/home/ros2_ws/install/rl_sar/include/unitree/common/block_queue.hpp
-- Symlinking: /home/home/ros2_ws/install/rl_sar/include/unitree/common/dds/dds_callback.hpp
-- Symlinking: /home/home/ros2_ws/install/rl_sar/include/unitree/common/dds/dds_easy_model.hpp
-- Symlinking: /home/home/ros2_ws/install/rl_sar/include/unitree/common/dds/dds_entity.hpp
-- Symlinking: /home/home/ros2_ws/install/rl_sar/include/unitree/common/dds/dds_error.hpp
-- Symlinking: /home/home/ros2_ws/install/rl_sar/include/unitree/common/dds/dds_exception.hpp
-- Symlinking: /home/home/ros2_ws/install/rl_sar/include/unitree/common/dds/dds_factory_model.hpp
-- Symlinking: /home/home/ros2_ws/install/rl_sar/include/unitree/common/dds/dds_native.hpp
-- Symlinking: /home/home/ros2_ws/install/rl_sar/include/unitree/common/dds/dds_parameter.hpp
-- Symlinking: /home/home/ros2_ws/install/rl_sar/include/unitree/common/dds/dds_qos.hpp
-- Symlinking: /home/home/ros2_ws/install/rl_sar/include/unitree/common/dds/dds_qos_parameter.hpp
-- Symlinking: /home/home/ros2_ws/install/rl_sar/include/unitree/common/dds/dds_qos_policy.hpp
-- Symlinking: /home/home/ros2_ws/install/rl_sar/include/unitree/common/dds/dds_qos_policy_parameter.hpp
-- Symlinking: /home/home/ros2_ws/install/rl_sar/include/unitree/common/dds/dds_qos_realize.hpp
-- Symlinking: /home/home/ros2_ws/install/rl_sar/include/unitree/common/dds/dds_topic_channel.hpp
-- Symlinking: /home/home/ros2_ws/install/rl_sar/include/unitree/common/dds/dds_traits.hpp
-- Symlinking: /home/home/ros2_ws/install/rl_sar/include/unitree/common/decl.hpp
-- Symlinking: /home/home/ros2_ws/install/rl_sar/include/unitree/common/error.hpp
-- Symlinking: /home/home/ros2_ws/install/rl_sar/include/unitree/common/exception.hpp
-- Symlinking: /home/home/ros2_ws/install/rl_sar/include/unitree/common/filesystem/directory.hpp
-- Symlinking: /home/home/ros2_ws/install/rl_sar/include/unitree/common/filesystem/file.hpp
-- Symlinking: /home/home/ros2_ws/install/rl_sar/include/unitree/common/filesystem/filesystem.hpp
-- Symlinking: /home/home/ros2_ws/install/rl_sar/include/unitree/common/json/json.hpp
-- Symlinking: /home/home/ros2_ws/install/rl_sar/include/unitree/common/json/json_config.hpp
-- Symlinking: /home/home/ros2_ws/install/rl_sar/include/unitree/common/json/jsonize.hpp
-- Symlinking: /home/home/ros2_ws/install/rl_sar/include/unitree/common/lock/lock.hpp
-- Symlinking: /home/home/ros2_ws/install/rl_sar/include/unitree/common/log/log.hpp
-- Symlinking: /home/home/ros2_ws/install/rl_sar/include/unitree/common/log/log_buffer.hpp
-- Symlinking: /home/home/ros2_ws/install/rl_sar/include/unitree/common/log/log_decl.hpp
-- Symlinking: /home/home/ros2_ws/install/rl_sar/include/unitree/common/log/log_initor.hpp
-- Symlinking: /home/home/ros2_ws/install/rl_sar/include/unitree/common/log/log_keeper.hpp
-- Symlinking: /home/home/ros2_ws/install/rl_sar/include/unitree/common/log/log_logger.hpp
-- Symlinking: /home/home/ros2_ws/install/rl_sar/include/unitree/common/log/log_policy.hpp
-- Symlinking: /home/home/ros2_ws/install/rl_sar/include/unitree/common/log/log_store.hpp
-- Symlinking: /home/home/ros2_ws/install/rl_sar/include/unitree/common/log/log_writer.hpp
-- Symlinking: /home/home/ros2_ws/install/rl_sar/include/unitree/common/os.hpp
-- Symlinking: /home/home/ros2_ws/install/rl_sar/include/unitree/common/service/base/service_application.hpp
-- Symlinking: /home/home/ros2_ws/install/rl_sar/include/unitree/common/service/base/service_base.hpp
-- Symlinking: /home/home/ros2_ws/install/rl_sar/include/unitree/common/service/base/service_config.hpp
-- Symlinking: /home/home/ros2_ws/install/rl_sar/include/unitree/common/service/base/service_decl.hpp
-- Symlinking: /home/home/ros2_ws/install/rl_sar/include/unitree/common/service/dds_service.hpp
-- Symlinking: /home/home/ros2_ws/install/rl_sar/include/unitree/common/string_tool.hpp
-- Symlinking: /home/home/ros2_ws/install/rl_sar/include/unitree/common/thread/future.hpp
-- Symlinking: /home/home/ros2_ws/install/rl_sar/include/unitree/common/thread/recurrent_thread.hpp
-- Symlinking: /home/home/ros2_ws/install/rl_sar/include/unitree/common/thread/thread.hpp
-- Symlinking: /home/home/ros2_ws/install/rl_sar/include/unitree/common/thread/thread_decl.hpp
-- Symlinking: /home/home/ros2_ws/install/rl_sar/include/unitree/common/thread/thread_pool.hpp
-- Symlinking: /home/home/ros2_ws/install/rl_sar/include/unitree/common/thread/thread_task.hpp
-- Symlinking: /home/home/ros2_ws/install/rl_sar/include/unitree/common/time/sleep.hpp
-- Symlinking: /home/home/ros2_ws/install/rl_sar/include/unitree/common/time/time_tool.hpp
-- Symlinking: /home/home/ros2_ws/install/rl_sar/include/unitree/idl/go2/AudioData_.hpp
-- Symlinking: /home/home/ros2_ws/install/rl_sar/include/unitree/idl/go2/BmsCmd_.hpp
-- Symlinking: /home/home/ros2_ws/install/rl_sar/include/unitree/idl/go2/BmsState_.hpp
-- Symlinking: /home/home/ros2_ws/install/rl_sar/include/unitree/idl/go2/ConfigChangeStatus_.hpp
-- Symlinking: /home/home/ros2_ws/install/rl_sar/include/unitree/idl/go2/Error_.hpp
-- Symlinking: /home/home/ros2_ws/install/rl_sar/include/unitree/idl/go2/Go2FrontVideoData_.hpp
-- Symlinking: /home/home/ros2_ws/install/rl_sar/include/unitree/idl/go2/HeightMap_.hpp
-- Symlinking: /home/home/ros2_ws/install/rl_sar/include/unitree/idl/go2/IMUState_.hpp
-- Symlinking: /home/home/ros2_ws/install/rl_sar/include/unitree/idl/go2/InterfaceConfig_.hpp
-- Symlinking: /home/home/ros2_ws/install/rl_sar/include/unitree/idl/go2/LidarState_.hpp
-- Symlinking: /home/home/ros2_ws/install/rl_sar/include/unitree/idl/go2/LowCmd_.hpp
-- Symlinking: /home/home/ros2_ws/install/rl_sar/include/unitree/idl/go2/LowState_.hpp
-- Symlinking: /home/home/ros2_ws/install/rl_sar/include/unitree/idl/go2/MotorCmd_.hpp
-- Symlinking: /home/home/ros2_ws/install/rl_sar/include/unitree/idl/go2/MotorCmds_.hpp
-- Symlinking: /home/home/ros2_ws/install/rl_sar/include/unitree/idl/go2/MotorState_.hpp
-- Symlinking: /home/home/ros2_ws/install/rl_sar/include/unitree/idl/go2/MotorStates_.hpp
-- Symlinking: /home/home/ros2_ws/install/rl_sar/include/unitree/idl/go2/PathPoint_.hpp
-- Symlinking: /home/home/ros2_ws/install/rl_sar/include/unitree/idl/go2/Req_.hpp
-- Symlinking: /home/home/ros2_ws/install/rl_sar/include/unitree/idl/go2/Res_.hpp
-- Symlinking: /home/home/ros2_ws/install/rl_sar/include/unitree/idl/go2/SportModeCmd_.hpp
-- Symlinking: /home/home/ros2_ws/install/rl_sar/include/unitree/idl/go2/SportModeState_.hpp
-- Symlinking: /home/home/ros2_ws/install/rl_sar/include/unitree/idl/go2/TimeSpec_.hpp
-- Symlinking: /home/home/ros2_ws/install/rl_sar/include/unitree/idl/go2/UwbState_.hpp
-- Symlinking: /home/home/ros2_ws/install/rl_sar/include/unitree/idl/go2/UwbSwitch_.hpp
-- Symlinking: /home/home/ros2_ws/install/rl_sar/include/unitree/idl/go2/VoxelMapCompressed_.hpp
-- Symlinking: /home/home/ros2_ws/install/rl_sar/include/unitree/idl/go2/WirelessController_.hpp
-- Symlinking: /home/home/ros2_ws/install/rl_sar/include/unitree/idl/hg/BmsCmd_.hpp
-- Symlinking: /home/home/ros2_ws/install/rl_sar/include/unitree/idl/hg/BmsState_.hpp
-- Symlinking: /home/home/ros2_ws/install/rl_sar/include/unitree/idl/hg/HandCmd_.hpp
-- Symlinking: /home/home/ros2_ws/install/rl_sar/include/unitree/idl/hg/HandState_.hpp
-- Symlinking: /home/home/ros2_ws/install/rl_sar/include/unitree/idl/hg/IMUState_.hpp
-- Symlinking: /home/home/ros2_ws/install/rl_sar/include/unitree/idl/hg/LowCmd_.hpp
-- Symlinking: /home/home/ros2_ws/install/rl_sar/include/unitree/idl/hg/LowState_.hpp
-- Symlinking: /home/home/ros2_ws/install/rl_sar/include/unitree/idl/hg/MainBoardState_.hpp
-- Symlinking: /home/home/ros2_ws/install/rl_sar/include/unitree/idl/hg/MotorCmd_.hpp
-- Symlinking: /home/home/ros2_ws/install/rl_sar/include/unitree/idl/hg/MotorState_.hpp
-- Symlinking: /home/home/ros2_ws/install/rl_sar/include/unitree/idl/hg/PressSensorState_.hpp
-- Symlinking: /home/home/ros2_ws/install/rl_sar/include/unitree/idl/hg_doubleimu/doubleIMUState_.hpp
-- Symlinking: /home/home/ros2_ws/install/rl_sar/include/unitree/idl/ros2/Header_.hpp
-- Symlinking: /home/home/ros2_ws/install/rl_sar/include/unitree/idl/ros2/Imu_.hpp
-- Symlinking: /home/home/ros2_ws/install/rl_sar/include/unitree/idl/ros2/MapMetaData_.hpp
-- Symlinking: /home/home/ros2_ws/install/rl_sar/include/unitree/idl/ros2/OccupancyGrid_.hpp
-- Symlinking: /home/home/ros2_ws/install/rl_sar/include/unitree/idl/ros2/Odometry_.hpp
-- Symlinking: /home/home/ros2_ws/install/rl_sar/include/unitree/idl/ros2/Point32_.hpp
-- Symlinking: /home/home/ros2_ws/install/rl_sar/include/unitree/idl/ros2/PointCloud2_.hpp
-- Symlinking: /home/home/ros2_ws/install/rl_sar/include/unitree/idl/ros2/PointField_.hpp
-- Symlinking: /home/home/ros2_ws/install/rl_sar/include/unitree/idl/ros2/PointStamped_.hpp
-- Symlinking: /home/home/ros2_ws/install/rl_sar/include/unitree/idl/ros2/Point_.hpp
-- Symlinking: /home/home/ros2_ws/install/rl_sar/include/unitree/idl/ros2/Pose2D_.hpp
-- Symlinking: /home/home/ros2_ws/install/rl_sar/include/unitree/idl/ros2/PoseStamped_.hpp
-- Symlinking: /home/home/ros2_ws/install/rl_sar/include/unitree/idl/ros2/PoseWithCovarianceStamped_.hpp
-- Symlinking: /home/home/ros2_ws/install/rl_sar/include/unitree/idl/ros2/PoseWithCovariance_.hpp
-- Symlinking: /home/home/ros2_ws/install/rl_sar/include/unitree/idl/ros2/Pose_.hpp
-- Symlinking: /home/home/ros2_ws/install/rl_sar/include/unitree/idl/ros2/QuaternionStamped_.hpp
-- Symlinking: /home/home/ros2_ws/install/rl_sar/include/unitree/idl/ros2/Quaternion_.hpp
-- Symlinking: /home/home/ros2_ws/install/rl_sar/include/unitree/idl/ros2/String_.hpp
-- Symlinking: /home/home/ros2_ws/install/rl_sar/include/unitree/idl/ros2/Time_.hpp
-- Symlinking: /home/home/ros2_ws/install/rl_sar/include/unitree/idl/ros2/TwistStamped_.hpp
-- Symlinking: /home/home/ros2_ws/install/rl_sar/include/unitree/idl/ros2/TwistWithCovarianceStamped_.hpp
-- Symlinking: /home/home/ros2_ws/install/rl_sar/include/unitree/idl/ros2/TwistWithCovariance_.hpp
-- Symlinking: /home/home/ros2_ws/install/rl_sar/include/unitree/idl/ros2/Twist_.hpp
-- Symlinking: /home/home/ros2_ws/install/rl_sar/include/unitree/idl/ros2/Vector3_.hpp
-- Symlinking: /home/home/ros2_ws/install/rl_sar/include/unitree/robot/b2/back_video/back_video_api.hpp
-- Symlinking: /home/home/ros2_ws/install/rl_sar/include/unitree/robot/b2/back_video/back_video_client.hpp
-- Symlinking: /home/home/ros2_ws/install/rl_sar/include/unitree/robot/b2/back_video/back_video_error.hpp
-- Symlinking: /home/home/ros2_ws/install/rl_sar/include/unitree/robot/b2/config/config_api.hpp
-- Symlinking: /home/home/ros2_ws/install/rl_sar/include/unitree/robot/b2/config/config_client.hpp
-- Symlinking: /home/home/ros2_ws/install/rl_sar/include/unitree/robot/b2/config/config_error.hpp
-- Symlinking: /home/home/ros2_ws/install/rl_sar/include/unitree/robot/b2/front_video/front_video_api.hpp
-- Symlinking: /home/home/ros2_ws/install/rl_sar/include/unitree/robot/b2/front_video/front_video_client.hpp
-- Symlinking: /home/home/ros2_ws/install/rl_sar/include/unitree/robot/b2/front_video/front_video_error.hpp
-- Symlinking: /home/home/ros2_ws/install/rl_sar/include/unitree/robot/b2/motion_switcher/motion_switcher_api.hpp
-- Symlinking: /home/home/ros2_ws/install/rl_sar/include/unitree/robot/b2/motion_switcher/motion_switcher_client.hpp
-- Symlinking: /home/home/ros2_ws/install/rl_sar/include/unitree/robot/b2/motion_switcher/motion_switcher_error.hpp
-- Symlinking: /home/home/ros2_ws/install/rl_sar/include/unitree/robot/b2/robot_state/robot_state_api.hpp
-- Symlinking: /home/home/ros2_ws/install/rl_sar/include/unitree/robot/b2/robot_state/robot_state_client.hpp
-- Symlinking: /home/home/ros2_ws/install/rl_sar/include/unitree/robot/b2/robot_state/robot_state_error.hpp
-- Symlinking: /home/home/ros2_ws/install/rl_sar/include/unitree/robot/b2/sport/sport_api.hpp
-- Symlinking: /home/home/ros2_ws/install/rl_sar/include/unitree/robot/b2/sport/sport_client.hpp
-- Symlinking: /home/home/ros2_ws/install/rl_sar/include/unitree/robot/b2/sport/sport_error.hpp
-- Symlinking: /home/home/ros2_ws/install/rl_sar/include/unitree/robot/channel/channel_factory.hpp
-- Symlinking: /home/home/ros2_ws/install/rl_sar/include/unitree/robot/channel/channel_labor.hpp
-- Symlinking: /home/home/ros2_ws/install/rl_sar/include/unitree/robot/channel/channel_namer.hpp
-- Symlinking: /home/home/ros2_ws/install/rl_sar/include/unitree/robot/channel/channel_publisher.hpp
-- Symlinking: /home/home/ros2_ws/install/rl_sar/include/unitree/robot/channel/channel_subscriber.hpp
-- Symlinking: /home/home/ros2_ws/install/rl_sar/include/unitree/robot/client/client.hpp
-- Symlinking: /home/home/ros2_ws/install/rl_sar/include/unitree/robot/client/client_base.hpp
-- Symlinking: /home/home/ros2_ws/install/rl_sar/include/unitree/robot/client/client_stub.hpp
-- Symlinking: /home/home/ros2_ws/install/rl_sar/include/unitree/robot/client/lease_client.hpp
-- Symlinking: /home/home/ros2_ws/install/rl_sar/include/unitree/robot/future/request_future.hpp
-- Symlinking: /home/home/ros2_ws/install/rl_sar/include/unitree/robot/g1/arm/g1_arm_action_api.hpp
-- Symlinking: /home/home/ros2_ws/install/rl_sar/include/unitree/robot/g1/arm/g1_arm_action_client.hpp
-- Symlinking: /home/home/ros2_ws/install/rl_sar/include/unitree/robot/g1/arm/g1_arm_action_error.hpp
-- Symlinking: /home/home/ros2_ws/install/rl_sar/include/unitree/robot/g1/audio/g1_audio_api.hpp
-- Symlinking: /home/home/ros2_ws/install/rl_sar/include/unitree/robot/g1/audio/g1_audio_client.hpp
-- Symlinking: /home/home/ros2_ws/install/rl_sar/include/unitree/robot/g1/audio/g1_audio_error.hpp
-- Symlinking: /home/home/ros2_ws/install/rl_sar/include/unitree/robot/g1/loco/g1_loco_api.hpp
-- Symlinking: /home/home/ros2_ws/install/rl_sar/include/unitree/robot/g1/loco/g1_loco_client.hpp
-- Symlinking: /home/home/ros2_ws/install/rl_sar/include/unitree/robot/g1/loco/g1_loco_error.hpp
-- Symlinking: /home/home/ros2_ws/install/rl_sar/include/unitree/robot/go2/config/config_api.hpp
-- Symlinking: /home/home/ros2_ws/install/rl_sar/include/unitree/robot/go2/config/config_client.hpp
-- Symlinking: /home/home/ros2_ws/install/rl_sar/include/unitree/robot/go2/config/config_error.hpp
-- Symlinking: /home/home/ros2_ws/install/rl_sar/include/unitree/robot/go2/obstacles_avoid/obstacles_avoid_api.hpp
-- Symlinking: /home/home/ros2_ws/install/rl_sar/include/unitree/robot/go2/obstacles_avoid/obstacles_avoid_client.hpp
-- Symlinking: /home/home/ros2_ws/install/rl_sar/include/unitree/robot/go2/public/jsonize_type.hpp
-- Symlinking: /home/home/ros2_ws/install/rl_sar/include/unitree/robot/go2/robot_state/robot_state_api.hpp
-- Symlinking: /home/home/ros2_ws/install/rl_sar/include/unitree/robot/go2/robot_state/robot_state_client.hpp
-- Symlinking: /home/home/ros2_ws/install/rl_sar/include/unitree/robot/go2/robot_state/robot_state_error.hpp
-- Symlinking: /home/home/ros2_ws/install/rl_sar/include/unitree/robot/go2/sport/sport_api.hpp
-- Symlinking: /home/home/ros2_ws/install/rl_sar/include/unitree/robot/go2/sport/sport_client.hpp
-- Symlinking: /home/home/ros2_ws/install/rl_sar/include/unitree/robot/go2/sport/sport_error.hpp
-- Symlinking: /home/home/ros2_ws/install/rl_sar/include/unitree/robot/go2/utrack/utrack_api.hpp
-- Symlinking: /home/home/ros2_ws/install/rl_sar/include/unitree/robot/go2/utrack/utrack_client.hpp
-- Symlinking: /home/home/ros2_ws/install/rl_sar/include/unitree/robot/go2/video/video_api.hpp
-- Symlinking: /home/home/ros2_ws/install/rl_sar/include/unitree/robot/go2/video/video_client.hpp
-- Symlinking: /home/home/ros2_ws/install/rl_sar/include/unitree/robot/go2/video/video_error.hpp
-- Symlinking: /home/home/ros2_ws/install/rl_sar/include/unitree/robot/go2/vui/vui_api.hpp
-- Symlinking: /home/home/ros2_ws/install/rl_sar/include/unitree/robot/go2/vui/vui_client.hpp
-- Symlinking: /home/home/ros2_ws/install/rl_sar/include/unitree/robot/go2/vui/vui_error.hpp
-- Symlinking: /home/home/ros2_ws/install/rl_sar/include/unitree/robot/h1/loco/h1_loco_api.hpp
-- Symlinking: /home/home/ros2_ws/install/rl_sar/include/unitree/robot/h1/loco/h1_loco_client.hpp
-- Symlinking: /home/home/ros2_ws/install/rl_sar/include/unitree/robot/h1/loco/h1_loco_error.hpp
-- Symlinking: /home/home/ros2_ws/install/rl_sar/include/unitree/robot/internal/internal.hpp
-- Symlinking: /home/home/ros2_ws/install/rl_sar/include/unitree/robot/internal/internal_api.hpp
-- Symlinking: /home/home/ros2_ws/install/rl_sar/include/unitree/robot/internal/internal_error.hpp
-- Symlinking: /home/home/ros2_ws/install/rl_sar/include/unitree/robot/internal/internal_idl_decl/RequestHeader_.hpp
-- Symlinking: /home/home/ros2_ws/install/rl_sar/include/unitree/robot/internal/internal_idl_decl/RequestIdentity_.hpp
-- Symlinking: /home/home/ros2_ws/install/rl_sar/include/unitree/robot/internal/internal_idl_decl/RequestLease_.hpp
-- Symlinking: /home/home/ros2_ws/install/rl_sar/include/unitree/robot/internal/internal_idl_decl/RequestPolicy_.hpp
-- Symlinking: /home/home/ros2_ws/install/rl_sar/include/unitree/robot/internal/internal_idl_decl/Request_.hpp
-- Symlinking: /home/home/ros2_ws/install/rl_sar/include/unitree/robot/internal/internal_idl_decl/ResponseHeader_.hpp
-- Symlinking: /home/home/ros2_ws/install/rl_sar/include/unitree/robot/internal/internal_idl_decl/ResponseStatus_.hpp
-- Symlinking: /home/home/ros2_ws/install/rl_sar/include/unitree/robot/internal/internal_idl_decl/Response_.hpp
-- Symlinking: /home/home/ros2_ws/install/rl_sar/include/unitree/robot/internal/internal_request_response.hpp
-- Symlinking: /home/home/ros2_ws/install/rl_sar/include/unitree/robot/serialize/serialize.hpp
-- Symlinking: /home/home/ros2_ws/install/rl_sar/include/unitree/robot/server/lease_server.hpp
-- Symlinking: /home/home/ros2_ws/install/rl_sar/include/unitree/robot/server/server.hpp
-- Symlinking: /home/home/ros2_ws/install/rl_sar/include/unitree/robot/server/server_base.hpp
-- Symlinking: /home/home/ros2_ws/install/rl_sar/include/unitree/robot/server/server_stub.hpp
-- Symlinking: /home/home/ros2_ws/install/rl_sar/lib/libunitree_sdk2.a
-- Symlinking: /home/home/ros2_ws/install/rl_sar/lib/cmake/unitree_sdk2/unitree_sdk2Targets.cmake
-- Symlinking: /home/home/ros2_ws/install/rl_sar/lib/cmake/unitree_sdk2/unitree_sdk2Config.cmake
-- Symlinking: /home/home/ros2_ws/install/rl_sar/lib/cmake/unitree_sdk2/unitree_sdk2ConfigVersion.cmake
-- Symlinking: /home/home/ros2_ws/install/rl_sar/lib//libdeeprobotics_legged_sdk_x86_64.so
-- Symlinking: /home/home/ros2_ws/install/rl_sar/lib/librl_sdk.so
-- Symlinking: /home/home/ros2_ws/install/rl_sar/lib/rl_sar/libobservation_buffer.so
-- Symlinking: /home/home/ros2_ws/install/rl_sar/lib/rl_sar/rl_sim
-- Symlinking: /home/home/ros2_ws/install/rl_sar/lib/rl_sar/rl_real_a1
-- Symlinking: /home/home/ros2_ws/install/rl_sar/lib/rl_sar/rl_real_lite3
-- Symlinking: /home/home/ros2_ws/install/rl_sar/lib/rl_sar/rl_real_go2
-- Symlinking: /home/home/ros2_ws/install/rl_sar/lib/rl_sar/rl_real_g1
-- Symlinking: /home/home/ros2_ws/install/rl_sar/lib/rl_sar/rl_real_l4w4
-- Symlinking: /home/home/ros2_ws/install/rl_sar/lib/rl_sar/actuator_net.py
-- Symlinking: /home/home/ros2_ws/install/rl_sar/share/rl_sar//launch/gazebo.launch.py
-- Symlinking: /home/home/ros2_ws/install/rl_sar/share/rl_sar//launch/nav2.launch.py
-- Symlinking: /home/home/ros2_ws/install/rl_sar/share/rl_sar//launch/slam_nav.launch.py
-- Symlinking: /home/home/ros2_ws/install/rl_sar/share/rl_sar//worlds/hotel.world
-- Symlinking: /home/home/ros2_ws/install/rl_sar/share/rl_sar//worlds/hotel.world.bak
-- Symlinking: /home/home/ros2_ws/install/rl_sar/share/rl_sar//worlds/hotel_raw.world
-- Symlinking: /home/home/ros2_ws/install/rl_sar/share/rl_sar//worlds/hotel_raw_new_elevator.world
-- Symlinking: /home/home/ros2_ws/install/rl_sar/share/rl_sar//worlds/hotel_stairs.world
-- Symlinking: /home/home/ros2_ws/install/rl_sar/share/rl_sar//worlds/hotel_stairs_raw.world
-- Symlinking: /home/home/ros2_ws/install/rl_sar/share/rl_sar//worlds/remove_models.py
-- Symlinking: /home/home/ros2_ws/install/rl_sar/share/rl_sar//worlds/stairs.world
