[0.009s] Invoking command in '/home/home/ros2_ws/build/rl_sar': CMAKE_PREFIX_PATH=/home/home/ros2_ws/install/robot_joint_controller:/home/home/ros2_ws/install/robot_msgs:/home/home/ros2_ws/install/world_tf_publisher:/home/home/ros2_ws/install/velodyne_simulator:/home/home/ros2_ws/install/velodyne_gazebo_plugins:/home/home/ros2_ws/install/velodyne_description:/home/home/ros2_ws/install/sliding_door_plugin:/home/home/ros2_ws/install/lift_elevator_plugin:/home/home/ros2_ws/install/hinged_door_plugin:/home/home/ros2_ws/install/go2w_description:/home/home/ros2_ws/install/go2_description:/home/home/ros2_ws/install/elevator_bt:/home/home/ros2_ws/install/door_bt:/home/home/ros2_ws/install/b2_description:/opt/ros/humble LD_LIBRARY_PATH=/home/home/ros2_ws/install/robot_joint_controller/lib:/home/home/ros2_ws/install/robot_msgs/lib:/home/home/ros2_ws/install/world_tf_publisher/lib:/home/home/ros2_ws/install/velodyne_gazebo_plugins/lib:/home/home/ros2_ws/install/sliding_door_plugin/lib:/home/home/ros2_ws/install/lift_elevator_plugin/lib:/home/home/ros2_ws/install/hinged_door_plugin/lib:/home/home/ros2_ws/install/door_bt/lib:/usr/lib/x86_64-linux-gnu/gazebo-11/plugins:/opt/ros/humble/opt/rviz_ogre_vendor/lib:/opt/ros/humble/lib/x86_64-linux-gnu:/opt/ros/humble/lib /usr/bin/cmake --build /home/home/ros2_ws/build/rl_sar -- -j12 -l12
[0.053s] [  1%] Built target rl_sar__cpp
[0.053s] [  9%] Built target rl_sar__rosidl_generator_c
[0.060s] [  9%] Built target ament_cmake_python_symlink_rl_sar
[0.071s] [ 16%] Built target rl_sar__rosidl_typesupport_introspection_c
[0.071s] [ 24%] Built target rl_sar__rosidl_typesupport_c
[0.073s] [ 31%] Built target rl_sar__rosidl_typesupport_cpp
[0.073s] [ 39%] Built target rl_sar__rosidl_typesupport_fastrtps_cpp
[0.074s] [ 46%] Built target rl_sar__rosidl_typesupport_introspection_cpp
[0.078s] [ 54%] Built target rl_sar__rosidl_typesupport_fastrtps_c
[0.080s] [ 57%] Built target rl_sdk
[0.080s] [ 60%] Built target observation_buffer
[0.094s] [ 60%] Built target rl_sar
[0.094s] [ 62%] [32mBuilding CXX object CMakeFiles/rl_real_go2.dir/src/rl_real_go2.cpp.o[0m
[0.098s] [ 63%] [32mBuilding CXX object CMakeFiles/rl_real_g1.dir/src/rl_real_g1.cpp.o[0m
[0.112s] [ 65%] Built target rl_sar__py
[0.127s] [ 68%] Built target rl_real_l4w4
[0.128s] [ 71%] Built target rl_real_a1
[0.130s] [ 77%] Built target rl_sar__rosidl_generator_py
[0.131s] [ 84%] Built target rl_real_lite3
[0.131s] [ 87%] Built target rl_sim
[0.145s] [ 96%] Built target rl_sar__rosidl_typesupport_c__pyext
[0.145s] [ 96%] Built target rl_sar__rosidl_typesupport_introspection_c__pyext
[0.145s] [ 96%] Built target rl_sar__rosidl_typesupport_fastrtps_c__pyext
[0.198s] running egg_info
[0.198s] writing rl_sar.egg-info/PKG-INFO
[0.199s] writing dependency_links to rl_sar.egg-info/dependency_links.txt
[0.199s] writing top-level names to rl_sar.egg-info/top_level.txt
[0.200s] reading manifest file 'rl_sar.egg-info/SOURCES.txt'
[0.200s] writing manifest file 'rl_sar.egg-info/SOURCES.txt'
[0.218s] [ 96%] Built target ament_cmake_python_build_rl_sar_egg
[14.814s] [ 98%] [32m[1mLinking CXX executable rl_real_go2[0m
[14.843s] [100%] [32m[1mLinking CXX executable rl_real_g1[0m
[16.149s] [100%] Built target rl_real_go2
[16.175s] [100%] Built target rl_real_g1
[16.184s] Invoked command in '/home/home/ros2_ws/build/rl_sar' returned '0': CMAKE_PREFIX_PATH=/home/home/ros2_ws/install/robot_joint_controller:/home/home/ros2_ws/install/robot_msgs:/home/home/ros2_ws/install/world_tf_publisher:/home/home/ros2_ws/install/velodyne_simulator:/home/home/ros2_ws/install/velodyne_gazebo_plugins:/home/home/ros2_ws/install/velodyne_description:/home/home/ros2_ws/install/sliding_door_plugin:/home/home/ros2_ws/install/lift_elevator_plugin:/home/home/ros2_ws/install/hinged_door_plugin:/home/home/ros2_ws/install/go2w_description:/home/home/ros2_ws/install/go2_description:/home/home/ros2_ws/install/elevator_bt:/home/home/ros2_ws/install/door_bt:/home/home/ros2_ws/install/b2_description:/opt/ros/humble LD_LIBRARY_PATH=/home/home/ros2_ws/install/robot_joint_controller/lib:/home/home/ros2_ws/install/robot_msgs/lib:/home/home/ros2_ws/install/world_tf_publisher/lib:/home/home/ros2_ws/install/velodyne_gazebo_plugins/lib:/home/home/ros2_ws/install/sliding_door_plugin/lib:/home/home/ros2_ws/install/lift_elevator_plugin/lib:/home/home/ros2_ws/install/hinged_door_plugin/lib:/home/home/ros2_ws/install/door_bt/lib:/usr/lib/x86_64-linux-gnu/gazebo-11/plugins:/opt/ros/humble/opt/rviz_ogre_vendor/lib:/opt/ros/humble/lib/x86_64-linux-gnu:/opt/ros/humble/lib /usr/bin/cmake --build /home/home/ros2_ws/build/rl_sar -- -j12 -l12
[16.185s] Invoking command in '/home/home/ros2_ws/build/rl_sar': CMAKE_PREFIX_PATH=/home/home/ros2_ws/install/robot_joint_controller:/home/home/ros2_ws/install/robot_msgs:/home/home/ros2_ws/install/world_tf_publisher:/home/home/ros2_ws/install/velodyne_simulator:/home/home/ros2_ws/install/velodyne_gazebo_plugins:/home/home/ros2_ws/install/velodyne_description:/home/home/ros2_ws/install/sliding_door_plugin:/home/home/ros2_ws/install/lift_elevator_plugin:/home/home/ros2_ws/install/hinged_door_plugin:/home/home/ros2_ws/install/go2w_description:/home/home/ros2_ws/install/go2_description:/home/home/ros2_ws/install/elevator_bt:/home/home/ros2_ws/install/door_bt:/home/home/ros2_ws/install/b2_description:/opt/ros/humble LD_LIBRARY_PATH=/home/home/ros2_ws/install/robot_joint_controller/lib:/home/home/ros2_ws/install/robot_msgs/lib:/home/home/ros2_ws/install/world_tf_publisher/lib:/home/home/ros2_ws/install/velodyne_gazebo_plugins/lib:/home/home/ros2_ws/install/sliding_door_plugin/lib:/home/home/ros2_ws/install/lift_elevator_plugin/lib:/home/home/ros2_ws/install/hinged_door_plugin/lib:/home/home/ros2_ws/install/door_bt/lib:/usr/lib/x86_64-linux-gnu/gazebo-11/plugins:/opt/ros/humble/opt/rviz_ogre_vendor/lib:/opt/ros/humble/lib/x86_64-linux-gnu:/opt/ros/humble/lib /usr/bin/cmake --install /home/home/ros2_ws/build/rl_sar
[16.190s] -- Install configuration: "Debug"
[16.191s] -- Execute custom install script
[16.191s] -- Symlinking: /home/home/ros2_ws/install/rl_sar/share/ament_index/resource_index/rosidl_interfaces/rl_sar
[16.198s] -- Symlinking: /home/home/ros2_ws/install/rl_sar/include/rl_sar/rl_sar/action/detail/robot_activation__functions.h
[16.204s] -- Symlinking: /home/home/ros2_ws/install/rl_sar/include/rl_sar/rl_sar/action/detail/robot_activation__struct.h
[16.210s] -- Symlinking: /home/home/ros2_ws/install/rl_sar/include/rl_sar/rl_sar/action/detail/robot_activation__type_support.h
[16.215s] -- Symlinking: /home/home/ros2_ws/install/rl_sar/include/rl_sar/rl_sar/action/detail/set_locomotion_mode__functions.h
[16.221s] -- Symlinking: /home/home/ros2_ws/install/rl_sar/include/rl_sar/rl_sar/action/detail/set_locomotion_mode__struct.h
[16.226s] -- Symlinking: /home/home/ros2_ws/install/rl_sar/include/rl_sar/rl_sar/action/detail/set_locomotion_mode__type_support.h
[16.232s] -- Symlinking: /home/home/ros2_ws/install/rl_sar/include/rl_sar/rl_sar/action/detail/set_navigation_mode__functions.h
[16.238s] -- Symlinking: /home/home/ros2_ws/install/rl_sar/include/rl_sar/rl_sar/action/detail/set_navigation_mode__struct.h
[16.244s] -- Symlinking: /home/home/ros2_ws/install/rl_sar/include/rl_sar/rl_sar/action/detail/set_navigation_mode__type_support.h
[16.250s] -- Symlinking: /home/home/ros2_ws/install/rl_sar/include/rl_sar/rl_sar/action/robot_activation.h
[16.256s] -- Symlinking: /home/home/ros2_ws/install/rl_sar/include/rl_sar/rl_sar/action/set_locomotion_mode.h
[16.261s] -- Symlinking: /home/home/ros2_ws/install/rl_sar/include/rl_sar/rl_sar/action/set_navigation_mode.h
[16.266s] -- Symlinking: /home/home/ros2_ws/install/rl_sar/include/rl_sar/rl_sar/msg/rosidl_generator_c__visibility_control.h
[16.272s] -- Symlinking: /home/home/ros2_ws/install/rl_sar/share/rl_sar/environment/library_path.sh
[16.278s] -- Symlinking: /home/home/ros2_ws/install/rl_sar/share/rl_sar/environment/library_path.dsv
[16.284s] -- Symlinking: /home/home/ros2_ws/install/rl_sar/include/rl_sar/rl_sar/action/detail/robot_activation__rosidl_typesupport_fastrtps_c.h
[16.290s] -- Symlinking: /home/home/ros2_ws/install/rl_sar/include/rl_sar/rl_sar/action/detail/set_locomotion_mode__rosidl_typesupport_fastrtps_c.h
[16.295s] -- Symlinking: /home/home/ros2_ws/install/rl_sar/include/rl_sar/rl_sar/action/detail/set_navigation_mode__rosidl_typesupport_fastrtps_c.h
[16.301s] -- Symlinking: /home/home/ros2_ws/install/rl_sar/include/rl_sar/rl_sar/msg/rosidl_typesupport_fastrtps_c__visibility_control.h
[16.306s] -- Symlinking: /home/home/ros2_ws/install/rl_sar/include/rl_sar/rl_sar/action/detail/robot_activation__builder.hpp
[16.312s] -- Symlinking: /home/home/ros2_ws/install/rl_sar/include/rl_sar/rl_sar/action/detail/robot_activation__struct.hpp
[16.317s] -- Symlinking: /home/home/ros2_ws/install/rl_sar/include/rl_sar/rl_sar/action/detail/robot_activation__traits.hpp
[16.322s] -- Symlinking: /home/home/ros2_ws/install/rl_sar/include/rl_sar/rl_sar/action/detail/robot_activation__type_support.hpp
[16.328s] -- Symlinking: /home/home/ros2_ws/install/rl_sar/include/rl_sar/rl_sar/action/detail/set_locomotion_mode__builder.hpp
[16.334s] -- Symlinking: /home/home/ros2_ws/install/rl_sar/include/rl_sar/rl_sar/action/detail/set_locomotion_mode__struct.hpp
[16.339s] -- Symlinking: /home/home/ros2_ws/install/rl_sar/include/rl_sar/rl_sar/action/detail/set_locomotion_mode__traits.hpp
[16.344s] -- Symlinking: /home/home/ros2_ws/install/rl_sar/include/rl_sar/rl_sar/action/detail/set_locomotion_mode__type_support.hpp
[16.350s] -- Symlinking: /home/home/ros2_ws/install/rl_sar/include/rl_sar/rl_sar/action/detail/set_navigation_mode__builder.hpp
[16.356s] -- Symlinking: /home/home/ros2_ws/install/rl_sar/include/rl_sar/rl_sar/action/detail/set_navigation_mode__struct.hpp
[16.361s] -- Symlinking: /home/home/ros2_ws/install/rl_sar/include/rl_sar/rl_sar/action/detail/set_navigation_mode__traits.hpp
[16.367s] -- Symlinking: /home/home/ros2_ws/install/rl_sar/include/rl_sar/rl_sar/action/detail/set_navigation_mode__type_support.hpp
[16.373s] -- Symlinking: /home/home/ros2_ws/install/rl_sar/include/rl_sar/rl_sar/action/robot_activation.hpp
[16.379s] -- Symlinking: /home/home/ros2_ws/install/rl_sar/include/rl_sar/rl_sar/action/set_locomotion_mode.hpp
[16.385s] -- Symlinking: /home/home/ros2_ws/install/rl_sar/include/rl_sar/rl_sar/action/set_navigation_mode.hpp
[16.392s] -- Symlinking: /home/home/ros2_ws/install/rl_sar/include/rl_sar/rl_sar/msg/rosidl_generator_cpp__visibility_control.hpp
[16.398s] -- Symlinking: /home/home/ros2_ws/install/rl_sar/include/rl_sar/rl_sar/action/detail/robot_activation__rosidl_typesupport_fastrtps_cpp.hpp
[16.405s] -- Symlinking: /home/home/ros2_ws/install/rl_sar/include/rl_sar/rl_sar/action/detail/set_locomotion_mode__rosidl_typesupport_fastrtps_cpp.hpp
[16.410s] -- Symlinking: /home/home/ros2_ws/install/rl_sar/include/rl_sar/rl_sar/action/detail/set_navigation_mode__rosidl_typesupport_fastrtps_cpp.hpp
[16.416s] -- Symlinking: /home/home/ros2_ws/install/rl_sar/include/rl_sar/rl_sar/msg/rosidl_typesupport_fastrtps_cpp__visibility_control.h
[16.421s] -- Symlinking: /home/home/ros2_ws/install/rl_sar/include/rl_sar/rl_sar/action/detail/robot_activation__rosidl_typesupport_introspection_c.h
[16.427s] -- Symlinking: /home/home/ros2_ws/install/rl_sar/include/rl_sar/rl_sar/action/detail/set_locomotion_mode__rosidl_typesupport_introspection_c.h
[16.432s] -- Symlinking: /home/home/ros2_ws/install/rl_sar/include/rl_sar/rl_sar/action/detail/set_navigation_mode__rosidl_typesupport_introspection_c.h
[16.438s] -- Symlinking: /home/home/ros2_ws/install/rl_sar/include/rl_sar/rl_sar/msg/rosidl_typesupport_introspection_c__visibility_control.h
[16.444s] -- Symlinking: /home/home/ros2_ws/install/rl_sar/include/rl_sar/rl_sar/action/detail/robot_activation__rosidl_typesupport_introspection_cpp.hpp
[16.449s] -- Symlinking: /home/home/ros2_ws/install/rl_sar/include/rl_sar/rl_sar/action/detail/set_locomotion_mode__rosidl_typesupport_introspection_cpp.hpp
[16.456s] -- Symlinking: /home/home/ros2_ws/install/rl_sar/include/rl_sar/rl_sar/action/detail/set_navigation_mode__rosidl_typesupport_introspection_cpp.hpp
[16.462s] -- Symlinking: /home/home/ros2_ws/install/rl_sar/share/rl_sar/environment/pythonpath.sh
[16.468s] -- Symlinking: /home/home/ros2_ws/install/rl_sar/share/rl_sar/environment/pythonpath.dsv
[16.475s] -- Symlinking: /home/home/ros2_ws/install/rl_sar/local/lib/python3.10/dist-packages/rl_sar-3.0.0-py3.10.egg-info/PKG-INFO
[16.481s] -- Symlinking: /home/home/ros2_ws/install/rl_sar/local/lib/python3.10/dist-packages/rl_sar-3.0.0-py3.10.egg-info/SOURCES.txt
[16.486s] -- Symlinking: /home/home/ros2_ws/install/rl_sar/local/lib/python3.10/dist-packages/rl_sar-3.0.0-py3.10.egg-info/dependency_links.txt
[16.492s] -- Symlinking: /home/home/ros2_ws/install/rl_sar/local/lib/python3.10/dist-packages/rl_sar-3.0.0-py3.10.egg-info/top_level.txt
[16.498s] -- Symlinking: /home/home/ros2_ws/install/rl_sar/local/lib/python3.10/dist-packages/rl_sar/__init__.py
[16.504s] -- Symlinking: /home/home/ros2_ws/install/rl_sar/local/lib/python3.10/dist-packages/rl_sar/_rl_sar_s.ep.rosidl_typesupport_c.c
[16.510s] -- Symlinking: /home/home/ros2_ws/install/rl_sar/local/lib/python3.10/dist-packages/rl_sar/_rl_sar_s.ep.rosidl_typesupport_fastrtps_c.c
[16.515s] -- Symlinking: /home/home/ros2_ws/install/rl_sar/local/lib/python3.10/dist-packages/rl_sar/_rl_sar_s.ep.rosidl_typesupport_introspection_c.c
[16.522s] -- Symlinking: /home/home/ros2_ws/install/rl_sar/local/lib/python3.10/dist-packages/rl_sar/action/__init__.py
[16.528s] -- Symlinking: /home/home/ros2_ws/install/rl_sar/local/lib/python3.10/dist-packages/rl_sar/action/_robot_activation.py
[16.534s] -- Symlinking: /home/home/ros2_ws/install/rl_sar/local/lib/python3.10/dist-packages/rl_sar/action/_robot_activation_s.c
[16.539s] -- Symlinking: /home/home/ros2_ws/install/rl_sar/local/lib/python3.10/dist-packages/rl_sar/action/_set_locomotion_mode.py
[16.545s] -- Symlinking: /home/home/ros2_ws/install/rl_sar/local/lib/python3.10/dist-packages/rl_sar/action/_set_locomotion_mode_s.c
[16.551s] -- Symlinking: /home/home/ros2_ws/install/rl_sar/local/lib/python3.10/dist-packages/rl_sar/action/_set_navigation_mode.py
[16.557s] -- Symlinking: /home/home/ros2_ws/install/rl_sar/local/lib/python3.10/dist-packages/rl_sar/action/_set_navigation_mode_s.c
[16.564s] -- Symlinking: /home/home/ros2_ws/install/rl_sar/local/lib/python3.10/dist-packages/rl_sar/librl_sar__rosidl_generator_py.so
[16.570s] -- Symlinking: /home/home/ros2_ws/install/rl_sar/local/lib/python3.10/dist-packages/rl_sar/rl_sar_s__rosidl_typesupport_c.cpython-310-x86_64-linux-gnu.so
[16.576s] -- Symlinking: /home/home/ros2_ws/install/rl_sar/local/lib/python3.10/dist-packages/rl_sar/rl_sar_s__rosidl_typesupport_fastrtps_c.cpython-310-x86_64-linux-gnu.so
[16.581s] -- Symlinking: /home/home/ros2_ws/install/rl_sar/local/lib/python3.10/dist-packages/rl_sar/rl_sar_s__rosidl_typesupport_introspection_c.cpython-310-x86_64-linux-gnu.so
[16.587s] -- Up-to-date symlink: /home/home/ros2_ws/install/rl_sar/local/lib/python3.10/dist-packages/rl_sar/rl_sar_s__rosidl_typesupport_fastrtps_c.cpython-310-x86_64-linux-gnu.so
[16.588s] -- Up-to-date symlink: /home/home/ros2_ws/install/rl_sar/local/lib/python3.10/dist-packages/rl_sar/rl_sar_s__rosidl_typesupport_introspection_c.cpython-310-x86_64-linux-gnu.so
[16.588s] -- Up-to-date symlink: /home/home/ros2_ws/install/rl_sar/local/lib/python3.10/dist-packages/rl_sar/rl_sar_s__rosidl_typesupport_c.cpython-310-x86_64-linux-gnu.so
[16.588s] -- Symlinking: /home/home/ros2_ws/install/rl_sar/share/rl_sar/action/RobotActivation.idl
[16.594s] -- Symlinking: /home/home/ros2_ws/install/rl_sar/share/rl_sar/action/SetLocomotionMode.idl
[16.600s] -- Symlinking: /home/home/ros2_ws/install/rl_sar/share/rl_sar/action/SetNavigationMode.idl
[16.605s] -- Symlinking: /home/home/ros2_ws/install/rl_sar/share/rl_sar/action/RobotActivation.action
[16.611s] -- Symlinking: /home/home/ros2_ws/install/rl_sar/share/rl_sar/action/SetLocomotionMode.action
[16.617s] -- Symlinking: /home/home/ros2_ws/install/rl_sar/share/rl_sar/action/SetNavigationMode.action
[16.622s] -- Symlinking: /home/home/ros2_ws/install/rl_sar/share/ament_index/resource_index/package_run_dependencies/rl_sar
[16.628s] -- Symlinking: /home/home/ros2_ws/install/rl_sar/share/ament_index/resource_index/parent_prefix_path/rl_sar
[16.634s] -- Symlinking: /home/home/ros2_ws/install/rl_sar/share/rl_sar/environment/ament_prefix_path.sh
[16.639s] -- Symlinking: /home/home/ros2_ws/install/rl_sar/share/rl_sar/environment/ament_prefix_path.dsv
[16.645s] -- Symlinking: /home/home/ros2_ws/install/rl_sar/share/rl_sar/environment/path.sh
[16.651s] -- Symlinking: /home/home/ros2_ws/install/rl_sar/share/rl_sar/environment/path.dsv
[16.658s] -- Symlinking: /home/home/ros2_ws/install/rl_sar/share/rl_sar/local_setup.bash
[16.663s] -- Symlinking: /home/home/ros2_ws/install/rl_sar/share/rl_sar/local_setup.sh
[16.670s] -- Symlinking: /home/home/ros2_ws/install/rl_sar/share/rl_sar/local_setup.zsh
[16.676s] -- Symlinking: /home/home/ros2_ws/install/rl_sar/share/rl_sar/local_setup.dsv
[16.682s] -- Symlinking: /home/home/ros2_ws/install/rl_sar/share/rl_sar/package.dsv
[16.688s] -- Symlinking: /home/home/ros2_ws/install/rl_sar/share/ament_index/resource_index/packages/rl_sar
[16.694s] -- Symlinking: /home/home/ros2_ws/install/rl_sar/share/rl_sar/cmake/rosidl_cmake-extras.cmake
[16.699s] -- Symlinking: /home/home/ros2_ws/install/rl_sar/share/rl_sar/cmake/ament_cmake_export_dependencies-extras.cmake
[16.705s] -- Symlinking: /home/home/ros2_ws/install/rl_sar/share/rl_sar/cmake/ament_cmake_export_include_directories-extras.cmake
[16.711s] -- Symlinking: /home/home/ros2_ws/install/rl_sar/share/rl_sar/cmake/ament_cmake_export_libraries-extras.cmake
[16.717s] -- Symlinking: /home/home/ros2_ws/install/rl_sar/share/rl_sar/cmake/ament_cmake_export_targets-extras.cmake
[16.722s] -- Symlinking: /home/home/ros2_ws/install/rl_sar/share/rl_sar/cmake/rosidl_cmake_export_typesupport_targets-extras.cmake
[16.729s] -- Symlinking: /home/home/ros2_ws/install/rl_sar/share/rl_sar/cmake/rosidl_cmake_export_typesupport_libraries-extras.cmake
[16.735s] -- Symlinking: /home/home/ros2_ws/install/rl_sar/share/rl_sar/cmake/rl_sarConfig.cmake
[16.740s] -- Symlinking: /home/home/ros2_ws/install/rl_sar/share/rl_sar/cmake/rl_sarConfig-version.cmake
[16.745s] -- Symlinking: /home/home/ros2_ws/install/rl_sar/share/rl_sar/package.xml
[16.751s] -- Symlinking: /home/home/ros2_ws/install/rl_sar/lib/libddsc.so
[16.757s] -- Symlinking: /home/home/ros2_ws/install/rl_sar/lib/libddsc.so.0
[16.763s] -- Symlinking: /home/home/ros2_ws/install/rl_sar/lib/libddscxx.so
[16.769s] -- Symlinking: /home/home/ros2_ws/install/rl_sar/lib/libddscxx.so.0
[16.779s] -- Symlinking: /home/home/ros2_ws/install/rl_sar/include/dds/config.h
[16.785s] -- Symlinking: /home/home/ros2_ws/install/rl_sar/include/dds/dds.h
[16.791s] -- Symlinking: /home/home/ros2_ws/install/rl_sar/include/dds/ddsc/dds_basic_types.h
[16.797s] -- Symlinking: /home/home/ros2_ws/install/rl_sar/include/dds/ddsc/dds_data_allocator.h
[16.803s] -- Symlinking: /home/home/ros2_ws/install/rl_sar/include/dds/ddsc/dds_internal_api.h
[16.809s] -- Symlinking: /home/home/ros2_ws/install/rl_sar/include/dds/ddsc/dds_loan_api.h
[16.815s] -- Symlinking: /home/home/ros2_ws/install/rl_sar/include/dds/ddsc/dds_opcodes.h
[16.820s] -- Symlinking: /home/home/ros2_ws/install/rl_sar/include/dds/ddsc/dds_public_alloc.h
[16.826s] -- Symlinking: /home/home/ros2_ws/install/rl_sar/include/dds/ddsc/dds_public_error.h
[16.831s] -- Symlinking: /home/home/ros2_ws/install/rl_sar/include/dds/ddsc/dds_public_impl.h
[16.837s] -- Symlinking: /home/home/ros2_ws/install/rl_sar/include/dds/ddsc/dds_public_listener.h
[16.843s] -- Symlinking: /home/home/ros2_ws/install/rl_sar/include/dds/ddsc/dds_public_qos.h
[16.849s] -- Symlinking: /home/home/ros2_ws/install/rl_sar/include/dds/ddsc/dds_public_qosdefs.h
[16.855s] -- Symlinking: /home/home/ros2_ws/install/rl_sar/include/dds/ddsc/dds_public_status.h
[16.861s] -- Symlinking: /home/home/ros2_ws/install/rl_sar/include/dds/ddsc/dds_rhc.h
[16.867s] -- Symlinking: /home/home/ros2_ws/install/rl_sar/include/dds/ddsc/dds_statistics.h
[16.873s] -- Symlinking: /home/home/ros2_ws/install/rl_sar/include/dds/ddsi/ddsi_acknack.h
[16.879s] -- Symlinking: /home/home/ros2_ws/install/rl_sar/include/dds/ddsi/ddsi_builtin_topic_if.h
[16.885s] -- Symlinking: /home/home/ros2_ws/install/rl_sar/include/dds/ddsi/ddsi_cdrstream.h
[16.890s] -- Symlinking: /home/home/ros2_ws/install/rl_sar/include/dds/ddsi/ddsi_cfgelems.h
[16.896s] -- Symlinking: /home/home/ros2_ws/install/rl_sar/include/dds/ddsi/ddsi_cfgunits.h
[16.901s] -- Symlinking: /home/home/ros2_ws/install/rl_sar/include/dds/ddsi/ddsi_config.h
[16.907s] -- Symlinking: /home/home/ros2_ws/install/rl_sar/include/dds/ddsi/ddsi_config_impl.h
[16.913s] -- Symlinking: /home/home/ros2_ws/install/rl_sar/include/dds/ddsi/ddsi_deadline.h
[16.918s] -- Symlinking: /home/home/ros2_ws/install/rl_sar/include/dds/ddsi/ddsi_deliver_locally.h
[16.924s] -- Symlinking: /home/home/ros2_ws/install/rl_sar/include/dds/ddsi/ddsi_domaingv.h
[16.930s] -- Symlinking: /home/home/ros2_ws/install/rl_sar/include/dds/ddsi/ddsi_endpoint.h
[16.936s] -- Symlinking: /home/home/ros2_ws/install/rl_sar/include/dds/ddsi/ddsi_entity.h
[16.942s] -- Symlinking: /home/home/ros2_ws/install/rl_sar/include/dds/ddsi/ddsi_entity_index.h
[16.948s] -- Symlinking: /home/home/ros2_ws/install/rl_sar/include/dds/ddsi/ddsi_entity_match.h
[16.954s] -- Symlinking: /home/home/ros2_ws/install/rl_sar/include/dds/ddsi/ddsi_guid.h
[16.960s] -- Symlinking: /home/home/ros2_ws/install/rl_sar/include/dds/ddsi/ddsi_handshake.h
[16.966s] -- Symlinking: /home/home/ros2_ws/install/rl_sar/include/dds/ddsi/ddsi_iid.h
[16.972s] -- Symlinking: /home/home/ros2_ws/install/rl_sar/include/dds/ddsi/ddsi_ipaddr.h
[16.978s] -- Symlinking: /home/home/ros2_ws/install/rl_sar/include/dds/ddsi/ddsi_keyhash.h
[16.983s] -- Symlinking: /home/home/ros2_ws/install/rl_sar/include/dds/ddsi/ddsi_lifespan.h
[16.989s] -- Symlinking: /home/home/ros2_ws/install/rl_sar/include/dds/ddsi/ddsi_list_genptr.h
[16.994s] -- Symlinking: /home/home/ros2_ws/install/rl_sar/include/dds/ddsi/ddsi_list_tmpl.h
[16.999s] -- Symlinking: /home/home/ros2_ws/install/rl_sar/include/dds/ddsi/ddsi_locator.h
[17.005s] -- Symlinking: /home/home/ros2_ws/install/rl_sar/include/dds/ddsi/ddsi_mcgroup.h
[17.011s] -- Symlinking: /home/home/ros2_ws/install/rl_sar/include/dds/ddsi/ddsi_ownip.h
[17.017s] -- Symlinking: /home/home/ros2_ws/install/rl_sar/include/dds/ddsi/ddsi_participant.h
[17.023s] -- Symlinking: /home/home/ros2_ws/install/rl_sar/include/dds/ddsi/ddsi_plist.h
[17.029s] -- Symlinking: /home/home/ros2_ws/install/rl_sar/include/dds/ddsi/ddsi_plist_generic.h
[17.035s] -- Symlinking: /home/home/ros2_ws/install/rl_sar/include/dds/ddsi/ddsi_pmd.h
[17.041s] -- Symlinking: /home/home/ros2_ws/install/rl_sar/include/dds/ddsi/ddsi_portmapping.h
[17.047s] -- Symlinking: /home/home/ros2_ws/install/rl_sar/include/dds/ddsi/ddsi_proxy_endpoint.h
[17.053s] -- Symlinking: /home/home/ros2_ws/install/rl_sar/include/dds/ddsi/ddsi_proxy_participant.h
[17.060s] -- Symlinking: /home/home/ros2_ws/install/rl_sar/include/dds/ddsi/ddsi_raweth.h
[17.066s] -- Symlinking: /home/home/ros2_ws/install/rl_sar/include/dds/ddsi/ddsi_rhc.h
[17.072s] -- Symlinking: /home/home/ros2_ws/install/rl_sar/include/dds/ddsi/ddsi_security_exchange.h
[17.078s] -- Symlinking: /home/home/ros2_ws/install/rl_sar/include/dds/ddsi/ddsi_security_msg.h
[17.084s] -- Symlinking: /home/home/ros2_ws/install/rl_sar/include/dds/ddsi/ddsi_security_omg.h
[17.090s] -- Symlinking: /home/home/ros2_ws/install/rl_sar/include/dds/ddsi/ddsi_security_util.h
[17.096s] -- Symlinking: /home/home/ros2_ws/install/rl_sar/include/dds/ddsi/ddsi_serdata.h
[17.102s] -- Symlinking: /home/home/ros2_ws/install/rl_sar/include/dds/ddsi/ddsi_serdata_default.h
[17.108s] -- Symlinking: /home/home/ros2_ws/install/rl_sar/include/dds/ddsi/ddsi_serdata_plist.h
[17.114s] -- Symlinking: /home/home/ros2_ws/install/rl_sar/include/dds/ddsi/ddsi_serdata_pserop.h
[17.119s] -- Symlinking: /home/home/ros2_ws/install/rl_sar/include/dds/ddsi/ddsi_sertopic.h
[17.125s] -- Symlinking: /home/home/ros2_ws/install/rl_sar/include/dds/ddsi/ddsi_sertype.h
[17.130s] -- Symlinking: /home/home/ros2_ws/install/rl_sar/include/dds/ddsi/ddsi_shm_transport.h
[17.136s] -- Symlinking: /home/home/ros2_ws/install/rl_sar/include/dds/ddsi/ddsi_ssl.h
[17.142s] -- Symlinking: /home/home/ros2_ws/install/rl_sar/include/dds/ddsi/ddsi_statistics.h
[17.148s] -- Symlinking: /home/home/ros2_ws/install/rl_sar/include/dds/ddsi/ddsi_tcp.h
[17.155s] -- Symlinking: /home/home/ros2_ws/install/rl_sar/include/dds/ddsi/ddsi_threadmon.h
[17.161s] -- Symlinking: /home/home/ros2_ws/install/rl_sar/include/dds/ddsi/ddsi_time.h
[17.167s] -- Symlinking: /home/home/ros2_ws/install/rl_sar/include/dds/ddsi/ddsi_tkmap.h
[17.174s] -- Symlinking: /home/home/ros2_ws/install/rl_sar/include/dds/ddsi/ddsi_topic.h
[17.180s] -- Symlinking: /home/home/ros2_ws/install/rl_sar/include/dds/ddsi/ddsi_tran.h
[17.186s] -- Symlinking: /home/home/ros2_ws/install/rl_sar/include/dds/ddsi/ddsi_typebuilder.h
[17.192s] -- Symlinking: /home/home/ros2_ws/install/rl_sar/include/dds/ddsi/ddsi_typelib.h
[17.198s] -- Symlinking: /home/home/ros2_ws/install/rl_sar/include/dds/ddsi/ddsi_typelookup.h
[17.204s] -- Symlinking: /home/home/ros2_ws/install/rl_sar/include/dds/ddsi/ddsi_typewrap.h
[17.210s] -- Symlinking: /home/home/ros2_ws/install/rl_sar/include/dds/ddsi/ddsi_udp.h
[17.216s] -- Symlinking: /home/home/ros2_ws/install/rl_sar/include/dds/ddsi/ddsi_vendor.h
[17.222s] -- Symlinking: /home/home/ros2_ws/install/rl_sar/include/dds/ddsi/ddsi_vnet.h
[17.228s] -- Symlinking: /home/home/ros2_ws/install/rl_sar/include/dds/ddsi/ddsi_wraddrset.h
[17.233s] -- Symlinking: /home/home/ros2_ws/install/rl_sar/include/dds/ddsi/ddsi_xqos.h
[17.239s] -- Symlinking: /home/home/ros2_ws/install/rl_sar/include/dds/ddsi/ddsi_xt_impl.h
[17.245s] -- Symlinking: /home/home/ros2_ws/install/rl_sar/include/dds/ddsi/ddsi_xt_typeinfo.h
[17.251s] -- Symlinking: /home/home/ros2_ws/install/rl_sar/include/dds/ddsi/ddsi_xt_typeinfo.idl
[17.257s] -- Symlinking: /home/home/ros2_ws/install/rl_sar/include/dds/ddsi/ddsi_xt_typelookup.h
[17.263s] -- Symlinking: /home/home/ros2_ws/install/rl_sar/include/dds/ddsi/ddsi_xt_typelookup.idl
[17.269s] -- Symlinking: /home/home/ros2_ws/install/rl_sar/include/dds/ddsi/ddsi_xt_typemap.h
[17.275s] -- Symlinking: /home/home/ros2_ws/install/rl_sar/include/dds/ddsi/ddsi_xt_typemap.idl
[17.281s] -- Symlinking: /home/home/ros2_ws/install/rl_sar/include/dds/ddsi/q_addrset.h
[17.287s] -- Symlinking: /home/home/ros2_ws/install/rl_sar/include/dds/ddsi/q_bitset.h
[17.292s] -- Symlinking: /home/home/ros2_ws/install/rl_sar/include/dds/ddsi/q_bswap.h
[17.298s] -- Symlinking: /home/home/ros2_ws/install/rl_sar/include/dds/ddsi/q_ddsi_discovery.h
[17.304s] -- Symlinking: /home/home/ros2_ws/install/rl_sar/include/dds/ddsi/q_debmon.h
[17.309s] -- Symlinking: /home/home/ros2_ws/install/rl_sar/include/dds/ddsi/q_feature_check.h
[17.315s] -- Symlinking: /home/home/ros2_ws/install/rl_sar/include/dds/ddsi/q_freelist.h
[17.321s] -- Symlinking: /home/home/ros2_ws/install/rl_sar/include/dds/ddsi/q_gc.h
[17.327s] -- Symlinking: /home/home/ros2_ws/install/rl_sar/include/dds/ddsi/q_hbcontrol.h
[17.333s] -- Symlinking: /home/home/ros2_ws/install/rl_sar/include/dds/ddsi/q_init.h
[17.338s] -- Symlinking: /home/home/ros2_ws/install/rl_sar/include/dds/ddsi/q_inverse_uint32_set.h
[17.344s] -- Symlinking: /home/home/ros2_ws/install/rl_sar/include/dds/ddsi/q_lat_estim.h
[17.350s] -- Symlinking: /home/home/ros2_ws/install/rl_sar/include/dds/ddsi/q_lease.h
[17.356s] -- Symlinking: /home/home/ros2_ws/install/rl_sar/include/dds/ddsi/q_log.h
[17.363s] -- Symlinking: /home/home/ros2_ws/install/rl_sar/include/dds/ddsi/q_misc.h
[17.369s] -- Symlinking: /home/home/ros2_ws/install/rl_sar/include/dds/ddsi/q_pcap.h
[17.374s] -- Symlinking: /home/home/ros2_ws/install/rl_sar/include/dds/ddsi/q_protocol.h
[17.380s] -- Symlinking: /home/home/ros2_ws/install/rl_sar/include/dds/ddsi/q_qosmatch.h
[17.386s] -- Symlinking: /home/home/ros2_ws/install/rl_sar/include/dds/ddsi/q_radmin.h
[17.392s] -- Symlinking: /home/home/ros2_ws/install/rl_sar/include/dds/ddsi/q_receive.h
[17.398s] -- Symlinking: /home/home/ros2_ws/install/rl_sar/include/dds/ddsi/q_rtps.h
[17.403s] -- Symlinking: /home/home/ros2_ws/install/rl_sar/include/dds/ddsi/q_sockwaitset.h
[17.409s] -- Symlinking: /home/home/ros2_ws/install/rl_sar/include/dds/ddsi/q_thread.h
[17.415s] -- Symlinking: /home/home/ros2_ws/install/rl_sar/include/dds/ddsi/q_transmit.h
[17.420s] -- Symlinking: /home/home/ros2_ws/install/rl_sar/include/dds/ddsi/q_unused.h
[17.426s] -- Symlinking: /home/home/ros2_ws/install/rl_sar/include/dds/ddsi/q_whc.h
[17.432s] -- Symlinking: /home/home/ros2_ws/install/rl_sar/include/dds/ddsi/q_xevent.h
[17.437s] -- Symlinking: /home/home/ros2_ws/install/rl_sar/include/dds/ddsi/q_xmsg.h
[17.443s] -- Symlinking: /home/home/ros2_ws/install/rl_sar/include/dds/ddsi/sysdeps.h
[17.450s] -- Symlinking: /home/home/ros2_ws/install/rl_sar/include/dds/ddsrt/align.h
[17.456s] -- Symlinking: /home/home/ros2_ws/install/rl_sar/include/dds/ddsrt/arch.h
[17.462s] -- Symlinking: /home/home/ros2_ws/install/rl_sar/include/dds/ddsrt/atomics.h
[17.468s] -- Symlinking: /home/home/ros2_ws/install/rl_sar/include/dds/ddsrt/atomics/arm.h
[17.473s] -- Symlinking: /home/home/ros2_ws/install/rl_sar/include/dds/ddsrt/atomics/gcc.h
[17.479s] -- Symlinking: /home/home/ros2_ws/install/rl_sar/include/dds/ddsrt/atomics/msvc.h
[17.485s] -- Symlinking: /home/home/ros2_ws/install/rl_sar/include/dds/ddsrt/atomics/sun.h
[17.491s] -- Symlinking: /home/home/ros2_ws/install/rl_sar/include/dds/ddsrt/attributes.h
[17.497s] -- Symlinking: /home/home/ros2_ws/install/rl_sar/include/dds/ddsrt/avl.h
[17.503s] -- Symlinking: /home/home/ros2_ws/install/rl_sar/include/dds/ddsrt/bswap.h
[17.509s] -- Symlinking: /home/home/ros2_ws/install/rl_sar/include/dds/ddsrt/cdtors.h
[17.515s] -- Symlinking: /home/home/ros2_ws/install/rl_sar/include/dds/ddsrt/circlist.h
[17.520s] -- Symlinking: /home/home/ros2_ws/install/rl_sar/include/dds/ddsrt/countargs.h
[17.525s] -- Symlinking: /home/home/ros2_ws/install/rl_sar/include/dds/ddsrt/dynlib.h
[17.531s] -- Symlinking: /home/home/ros2_ws/install/rl_sar/include/dds/ddsrt/endian.h
[17.536s] -- Symlinking: /home/home/ros2_ws/install/rl_sar/include/dds/ddsrt/environ.h
[17.542s] -- Symlinking: /home/home/ros2_ws/install/rl_sar/include/dds/ddsrt/expand_vars.h
[17.548s] -- Symlinking: /home/home/ros2_ws/install/rl_sar/include/dds/ddsrt/fibheap.h
[17.555s] -- Symlinking: /home/home/ros2_ws/install/rl_sar/include/dds/ddsrt/filesystem.h
[17.561s] -- Symlinking: /home/home/ros2_ws/install/rl_sar/include/dds/ddsrt/filesystem/posix.h
[17.567s] -- Symlinking: /home/home/ros2_ws/install/rl_sar/include/dds/ddsrt/filesystem/windows.h
[17.572s] -- Symlinking: /home/home/ros2_ws/install/rl_sar/include/dds/ddsrt/heap.h
[17.579s] -- Symlinking: /home/home/ros2_ws/install/rl_sar/include/dds/ddsrt/hopscotch.h
[17.585s] -- Symlinking: /home/home/ros2_ws/install/rl_sar/include/dds/ddsrt/ifaddrs.h
[17.590s] -- Symlinking: /home/home/ros2_ws/install/rl_sar/include/dds/ddsrt/io.h
[17.596s] -- Symlinking: /home/home/ros2_ws/install/rl_sar/include/dds/ddsrt/iovec.h
[17.601s] -- Symlinking: /home/home/ros2_ws/install/rl_sar/include/dds/ddsrt/log.h
[17.607s] -- Symlinking: /home/home/ros2_ws/install/rl_sar/include/dds/ddsrt/md5.h
[17.613s] -- Symlinking: /home/home/ros2_ws/install/rl_sar/include/dds/ddsrt/mh3.h
[17.619s] -- Symlinking: /home/home/ros2_ws/install/rl_sar/include/dds/ddsrt/misc.h
[17.624s] -- Symlinking: /home/home/ros2_ws/install/rl_sar/include/dds/ddsrt/netstat.h
[17.631s] -- Symlinking: /home/home/ros2_ws/install/rl_sar/include/dds/ddsrt/process.h
[17.636s] -- Symlinking: /home/home/ros2_ws/install/rl_sar/include/dds/ddsrt/random.h
[17.642s] -- Symlinking: /home/home/ros2_ws/install/rl_sar/include/dds/ddsrt/retcode.h
[17.648s] -- Symlinking: /home/home/ros2_ws/install/rl_sar/include/dds/ddsrt/rusage.h
[17.653s] -- Symlinking: /home/home/ros2_ws/install/rl_sar/include/dds/ddsrt/sched.h
[17.660s] -- Symlinking: /home/home/ros2_ws/install/rl_sar/include/dds/ddsrt/sockets.h
[17.666s] -- Symlinking: /home/home/ros2_ws/install/rl_sar/include/dds/ddsrt/sockets/posix.h
[17.672s] -- Symlinking: /home/home/ros2_ws/install/rl_sar/include/dds/ddsrt/sockets/windows.h
[17.678s] -- Symlinking: /home/home/ros2_ws/install/rl_sar/include/dds/ddsrt/static_assert.h
[17.683s] -- Symlinking: /home/home/ros2_ws/install/rl_sar/include/dds/ddsrt/string.h
[17.688s] -- Symlinking: /home/home/ros2_ws/install/rl_sar/include/dds/ddsrt/strtod.h
[17.694s] -- Symlinking: /home/home/ros2_ws/install/rl_sar/include/dds/ddsrt/strtol.h
[17.699s] -- Symlinking: /home/home/ros2_ws/install/rl_sar/include/dds/ddsrt/sync.h
[17.704s] -- Symlinking: /home/home/ros2_ws/install/rl_sar/include/dds/ddsrt/sync/freertos.h
[17.709s] -- Symlinking: /home/home/ros2_ws/install/rl_sar/include/dds/ddsrt/sync/posix.h
[17.715s] -- Symlinking: /home/home/ros2_ws/install/rl_sar/include/dds/ddsrt/sync/windows.h
[17.721s] -- Symlinking: /home/home/ros2_ws/install/rl_sar/include/dds/ddsrt/threads.h
[17.726s] -- Symlinking: /home/home/ros2_ws/install/rl_sar/include/dds/ddsrt/threads/freertos.h
[17.732s] -- Symlinking: /home/home/ros2_ws/install/rl_sar/include/dds/ddsrt/threads/posix.h
[17.738s] -- Symlinking: /home/home/ros2_ws/install/rl_sar/include/dds/ddsrt/threads/windows.h
[17.744s] -- Symlinking: /home/home/ros2_ws/install/rl_sar/include/dds/ddsrt/time.h
[17.750s] -- Symlinking: /home/home/ros2_ws/install/rl_sar/include/dds/ddsrt/time/freertos.h
[17.757s] -- Symlinking: /home/home/ros2_ws/install/rl_sar/include/dds/ddsrt/types.h
[17.763s] -- Symlinking: /home/home/ros2_ws/install/rl_sar/include/dds/ddsrt/types/posix.h
[17.769s] -- Symlinking: /home/home/ros2_ws/install/rl_sar/include/dds/ddsrt/types/vxworks.h
[17.775s] -- Symlinking: /home/home/ros2_ws/install/rl_sar/include/dds/ddsrt/types/windows.h
[17.781s] -- Symlinking: /home/home/ros2_ws/install/rl_sar/include/dds/ddsrt/xmlparser.h
[17.786s] -- Symlinking: /home/home/ros2_ws/install/rl_sar/include/dds/export.h
[17.793s] -- Symlinking: /home/home/ros2_ws/install/rl_sar/include/dds/features.h
[17.799s] -- Symlinking: /home/home/ros2_ws/install/rl_sar/include/dds/version.h
[17.804s] -- Symlinking: /home/home/ros2_ws/install/rl_sar/include/ddsc/dds.h
[17.810s] -- Symlinking: /home/home/ros2_ws/install/rl_sar/include/ddscxx/dds/LICENSE
[17.816s] -- Symlinking: /home/home/ros2_ws/install/rl_sar/include/ddscxx/dds/core/BuiltinTopicTypes.hpp
[17.821s] -- Symlinking: /home/home/ros2_ws/install/rl_sar/include/ddscxx/dds/core/Duration.hpp
[17.827s] -- Symlinking: /home/home/ros2_ws/install/rl_sar/include/ddscxx/dds/core/Entity.hpp
[17.833s] -- Symlinking: /home/home/ros2_ws/install/rl_sar/include/ddscxx/dds/core/Exception.hpp
[17.839s] -- Symlinking: /home/home/ros2_ws/install/rl_sar/include/ddscxx/dds/core/External.hpp
[17.844s] -- Symlinking: /home/home/ros2_ws/install/rl_sar/include/ddscxx/dds/core/InstanceHandle.hpp
[17.850s] -- Symlinking: /home/home/ros2_ws/install/rl_sar/include/ddscxx/dds/core/LengthUnlimited.hpp
[17.857s] -- Symlinking: /home/home/ros2_ws/install/rl_sar/include/ddscxx/dds/core/Optional.hpp
[17.863s] -- Symlinking: /home/home/ros2_ws/install/rl_sar/include/ddscxx/dds/core/QosProvider.hpp
[17.868s] -- Symlinking: /home/home/ros2_ws/install/rl_sar/include/ddscxx/dds/core/Reference.hpp
[17.874s] -- Symlinking: /home/home/ros2_ws/install/rl_sar/include/ddscxx/dds/core/SafeEnumeration.hpp
[17.880s] -- Symlinking: /home/home/ros2_ws/install/rl_sar/include/ddscxx/dds/core/TBuiltinTopicTypes.hpp
[17.886s] -- Symlinking: /home/home/ros2_ws/install/rl_sar/include/ddscxx/dds/core/TEntity.hpp
[17.891s] -- Symlinking: /home/home/ros2_ws/install/rl_sar/include/ddscxx/dds/core/TEntityQos.hpp
[17.897s] -- Symlinking: /home/home/ros2_ws/install/rl_sar/include/ddscxx/dds/core/TInstanceHandle.hpp
[17.903s] -- Symlinking: /home/home/ros2_ws/install/rl_sar/include/ddscxx/dds/core/TQosProvider.hpp
[17.909s] -- Symlinking: /home/home/ros2_ws/install/rl_sar/include/ddscxx/dds/core/Time.hpp
[17.914s] -- Symlinking: /home/home/ros2_ws/install/rl_sar/include/ddscxx/dds/core/Value.hpp
[17.920s] -- Symlinking: /home/home/ros2_ws/install/rl_sar/include/ddscxx/dds/core/WeakReference.hpp
[17.926s] -- Symlinking: /home/home/ros2_ws/install/rl_sar/include/ddscxx/dds/core/array.hpp
[17.932s] -- Symlinking: /home/home/ros2_ws/install/rl_sar/include/ddscxx/dds/core/cond/Condition.hpp
[17.938s] -- Symlinking: /home/home/ros2_ws/install/rl_sar/include/ddscxx/dds/core/cond/GuardCondition.hpp
[17.944s] -- Symlinking: /home/home/ros2_ws/install/rl_sar/include/ddscxx/dds/core/cond/StatusCondition.hpp
[17.950s] -- Symlinking: /home/home/ros2_ws/install/rl_sar/include/ddscxx/dds/core/cond/TCondition.hpp
[17.956s] -- Symlinking: /home/home/ros2_ws/install/rl_sar/include/ddscxx/dds/core/cond/TGuardCondition.hpp
[17.962s] -- Symlinking: /home/home/ros2_ws/install/rl_sar/include/ddscxx/dds/core/cond/TStatusCondition.hpp
[17.969s] -- Symlinking: /home/home/ros2_ws/install/rl_sar/include/ddscxx/dds/core/cond/TWaitSet.hpp
[17.975s] -- Symlinking: /home/home/ros2_ws/install/rl_sar/include/ddscxx/dds/core/cond/WaitSet.hpp
[17.980s] -- Symlinking: /home/home/ros2_ws/install/rl_sar/include/ddscxx/dds/core/cond/detail/Condition.hpp
[17.986s] -- Symlinking: /home/home/ros2_ws/install/rl_sar/include/ddscxx/dds/core/cond/detail/GuardCondition.hpp
[17.992s] -- Symlinking: /home/home/ros2_ws/install/rl_sar/include/ddscxx/dds/core/cond/detail/StatusCondition.hpp
[17.998s] -- Symlinking: /home/home/ros2_ws/install/rl_sar/include/ddscxx/dds/core/cond/detail/TConditionImpl.hpp
[18.004s] -- Symlinking: /home/home/ros2_ws/install/rl_sar/include/ddscxx/dds/core/cond/detail/TGuardConditionImpl.hpp
[18.010s] -- Symlinking: /home/home/ros2_ws/install/rl_sar/include/ddscxx/dds/core/cond/detail/TStatusConditionImpl.hpp
[18.016s] -- Symlinking: /home/home/ros2_ws/install/rl_sar/include/ddscxx/dds/core/cond/detail/TWaitSetImpl.hpp
[18.022s] -- Symlinking: /home/home/ros2_ws/install/rl_sar/include/ddscxx/dds/core/cond/detail/WaitSet.hpp
[18.028s] -- Symlinking: /home/home/ros2_ws/install/rl_sar/include/ddscxx/dds/core/conformance.hpp
[18.033s] -- Symlinking: /home/home/ros2_ws/install/rl_sar/include/ddscxx/dds/core/ddscore.hpp
[18.040s] -- Symlinking: /home/home/ros2_ws/install/rl_sar/include/ddscxx/dds/core/detail/BuiltinTopicTypes.hpp
[18.045s] -- Symlinking: /home/home/ros2_ws/install/rl_sar/include/ddscxx/dds/core/detail/Entity.hpp
[18.052s] -- Symlinking: /home/home/ros2_ws/install/rl_sar/include/ddscxx/dds/core/detail/InstanceHandle.hpp
[18.058s] -- Symlinking: /home/home/ros2_ws/install/rl_sar/include/ddscxx/dds/core/detail/QosProvider.hpp
[18.064s] -- Symlinking: /home/home/ros2_ws/install/rl_sar/include/ddscxx/dds/core/detail/ReferenceImpl.hpp
[18.071s] -- Symlinking: /home/home/ros2_ws/install/rl_sar/include/ddscxx/dds/core/detail/TEntityImpl.hpp
[18.077s] -- Symlinking: /home/home/ros2_ws/install/rl_sar/include/ddscxx/dds/core/detail/TEntityQosImpl.hpp
[18.083s] -- Symlinking: /home/home/ros2_ws/install/rl_sar/include/ddscxx/dds/core/detail/TInstanceHandleImpl.hpp
[18.089s] -- Symlinking: /home/home/ros2_ws/install/rl_sar/include/ddscxx/dds/core/detail/TQosProviderImpl.hpp
[18.095s] -- Symlinking: /home/home/ros2_ws/install/rl_sar/include/ddscxx/dds/core/detail/Value.hpp
[18.101s] -- Symlinking: /home/home/ros2_ws/install/rl_sar/include/ddscxx/dds/core/detail/WeakReferenceImpl.hpp
[18.107s] -- Symlinking: /home/home/ros2_ws/install/rl_sar/include/ddscxx/dds/core/detail/array.hpp
[18.112s] -- Symlinking: /home/home/ros2_ws/install/rl_sar/include/ddscxx/dds/core/detail/conformance.hpp
[18.118s] -- Symlinking: /home/home/ros2_ws/install/rl_sar/include/ddscxx/dds/core/detail/ddscore.hpp
[18.124s] -- Symlinking: /home/home/ros2_ws/install/rl_sar/include/ddscxx/dds/core/detail/export.hpp
[18.130s] -- Symlinking: /home/home/ros2_ws/install/rl_sar/include/ddscxx/dds/core/detail/inttypes.hpp
[18.136s] -- Symlinking: /home/home/ros2_ws/install/rl_sar/include/ddscxx/dds/core/detail/macros.hpp
[18.142s] -- Symlinking: /home/home/ros2_ws/install/rl_sar/include/ddscxx/dds/core/detail/module_docs.hpp
[18.149s] -- Symlinking: /home/home/ros2_ws/install/rl_sar/include/ddscxx/dds/core/detail/old_win_stdint.h
[18.156s] -- Symlinking: /home/home/ros2_ws/install/rl_sar/include/ddscxx/dds/core/detail/ref_traits.hpp
[18.162s] -- Symlinking: /home/home/ros2_ws/install/rl_sar/include/ddscxx/dds/core/macros.hpp
[18.168s] -- Symlinking: /home/home/ros2_ws/install/rl_sar/include/ddscxx/dds/core/policy/CorePolicy.hpp
[18.175s] -- Symlinking: /home/home/ros2_ws/install/rl_sar/include/ddscxx/dds/core/policy/PolicyKind.hpp
[18.180s] -- Symlinking: /home/home/ros2_ws/install/rl_sar/include/ddscxx/dds/core/policy/QosPolicyCount.hpp
[18.187s] -- Symlinking: /home/home/ros2_ws/install/rl_sar/include/ddscxx/dds/core/policy/TCorePolicy.hpp
[18.193s] -- Symlinking: /home/home/ros2_ws/install/rl_sar/include/ddscxx/dds/core/policy/TQosPolicyCount.hpp
[18.200s] -- Symlinking: /home/home/ros2_ws/install/rl_sar/include/ddscxx/dds/core/policy/detail/CorePolicy.hpp
[18.206s] -- Symlinking: /home/home/ros2_ws/install/rl_sar/include/ddscxx/dds/core/policy/detail/QosPolicyCount.hpp
[18.212s] -- Symlinking: /home/home/ros2_ws/install/rl_sar/include/ddscxx/dds/core/policy/detail/TCorePolicyImpl.hpp
[18.218s] -- Symlinking: /home/home/ros2_ws/install/rl_sar/include/ddscxx/dds/core/policy/detail/TQosPolicyCountImpl.hpp
[18.224s] -- Symlinking: /home/home/ros2_ws/install/rl_sar/include/ddscxx/dds/core/ref_traits.hpp
[18.230s] -- Symlinking: /home/home/ros2_ws/install/rl_sar/include/ddscxx/dds/core/refmacros.hpp
[18.236s] -- Symlinking: /home/home/ros2_ws/install/rl_sar/include/ddscxx/dds/core/status/State.hpp
[18.242s] -- Symlinking: /home/home/ros2_ws/install/rl_sar/include/ddscxx/dds/core/status/Status.hpp
[18.248s] -- Symlinking: /home/home/ros2_ws/install/rl_sar/include/ddscxx/dds/core/status/TStatus.hpp
[18.253s] -- Symlinking: /home/home/ros2_ws/install/rl_sar/include/ddscxx/dds/core/status/detail/Status.hpp
[18.259s] -- Symlinking: /home/home/ros2_ws/install/rl_sar/include/ddscxx/dds/core/status/detail/TStatusImpl.hpp
[18.265s] -- Symlinking: /home/home/ros2_ws/install/rl_sar/include/ddscxx/dds/core/types.hpp
[18.271s] -- Symlinking: /home/home/ros2_ws/install/rl_sar/include/ddscxx/dds/core/xtypes/Annotations.hpp
[18.277s] -- Symlinking: /home/home/ros2_ws/install/rl_sar/include/ddscxx/dds/core/xtypes/CollectionTypes.hpp
[18.282s] -- Symlinking: /home/home/ros2_ws/install/rl_sar/include/ddscxx/dds/core/xtypes/DynamicData.hpp
[18.289s] -- Symlinking: /home/home/ros2_ws/install/rl_sar/include/ddscxx/dds/core/xtypes/DynamicType.hpp
[18.295s] -- Symlinking: /home/home/ros2_ws/install/rl_sar/include/ddscxx/dds/core/xtypes/MemberType.hpp
[18.301s] -- Symlinking: /home/home/ros2_ws/install/rl_sar/include/ddscxx/dds/core/xtypes/PrimitiveTypes.hpp
[18.307s] -- Symlinking: /home/home/ros2_ws/install/rl_sar/include/ddscxx/dds/core/xtypes/StructType.hpp
[18.313s] -- Symlinking: /home/home/ros2_ws/install/rl_sar/include/ddscxx/dds/core/xtypes/TAnnotation.hpp
[18.319s] -- Symlinking: /home/home/ros2_ws/install/rl_sar/include/ddscxx/dds/core/xtypes/TCollectionTypes.hpp
[18.324s] -- Symlinking: /home/home/ros2_ws/install/rl_sar/include/ddscxx/dds/core/xtypes/TDynamicData.hpp
[18.330s] -- Symlinking: /home/home/ros2_ws/install/rl_sar/include/ddscxx/dds/core/xtypes/TDynamicType.hpp
[18.336s] -- Symlinking: /home/home/ros2_ws/install/rl_sar/include/ddscxx/dds/core/xtypes/TMemberType.hpp
[18.341s] -- Symlinking: /home/home/ros2_ws/install/rl_sar/include/ddscxx/dds/core/xtypes/TStructType.hpp
[18.347s] -- Symlinking: /home/home/ros2_ws/install/rl_sar/include/ddscxx/dds/core/xtypes/TTypeProvider.hpp
[18.352s] -- Symlinking: /home/home/ros2_ws/install/rl_sar/include/ddscxx/dds/core/xtypes/TypeKind.hpp
[18.358s] -- Symlinking: /home/home/ros2_ws/install/rl_sar/include/ddscxx/dds/core/xtypes/TypeProvider.hpp
[18.364s] -- Symlinking: /home/home/ros2_ws/install/rl_sar/include/ddscxx/dds/core/xtypes/UnionCase.hpp
[18.370s] -- Symlinking: /home/home/ros2_ws/install/rl_sar/include/ddscxx/dds/core/xtypes/UnionType.hpp
[18.376s] -- Symlinking: /home/home/ros2_ws/install/rl_sar/include/ddscxx/dds/core/xtypes/detail/Annotation.hpp
[18.381s] -- Symlinking: /home/home/ros2_ws/install/rl_sar/include/ddscxx/dds/core/xtypes/detail/CollectionTypes.hpp
[18.387s] -- Symlinking: /home/home/ros2_ws/install/rl_sar/include/ddscxx/dds/core/xtypes/detail/DynamicData.hpp
[18.393s] -- Symlinking: /home/home/ros2_ws/install/rl_sar/include/ddscxx/dds/core/xtypes/detail/DynamicType.hpp
[18.399s] -- Symlinking: /home/home/ros2_ws/install/rl_sar/include/ddscxx/dds/core/xtypes/detail/MemberType.hpp
[18.404s] -- Symlinking: /home/home/ros2_ws/install/rl_sar/include/ddscxx/dds/core/xtypes/detail/PrimitiveTypes.hpp
[18.410s] -- Symlinking: /home/home/ros2_ws/install/rl_sar/include/ddscxx/dds/core/xtypes/detail/StructType.hpp
[18.415s] -- Symlinking: /home/home/ros2_ws/install/rl_sar/include/ddscxx/dds/core/xtypes/detail/TypeProvider.hpp
[18.421s] -- Symlinking: /home/home/ros2_ws/install/rl_sar/include/ddscxx/dds/core/xtypes/detail/UnionCase.hpp
[18.427s] -- Symlinking: /home/home/ros2_ws/install/rl_sar/include/ddscxx/dds/core/xtypes/detail/UnionType.hpp
[18.432s] -- Symlinking: /home/home/ros2_ws/install/rl_sar/include/ddscxx/dds/dds.hpp
[18.438s] -- Symlinking: /home/home/ros2_ws/install/rl_sar/include/ddscxx/dds/domain/DomainParticipant.hpp
[18.444s] -- Symlinking: /home/home/ros2_ws/install/rl_sar/include/ddscxx/dds/domain/DomainParticipantListener.hpp
[18.450s] -- Symlinking: /home/home/ros2_ws/install/rl_sar/include/ddscxx/dds/domain/TDomainParticipant.hpp
[18.456s] -- Symlinking: /home/home/ros2_ws/install/rl_sar/include/ddscxx/dds/domain/ddsdomain.hpp
[18.461s] -- Symlinking: /home/home/ros2_ws/install/rl_sar/include/ddscxx/dds/domain/detail/DomainParticipant.hpp
[18.468s] -- Symlinking: /home/home/ros2_ws/install/rl_sar/include/ddscxx/dds/domain/detail/TDomainParticipantImpl.hpp
[18.473s] -- Symlinking: /home/home/ros2_ws/install/rl_sar/include/ddscxx/dds/domain/detail/ddsdomain.hpp
[18.479s] -- Symlinking: /home/home/ros2_ws/install/rl_sar/include/ddscxx/dds/domain/discovery.hpp
[18.484s] -- Symlinking: /home/home/ros2_ws/install/rl_sar/include/ddscxx/dds/domain/find.hpp
[18.490s] -- Symlinking: /home/home/ros2_ws/install/rl_sar/include/ddscxx/dds/domain/qos/DomainParticipantQos.hpp
[18.496s] -- Symlinking: /home/home/ros2_ws/install/rl_sar/include/ddscxx/dds/domain/qos/detail/DomainParticipantQos.hpp
[18.501s] -- Symlinking: /home/home/ros2_ws/install/rl_sar/include/ddscxx/dds/features.hpp
[18.507s] -- Symlinking: /home/home/ros2_ws/install/rl_sar/include/ddscxx/dds/pub/AnyDataWriter.hpp
[18.513s] -- Symlinking: /home/home/ros2_ws/install/rl_sar/include/ddscxx/dds/pub/AnyDataWriterListener.hpp
[18.519s] -- Symlinking: /home/home/ros2_ws/install/rl_sar/include/ddscxx/dds/pub/CoherentSet.hpp
[18.525s] -- Symlinking: /home/home/ros2_ws/install/rl_sar/include/ddscxx/dds/pub/DataWriter.hpp
[18.531s] -- Symlinking: /home/home/ros2_ws/install/rl_sar/include/ddscxx/dds/pub/DataWriterListener.hpp
[18.536s] -- Symlinking: /home/home/ros2_ws/install/rl_sar/include/ddscxx/dds/pub/Publisher.hpp
[18.542s] -- Symlinking: /home/home/ros2_ws/install/rl_sar/include/ddscxx/dds/pub/PublisherListener.hpp
[18.548s] -- Symlinking: /home/home/ros2_ws/install/rl_sar/include/ddscxx/dds/pub/SuspendedPublication.hpp
[18.553s] -- Symlinking: /home/home/ros2_ws/install/rl_sar/include/ddscxx/dds/pub/TAnyDataWriter.hpp
[18.559s] -- Symlinking: /home/home/ros2_ws/install/rl_sar/include/ddscxx/dds/pub/TCoherentSet.hpp
[18.565s] -- Symlinking: /home/home/ros2_ws/install/rl_sar/include/ddscxx/dds/pub/TPublisher.hpp
[18.571s] -- Symlinking: /home/home/ros2_ws/install/rl_sar/include/ddscxx/dds/pub/TSuspendedPublication.hpp
[18.576s] -- Symlinking: /home/home/ros2_ws/install/rl_sar/include/ddscxx/dds/pub/ddspub.hpp
[18.582s] -- Symlinking: /home/home/ros2_ws/install/rl_sar/include/ddscxx/dds/pub/detail/AnyDataWriter.hpp
[18.588s] -- Symlinking: /home/home/ros2_ws/install/rl_sar/include/ddscxx/dds/pub/detail/CoherentSet.hpp
[18.593s] -- Symlinking: /home/home/ros2_ws/install/rl_sar/include/ddscxx/dds/pub/detail/DataWriter.hpp
[18.599s] -- Symlinking: /home/home/ros2_ws/install/rl_sar/include/ddscxx/dds/pub/detail/DataWriterImpl.hpp
[18.604s] -- Symlinking: /home/home/ros2_ws/install/rl_sar/include/ddscxx/dds/pub/detail/Publisher.hpp
[18.610s] -- Symlinking: /home/home/ros2_ws/install/rl_sar/include/ddscxx/dds/pub/detail/SuspendedPublication.hpp
[18.616s] -- Symlinking: /home/home/ros2_ws/install/rl_sar/include/ddscxx/dds/pub/detail/TAnyDataWriterImpl.hpp
[18.621s] -- Symlinking: /home/home/ros2_ws/install/rl_sar/include/ddscxx/dds/pub/detail/TCoherentSetImpl.hpp
[18.627s] -- Symlinking: /home/home/ros2_ws/install/rl_sar/include/ddscxx/dds/pub/detail/TPublisherImpl.hpp
[18.632s] -- Symlinking: /home/home/ros2_ws/install/rl_sar/include/ddscxx/dds/pub/detail/TSuspendedPublicationImpl.hpp
[18.638s] -- Symlinking: /home/home/ros2_ws/install/rl_sar/include/ddscxx/dds/pub/detail/ddspub.hpp
[18.644s] -- Symlinking: /home/home/ros2_ws/install/rl_sar/include/ddscxx/dds/pub/detail/discovery.hpp
[18.649s] -- Symlinking: /home/home/ros2_ws/install/rl_sar/include/ddscxx/dds/pub/detail/find.hpp
[18.655s] -- Symlinking: /home/home/ros2_ws/install/rl_sar/include/ddscxx/dds/pub/discovery.hpp
[18.661s] -- Symlinking: /home/home/ros2_ws/install/rl_sar/include/ddscxx/dds/pub/find.hpp
[18.666s] -- Symlinking: /home/home/ros2_ws/install/rl_sar/include/ddscxx/dds/pub/qos/DataWriterQos.hpp
[18.673s] -- Symlinking: /home/home/ros2_ws/install/rl_sar/include/ddscxx/dds/pub/qos/PublisherQos.hpp
[18.678s] -- Symlinking: /home/home/ros2_ws/install/rl_sar/include/ddscxx/dds/pub/qos/detail/DataWriterQos.hpp
[18.685s] -- Symlinking: /home/home/ros2_ws/install/rl_sar/include/ddscxx/dds/pub/qos/detail/PublisherQos.hpp
[18.691s] -- Symlinking: /home/home/ros2_ws/install/rl_sar/include/ddscxx/dds/sub/AnyDataReader.hpp
[18.696s] -- Symlinking: /home/home/ros2_ws/install/rl_sar/include/ddscxx/dds/sub/AnyDataReaderListener.hpp
[18.702s] -- Symlinking: /home/home/ros2_ws/install/rl_sar/include/ddscxx/dds/sub/CoherentAccess.hpp
[18.708s] -- Symlinking: /home/home/ros2_ws/install/rl_sar/include/ddscxx/dds/sub/DataReader.hpp
[18.714s] -- Symlinking: /home/home/ros2_ws/install/rl_sar/include/ddscxx/dds/sub/DataReaderListener.hpp
[18.720s] -- Symlinking: /home/home/ros2_ws/install/rl_sar/include/ddscxx/dds/sub/GenerationCount.hpp
[18.725s] -- Symlinking: /home/home/ros2_ws/install/rl_sar/include/ddscxx/dds/sub/LoanedSamples.hpp
[18.731s] -- Symlinking: /home/home/ros2_ws/install/rl_sar/include/ddscxx/dds/sub/Query.hpp
[18.737s] -- Symlinking: /home/home/ros2_ws/install/rl_sar/include/ddscxx/dds/sub/Rank.hpp
[18.743s] -- Symlinking: /home/home/ros2_ws/install/rl_sar/include/ddscxx/dds/sub/Sample.hpp
[18.749s] -- Symlinking: /home/home/ros2_ws/install/rl_sar/include/ddscxx/dds/sub/SampleInfo.hpp
[18.755s] -- Symlinking: /home/home/ros2_ws/install/rl_sar/include/ddscxx/dds/sub/SampleRef.hpp
[18.761s] -- Symlinking: /home/home/ros2_ws/install/rl_sar/include/ddscxx/dds/sub/SharedSamples.hpp
[18.767s] -- Symlinking: /home/home/ros2_ws/install/rl_sar/include/ddscxx/dds/sub/Subscriber.hpp
[18.773s] -- Symlinking: /home/home/ros2_ws/install/rl_sar/include/ddscxx/dds/sub/SubscriberListener.hpp
[18.779s] -- Symlinking: /home/home/ros2_ws/install/rl_sar/include/ddscxx/dds/sub/TAnyDataReader.hpp
[18.784s] -- Symlinking: /home/home/ros2_ws/install/rl_sar/include/ddscxx/dds/sub/TCoherentAccess.hpp
[18.790s] -- Symlinking: /home/home/ros2_ws/install/rl_sar/include/ddscxx/dds/sub/TDataReader.hpp
[18.796s] -- Symlinking: /home/home/ros2_ws/install/rl_sar/include/ddscxx/dds/sub/TGenerationCount.hpp
[18.802s] -- Symlinking: /home/home/ros2_ws/install/rl_sar/include/ddscxx/dds/sub/TQuery.hpp
[18.807s] -- Symlinking: /home/home/ros2_ws/install/rl_sar/include/ddscxx/dds/sub/TRank.hpp
[18.813s] -- Symlinking: /home/home/ros2_ws/install/rl_sar/include/ddscxx/dds/sub/TSample.hpp
[18.819s] -- Symlinking: /home/home/ros2_ws/install/rl_sar/include/ddscxx/dds/sub/TSampleInfo.hpp
[18.825s] -- Symlinking: /home/home/ros2_ws/install/rl_sar/include/ddscxx/dds/sub/TSampleRef.hpp
[18.831s] -- Symlinking: /home/home/ros2_ws/install/rl_sar/include/ddscxx/dds/sub/TSubscriber.hpp
[18.837s] -- Symlinking: /home/home/ros2_ws/install/rl_sar/include/ddscxx/dds/sub/cond/QueryCondition.hpp
[18.842s] -- Symlinking: /home/home/ros2_ws/install/rl_sar/include/ddscxx/dds/sub/cond/ReadCondition.hpp
[18.848s] -- Symlinking: /home/home/ros2_ws/install/rl_sar/include/ddscxx/dds/sub/cond/TQueryCondition.hpp
[18.854s] -- Symlinking: /home/home/ros2_ws/install/rl_sar/include/ddscxx/dds/sub/cond/TReadCondition.hpp
[18.860s] -- Symlinking: /home/home/ros2_ws/install/rl_sar/include/ddscxx/dds/sub/cond/detail/QueryCondition.hpp
[18.866s] -- Symlinking: /home/home/ros2_ws/install/rl_sar/include/ddscxx/dds/sub/cond/detail/ReadCondition.hpp
[18.873s] -- Symlinking: /home/home/ros2_ws/install/rl_sar/include/ddscxx/dds/sub/cond/detail/TQueryConditionImpl.hpp
[18.878s] -- Symlinking: /home/home/ros2_ws/install/rl_sar/include/ddscxx/dds/sub/cond/detail/TReadConditionImpl.hpp
[18.884s] -- Symlinking: /home/home/ros2_ws/install/rl_sar/include/ddscxx/dds/sub/ddssub.hpp
[18.890s] -- Symlinking: /home/home/ros2_ws/install/rl_sar/include/ddscxx/dds/sub/detail/AnyDataReader.hpp
[18.896s] -- Symlinking: /home/home/ros2_ws/install/rl_sar/include/ddscxx/dds/sub/detail/CoherentAccess.hpp
[18.901s] -- Symlinking: /home/home/ros2_ws/install/rl_sar/include/ddscxx/dds/sub/detail/DataReader.hpp
[18.907s] -- Symlinking: /home/home/ros2_ws/install/rl_sar/include/ddscxx/dds/sub/detail/GenerationCount.hpp
[18.913s] -- Symlinking: /home/home/ros2_ws/install/rl_sar/include/ddscxx/dds/sub/detail/LoanedSamples.hpp
[18.918s] -- Symlinking: /home/home/ros2_ws/install/rl_sar/include/ddscxx/dds/sub/detail/LoanedSamplesImpl.hpp
[18.924s] -- Symlinking: /home/home/ros2_ws/install/rl_sar/include/ddscxx/dds/sub/detail/Manipulators.hpp
[18.930s] -- Symlinking: /home/home/ros2_ws/install/rl_sar/include/ddscxx/dds/sub/detail/Query.hpp
[18.936s] -- Symlinking: /home/home/ros2_ws/install/rl_sar/include/ddscxx/dds/sub/detail/Rank.hpp
[18.941s] -- Symlinking: /home/home/ros2_ws/install/rl_sar/include/ddscxx/dds/sub/detail/Sample.hpp
[18.947s] -- Symlinking: /home/home/ros2_ws/install/rl_sar/include/ddscxx/dds/sub/detail/SampleInfo.hpp
[18.953s] -- Symlinking: /home/home/ros2_ws/install/rl_sar/include/ddscxx/dds/sub/detail/SampleRef.hpp
[18.960s] -- Symlinking: /home/home/ros2_ws/install/rl_sar/include/ddscxx/dds/sub/detail/SamplesHolder.hpp
[18.965s] -- Symlinking: /home/home/ros2_ws/install/rl_sar/include/ddscxx/dds/sub/detail/SharedSamples.hpp
[18.971s] -- Symlinking: /home/home/ros2_ws/install/rl_sar/include/ddscxx/dds/sub/detail/SharedSamplesImpl.hpp
[18.977s] -- Symlinking: /home/home/ros2_ws/install/rl_sar/include/ddscxx/dds/sub/detail/Subscriber.hpp
[18.982s] -- Symlinking: /home/home/ros2_ws/install/rl_sar/include/ddscxx/dds/sub/detail/TAnyDataReaderImpl.hpp
[18.988s] -- Symlinking: /home/home/ros2_ws/install/rl_sar/include/ddscxx/dds/sub/detail/TCoherentAccessImpl.hpp
[18.994s] -- Symlinking: /home/home/ros2_ws/install/rl_sar/include/ddscxx/dds/sub/detail/TDataReaderImpl.hpp
[19.000s] -- Symlinking: /home/home/ros2_ws/install/rl_sar/include/ddscxx/dds/sub/detail/TGenerationCountImpl.hpp
[19.006s] -- Symlinking: /home/home/ros2_ws/install/rl_sar/include/ddscxx/dds/sub/detail/TQueryImpl.hpp
[19.012s] -- Symlinking: /home/home/ros2_ws/install/rl_sar/include/ddscxx/dds/sub/detail/TRankImpl.hpp
[19.017s] -- Symlinking: /home/home/ros2_ws/install/rl_sar/include/ddscxx/dds/sub/detail/TSampleImpl.hpp
[19.022s] -- Symlinking: /home/home/ros2_ws/install/rl_sar/include/ddscxx/dds/sub/detail/TSampleInfoImpl.hpp
[19.027s] -- Symlinking: /home/home/ros2_ws/install/rl_sar/include/ddscxx/dds/sub/detail/TSampleRefImpl.hpp
[19.033s] -- Symlinking: /home/home/ros2_ws/install/rl_sar/include/ddscxx/dds/sub/detail/TSubscriberImpl.hpp
[19.038s] -- Symlinking: /home/home/ros2_ws/install/rl_sar/include/ddscxx/dds/sub/detail/ddssub.hpp
[19.043s] -- Symlinking: /home/home/ros2_ws/install/rl_sar/include/ddscxx/dds/sub/detail/discovery.hpp
[19.049s] -- Symlinking: /home/home/ros2_ws/install/rl_sar/include/ddscxx/dds/sub/detail/find.hpp
[19.055s] -- Symlinking: /home/home/ros2_ws/install/rl_sar/include/ddscxx/dds/sub/discovery.hpp
[19.061s] -- Symlinking: /home/home/ros2_ws/install/rl_sar/include/ddscxx/dds/sub/find.hpp
[19.067s] -- Symlinking: /home/home/ros2_ws/install/rl_sar/include/ddscxx/dds/sub/qos/DataReaderQos.hpp
[19.072s] -- Symlinking: /home/home/ros2_ws/install/rl_sar/include/ddscxx/dds/sub/qos/SubscriberQos.hpp
[19.078s] -- Symlinking: /home/home/ros2_ws/install/rl_sar/include/ddscxx/dds/sub/qos/detail/DataReaderQos.hpp
[19.084s] -- Symlinking: /home/home/ros2_ws/install/rl_sar/include/ddscxx/dds/sub/qos/detail/SubscriberQos.hpp
[19.090s] -- Symlinking: /home/home/ros2_ws/install/rl_sar/include/ddscxx/dds/sub/status/DataState.hpp
[19.095s] -- Symlinking: /home/home/ros2_ws/install/rl_sar/include/ddscxx/dds/sub/status/detail/DataStateImpl.hpp
[19.100s] -- Symlinking: /home/home/ros2_ws/install/rl_sar/include/ddscxx/dds/topic/AnyTopic.hpp
[19.106s] -- Symlinking: /home/home/ros2_ws/install/rl_sar/include/ddscxx/dds/topic/AnyTopicListener.hpp
[19.112s] -- Symlinking: /home/home/ros2_ws/install/rl_sar/include/ddscxx/dds/topic/BuiltinTopic.hpp
[19.118s] -- Symlinking: /home/home/ros2_ws/install/rl_sar/include/ddscxx/dds/topic/BuiltinTopicKey.hpp
[19.124s] -- Symlinking: /home/home/ros2_ws/install/rl_sar/include/ddscxx/dds/topic/ContentFilteredTopic.hpp
[19.129s] -- Symlinking: /home/home/ros2_ws/install/rl_sar/include/ddscxx/dds/topic/Filter.hpp
[19.135s] -- Symlinking: /home/home/ros2_ws/install/rl_sar/include/ddscxx/dds/topic/MultiTopic.hpp
[19.141s] -- Symlinking: /home/home/ros2_ws/install/rl_sar/include/ddscxx/dds/topic/TAnyTopic.hpp
[19.148s] -- Symlinking: /home/home/ros2_ws/install/rl_sar/include/ddscxx/dds/topic/TBuiltinTopic.hpp
[19.154s] -- Symlinking: /home/home/ros2_ws/install/rl_sar/include/ddscxx/dds/topic/TBuiltinTopicKey.hpp
[19.160s] -- Symlinking: /home/home/ros2_ws/install/rl_sar/include/ddscxx/dds/topic/TContentFilteredTopic.hpp
[19.166s] -- Symlinking: /home/home/ros2_ws/install/rl_sar/include/ddscxx/dds/topic/TFilter.hpp
[19.171s] -- Symlinking: /home/home/ros2_ws/install/rl_sar/include/ddscxx/dds/topic/TMultiTopic.hpp
[19.177s] -- Symlinking: /home/home/ros2_ws/install/rl_sar/include/ddscxx/dds/topic/TTopic.hpp
[19.183s] -- Symlinking: /home/home/ros2_ws/install/rl_sar/include/ddscxx/dds/topic/TTopicDescription.hpp
[19.189s] -- Symlinking: /home/home/ros2_ws/install/rl_sar/include/ddscxx/dds/topic/Topic.hpp
[19.195s] -- Symlinking: /home/home/ros2_ws/install/rl_sar/include/ddscxx/dds/topic/TopicDescription.hpp
[19.201s] -- Symlinking: /home/home/ros2_ws/install/rl_sar/include/ddscxx/dds/topic/TopicInstance.hpp
[19.206s] -- Symlinking: /home/home/ros2_ws/install/rl_sar/include/ddscxx/dds/topic/TopicListener.hpp
[19.211s] -- Symlinking: /home/home/ros2_ws/install/rl_sar/include/ddscxx/dds/topic/TopicTraits.hpp
[19.217s] -- Symlinking: /home/home/ros2_ws/install/rl_sar/include/ddscxx/dds/topic/ddstopic.hpp
[19.223s] -- Symlinking: /home/home/ros2_ws/install/rl_sar/include/ddscxx/dds/topic/detail/AnyTopic.hpp
[19.229s] -- Symlinking: /home/home/ros2_ws/install/rl_sar/include/ddscxx/dds/topic/detail/BuiltinTopic.hpp
[19.234s] -- Symlinking: /home/home/ros2_ws/install/rl_sar/include/ddscxx/dds/topic/detail/BuiltinTopicKey.hpp
[19.240s] -- Symlinking: /home/home/ros2_ws/install/rl_sar/include/ddscxx/dds/topic/detail/ContentFilteredTopic.hpp
[19.246s] -- Symlinking: /home/home/ros2_ws/install/rl_sar/include/ddscxx/dds/topic/detail/Filter.hpp
[19.252s] -- Symlinking: /home/home/ros2_ws/install/rl_sar/include/ddscxx/dds/topic/detail/MultiTopic.hpp
[19.258s] -- Symlinking: /home/home/ros2_ws/install/rl_sar/include/ddscxx/dds/topic/detail/TAnyTopicImpl.hpp
[19.264s] -- Symlinking: /home/home/ros2_ws/install/rl_sar/include/ddscxx/dds/topic/detail/TBuiltinTopicImpl.hpp
[19.270s] -- Symlinking: /home/home/ros2_ws/install/rl_sar/include/ddscxx/dds/topic/detail/TBuiltinTopicKeyImpl.hpp
[19.276s] -- Symlinking: /home/home/ros2_ws/install/rl_sar/include/ddscxx/dds/topic/detail/TContentFilteredTopicImpl.hpp
[19.282s] -- Symlinking: /home/home/ros2_ws/install/rl_sar/include/ddscxx/dds/topic/detail/TFilterImpl.hpp
[19.288s] -- Symlinking: /home/home/ros2_ws/install/rl_sar/include/ddscxx/dds/topic/detail/TTopicDescriptionImpl.hpp
[19.294s] -- Symlinking: /home/home/ros2_ws/install/rl_sar/include/ddscxx/dds/topic/detail/TTopicImpl.hpp
[19.300s] -- Symlinking: /home/home/ros2_ws/install/rl_sar/include/ddscxx/dds/topic/detail/Topic.hpp
[19.306s] -- Symlinking: /home/home/ros2_ws/install/rl_sar/include/ddscxx/dds/topic/detail/TopicDescription.hpp
[19.312s] -- Symlinking: /home/home/ros2_ws/install/rl_sar/include/ddscxx/dds/topic/detail/TopicInstanceImpl.hpp
[19.318s] -- Symlinking: /home/home/ros2_ws/install/rl_sar/include/ddscxx/dds/topic/detail/ddstopic.hpp
[19.323s] -- Symlinking: /home/home/ros2_ws/install/rl_sar/include/ddscxx/dds/topic/detail/discovery.hpp
[19.329s] -- Symlinking: /home/home/ros2_ws/install/rl_sar/include/ddscxx/dds/topic/detail/find.hpp
[19.335s] -- Symlinking: /home/home/ros2_ws/install/rl_sar/include/ddscxx/dds/topic/discovery.hpp
[19.340s] -- Symlinking: /home/home/ros2_ws/install/rl_sar/include/ddscxx/dds/topic/find.hpp
[19.346s] -- Symlinking: /home/home/ros2_ws/install/rl_sar/include/ddscxx/dds/topic/qos/TopicQos.hpp
[19.352s] -- Symlinking: /home/home/ros2_ws/install/rl_sar/include/ddscxx/dds/topic/qos/detail/TopicQos.hpp
[19.358s] -- Symlinking: /home/home/ros2_ws/install/rl_sar/include/ddscxx/org/eclipse/cyclonedds/ForwardDeclarations.hpp
[19.364s] -- Symlinking: /home/home/ros2_ws/install/rl_sar/include/ddscxx/org/eclipse/cyclonedds/core/DDScObjectDelegate.hpp
[19.370s] -- Symlinking: /home/home/ros2_ws/install/rl_sar/include/ddscxx/org/eclipse/cyclonedds/core/EntityDelegate.hpp
[19.375s] -- Symlinking: /home/home/ros2_ws/install/rl_sar/include/ddscxx/org/eclipse/cyclonedds/core/EntityRegistry.hpp
[19.381s] -- Symlinking: /home/home/ros2_ws/install/rl_sar/include/ddscxx/org/eclipse/cyclonedds/core/EntitySet.hpp
[19.386s] -- Symlinking: /home/home/ros2_ws/install/rl_sar/include/ddscxx/org/eclipse/cyclonedds/core/InstanceHandleDelegate.hpp
[19.392s] -- Symlinking: /home/home/ros2_ws/install/rl_sar/include/ddscxx/org/eclipse/cyclonedds/core/ListenerDispatcher.hpp
[19.398s] -- Symlinking: /home/home/ros2_ws/install/rl_sar/include/ddscxx/org/eclipse/cyclonedds/core/MiscUtils.hpp
[19.404s] -- Symlinking: /home/home/ros2_ws/install/rl_sar/include/ddscxx/org/eclipse/cyclonedds/core/Missing.hpp
[19.409s] -- Symlinking: /home/home/ros2_ws/install/rl_sar/include/ddscxx/org/eclipse/cyclonedds/core/Mutex.hpp
[19.415s] -- Symlinking: /home/home/ros2_ws/install/rl_sar/include/ddscxx/org/eclipse/cyclonedds/core/ObjectDelegate.hpp
[19.420s] -- Symlinking: /home/home/ros2_ws/install/rl_sar/include/ddscxx/org/eclipse/cyclonedds/core/ObjectSet.hpp
[19.426s] -- Symlinking: /home/home/ros2_ws/install/rl_sar/include/ddscxx/org/eclipse/cyclonedds/core/QosProviderDelegate.hpp
[19.431s] -- Symlinking: /home/home/ros2_ws/install/rl_sar/include/ddscxx/org/eclipse/cyclonedds/core/ReportUtils.hpp
[19.437s] -- Symlinking: /home/home/ros2_ws/install/rl_sar/include/ddscxx/org/eclipse/cyclonedds/core/ScopedLock.hpp
[19.442s] -- Symlinking: /home/home/ros2_ws/install/rl_sar/include/ddscxx/org/eclipse/cyclonedds/core/TimeHelper.hpp
[19.448s] -- Symlinking: /home/home/ros2_ws/install/rl_sar/include/ddscxx/org/eclipse/cyclonedds/core/WeakReferenceSet.hpp
[19.456s] -- Symlinking: /home/home/ros2_ws/install/rl_sar/include/ddscxx/org/eclipse/cyclonedds/core/cdr/basic_cdr_ser.hpp
[19.464s] -- Symlinking: /home/home/ros2_ws/install/rl_sar/include/ddscxx/org/eclipse/cyclonedds/core/cdr/cdr_enums.hpp
[19.472s] -- Symlinking: /home/home/ros2_ws/install/rl_sar/include/ddscxx/org/eclipse/cyclonedds/core/cdr/cdr_stream.hpp
[19.480s] -- Symlinking: /home/home/ros2_ws/install/rl_sar/include/ddscxx/org/eclipse/cyclonedds/core/cdr/entity_properties.hpp
[19.489s] -- Symlinking: /home/home/ros2_ws/install/rl_sar/include/ddscxx/org/eclipse/cyclonedds/core/cdr/extended_cdr_v1_ser.hpp
[19.496s] -- Symlinking: /home/home/ros2_ws/install/rl_sar/include/ddscxx/org/eclipse/cyclonedds/core/cdr/extended_cdr_v2_ser.hpp
[19.503s] -- Symlinking: /home/home/ros2_ws/install/rl_sar/include/ddscxx/org/eclipse/cyclonedds/core/cdr/fragchain.hpp
[19.509s] -- Symlinking: /home/home/ros2_ws/install/rl_sar/include/ddscxx/org/eclipse/cyclonedds/core/cond/ConditionDelegate.hpp
[19.515s] -- Symlinking: /home/home/ros2_ws/install/rl_sar/include/ddscxx/org/eclipse/cyclonedds/core/cond/FunctorHolder.hpp
[19.521s] -- Symlinking: /home/home/ros2_ws/install/rl_sar/include/ddscxx/org/eclipse/cyclonedds/core/cond/GuardConditionDelegate.hpp
[19.527s] -- Symlinking: /home/home/ros2_ws/install/rl_sar/include/ddscxx/org/eclipse/cyclonedds/core/cond/ShadowParticipant.hpp
[19.534s] -- Symlinking: /home/home/ros2_ws/install/rl_sar/include/ddscxx/org/eclipse/cyclonedds/core/cond/StatusConditionDelegate.hpp
[19.540s] -- Symlinking: /home/home/ros2_ws/install/rl_sar/include/ddscxx/org/eclipse/cyclonedds/core/cond/WaitSetDelegate.hpp
[19.546s] -- Symlinking: /home/home/ros2_ws/install/rl_sar/include/ddscxx/org/eclipse/cyclonedds/core/config.hpp
[19.552s] -- Symlinking: /home/home/ros2_ws/install/rl_sar/include/ddscxx/org/eclipse/cyclonedds/core/policy/Policy.hpp
[19.558s] -- Symlinking: /home/home/ros2_ws/install/rl_sar/include/ddscxx/org/eclipse/cyclonedds/core/policy/PolicyDelegate.hpp
[19.564s] -- Symlinking: /home/home/ros2_ws/install/rl_sar/include/ddscxx/org/eclipse/cyclonedds/core/policy/ProprietaryPolicyKind.hpp
[19.569s] -- Symlinking: /home/home/ros2_ws/install/rl_sar/include/ddscxx/org/eclipse/cyclonedds/core/policy/QosPolicyCountDelegate.hpp
[19.576s] -- Symlinking: /home/home/ros2_ws/install/rl_sar/include/ddscxx/org/eclipse/cyclonedds/core/policy/TPolicy.hpp
[19.581s] -- Symlinking: /home/home/ros2_ws/install/rl_sar/include/ddscxx/org/eclipse/cyclonedds/core/status/StatusDelegate.hpp
[19.587s] -- Symlinking: /home/home/ros2_ws/install/rl_sar/include/ddscxx/org/eclipse/cyclonedds/core/type_helpers.hpp
[19.593s] -- Symlinking: /home/home/ros2_ws/install/rl_sar/include/ddscxx/org/eclipse/cyclonedds/domain/Domain.hpp
[19.599s] -- Symlinking: /home/home/ros2_ws/install/rl_sar/include/ddscxx/org/eclipse/cyclonedds/domain/DomainParticipantDelegate.hpp
[19.604s] -- Symlinking: /home/home/ros2_ws/install/rl_sar/include/ddscxx/org/eclipse/cyclonedds/domain/DomainParticipantListener.hpp
[19.610s] -- Symlinking: /home/home/ros2_ws/install/rl_sar/include/ddscxx/org/eclipse/cyclonedds/domain/DomainParticipantRegistry.hpp
[19.616s] -- Symlinking: /home/home/ros2_ws/install/rl_sar/include/ddscxx/org/eclipse/cyclonedds/domain/DomainWrap.hpp
[19.622s] -- Symlinking: /home/home/ros2_ws/install/rl_sar/include/ddscxx/org/eclipse/cyclonedds/domain/qos/DomainParticipantQosDelegate.hpp
[19.627s] -- Symlinking: /home/home/ros2_ws/install/rl_sar/include/ddscxx/org/eclipse/cyclonedds/pub/AnyDataWriterDelegate.hpp
[19.633s] -- Symlinking: /home/home/ros2_ws/install/rl_sar/include/ddscxx/org/eclipse/cyclonedds/pub/CoherentSetDelegate.hpp
[19.639s] -- Symlinking: /home/home/ros2_ws/install/rl_sar/include/ddscxx/org/eclipse/cyclonedds/pub/PublisherDelegate.hpp
[19.644s] -- Symlinking: /home/home/ros2_ws/install/rl_sar/include/ddscxx/org/eclipse/cyclonedds/pub/SuspendedPublicationDelegate.hpp
[19.650s] -- Symlinking: /home/home/ros2_ws/install/rl_sar/include/ddscxx/org/eclipse/cyclonedds/pub/qos/DataWriterQosDelegate.hpp
[19.656s] -- Symlinking: /home/home/ros2_ws/install/rl_sar/include/ddscxx/org/eclipse/cyclonedds/pub/qos/PublisherQosDelegate.hpp
[19.662s] -- Symlinking: /home/home/ros2_ws/install/rl_sar/include/ddscxx/org/eclipse/cyclonedds/sub/AnyDataReaderDelegate.hpp
[19.668s] -- Symlinking: /home/home/ros2_ws/install/rl_sar/include/ddscxx/org/eclipse/cyclonedds/sub/BuiltinSubscriberDelegate.hpp
[19.673s] -- Symlinking: /home/home/ros2_ws/install/rl_sar/include/ddscxx/org/eclipse/cyclonedds/sub/CoherentAccessDelegate.hpp
[19.679s] -- Symlinking: /home/home/ros2_ws/install/rl_sar/include/ddscxx/org/eclipse/cyclonedds/sub/GenerationCountImpl.hpp
[19.685s] -- Symlinking: /home/home/ros2_ws/install/rl_sar/include/ddscxx/org/eclipse/cyclonedds/sub/QueryDelegate.hpp
[19.691s] -- Symlinking: /home/home/ros2_ws/install/rl_sar/include/ddscxx/org/eclipse/cyclonedds/sub/RankImpl.hpp
[19.698s] -- Symlinking: /home/home/ros2_ws/install/rl_sar/include/ddscxx/org/eclipse/cyclonedds/sub/SampleInfoImpl.hpp
[19.704s] -- Symlinking: /home/home/ros2_ws/install/rl_sar/include/ddscxx/org/eclipse/cyclonedds/sub/SubscriberDelegate.hpp
[19.710s] -- Symlinking: /home/home/ros2_ws/install/rl_sar/include/ddscxx/org/eclipse/cyclonedds/sub/cond/QueryConditionDelegate.hpp
[19.715s] -- Symlinking: /home/home/ros2_ws/install/rl_sar/include/ddscxx/org/eclipse/cyclonedds/sub/cond/ReadConditionDelegate.hpp
[19.721s] -- Symlinking: /home/home/ros2_ws/install/rl_sar/include/ddscxx/org/eclipse/cyclonedds/sub/qos/DataReaderQosDelegate.hpp
[19.726s] -- Symlinking: /home/home/ros2_ws/install/rl_sar/include/ddscxx/org/eclipse/cyclonedds/sub/qos/SubscriberQosDelegate.hpp
[19.732s] -- Symlinking: /home/home/ros2_ws/install/rl_sar/include/ddscxx/org/eclipse/cyclonedds/topic/AnyTopicDelegate.hpp
[19.738s] -- Symlinking: /home/home/ros2_ws/install/rl_sar/include/ddscxx/org/eclipse/cyclonedds/topic/AnyTopicListener.hpp
[19.743s] -- Symlinking: /home/home/ros2_ws/install/rl_sar/include/ddscxx/org/eclipse/cyclonedds/topic/BuiltinTopic.hpp
[19.749s] -- Symlinking: /home/home/ros2_ws/install/rl_sar/include/ddscxx/org/eclipse/cyclonedds/topic/BuiltinTopicCopy.hpp
[19.756s] -- Symlinking: /home/home/ros2_ws/install/rl_sar/include/ddscxx/org/eclipse/cyclonedds/topic/BuiltinTopicDelegate.hpp
[19.762s] -- Symlinking: /home/home/ros2_ws/install/rl_sar/include/ddscxx/org/eclipse/cyclonedds/topic/BuiltinTopicKeyDelegate.hpp
[19.768s] -- Symlinking: /home/home/ros2_ws/install/rl_sar/include/ddscxx/org/eclipse/cyclonedds/topic/BuiltinTopicTraits.hpp
[19.773s] -- Symlinking: /home/home/ros2_ws/install/rl_sar/include/ddscxx/org/eclipse/cyclonedds/topic/CDRBlob.hpp
[19.779s] -- Symlinking: /home/home/ros2_ws/install/rl_sar/include/ddscxx/org/eclipse/cyclonedds/topic/FilterDelegate.hpp
[19.785s] -- Symlinking: /home/home/ros2_ws/install/rl_sar/include/ddscxx/org/eclipse/cyclonedds/topic/TBuiltinTopic.hpp
[19.791s] -- Symlinking: /home/home/ros2_ws/install/rl_sar/include/ddscxx/org/eclipse/cyclonedds/topic/TopicDescriptionDelegate.hpp
[19.797s] -- Symlinking: /home/home/ros2_ws/install/rl_sar/include/ddscxx/org/eclipse/cyclonedds/topic/TopicListener.hpp
[19.802s] -- Symlinking: /home/home/ros2_ws/install/rl_sar/include/ddscxx/org/eclipse/cyclonedds/topic/TopicTraits.hpp
[19.808s] -- Symlinking: /home/home/ros2_ws/install/rl_sar/include/ddscxx/org/eclipse/cyclonedds/topic/datatopic.hpp
[19.814s] -- Symlinking: /home/home/ros2_ws/install/rl_sar/include/ddscxx/org/eclipse/cyclonedds/topic/discovery.hpp
[19.820s] -- Symlinking: /home/home/ros2_ws/install/rl_sar/include/ddscxx/org/eclipse/cyclonedds/topic/find.hpp
[19.825s] -- Symlinking: /home/home/ros2_ws/install/rl_sar/include/ddscxx/org/eclipse/cyclonedds/topic/hash.hpp
[19.831s] -- Symlinking: /home/home/ros2_ws/install/rl_sar/include/ddscxx/org/eclipse/cyclonedds/topic/qos/TopicQosDelegate.hpp
[19.838s] -- Symlinking: /home/home/ros2_ws/install/rl_sar/include/unitree/common/any.hpp
[19.844s] -- Symlinking: /home/home/ros2_ws/install/rl_sar/include/unitree/common/assert.hpp
[19.849s] -- Symlinking: /home/home/ros2_ws/install/rl_sar/include/unitree/common/block_queue.hpp
[19.855s] -- Symlinking: /home/home/ros2_ws/install/rl_sar/include/unitree/common/dds/dds_callback.hpp
[19.860s] -- Symlinking: /home/home/ros2_ws/install/rl_sar/include/unitree/common/dds/dds_easy_model.hpp
[19.867s] -- Symlinking: /home/home/ros2_ws/install/rl_sar/include/unitree/common/dds/dds_entity.hpp
[19.873s] -- Symlinking: /home/home/ros2_ws/install/rl_sar/include/unitree/common/dds/dds_error.hpp
[19.878s] -- Symlinking: /home/home/ros2_ws/install/rl_sar/include/unitree/common/dds/dds_exception.hpp
[19.884s] -- Symlinking: /home/home/ros2_ws/install/rl_sar/include/unitree/common/dds/dds_factory_model.hpp
[19.890s] -- Symlinking: /home/home/ros2_ws/install/rl_sar/include/unitree/common/dds/dds_native.hpp
[19.895s] -- Symlinking: /home/home/ros2_ws/install/rl_sar/include/unitree/common/dds/dds_parameter.hpp
[19.901s] -- Symlinking: /home/home/ros2_ws/install/rl_sar/include/unitree/common/dds/dds_qos.hpp
[19.906s] -- Symlinking: /home/home/ros2_ws/install/rl_sar/include/unitree/common/dds/dds_qos_parameter.hpp
[19.912s] -- Symlinking: /home/home/ros2_ws/install/rl_sar/include/unitree/common/dds/dds_qos_policy.hpp
[19.917s] -- Symlinking: /home/home/ros2_ws/install/rl_sar/include/unitree/common/dds/dds_qos_policy_parameter.hpp
[19.923s] -- Symlinking: /home/home/ros2_ws/install/rl_sar/include/unitree/common/dds/dds_qos_realize.hpp
[19.929s] -- Symlinking: /home/home/ros2_ws/install/rl_sar/include/unitree/common/dds/dds_topic_channel.hpp
[19.935s] -- Symlinking: /home/home/ros2_ws/install/rl_sar/include/unitree/common/dds/dds_traits.hpp
[19.940s] -- Symlinking: /home/home/ros2_ws/install/rl_sar/include/unitree/common/decl.hpp
[19.946s] -- Symlinking: /home/home/ros2_ws/install/rl_sar/include/unitree/common/error.hpp
[19.951s] -- Symlinking: /home/home/ros2_ws/install/rl_sar/include/unitree/common/exception.hpp
[19.957s] -- Symlinking: /home/home/ros2_ws/install/rl_sar/include/unitree/common/filesystem/directory.hpp
[19.962s] -- Symlinking: /home/home/ros2_ws/install/rl_sar/include/unitree/common/filesystem/file.hpp
[19.968s] -- Symlinking: /home/home/ros2_ws/install/rl_sar/include/unitree/common/filesystem/filesystem.hpp
[19.973s] -- Symlinking: /home/home/ros2_ws/install/rl_sar/include/unitree/common/json/json.hpp
[19.979s] -- Symlinking: /home/home/ros2_ws/install/rl_sar/include/unitree/common/json/json_config.hpp
[19.984s] -- Symlinking: /home/home/ros2_ws/install/rl_sar/include/unitree/common/json/jsonize.hpp
[19.990s] -- Symlinking: /home/home/ros2_ws/install/rl_sar/include/unitree/common/lock/lock.hpp
[19.996s] -- Symlinking: /home/home/ros2_ws/install/rl_sar/include/unitree/common/log/log.hpp
[20.002s] -- Symlinking: /home/home/ros2_ws/install/rl_sar/include/unitree/common/log/log_buffer.hpp
[20.008s] -- Symlinking: /home/home/ros2_ws/install/rl_sar/include/unitree/common/log/log_decl.hpp
[20.013s] -- Symlinking: /home/home/ros2_ws/install/rl_sar/include/unitree/common/log/log_initor.hpp
[20.019s] -- Symlinking: /home/home/ros2_ws/install/rl_sar/include/unitree/common/log/log_keeper.hpp
[20.024s] -- Symlinking: /home/home/ros2_ws/install/rl_sar/include/unitree/common/log/log_logger.hpp
[20.031s] -- Symlinking: /home/home/ros2_ws/install/rl_sar/include/unitree/common/log/log_policy.hpp
[20.036s] -- Symlinking: /home/home/ros2_ws/install/rl_sar/include/unitree/common/log/log_store.hpp
[20.042s] -- Symlinking: /home/home/ros2_ws/install/rl_sar/include/unitree/common/log/log_writer.hpp
[20.048s] -- Symlinking: /home/home/ros2_ws/install/rl_sar/include/unitree/common/os.hpp
[20.055s] -- Symlinking: /home/home/ros2_ws/install/rl_sar/include/unitree/common/service/base/service_application.hpp
[20.061s] -- Symlinking: /home/home/ros2_ws/install/rl_sar/include/unitree/common/service/base/service_base.hpp
[20.067s] -- Symlinking: /home/home/ros2_ws/install/rl_sar/include/unitree/common/service/base/service_config.hpp
[20.073s] -- Symlinking: /home/home/ros2_ws/install/rl_sar/include/unitree/common/service/base/service_decl.hpp
[20.079s] -- Symlinking: /home/home/ros2_ws/install/rl_sar/include/unitree/common/service/dds_service.hpp
[20.085s] -- Symlinking: /home/home/ros2_ws/install/rl_sar/include/unitree/common/string_tool.hpp
[20.091s] -- Symlinking: /home/home/ros2_ws/install/rl_sar/include/unitree/common/thread/future.hpp
[20.097s] -- Symlinking: /home/home/ros2_ws/install/rl_sar/include/unitree/common/thread/recurrent_thread.hpp
[20.103s] -- Symlinking: /home/home/ros2_ws/install/rl_sar/include/unitree/common/thread/thread.hpp
[20.109s] -- Symlinking: /home/home/ros2_ws/install/rl_sar/include/unitree/common/thread/thread_decl.hpp
[20.115s] -- Symlinking: /home/home/ros2_ws/install/rl_sar/include/unitree/common/thread/thread_pool.hpp
[20.121s] -- Symlinking: /home/home/ros2_ws/install/rl_sar/include/unitree/common/thread/thread_task.hpp
[20.126s] -- Symlinking: /home/home/ros2_ws/install/rl_sar/include/unitree/common/time/sleep.hpp
[20.132s] -- Symlinking: /home/home/ros2_ws/install/rl_sar/include/unitree/common/time/time_tool.hpp
[20.138s] -- Symlinking: /home/home/ros2_ws/install/rl_sar/include/unitree/idl/go2/AudioData_.hpp
[20.144s] -- Symlinking: /home/home/ros2_ws/install/rl_sar/include/unitree/idl/go2/BmsCmd_.hpp
[20.150s] -- Symlinking: /home/home/ros2_ws/install/rl_sar/include/unitree/idl/go2/BmsState_.hpp
[20.156s] -- Symlinking: /home/home/ros2_ws/install/rl_sar/include/unitree/idl/go2/ConfigChangeStatus_.hpp
[20.162s] -- Symlinking: /home/home/ros2_ws/install/rl_sar/include/unitree/idl/go2/Error_.hpp
[20.168s] -- Symlinking: /home/home/ros2_ws/install/rl_sar/include/unitree/idl/go2/Go2FrontVideoData_.hpp
[20.174s] -- Symlinking: /home/home/ros2_ws/install/rl_sar/include/unitree/idl/go2/HeightMap_.hpp
[20.180s] -- Symlinking: /home/home/ros2_ws/install/rl_sar/include/unitree/idl/go2/IMUState_.hpp
[20.185s] -- Symlinking: /home/home/ros2_ws/install/rl_sar/include/unitree/idl/go2/InterfaceConfig_.hpp
[20.191s] -- Symlinking: /home/home/ros2_ws/install/rl_sar/include/unitree/idl/go2/LidarState_.hpp
[20.198s] -- Symlinking: /home/home/ros2_ws/install/rl_sar/include/unitree/idl/go2/LowCmd_.hpp
[20.204s] -- Symlinking: /home/home/ros2_ws/install/rl_sar/include/unitree/idl/go2/LowState_.hpp
[20.209s] -- Symlinking: /home/home/ros2_ws/install/rl_sar/include/unitree/idl/go2/MotorCmd_.hpp
[20.215s] -- Symlinking: /home/home/ros2_ws/install/rl_sar/include/unitree/idl/go2/MotorCmds_.hpp
[20.221s] -- Symlinking: /home/home/ros2_ws/install/rl_sar/include/unitree/idl/go2/MotorState_.hpp
[20.226s] -- Symlinking: /home/home/ros2_ws/install/rl_sar/include/unitree/idl/go2/MotorStates_.hpp
[20.232s] -- Symlinking: /home/home/ros2_ws/install/rl_sar/include/unitree/idl/go2/PathPoint_.hpp
[20.238s] -- Symlinking: /home/home/ros2_ws/install/rl_sar/include/unitree/idl/go2/Req_.hpp
[20.244s] -- Symlinking: /home/home/ros2_ws/install/rl_sar/include/unitree/idl/go2/Res_.hpp
[20.250s] -- Symlinking: /home/home/ros2_ws/install/rl_sar/include/unitree/idl/go2/SportModeCmd_.hpp
[20.256s] -- Symlinking: /home/home/ros2_ws/install/rl_sar/include/unitree/idl/go2/SportModeState_.hpp
[20.263s] -- Symlinking: /home/home/ros2_ws/install/rl_sar/include/unitree/idl/go2/TimeSpec_.hpp
[20.269s] -- Symlinking: /home/home/ros2_ws/install/rl_sar/include/unitree/idl/go2/UwbState_.hpp
[20.276s] -- Symlinking: /home/home/ros2_ws/install/rl_sar/include/unitree/idl/go2/UwbSwitch_.hpp
[20.282s] -- Symlinking: /home/home/ros2_ws/install/rl_sar/include/unitree/idl/go2/VoxelMapCompressed_.hpp
[20.288s] -- Symlinking: /home/home/ros2_ws/install/rl_sar/include/unitree/idl/go2/WirelessController_.hpp
[20.294s] -- Symlinking: /home/home/ros2_ws/install/rl_sar/include/unitree/idl/hg/BmsCmd_.hpp
[20.301s] -- Symlinking: /home/home/ros2_ws/install/rl_sar/include/unitree/idl/hg/BmsState_.hpp
[20.307s] -- Symlinking: /home/home/ros2_ws/install/rl_sar/include/unitree/idl/hg/HandCmd_.hpp
[20.313s] -- Symlinking: /home/home/ros2_ws/install/rl_sar/include/unitree/idl/hg/HandState_.hpp
[20.319s] -- Symlinking: /home/home/ros2_ws/install/rl_sar/include/unitree/idl/hg/IMUState_.hpp
[20.325s] -- Symlinking: /home/home/ros2_ws/install/rl_sar/include/unitree/idl/hg/LowCmd_.hpp
[20.331s] -- Symlinking: /home/home/ros2_ws/install/rl_sar/include/unitree/idl/hg/LowState_.hpp
[20.337s] -- Symlinking: /home/home/ros2_ws/install/rl_sar/include/unitree/idl/hg/MainBoardState_.hpp
[20.343s] -- Symlinking: /home/home/ros2_ws/install/rl_sar/include/unitree/idl/hg/MotorCmd_.hpp
[20.350s] -- Symlinking: /home/home/ros2_ws/install/rl_sar/include/unitree/idl/hg/MotorState_.hpp
[20.356s] -- Symlinking: /home/home/ros2_ws/install/rl_sar/include/unitree/idl/hg/PressSensorState_.hpp
[20.362s] -- Symlinking: /home/home/ros2_ws/install/rl_sar/include/unitree/idl/hg_doubleimu/doubleIMUState_.hpp
[20.368s] -- Symlinking: /home/home/ros2_ws/install/rl_sar/include/unitree/idl/ros2/Header_.hpp
[20.373s] -- Symlinking: /home/home/ros2_ws/install/rl_sar/include/unitree/idl/ros2/Imu_.hpp
[20.379s] -- Symlinking: /home/home/ros2_ws/install/rl_sar/include/unitree/idl/ros2/MapMetaData_.hpp
[20.385s] -- Symlinking: /home/home/ros2_ws/install/rl_sar/include/unitree/idl/ros2/OccupancyGrid_.hpp
[20.390s] -- Symlinking: /home/home/ros2_ws/install/rl_sar/include/unitree/idl/ros2/Odometry_.hpp
[20.396s] -- Symlinking: /home/home/ros2_ws/install/rl_sar/include/unitree/idl/ros2/Point32_.hpp
[20.402s] -- Symlinking: /home/home/ros2_ws/install/rl_sar/include/unitree/idl/ros2/PointCloud2_.hpp
[20.408s] -- Symlinking: /home/home/ros2_ws/install/rl_sar/include/unitree/idl/ros2/PointField_.hpp
[20.414s] -- Symlinking: /home/home/ros2_ws/install/rl_sar/include/unitree/idl/ros2/PointStamped_.hpp
[20.419s] -- Symlinking: /home/home/ros2_ws/install/rl_sar/include/unitree/idl/ros2/Point_.hpp
[20.425s] -- Symlinking: /home/home/ros2_ws/install/rl_sar/include/unitree/idl/ros2/Pose2D_.hpp
[20.431s] -- Symlinking: /home/home/ros2_ws/install/rl_sar/include/unitree/idl/ros2/PoseStamped_.hpp
[20.437s] -- Symlinking: /home/home/ros2_ws/install/rl_sar/include/unitree/idl/ros2/PoseWithCovarianceStamped_.hpp
[20.443s] -- Symlinking: /home/home/ros2_ws/install/rl_sar/include/unitree/idl/ros2/PoseWithCovariance_.hpp
[20.449s] -- Symlinking: /home/home/ros2_ws/install/rl_sar/include/unitree/idl/ros2/Pose_.hpp
[20.454s] -- Symlinking: /home/home/ros2_ws/install/rl_sar/include/unitree/idl/ros2/QuaternionStamped_.hpp
[20.460s] -- Symlinking: /home/home/ros2_ws/install/rl_sar/include/unitree/idl/ros2/Quaternion_.hpp
[20.466s] -- Symlinking: /home/home/ros2_ws/install/rl_sar/include/unitree/idl/ros2/String_.hpp
[20.472s] -- Symlinking: /home/home/ros2_ws/install/rl_sar/include/unitree/idl/ros2/Time_.hpp
[20.478s] -- Symlinking: /home/home/ros2_ws/install/rl_sar/include/unitree/idl/ros2/TwistStamped_.hpp
[20.484s] -- Symlinking: /home/home/ros2_ws/install/rl_sar/include/unitree/idl/ros2/TwistWithCovarianceStamped_.hpp
[20.490s] -- Symlinking: /home/home/ros2_ws/install/rl_sar/include/unitree/idl/ros2/TwistWithCovariance_.hpp
[20.496s] -- Symlinking: /home/home/ros2_ws/install/rl_sar/include/unitree/idl/ros2/Twist_.hpp
[20.502s] -- Symlinking: /home/home/ros2_ws/install/rl_sar/include/unitree/idl/ros2/Vector3_.hpp
[20.507s] -- Symlinking: /home/home/ros2_ws/install/rl_sar/include/unitree/robot/b2/back_video/back_video_api.hpp
[20.513s] -- Symlinking: /home/home/ros2_ws/install/rl_sar/include/unitree/robot/b2/back_video/back_video_client.hpp
[20.518s] -- Symlinking: /home/home/ros2_ws/install/rl_sar/include/unitree/robot/b2/back_video/back_video_error.hpp
[20.524s] -- Symlinking: /home/home/ros2_ws/install/rl_sar/include/unitree/robot/b2/config/config_api.hpp
[20.529s] -- Symlinking: /home/home/ros2_ws/install/rl_sar/include/unitree/robot/b2/config/config_client.hpp
[20.535s] -- Symlinking: /home/home/ros2_ws/install/rl_sar/include/unitree/robot/b2/config/config_error.hpp
[20.541s] -- Symlinking: /home/home/ros2_ws/install/rl_sar/include/unitree/robot/b2/front_video/front_video_api.hpp
[20.547s] -- Symlinking: /home/home/ros2_ws/install/rl_sar/include/unitree/robot/b2/front_video/front_video_client.hpp
[20.553s] -- Symlinking: /home/home/ros2_ws/install/rl_sar/include/unitree/robot/b2/front_video/front_video_error.hpp
[20.559s] -- Symlinking: /home/home/ros2_ws/install/rl_sar/include/unitree/robot/b2/motion_switcher/motion_switcher_api.hpp
[20.566s] -- Symlinking: /home/home/ros2_ws/install/rl_sar/include/unitree/robot/b2/motion_switcher/motion_switcher_client.hpp
[20.572s] -- Symlinking: /home/home/ros2_ws/install/rl_sar/include/unitree/robot/b2/motion_switcher/motion_switcher_error.hpp
[20.577s] -- Symlinking: /home/home/ros2_ws/install/rl_sar/include/unitree/robot/b2/robot_state/robot_state_api.hpp
[20.583s] -- Symlinking: /home/home/ros2_ws/install/rl_sar/include/unitree/robot/b2/robot_state/robot_state_client.hpp
[20.588s] -- Symlinking: /home/home/ros2_ws/install/rl_sar/include/unitree/robot/b2/robot_state/robot_state_error.hpp
[20.594s] -- Symlinking: /home/home/ros2_ws/install/rl_sar/include/unitree/robot/b2/sport/sport_api.hpp
[20.599s] -- Symlinking: /home/home/ros2_ws/install/rl_sar/include/unitree/robot/b2/sport/sport_client.hpp
[20.605s] -- Symlinking: /home/home/ros2_ws/install/rl_sar/include/unitree/robot/b2/sport/sport_error.hpp
[20.611s] -- Symlinking: /home/home/ros2_ws/install/rl_sar/include/unitree/robot/channel/channel_factory.hpp
[20.617s] -- Symlinking: /home/home/ros2_ws/install/rl_sar/include/unitree/robot/channel/channel_labor.hpp
[20.623s] -- Symlinking: /home/home/ros2_ws/install/rl_sar/include/unitree/robot/channel/channel_namer.hpp
[20.629s] -- Symlinking: /home/home/ros2_ws/install/rl_sar/include/unitree/robot/channel/channel_publisher.hpp
[20.634s] -- Symlinking: /home/home/ros2_ws/install/rl_sar/include/unitree/robot/channel/channel_subscriber.hpp
[20.640s] -- Symlinking: /home/home/ros2_ws/install/rl_sar/include/unitree/robot/client/client.hpp
[20.646s] -- Symlinking: /home/home/ros2_ws/install/rl_sar/include/unitree/robot/client/client_base.hpp
[20.651s] -- Symlinking: /home/home/ros2_ws/install/rl_sar/include/unitree/robot/client/client_stub.hpp
[20.658s] -- Symlinking: /home/home/ros2_ws/install/rl_sar/include/unitree/robot/client/lease_client.hpp
[20.664s] -- Symlinking: /home/home/ros2_ws/install/rl_sar/include/unitree/robot/future/request_future.hpp
[20.670s] -- Symlinking: /home/home/ros2_ws/install/rl_sar/include/unitree/robot/g1/arm/g1_arm_action_api.hpp
[20.675s] -- Symlinking: /home/home/ros2_ws/install/rl_sar/include/unitree/robot/g1/arm/g1_arm_action_client.hpp
[20.681s] -- Symlinking: /home/home/ros2_ws/install/rl_sar/include/unitree/robot/g1/arm/g1_arm_action_error.hpp
[20.687s] -- Symlinking: /home/home/ros2_ws/install/rl_sar/include/unitree/robot/g1/audio/g1_audio_api.hpp
[20.693s] -- Symlinking: /home/home/ros2_ws/install/rl_sar/include/unitree/robot/g1/audio/g1_audio_client.hpp
[20.699s] -- Symlinking: /home/home/ros2_ws/install/rl_sar/include/unitree/robot/g1/audio/g1_audio_error.hpp
[20.705s] -- Symlinking: /home/home/ros2_ws/install/rl_sar/include/unitree/robot/g1/loco/g1_loco_api.hpp
[20.711s] -- Symlinking: /home/home/ros2_ws/install/rl_sar/include/unitree/robot/g1/loco/g1_loco_client.hpp
[20.717s] -- Symlinking: /home/home/ros2_ws/install/rl_sar/include/unitree/robot/g1/loco/g1_loco_error.hpp
[20.723s] -- Symlinking: /home/home/ros2_ws/install/rl_sar/include/unitree/robot/go2/config/config_api.hpp
[20.728s] -- Symlinking: /home/home/ros2_ws/install/rl_sar/include/unitree/robot/go2/config/config_client.hpp
[20.734s] -- Symlinking: /home/home/ros2_ws/install/rl_sar/include/unitree/robot/go2/config/config_error.hpp
[20.740s] -- Symlinking: /home/home/ros2_ws/install/rl_sar/include/unitree/robot/go2/obstacles_avoid/obstacles_avoid_api.hpp
[20.746s] -- Symlinking: /home/home/ros2_ws/install/rl_sar/include/unitree/robot/go2/obstacles_avoid/obstacles_avoid_client.hpp
[20.752s] -- Symlinking: /home/home/ros2_ws/install/rl_sar/include/unitree/robot/go2/public/jsonize_type.hpp
[20.759s] -- Symlinking: /home/home/ros2_ws/install/rl_sar/include/unitree/robot/go2/robot_state/robot_state_api.hpp
[20.765s] -- Symlinking: /home/home/ros2_ws/install/rl_sar/include/unitree/robot/go2/robot_state/robot_state_client.hpp
[20.771s] -- Symlinking: /home/home/ros2_ws/install/rl_sar/include/unitree/robot/go2/robot_state/robot_state_error.hpp
[20.776s] -- Symlinking: /home/home/ros2_ws/install/rl_sar/include/unitree/robot/go2/sport/sport_api.hpp
[20.782s] -- Symlinking: /home/home/ros2_ws/install/rl_sar/include/unitree/robot/go2/sport/sport_client.hpp
[20.789s] -- Symlinking: /home/home/ros2_ws/install/rl_sar/include/unitree/robot/go2/sport/sport_error.hpp
[20.795s] -- Symlinking: /home/home/ros2_ws/install/rl_sar/include/unitree/robot/go2/utrack/utrack_api.hpp
[20.801s] -- Symlinking: /home/home/ros2_ws/install/rl_sar/include/unitree/robot/go2/utrack/utrack_client.hpp
[20.807s] -- Symlinking: /home/home/ros2_ws/install/rl_sar/include/unitree/robot/go2/video/video_api.hpp
[20.813s] -- Symlinking: /home/home/ros2_ws/install/rl_sar/include/unitree/robot/go2/video/video_client.hpp
[20.818s] -- Symlinking: /home/home/ros2_ws/install/rl_sar/include/unitree/robot/go2/video/video_error.hpp
[20.824s] -- Symlinking: /home/home/ros2_ws/install/rl_sar/include/unitree/robot/go2/vui/vui_api.hpp
[20.830s] -- Symlinking: /home/home/ros2_ws/install/rl_sar/include/unitree/robot/go2/vui/vui_client.hpp
[20.835s] -- Symlinking: /home/home/ros2_ws/install/rl_sar/include/unitree/robot/go2/vui/vui_error.hpp
[20.841s] -- Symlinking: /home/home/ros2_ws/install/rl_sar/include/unitree/robot/h1/loco/h1_loco_api.hpp
[20.847s] -- Symlinking: /home/home/ros2_ws/install/rl_sar/include/unitree/robot/h1/loco/h1_loco_client.hpp
[20.853s] -- Symlinking: /home/home/ros2_ws/install/rl_sar/include/unitree/robot/h1/loco/h1_loco_error.hpp
[20.859s] -- Symlinking: /home/home/ros2_ws/install/rl_sar/include/unitree/robot/internal/internal.hpp
[20.865s] -- Symlinking: /home/home/ros2_ws/install/rl_sar/include/unitree/robot/internal/internal_api.hpp
[20.871s] -- Symlinking: /home/home/ros2_ws/install/rl_sar/include/unitree/robot/internal/internal_error.hpp
[20.876s] -- Symlinking: /home/home/ros2_ws/install/rl_sar/include/unitree/robot/internal/internal_idl_decl/RequestHeader_.hpp
[20.882s] -- Symlinking: /home/home/ros2_ws/install/rl_sar/include/unitree/robot/internal/internal_idl_decl/RequestIdentity_.hpp
[20.888s] -- Symlinking: /home/home/ros2_ws/install/rl_sar/include/unitree/robot/internal/internal_idl_decl/RequestLease_.hpp
[20.894s] -- Symlinking: /home/home/ros2_ws/install/rl_sar/include/unitree/robot/internal/internal_idl_decl/RequestPolicy_.hpp
[20.900s] -- Symlinking: /home/home/ros2_ws/install/rl_sar/include/unitree/robot/internal/internal_idl_decl/Request_.hpp
[20.906s] -- Symlinking: /home/home/ros2_ws/install/rl_sar/include/unitree/robot/internal/internal_idl_decl/ResponseHeader_.hpp
[20.911s] -- Symlinking: /home/home/ros2_ws/install/rl_sar/include/unitree/robot/internal/internal_idl_decl/ResponseStatus_.hpp
[20.917s] -- Symlinking: /home/home/ros2_ws/install/rl_sar/include/unitree/robot/internal/internal_idl_decl/Response_.hpp
[20.923s] -- Symlinking: /home/home/ros2_ws/install/rl_sar/include/unitree/robot/internal/internal_request_response.hpp
[20.929s] -- Symlinking: /home/home/ros2_ws/install/rl_sar/include/unitree/robot/serialize/serialize.hpp
[20.934s] -- Symlinking: /home/home/ros2_ws/install/rl_sar/include/unitree/robot/server/lease_server.hpp
[20.941s] -- Symlinking: /home/home/ros2_ws/install/rl_sar/include/unitree/robot/server/server.hpp
[20.946s] -- Symlinking: /home/home/ros2_ws/install/rl_sar/include/unitree/robot/server/server_base.hpp
[20.953s] -- Symlinking: /home/home/ros2_ws/install/rl_sar/include/unitree/robot/server/server_stub.hpp
[20.959s] -- Symlinking: /home/home/ros2_ws/install/rl_sar/lib/libunitree_sdk2.a
[20.965s] -- Symlinking: /home/home/ros2_ws/install/rl_sar/lib/cmake/unitree_sdk2/unitree_sdk2Targets.cmake
[20.972s] -- Symlinking: /home/home/ros2_ws/install/rl_sar/lib/cmake/unitree_sdk2/unitree_sdk2Config.cmake
[20.977s] -- Symlinking: /home/home/ros2_ws/install/rl_sar/lib/cmake/unitree_sdk2/unitree_sdk2ConfigVersion.cmake
[20.983s] -- Symlinking: /home/home/ros2_ws/install/rl_sar/lib//libdeeprobotics_legged_sdk_x86_64.so
[20.989s] -- Symlinking: /home/home/ros2_ws/install/rl_sar/lib/librl_sdk.so
[20.995s] -- Symlinking: /home/home/ros2_ws/install/rl_sar/lib/rl_sar/libobservation_buffer.so
[21.002s] -- Symlinking: /home/home/ros2_ws/install/rl_sar/lib/rl_sar/rl_sim
[21.007s] -- Symlinking: /home/home/ros2_ws/install/rl_sar/lib/rl_sar/rl_real_a1
[21.013s] -- Symlinking: /home/home/ros2_ws/install/rl_sar/lib/rl_sar/rl_real_lite3
[21.019s] -- Symlinking: /home/home/ros2_ws/install/rl_sar/lib/rl_sar/rl_real_go2
[21.025s] -- Symlinking: /home/home/ros2_ws/install/rl_sar/lib/rl_sar/rl_real_g1
[21.031s] -- Symlinking: /home/home/ros2_ws/install/rl_sar/lib/rl_sar/rl_real_l4w4
[21.037s] -- Symlinking: /home/home/ros2_ws/install/rl_sar/lib/rl_sar/actuator_net.py
[21.042s] -- Symlinking: /home/home/ros2_ws/install/rl_sar/share/rl_sar//launch/gazebo.launch.py
[21.048s] -- Symlinking: /home/home/ros2_ws/install/rl_sar/share/rl_sar//launch/nav2.launch.py
[21.054s] -- Symlinking: /home/home/ros2_ws/install/rl_sar/share/rl_sar//launch/slam_nav.launch.py
[21.061s] -- Symlinking: /home/home/ros2_ws/install/rl_sar/share/rl_sar//worlds/hotel.world
[21.067s] -- Symlinking: /home/home/ros2_ws/install/rl_sar/share/rl_sar//worlds/hotel.world.bak
[21.073s] -- Symlinking: /home/home/ros2_ws/install/rl_sar/share/rl_sar//worlds/hotel_raw.world
[21.078s] -- Symlinking: /home/home/ros2_ws/install/rl_sar/share/rl_sar//worlds/hotel_raw_new_elevator.world
[21.084s] -- Symlinking: /home/home/ros2_ws/install/rl_sar/share/rl_sar//worlds/hotel_stairs.world
[21.090s] -- Symlinking: /home/home/ros2_ws/install/rl_sar/share/rl_sar//worlds/hotel_stairs_raw.world
[21.095s] -- Symlinking: /home/home/ros2_ws/install/rl_sar/share/rl_sar//worlds/remove_models.py
[21.100s] -- Symlinking: /home/home/ros2_ws/install/rl_sar/share/rl_sar//worlds/stairs.world
[21.106s] [31mCMake Error at ament_cmake_symlink_install/ament_cmake_symlink_install.cmake:100 (message):
[21.106s]   ament_cmake_symlink_install_directory() can't find
[21.106s]   '/home/home/ros2_ws/src/RCI_quadruped_robot_navigation/rl_sar/config'
[21.106s] Call Stack (most recent call first):
[21.106s]   ament_cmake_symlink_install/ament_cmake_symlink_install.cmake:494 (ament_cmake_symlink_install_directory)
[21.106s]   cmake_install.cmake:46 (include)
[21.106s] 
[21.106s] [0m
[21.107s] Invoked command in '/home/home/ros2_ws/build/rl_sar' returned '1': CMAKE_PREFIX_PATH=/home/home/ros2_ws/install/robot_joint_controller:/home/home/ros2_ws/install/robot_msgs:/home/home/ros2_ws/install/world_tf_publisher:/home/home/ros2_ws/install/velodyne_simulator:/home/home/ros2_ws/install/velodyne_gazebo_plugins:/home/home/ros2_ws/install/velodyne_description:/home/home/ros2_ws/install/sliding_door_plugin:/home/home/ros2_ws/install/lift_elevator_plugin:/home/home/ros2_ws/install/hinged_door_plugin:/home/home/ros2_ws/install/go2w_description:/home/home/ros2_ws/install/go2_description:/home/home/ros2_ws/install/elevator_bt:/home/home/ros2_ws/install/door_bt:/home/home/ros2_ws/install/b2_description:/opt/ros/humble LD_LIBRARY_PATH=/home/home/ros2_ws/install/robot_joint_controller/lib:/home/home/ros2_ws/install/robot_msgs/lib:/home/home/ros2_ws/install/world_tf_publisher/lib:/home/home/ros2_ws/install/velodyne_gazebo_plugins/lib:/home/home/ros2_ws/install/sliding_door_plugin/lib:/home/home/ros2_ws/install/lift_elevator_plugin/lib:/home/home/ros2_ws/install/hinged_door_plugin/lib:/home/home/ros2_ws/install/door_bt/lib:/usr/lib/x86_64-linux-gnu/gazebo-11/plugins:/opt/ros/humble/opt/rviz_ogre_vendor/lib:/opt/ros/humble/lib/x86_64-linux-gnu:/opt/ros/humble/lib /usr/bin/cmake --install /home/home/ros2_ws/build/rl_sar
