running develop
running egg_info
creating rl_action.egg-info
writing rl_action.egg-info/PKG-INFO
writing dependency_links to rl_action.egg-info/dependency_links.txt
writing entry points to rl_action.egg-info/entry_points.txt
writing requirements to rl_action.egg-info/requires.txt
writing top-level names to rl_action.egg-info/top_level.txt
writing manifest file 'rl_action.egg-info/SOURCES.txt'
reading manifest file 'rl_action.egg-info/SOURCES.txt'
writing manifest file 'rl_action.egg-info/SOURCES.txt'
running build_ext
Creating /home/home/ros2_ws/install/rl_action/lib/python3.10/site-packages/rl-action.egg-link (link to .)
Installing command script to /home/home/ros2_ws/install/rl_action/lib/rl_action

Installed /home/home/ros2_ws/build/rl_action
running symlink_data
creating /home/home/ros2_ws/install/rl_action/share/ament_index
creating /home/home/ros2_ws/install/rl_action/share/ament_index/resource_index
creating /home/home/ros2_ws/install/rl_action/share/ament_index/resource_index/packages
symbolically linking /home/home/ros2_ws/build/rl_action/resource/rl_action -> /home/home/ros2_ws/install/rl_action/share/ament_index/resource_index/packages
symbolically linking /home/home/ros2_ws/build/rl_action/package.xml -> /home/home/ros2_ws/install/rl_action/share/rl_action
