[0.334s] Invoking command in '/home/home/ros2_ws/build/rl_action': AMENT_PREFIX_PATH=/home/home/ros2_ws/install/rl_sar:${AMENT_PREFIX_PATH} CMAKE_PREFIX_PATH=/home/home/ros2_ws/install/rl_sar:/home/home/ros2_ws/install/robot_joint_controller:/home/home/ros2_ws/install/robot_msgs:/home/home/ros2_ws/install/world_tf_publisher:/home/home/ros2_ws/install/velodyne_simulator:/home/home/ros2_ws/install/velodyne_gazebo_plugins:/home/home/ros2_ws/install/velodyne_description:/home/home/ros2_ws/install/sliding_door_plugin:/home/home/ros2_ws/install/lift_elevator_plugin:/home/home/ros2_ws/install/hinged_door_plugin:/home/home/ros2_ws/install/go2w_description:/home/home/ros2_ws/install/go2_description:/home/home/ros2_ws/install/elevator_bt:/home/home/ros2_ws/install/door_bt:/home/home/ros2_ws/install/b2_description LD_LIBRARY_PATH=/home/home/ros2_ws/install/rl_sar/lib:/home/home/ros2_ws/install/robot_joint_controller/lib:/home/home/ros2_ws/install/robot_msgs/lib:/home/home/ros2_ws/install/world_tf_publisher/lib:/home/home/ros2_ws/install/velodyne_gazebo_plugins/lib:/home/home/ros2_ws/install/sliding_door_plugin/lib:/home/home/ros2_ws/install/lift_elevator_plugin/lib:/home/home/ros2_ws/install/hinged_door_plugin/lib:/home/home/ros2_ws/install/door_bt/lib:/usr/lib/x86_64-linux-gnu/gazebo-11/plugins:/opt/ros/humble/opt/rviz_ogre_vendor/lib:/opt/ros/humble/lib/x86_64-linux-gnu:/opt/ros/humble/lib PYTHONPATH=/home/home/ros2_ws/build/rl_action/prefix_override:/usr/lib/python3/dist-packages/colcon_core/task/python/colcon_distutils_commands:/home/home/ros2_ws/install/rl_action/lib/python3.10/site-packages:/home/home/ros2_ws/install/rl_sar/local/lib/python3.10/dist-packages:${PYTHONPATH} /usr/bin/python3 -W ignore:setup.py install is deprecated -W ignore:easy_install command is deprecated setup.py develop --editable --build-directory /home/home/ros2_ws/build/rl_action/build --no-deps symlink_data
[0.474s] running develop
[0.558s] running egg_info
[0.558s] creating rl_action.egg-info
[0.558s] writing rl_action.egg-info/PKG-INFO
[0.558s] writing dependency_links to rl_action.egg-info/dependency_links.txt
[0.559s] writing entry points to rl_action.egg-info/entry_points.txt
[0.559s] writing requirements to rl_action.egg-info/requires.txt
[0.559s] writing top-level names to rl_action.egg-info/top_level.txt
[0.559s] writing manifest file 'rl_action.egg-info/SOURCES.txt'
[0.560s] reading manifest file 'rl_action.egg-info/SOURCES.txt'
[0.560s] writing manifest file 'rl_action.egg-info/SOURCES.txt'
[0.560s] running build_ext
[0.561s] Creating /home/home/ros2_ws/install/rl_action/lib/python3.10/site-packages/rl-action.egg-link (link to .)
[0.561s] Installing command script to /home/home/ros2_ws/install/rl_action/lib/rl_action
[0.561s] 
[0.561s] Installed /home/home/ros2_ws/build/rl_action
[0.561s] running symlink_data
[0.561s] creating /home/home/ros2_ws/install/rl_action/share/ament_index
[0.561s] creating /home/home/ros2_ws/install/rl_action/share/ament_index/resource_index
[0.561s] creating /home/home/ros2_ws/install/rl_action/share/ament_index/resource_index/packages
[0.561s] symbolically linking /home/home/ros2_ws/build/rl_action/resource/rl_action -> /home/home/ros2_ws/install/rl_action/share/ament_index/resource_index/packages
[0.561s] symbolically linking /home/home/ros2_ws/build/rl_action/package.xml -> /home/home/ros2_ws/install/rl_action/share/rl_action
[0.575s] Invoked command in '/home/home/ros2_ws/build/rl_action' returned '0': AMENT_PREFIX_PATH=/home/home/ros2_ws/install/rl_sar:${AMENT_PREFIX_PATH} CMAKE_PREFIX_PATH=/home/home/ros2_ws/install/rl_sar:/home/home/ros2_ws/install/robot_joint_controller:/home/home/ros2_ws/install/robot_msgs:/home/home/ros2_ws/install/world_tf_publisher:/home/home/ros2_ws/install/velodyne_simulator:/home/home/ros2_ws/install/velodyne_gazebo_plugins:/home/home/ros2_ws/install/velodyne_description:/home/home/ros2_ws/install/sliding_door_plugin:/home/home/ros2_ws/install/lift_elevator_plugin:/home/home/ros2_ws/install/hinged_door_plugin:/home/home/ros2_ws/install/go2w_description:/home/home/ros2_ws/install/go2_description:/home/home/ros2_ws/install/elevator_bt:/home/home/ros2_ws/install/door_bt:/home/home/ros2_ws/install/b2_description LD_LIBRARY_PATH=/home/home/ros2_ws/install/rl_sar/lib:/home/home/ros2_ws/install/robot_joint_controller/lib:/home/home/ros2_ws/install/robot_msgs/lib:/home/home/ros2_ws/install/world_tf_publisher/lib:/home/home/ros2_ws/install/velodyne_gazebo_plugins/lib:/home/home/ros2_ws/install/sliding_door_plugin/lib:/home/home/ros2_ws/install/lift_elevator_plugin/lib:/home/home/ros2_ws/install/hinged_door_plugin/lib:/home/home/ros2_ws/install/door_bt/lib:/usr/lib/x86_64-linux-gnu/gazebo-11/plugins:/opt/ros/humble/opt/rviz_ogre_vendor/lib:/opt/ros/humble/lib/x86_64-linux-gnu:/opt/ros/humble/lib PYTHONPATH=/home/home/ros2_ws/build/rl_action/prefix_override:/usr/lib/python3/dist-packages/colcon_core/task/python/colcon_distutils_commands:/home/home/ros2_ws/install/rl_action/lib/python3.10/site-packages:/home/home/ros2_ws/install/rl_sar/local/lib/python3.10/dist-packages:${PYTHONPATH} /usr/bin/python3 -W ignore:setup.py install is deprecated -W ignore:easy_install command is deprecated setup.py develop --editable --build-directory /home/home/ros2_ws/build/rl_action/build --no-deps symlink_data
