[  1%] Built target robot_msgs__cpp
[ 12%] Built target robot_msgs__rosidl_generator_c
[ 12%] Built target ament_cmake_python_symlink_robot_msgs
[ 23%] Built target robot_msgs__rosidl_typesupport_fastrtps_cpp
[ 34%] Built target robot_msgs__rosidl_typesupport_introspection_c
[ 57%] Built target robot_msgs__rosidl_typesupport_introspection_cpp
[ 47%] Built target robot_msgs__rosidl_typesupport_c
[ 68%] Built target robot_msgs__rosidl_typesupport_fastrtps_c
[ 79%] Built target robot_msgs__rosidl_typesupport_cpp
[ 79%] Built target robot_msgs
[ 80%] Built target robot_msgs__py
[ 90%] Built target robot_msgs__rosidl_generator_py
[ 93%] Built target robot_msgs__rosidl_typesupport_c__pyext
[ 96%] Built target robot_msgs__rosidl_typesupport_fastrtps_c__pyext
[100%] Built target robot_msgs__rosidl_typesupport_introspection_c__pyext
running egg_info
writing robot_msgs.egg-info/PKG-INFO
writing dependency_links to robot_msgs.egg-info/dependency_links.txt
writing top-level names to robot_msgs.egg-info/top_level.txt
reading manifest file 'robot_msgs.egg-info/SOURCES.txt'
writing manifest file 'robot_msgs.egg-info/SOURCES.txt'
[100%] Built target ament_cmake_python_build_robot_msgs_egg
-- Install configuration: ""
-- Execute custom install script
-- Up-to-date symlink: /home/home/ros2_ws/install/robot_msgs/share/ament_index/resource_index/rosidl_interfaces/robot_msgs
-- Up-to-date symlink: /home/home/ros2_ws/install/robot_msgs/include/robot_msgs/robot_msgs/msg/detail/imu__functions.h
-- Up-to-date symlink: /home/home/ros2_ws/install/robot_msgs/include/robot_msgs/robot_msgs/msg/detail/imu__struct.h
-- Up-to-date symlink: /home/home/ros2_ws/install/robot_msgs/include/robot_msgs/robot_msgs/msg/detail/imu__type_support.h
-- Up-to-date symlink: /home/home/ros2_ws/install/robot_msgs/include/robot_msgs/robot_msgs/msg/detail/motor_command__functions.h
-- Up-to-date symlink: /home/home/ros2_ws/install/robot_msgs/include/robot_msgs/robot_msgs/msg/detail/motor_command__struct.h
-- Up-to-date symlink: /home/home/ros2_ws/install/robot_msgs/include/robot_msgs/robot_msgs/msg/detail/motor_command__type_support.h
-- Up-to-date symlink: /home/home/ros2_ws/install/robot_msgs/include/robot_msgs/robot_msgs/msg/detail/motor_state__functions.h
-- Up-to-date symlink: /home/home/ros2_ws/install/robot_msgs/include/robot_msgs/robot_msgs/msg/detail/motor_state__struct.h
-- Up-to-date symlink: /home/home/ros2_ws/install/robot_msgs/include/robot_msgs/robot_msgs/msg/detail/motor_state__type_support.h
-- Up-to-date symlink: /home/home/ros2_ws/install/robot_msgs/include/robot_msgs/robot_msgs/msg/detail/robot_command__functions.h
-- Up-to-date symlink: /home/home/ros2_ws/install/robot_msgs/include/robot_msgs/robot_msgs/msg/detail/robot_command__struct.h
-- Up-to-date symlink: /home/home/ros2_ws/install/robot_msgs/include/robot_msgs/robot_msgs/msg/detail/robot_command__type_support.h
-- Up-to-date symlink: /home/home/ros2_ws/install/robot_msgs/include/robot_msgs/robot_msgs/msg/detail/robot_state__functions.h
-- Up-to-date symlink: /home/home/ros2_ws/install/robot_msgs/include/robot_msgs/robot_msgs/msg/detail/robot_state__struct.h
-- Up-to-date symlink: /home/home/ros2_ws/install/robot_msgs/include/robot_msgs/robot_msgs/msg/detail/robot_state__type_support.h
-- Up-to-date symlink: /home/home/ros2_ws/install/robot_msgs/include/robot_msgs/robot_msgs/msg/imu.h
-- Up-to-date symlink: /home/home/ros2_ws/install/robot_msgs/include/robot_msgs/robot_msgs/msg/motor_command.h
-- Up-to-date symlink: /home/home/ros2_ws/install/robot_msgs/include/robot_msgs/robot_msgs/msg/motor_state.h
-- Up-to-date symlink: /home/home/ros2_ws/install/robot_msgs/include/robot_msgs/robot_msgs/msg/robot_command.h
-- Up-to-date symlink: /home/home/ros2_ws/install/robot_msgs/include/robot_msgs/robot_msgs/msg/robot_state.h
-- Up-to-date symlink: /home/home/ros2_ws/install/robot_msgs/include/robot_msgs/robot_msgs/msg/rosidl_generator_c__visibility_control.h
-- Up-to-date symlink: /home/home/ros2_ws/install/robot_msgs/share/robot_msgs/environment/library_path.sh
-- Up-to-date symlink: /home/home/ros2_ws/install/robot_msgs/share/robot_msgs/environment/library_path.dsv
-- Up-to-date symlink: /home/home/ros2_ws/install/robot_msgs/include/robot_msgs/robot_msgs/msg/detail/imu__rosidl_typesupport_fastrtps_c.h
-- Up-to-date symlink: /home/home/ros2_ws/install/robot_msgs/include/robot_msgs/robot_msgs/msg/detail/motor_command__rosidl_typesupport_fastrtps_c.h
-- Up-to-date symlink: /home/home/ros2_ws/install/robot_msgs/include/robot_msgs/robot_msgs/msg/detail/motor_state__rosidl_typesupport_fastrtps_c.h
-- Up-to-date symlink: /home/home/ros2_ws/install/robot_msgs/include/robot_msgs/robot_msgs/msg/detail/robot_command__rosidl_typesupport_fastrtps_c.h
-- Up-to-date symlink: /home/home/ros2_ws/install/robot_msgs/include/robot_msgs/robot_msgs/msg/detail/robot_state__rosidl_typesupport_fastrtps_c.h
-- Up-to-date symlink: /home/home/ros2_ws/install/robot_msgs/include/robot_msgs/robot_msgs/msg/rosidl_typesupport_fastrtps_c__visibility_control.h
-- Up-to-date symlink: /home/home/ros2_ws/install/robot_msgs/include/robot_msgs/robot_msgs/msg/detail/imu__rosidl_typesupport_introspection_c.h
-- Up-to-date symlink: /home/home/ros2_ws/install/robot_msgs/include/robot_msgs/robot_msgs/msg/detail/motor_command__rosidl_typesupport_introspection_c.h
-- Up-to-date symlink: /home/home/ros2_ws/install/robot_msgs/include/robot_msgs/robot_msgs/msg/detail/motor_state__rosidl_typesupport_introspection_c.h
-- Up-to-date symlink: /home/home/ros2_ws/install/robot_msgs/include/robot_msgs/robot_msgs/msg/detail/robot_command__rosidl_typesupport_introspection_c.h
-- Up-to-date symlink: /home/home/ros2_ws/install/robot_msgs/include/robot_msgs/robot_msgs/msg/detail/robot_state__rosidl_typesupport_introspection_c.h
-- Up-to-date symlink: /home/home/ros2_ws/install/robot_msgs/include/robot_msgs/robot_msgs/msg/rosidl_typesupport_introspection_c__visibility_control.h
-- Up-to-date symlink: /home/home/ros2_ws/install/robot_msgs/include/robot_msgs/robot_msgs/msg/detail/imu__builder.hpp
-- Up-to-date symlink: /home/home/ros2_ws/install/robot_msgs/include/robot_msgs/robot_msgs/msg/detail/imu__struct.hpp
-- Up-to-date symlink: /home/home/ros2_ws/install/robot_msgs/include/robot_msgs/robot_msgs/msg/detail/imu__traits.hpp
-- Up-to-date symlink: /home/home/ros2_ws/install/robot_msgs/include/robot_msgs/robot_msgs/msg/detail/imu__type_support.hpp
-- Up-to-date symlink: /home/home/ros2_ws/install/robot_msgs/include/robot_msgs/robot_msgs/msg/detail/motor_command__builder.hpp
-- Up-to-date symlink: /home/home/ros2_ws/install/robot_msgs/include/robot_msgs/robot_msgs/msg/detail/motor_command__struct.hpp
-- Up-to-date symlink: /home/home/ros2_ws/install/robot_msgs/include/robot_msgs/robot_msgs/msg/detail/motor_command__traits.hpp
-- Up-to-date symlink: /home/home/ros2_ws/install/robot_msgs/include/robot_msgs/robot_msgs/msg/detail/motor_command__type_support.hpp
-- Up-to-date symlink: /home/home/ros2_ws/install/robot_msgs/include/robot_msgs/robot_msgs/msg/detail/motor_state__builder.hpp
-- Up-to-date symlink: /home/home/ros2_ws/install/robot_msgs/include/robot_msgs/robot_msgs/msg/detail/motor_state__struct.hpp
-- Up-to-date symlink: /home/home/ros2_ws/install/robot_msgs/include/robot_msgs/robot_msgs/msg/detail/motor_state__traits.hpp
-- Up-to-date symlink: /home/home/ros2_ws/install/robot_msgs/include/robot_msgs/robot_msgs/msg/detail/motor_state__type_support.hpp
-- Up-to-date symlink: /home/home/ros2_ws/install/robot_msgs/include/robot_msgs/robot_msgs/msg/detail/robot_command__builder.hpp
-- Up-to-date symlink: /home/home/ros2_ws/install/robot_msgs/include/robot_msgs/robot_msgs/msg/detail/robot_command__struct.hpp
-- Up-to-date symlink: /home/home/ros2_ws/install/robot_msgs/include/robot_msgs/robot_msgs/msg/detail/robot_command__traits.hpp
-- Up-to-date symlink: /home/home/ros2_ws/install/robot_msgs/include/robot_msgs/robot_msgs/msg/detail/robot_command__type_support.hpp
-- Up-to-date symlink: /home/home/ros2_ws/install/robot_msgs/include/robot_msgs/robot_msgs/msg/detail/robot_state__builder.hpp
-- Up-to-date symlink: /home/home/ros2_ws/install/robot_msgs/include/robot_msgs/robot_msgs/msg/detail/robot_state__struct.hpp
-- Up-to-date symlink: /home/home/ros2_ws/install/robot_msgs/include/robot_msgs/robot_msgs/msg/detail/robot_state__traits.hpp
-- Up-to-date symlink: /home/home/ros2_ws/install/robot_msgs/include/robot_msgs/robot_msgs/msg/detail/robot_state__type_support.hpp
-- Up-to-date symlink: /home/home/ros2_ws/install/robot_msgs/include/robot_msgs/robot_msgs/msg/imu.hpp
-- Up-to-date symlink: /home/home/ros2_ws/install/robot_msgs/include/robot_msgs/robot_msgs/msg/motor_command.hpp
-- Up-to-date symlink: /home/home/ros2_ws/install/robot_msgs/include/robot_msgs/robot_msgs/msg/motor_state.hpp
-- Up-to-date symlink: /home/home/ros2_ws/install/robot_msgs/include/robot_msgs/robot_msgs/msg/robot_command.hpp
-- Up-to-date symlink: /home/home/ros2_ws/install/robot_msgs/include/robot_msgs/robot_msgs/msg/robot_state.hpp
-- Up-to-date symlink: /home/home/ros2_ws/install/robot_msgs/include/robot_msgs/robot_msgs/msg/rosidl_generator_cpp__visibility_control.hpp
-- Up-to-date symlink: /home/home/ros2_ws/install/robot_msgs/include/robot_msgs/robot_msgs/msg/detail/imu__rosidl_typesupport_fastrtps_cpp.hpp
-- Up-to-date symlink: /home/home/ros2_ws/install/robot_msgs/include/robot_msgs/robot_msgs/msg/detail/motor_command__rosidl_typesupport_fastrtps_cpp.hpp
-- Up-to-date symlink: /home/home/ros2_ws/install/robot_msgs/include/robot_msgs/robot_msgs/msg/detail/motor_state__rosidl_typesupport_fastrtps_cpp.hpp
-- Up-to-date symlink: /home/home/ros2_ws/install/robot_msgs/include/robot_msgs/robot_msgs/msg/detail/robot_command__rosidl_typesupport_fastrtps_cpp.hpp
-- Up-to-date symlink: /home/home/ros2_ws/install/robot_msgs/include/robot_msgs/robot_msgs/msg/detail/robot_state__rosidl_typesupport_fastrtps_cpp.hpp
-- Up-to-date symlink: /home/home/ros2_ws/install/robot_msgs/include/robot_msgs/robot_msgs/msg/rosidl_typesupport_fastrtps_cpp__visibility_control.h
-- Up-to-date symlink: /home/home/ros2_ws/install/robot_msgs/include/robot_msgs/robot_msgs/msg/detail/imu__rosidl_typesupport_introspection_cpp.hpp
-- Up-to-date symlink: /home/home/ros2_ws/install/robot_msgs/include/robot_msgs/robot_msgs/msg/detail/motor_command__rosidl_typesupport_introspection_cpp.hpp
-- Up-to-date symlink: /home/home/ros2_ws/install/robot_msgs/include/robot_msgs/robot_msgs/msg/detail/motor_state__rosidl_typesupport_introspection_cpp.hpp
-- Up-to-date symlink: /home/home/ros2_ws/install/robot_msgs/include/robot_msgs/robot_msgs/msg/detail/robot_command__rosidl_typesupport_introspection_cpp.hpp
-- Up-to-date symlink: /home/home/ros2_ws/install/robot_msgs/include/robot_msgs/robot_msgs/msg/detail/robot_state__rosidl_typesupport_introspection_cpp.hpp
-- Up-to-date symlink: /home/home/ros2_ws/install/robot_msgs/share/robot_msgs/environment/pythonpath.sh
-- Up-to-date symlink: /home/home/ros2_ws/install/robot_msgs/share/robot_msgs/environment/pythonpath.dsv
-- Up-to-date symlink: /home/home/ros2_ws/install/robot_msgs/local/lib/python3.10/dist-packages/robot_msgs-3.0.0-py3.10.egg-info/PKG-INFO
-- Up-to-date symlink: /home/home/ros2_ws/install/robot_msgs/local/lib/python3.10/dist-packages/robot_msgs-3.0.0-py3.10.egg-info/SOURCES.txt
-- Up-to-date symlink: /home/home/ros2_ws/install/robot_msgs/local/lib/python3.10/dist-packages/robot_msgs-3.0.0-py3.10.egg-info/dependency_links.txt
-- Up-to-date symlink: /home/home/ros2_ws/install/robot_msgs/local/lib/python3.10/dist-packages/robot_msgs-3.0.0-py3.10.egg-info/top_level.txt
-- Up-to-date symlink: /home/home/ros2_ws/install/robot_msgs/local/lib/python3.10/dist-packages/robot_msgs/__init__.py
-- Up-to-date symlink: /home/home/ros2_ws/install/robot_msgs/local/lib/python3.10/dist-packages/robot_msgs/_robot_msgs_s.ep.rosidl_typesupport_c.c
-- Up-to-date symlink: /home/home/ros2_ws/install/robot_msgs/local/lib/python3.10/dist-packages/robot_msgs/_robot_msgs_s.ep.rosidl_typesupport_fastrtps_c.c
-- Up-to-date symlink: /home/home/ros2_ws/install/robot_msgs/local/lib/python3.10/dist-packages/robot_msgs/_robot_msgs_s.ep.rosidl_typesupport_introspection_c.c
-- Up-to-date symlink: /home/home/ros2_ws/install/robot_msgs/local/lib/python3.10/dist-packages/robot_msgs/librobot_msgs__rosidl_generator_py.so
-- Up-to-date symlink: /home/home/ros2_ws/install/robot_msgs/local/lib/python3.10/dist-packages/robot_msgs/msg/__init__.py
-- Up-to-date symlink: /home/home/ros2_ws/install/robot_msgs/local/lib/python3.10/dist-packages/robot_msgs/msg/_imu.py
-- Up-to-date symlink: /home/home/ros2_ws/install/robot_msgs/local/lib/python3.10/dist-packages/robot_msgs/msg/_imu_s.c
-- Up-to-date symlink: /home/home/ros2_ws/install/robot_msgs/local/lib/python3.10/dist-packages/robot_msgs/msg/_motor_command.py
-- Up-to-date symlink: /home/home/ros2_ws/install/robot_msgs/local/lib/python3.10/dist-packages/robot_msgs/msg/_motor_command_s.c
-- Up-to-date symlink: /home/home/ros2_ws/install/robot_msgs/local/lib/python3.10/dist-packages/robot_msgs/msg/_motor_state.py
-- Up-to-date symlink: /home/home/ros2_ws/install/robot_msgs/local/lib/python3.10/dist-packages/robot_msgs/msg/_motor_state_s.c
-- Up-to-date symlink: /home/home/ros2_ws/install/robot_msgs/local/lib/python3.10/dist-packages/robot_msgs/msg/_robot_command.py
-- Up-to-date symlink: /home/home/ros2_ws/install/robot_msgs/local/lib/python3.10/dist-packages/robot_msgs/msg/_robot_command_s.c
-- Up-to-date symlink: /home/home/ros2_ws/install/robot_msgs/local/lib/python3.10/dist-packages/robot_msgs/msg/_robot_state.py
-- Up-to-date symlink: /home/home/ros2_ws/install/robot_msgs/local/lib/python3.10/dist-packages/robot_msgs/msg/_robot_state_s.c
-- Up-to-date symlink: /home/home/ros2_ws/install/robot_msgs/local/lib/python3.10/dist-packages/robot_msgs/robot_msgs_s__rosidl_typesupport_c.cpython-310-x86_64-linux-gnu.so
-- Up-to-date symlink: /home/home/ros2_ws/install/robot_msgs/local/lib/python3.10/dist-packages/robot_msgs/robot_msgs_s__rosidl_typesupport_fastrtps_c.cpython-310-x86_64-linux-gnu.so
-- Up-to-date symlink: /home/home/ros2_ws/install/robot_msgs/local/lib/python3.10/dist-packages/robot_msgs/robot_msgs_s__rosidl_typesupport_introspection_c.cpython-310-x86_64-linux-gnu.so
-- Up-to-date symlink: /home/home/ros2_ws/install/robot_msgs/local/lib/python3.10/dist-packages/robot_msgs/robot_msgs_s__rosidl_typesupport_fastrtps_c.cpython-310-x86_64-linux-gnu.so
-- Up-to-date symlink: /home/home/ros2_ws/install/robot_msgs/local/lib/python3.10/dist-packages/robot_msgs/robot_msgs_s__rosidl_typesupport_introspection_c.cpython-310-x86_64-linux-gnu.so
-- Up-to-date symlink: /home/home/ros2_ws/install/robot_msgs/local/lib/python3.10/dist-packages/robot_msgs/robot_msgs_s__rosidl_typesupport_c.cpython-310-x86_64-linux-gnu.so
-- Up-to-date symlink: /home/home/ros2_ws/install/robot_msgs/share/robot_msgs/msg/MotorCommand.idl
-- Up-to-date symlink: /home/home/ros2_ws/install/robot_msgs/share/robot_msgs/msg/MotorState.idl
-- Up-to-date symlink: /home/home/ros2_ws/install/robot_msgs/share/robot_msgs/msg/RobotCommand.idl
-- Up-to-date symlink: /home/home/ros2_ws/install/robot_msgs/share/robot_msgs/msg/RobotState.idl
-- Up-to-date symlink: /home/home/ros2_ws/install/robot_msgs/share/robot_msgs/msg/IMU.idl
-- Up-to-date symlink: /home/home/ros2_ws/install/robot_msgs/share/robot_msgs/msg/MotorCommand.msg
-- Up-to-date symlink: /home/home/ros2_ws/install/robot_msgs/share/robot_msgs/msg/MotorState.msg
-- Up-to-date symlink: /home/home/ros2_ws/install/robot_msgs/share/robot_msgs/msg/RobotCommand.msg
-- Up-to-date symlink: /home/home/ros2_ws/install/robot_msgs/share/robot_msgs/msg/RobotState.msg
-- Up-to-date symlink: /home/home/ros2_ws/install/robot_msgs/share/robot_msgs/msg/IMU.msg
-- Up-to-date symlink: /home/home/ros2_ws/install/robot_msgs/share/ament_index/resource_index/package_run_dependencies/robot_msgs
-- Up-to-date symlink: /home/home/ros2_ws/install/robot_msgs/share/ament_index/resource_index/parent_prefix_path/robot_msgs
-- Up-to-date symlink: /home/home/ros2_ws/install/robot_msgs/share/robot_msgs/environment/ament_prefix_path.sh
-- Up-to-date symlink: /home/home/ros2_ws/install/robot_msgs/share/robot_msgs/environment/ament_prefix_path.dsv
-- Up-to-date symlink: /home/home/ros2_ws/install/robot_msgs/share/robot_msgs/environment/path.sh
-- Up-to-date symlink: /home/home/ros2_ws/install/robot_msgs/share/robot_msgs/environment/path.dsv
-- Up-to-date symlink: /home/home/ros2_ws/install/robot_msgs/share/robot_msgs/local_setup.bash
-- Up-to-date symlink: /home/home/ros2_ws/install/robot_msgs/share/robot_msgs/local_setup.sh
-- Up-to-date symlink: /home/home/ros2_ws/install/robot_msgs/share/robot_msgs/local_setup.zsh
-- Up-to-date symlink: /home/home/ros2_ws/install/robot_msgs/share/robot_msgs/local_setup.dsv
-- Symlinking: /home/home/ros2_ws/install/robot_msgs/share/robot_msgs/package.dsv
-- Up-to-date symlink: /home/home/ros2_ws/install/robot_msgs/share/ament_index/resource_index/packages/robot_msgs
-- Up-to-date symlink: /home/home/ros2_ws/install/robot_msgs/share/robot_msgs/cmake/rosidl_cmake-extras.cmake
-- Up-to-date symlink: /home/home/ros2_ws/install/robot_msgs/share/robot_msgs/cmake/ament_cmake_export_include_directories-extras.cmake
-- Up-to-date symlink: /home/home/ros2_ws/install/robot_msgs/share/robot_msgs/cmake/ament_cmake_export_libraries-extras.cmake
-- Up-to-date symlink: /home/home/ros2_ws/install/robot_msgs/share/robot_msgs/cmake/ament_cmake_export_targets-extras.cmake
-- Up-to-date symlink: /home/home/ros2_ws/install/robot_msgs/share/robot_msgs/cmake/rosidl_cmake_export_typesupport_targets-extras.cmake
-- Up-to-date symlink: /home/home/ros2_ws/install/robot_msgs/share/robot_msgs/cmake/ament_cmake_export_dependencies-extras.cmake
-- Up-to-date symlink: /home/home/ros2_ws/install/robot_msgs/share/robot_msgs/cmake/rosidl_cmake_export_typesupport_libraries-extras.cmake
-- Up-to-date symlink: /home/home/ros2_ws/install/robot_msgs/share/robot_msgs/cmake/robot_msgsConfig.cmake
-- Up-to-date symlink: /home/home/ros2_ws/install/robot_msgs/share/robot_msgs/cmake/robot_msgsConfig-version.cmake
-- Up-to-date symlink: /home/home/ros2_ws/install/robot_msgs/share/robot_msgs/package.xml
-- Up-to-date: /home/home/ros2_ws/install/robot_msgs/lib/librobot_msgs__rosidl_generator_c.so
-- Up-to-date: /home/home/ros2_ws/install/robot_msgs/lib/librobot_msgs__rosidl_typesupport_fastrtps_c.so
-- Up-to-date: /home/home/ros2_ws/install/robot_msgs/lib/librobot_msgs__rosidl_typesupport_introspection_c.so
-- Up-to-date: /home/home/ros2_ws/install/robot_msgs/lib/librobot_msgs__rosidl_typesupport_c.so
-- Up-to-date: /home/home/ros2_ws/install/robot_msgs/lib/librobot_msgs__rosidl_typesupport_fastrtps_cpp.so
-- Up-to-date: /home/home/ros2_ws/install/robot_msgs/lib/librobot_msgs__rosidl_typesupport_introspection_cpp.so
-- Up-to-date: /home/home/ros2_ws/install/robot_msgs/lib/librobot_msgs__rosidl_typesupport_cpp.so
Listing '/home/home/ros2_ws/install/robot_msgs/local/lib/python3.10/dist-packages/robot_msgs'...
Listing '/home/home/ros2_ws/install/robot_msgs/local/lib/python3.10/dist-packages/robot_msgs/msg'...
-- Up-to-date: /home/home/ros2_ws/install/robot_msgs/lib/librobot_msgs__rosidl_generator_py.so
-- Up-to-date: /home/home/ros2_ws/install/robot_msgs/share/robot_msgs/cmake/export_robot_msgs__rosidl_generator_cExport.cmake
-- Up-to-date: /home/home/ros2_ws/install/robot_msgs/share/robot_msgs/cmake/export_robot_msgs__rosidl_generator_cExport-noconfig.cmake
-- Up-to-date: /home/home/ros2_ws/install/robot_msgs/share/robot_msgs/cmake/export_robot_msgs__rosidl_typesupport_fastrtps_cExport.cmake
-- Up-to-date: /home/home/ros2_ws/install/robot_msgs/share/robot_msgs/cmake/export_robot_msgs__rosidl_typesupport_fastrtps_cExport-noconfig.cmake
-- Up-to-date: /home/home/ros2_ws/install/robot_msgs/share/robot_msgs/cmake/robot_msgs__rosidl_typesupport_introspection_cExport.cmake
-- Up-to-date: /home/home/ros2_ws/install/robot_msgs/share/robot_msgs/cmake/robot_msgs__rosidl_typesupport_introspection_cExport-noconfig.cmake
-- Up-to-date: /home/home/ros2_ws/install/robot_msgs/share/robot_msgs/cmake/robot_msgs__rosidl_typesupport_cExport.cmake
-- Up-to-date: /home/home/ros2_ws/install/robot_msgs/share/robot_msgs/cmake/robot_msgs__rosidl_typesupport_cExport-noconfig.cmake
-- Up-to-date: /home/home/ros2_ws/install/robot_msgs/share/robot_msgs/cmake/export_robot_msgs__rosidl_generator_cppExport.cmake
-- Up-to-date: /home/home/ros2_ws/install/robot_msgs/share/robot_msgs/cmake/export_robot_msgs__rosidl_typesupport_fastrtps_cppExport.cmake
-- Up-to-date: /home/home/ros2_ws/install/robot_msgs/share/robot_msgs/cmake/export_robot_msgs__rosidl_typesupport_fastrtps_cppExport-noconfig.cmake
-- Up-to-date: /home/home/ros2_ws/install/robot_msgs/share/robot_msgs/cmake/robot_msgs__rosidl_typesupport_introspection_cppExport.cmake
-- Up-to-date: /home/home/ros2_ws/install/robot_msgs/share/robot_msgs/cmake/robot_msgs__rosidl_typesupport_introspection_cppExport-noconfig.cmake
-- Up-to-date: /home/home/ros2_ws/install/robot_msgs/share/robot_msgs/cmake/robot_msgs__rosidl_typesupport_cppExport.cmake
-- Up-to-date: /home/home/ros2_ws/install/robot_msgs/share/robot_msgs/cmake/robot_msgs__rosidl_typesupport_cppExport-noconfig.cmake
-- Up-to-date: /home/home/ros2_ws/install/robot_msgs/share/robot_msgs/cmake/export_robot_msgs__rosidl_generator_pyExport.cmake
-- Up-to-date: /home/home/ros2_ws/install/robot_msgs/share/robot_msgs/cmake/export_robot_msgs__rosidl_generator_pyExport-noconfig.cmake
