[0.023s] Invoking command in '/home/home/ros2_ws/build/sliding_door_plugin': CMAKE_PREFIX_PATH=/opt/ros/humble /usr/bin/cmake /home/home/ros2_ws/src/RCI_quadruped_robot_navigation/plugins/sliding_door_plugin -DAMENT_CMAKE_SYMLINK_INSTALL=1 -DCMAKE_INSTALL_PREFIX=/home/home/ros2_ws/install/sliding_door_plugin
[1.103s] [33mCMake Warning (dev) at /usr/share/cmake-3.22/Modules/FindPackageHandleStandardArgs.cmake:438 (message):
[1.103s]   The package name passed to `find_package_handle_standard_args` (PkgConfig)
[1.103s]   does not match the name of the calling package (gazebo).  This can lead to
[1.103s]   problems in calling code that expects `find_package` result variables
[1.103s]   (e.g., `_FOUND`) to follow a certain pattern.
[1.104s] Call Stack (most recent call first):
[1.104s]   /usr/share/cmake-3.22/Modules/FindPkgConfig.cmake:99 (find_package_handle_standard_args)
[1.104s]   /usr/lib/x86_64-linux-gnu/cmake/gazebo/gazebo-config.cmake:72 (include)
[1.104s]   CMakeLists.txt:12 (find_package)
[1.104s] This warning is for project developers.  Use -Wno-dev to suppress it.
[1.104s] [0m
[1.105s] -- The C compiler identification is GNU 11.4.0
[1.105s] -- The CXX compiler identification is GNU 11.4.0
[1.105s] -- Detecting C compiler ABI info
[1.105s] -- Detecting C compiler ABI info - done
[1.105s] -- Check for working C compiler: /usr/bin/cc - skipped
[1.105s] -- Detecting C compile features
[1.105s] -- Detecting C compile features - done
[1.105s] -- Detecting CXX compiler ABI info
[1.105s] -- Detecting CXX compiler ABI info - done
[1.105s] -- Check for working CXX compiler: /usr/bin/c++ - skipped
[1.105s] -- Detecting CXX compile features
[1.105s] -- Detecting CXX compile features - done
[1.105s] -- Found ament_cmake: 1.3.12 (/opt/ros/humble/share/ament_cmake/cmake)
[1.105s] -- Found Python3: /usr/bin/python3 (found version "3.10.12") found components: Interpreter 
[1.105s] -- Override CMake install command with custom implementation using symlinks instead of copying resources
[1.105s] -- Found PkgConfig: /usr/bin/pkg-config (found version "0.29.2") 
[1.105s] -- Checking for module 'bullet>=2.82'
[1.105s] --   Found bullet, version 3.05
[1.105s] -- Found fcl: /usr/include (found suitable version "0.7.0", minimum required is "0.5.0") 
[1.105s] -- Found assimp: /usr/include (found version "5.2.0") 
[1.105s] -- Found DART: /usr/include (Required is at least version "6.6") found components: dart 
[1.105s] -- Found Boost: /usr/lib/x86_64-linux-gnu/cmake/Boost-1.74.0/BoostConfig.cmake (found suitable version "1.74.0", minimum required is "1.40.0") found components: thread system filesystem program_options regex iostreams date_time 
[1.105s] -- Found Protobuf: /usr/lib/x86_64-linux-gnu/libprotobuf.so (found version "3.12.4") 
[1.105s] -- Looking for ignition-math6 -- found version 6.15.1
[1.105s] -- Searching for dependencies of ignition-math6
[1.105s] -- Looking for OGRE...
[1.105s] -- OGRE_PREFIX_WATCH changed.
[1.105s] -- Checking for module 'OGRE'
[1.105s] --   Found OGRE, version 1.9.0
[1.105s] -- Found Ogre Ghadamon (1.9.0)
[1.106s] -- Found OGRE: optimized;/usr/lib/x86_64-linux-gnu/libOgreMain.so;debug;/usr/lib/x86_64-linux-gnu/libOgreMain.so
[1.106s] -- Looking for OGRE_Paging...
[1.106s] -- Found OGRE_Paging: optimized;/usr/lib/x86_64-linux-gnu/libOgrePaging.so;debug;/usr/lib/x86_64-linux-gnu/libOgrePaging.so
[1.106s] -- Looking for OGRE_Terrain...
[1.106s] -- Found OGRE_Terrain: optimized;/usr/lib/x86_64-linux-gnu/libOgreTerrain.so;debug;/usr/lib/x86_64-linux-gnu/libOgreTerrain.so
[1.106s] -- Looking for OGRE_Property...
[1.106s] -- Found OGRE_Property: optimized;/usr/lib/x86_64-linux-gnu/libOgreProperty.so;debug;/usr/lib/x86_64-linux-gnu/libOgreProperty.so
[1.106s] -- Looking for OGRE_RTShaderSystem...
[1.106s] -- Found OGRE_RTShaderSystem: optimized;/usr/lib/x86_64-linux-gnu/libOgreRTShaderSystem.so;debug;/usr/lib/x86_64-linux-gnu/libOgreRTShaderSystem.so
[1.106s] -- Looking for OGRE_Volume...
[1.106s] -- Found OGRE_Volume: optimized;/usr/lib/x86_64-linux-gnu/libOgreVolume.so;debug;/usr/lib/x86_64-linux-gnu/libOgreVolume.so
[1.109s] -- Looking for OGRE_Overlay...
[1.109s] -- Found OGRE_Overlay: optimized;/usr/lib/x86_64-linux-gnu/libOgreOverlay.so;debug;/usr/lib/x86_64-linux-gnu/libOgreOverlay.so
[1.109s] -- Looking for ignition-math6 -- found version 6.15.1
[1.109s] -- Looking for ignition-transport8 -- found version 8.2.1
[1.109s] -- Searching for dependencies of ignition-transport8
[1.109s] -- Found Protobuf: /usr/lib/x86_64-linux-gnu/libprotobuf.so (found suitable version "3.12.4", minimum required is "3") 
[1.109s] -- Config-file not installed for ZeroMQ -- checking for pkg-config
[1.109s] -- Checking for module 'libzmq >= 4'
[1.109s] --   Found libzmq , version 4.3.4
[1.109s] -- Found ZeroMQ: TRUE (Required is at least version "4") 
[1.109s] -- Checking for module 'uuid'
[1.109s] --   Found uuid, version 2.37.2
[1.149s] -- Found UUID: TRUE  
[1.155s] -- Looking for ignition-msgs5 -- found version 5.8.1
[1.155s] -- Searching for dependencies of ignition-msgs5
[1.185s] -- Looking for ignition-math6 -- found version 6.15.1
[1.192s] -- Checking for module 'tinyxml2'
[1.217s] --   Found tinyxml2, version 9.0.0
[1.291s] -- Looking for ignition-msgs5 -- found version 5.8.1
[1.293s] -- Looking for ignition-common3 -- found version 3.14.0
[1.294s] -- Searching for dependencies of ignition-common3
[1.298s] -- Looking for dlfcn.h - found
[1.298s] -- Looking for libdl - found
[1.300s] -- Found DL: TRUE  
[1.320s] -- Found tinyobjloader: /usr/lib/x86_64-linux-gnu/cmake/tinyobjloader/tinyobjloader-config.cmake (found version "2.0.0") 
[1.320s] -- Searching for <ignition-common3> component [graphics]
[1.324s] -- Looking for ignition-common3-graphics -- found version 3.14.0
[1.325s] -- Searching for dependencies of ignition-common3-graphics
[1.331s] -- Looking for ignition-math6 -- found version 6.15.1
[1.331s] -- Looking for ignition-fuel_tools4 -- found version 4.4.0
[1.338s] -- Searching for dependencies of ignition-fuel_tools4
[1.514s] -- Found CURL: /usr/lib/x86_64-linux-gnu/libcurl.so (found version "7.81.0")  
[1.528s] -- Checking for module 'jsoncpp'
[1.558s] --   Found jsoncpp, version 1.9.5
[1.625s] -- Found JSONCPP: TRUE  
[1.637s] -- Checking for module 'libzip'
[1.660s] --   Found libzip, version 1.7.3
[1.734s] -- Found ZIP: TRUE  
[1.734s] -- Looking for ignition-common3 -- found version 3.14.0
[1.735s] -- Looking for ignition-math6 -- found version 6.15.1
[1.740s] -- Looking for ignition-msgs5 -- found version 5.8.1
[1.751s] -- Found gazebo_ros: 3.9.0 (/opt/ros/humble/share/gazebo_ros/cmake)
[1.829s] -- Found rosidl_generator_c: 3.1.7 (/opt/ros/humble/share/rosidl_generator_c/cmake)
[1.843s] -- Found rosidl_adapter: 3.1.7 (/opt/ros/humble/share/rosidl_adapter/cmake)
[1.857s] -- Found rosidl_generator_cpp: 3.1.7 (/opt/ros/humble/share/rosidl_generator_cpp/cmake)
[1.876s] -- Using all available rosidl_typesupport_c: rosidl_typesupport_fastrtps_c;rosidl_typesupport_introspection_c
[1.919s] -- Using all available rosidl_typesupport_cpp: rosidl_typesupport_fastrtps_cpp;rosidl_typesupport_introspection_cpp
[1.968s] -- Found rmw_implementation_cmake: 6.1.2 (/opt/ros/humble/share/rmw_implementation_cmake/cmake)
[1.971s] -- Found rmw_fastrtps_cpp: 6.2.9 (/opt/ros/humble/share/rmw_fastrtps_cpp/cmake)
[2.140s] -- Found OpenSSL: /usr/lib/x86_64-linux-gnu/libcrypto.so (found version "3.0.2")  
[2.199s] -- Found FastRTPS: /opt/ros/humble/include  
[2.285s] -- Using RMW implementation 'rmw_fastrtps_cpp' as default
[2.305s] -- Found Threads: TRUE  
[2.404s] -- Gazebo version: 11.10
[2.404s] -- Checking for module 'tbb'
[2.427s] --   Found tbb, version 2021.5.0
[2.637s] -- Configuring done
[2.732s] -- Generating done
[2.750s] -- Build files have been written to: /home/home/ros2_ws/build/sliding_door_plugin
[2.791s] Invoked command in '/home/home/ros2_ws/build/sliding_door_plugin' returned '0': CMAKE_PREFIX_PATH=/opt/ros/humble /usr/bin/cmake /home/home/ros2_ws/src/RCI_quadruped_robot_navigation/plugins/sliding_door_plugin -DAMENT_CMAKE_SYMLINK_INSTALL=1 -DCMAKE_INSTALL_PREFIX=/home/home/ros2_ws/install/sliding_door_plugin
[2.792s] Invoking command in '/home/home/ros2_ws/build/sliding_door_plugin': CMAKE_PREFIX_PATH=/opt/ros/humble /usr/bin/cmake --build /home/home/ros2_ws/build/sliding_door_plugin -- -j12 -l12
[2.922s] [ 25%] [32mBuilding CXX object CMakeFiles/single_sliding_door_plugin.dir/src/single_sliding_door_plugin.cpp.o[0m
[2.928s] [ 50%] [32mBuilding CXX object CMakeFiles/double_sliding_door_plugin.dir/src/double_sliding_door_plugin.cpp.o[0m
[18.955s] [ 75%] [32m[1mLinking CXX shared library libdouble_sliding_door_plugin.so[0m
[19.103s] [100%] [32m[1mLinking CXX shared library libsingle_sliding_door_plugin.so[0m
[19.464s] [100%] Built target double_sliding_door_plugin
[19.615s] [100%] Built target single_sliding_door_plugin
[19.623s] Invoked command in '/home/home/ros2_ws/build/sliding_door_plugin' returned '0': CMAKE_PREFIX_PATH=/opt/ros/humble /usr/bin/cmake --build /home/home/ros2_ws/build/sliding_door_plugin -- -j12 -l12
[19.624s] Invoking command in '/home/home/ros2_ws/build/sliding_door_plugin': CMAKE_PREFIX_PATH=/opt/ros/humble /usr/bin/cmake --install /home/home/ros2_ws/build/sliding_door_plugin
[19.629s] -- Install configuration: ""
[19.629s] -- Execute custom install script
[19.630s] -- Symlinking: /home/home/ros2_ws/install/sliding_door_plugin/lib/libdouble_sliding_door_plugin.so
[19.636s] -- Symlinking: /home/home/ros2_ws/install/sliding_door_plugin/lib/libsingle_sliding_door_plugin.so
[19.642s] -- Symlinking: /home/home/ros2_ws/install/sliding_door_plugin/share/ament_index/resource_index/package_run_dependencies/sliding_door_plugin
[19.648s] -- Symlinking: /home/home/ros2_ws/install/sliding_door_plugin/share/ament_index/resource_index/parent_prefix_path/sliding_door_plugin
[19.654s] -- Symlinking: /home/home/ros2_ws/install/sliding_door_plugin/share/sliding_door_plugin/environment/ament_prefix_path.sh
[19.660s] -- Symlinking: /home/home/ros2_ws/install/sliding_door_plugin/share/sliding_door_plugin/environment/ament_prefix_path.dsv
[19.666s] -- Symlinking: /home/home/ros2_ws/install/sliding_door_plugin/share/sliding_door_plugin/environment/path.sh
[19.672s] -- Symlinking: /home/home/ros2_ws/install/sliding_door_plugin/share/sliding_door_plugin/environment/path.dsv
[19.679s] -- Symlinking: /home/home/ros2_ws/install/sliding_door_plugin/share/sliding_door_plugin/local_setup.bash
[19.685s] -- Symlinking: /home/home/ros2_ws/install/sliding_door_plugin/share/sliding_door_plugin/local_setup.sh
[19.692s] -- Symlinking: /home/home/ros2_ws/install/sliding_door_plugin/share/sliding_door_plugin/local_setup.zsh
[19.698s] -- Symlinking: /home/home/ros2_ws/install/sliding_door_plugin/share/sliding_door_plugin/local_setup.dsv
[19.704s] -- Symlinking: /home/home/ros2_ws/install/sliding_door_plugin/share/sliding_door_plugin/package.dsv
[19.711s] -- Symlinking: /home/home/ros2_ws/install/sliding_door_plugin/share/ament_index/resource_index/packages/sliding_door_plugin
[19.717s] -- Symlinking: /home/home/ros2_ws/install/sliding_door_plugin/share/sliding_door_plugin/cmake/sliding_door_pluginConfig.cmake
[19.723s] -- Symlinking: /home/home/ros2_ws/install/sliding_door_plugin/share/sliding_door_plugin/cmake/sliding_door_pluginConfig-version.cmake
[19.728s] -- Symlinking: /home/home/ros2_ws/install/sliding_door_plugin/share/sliding_door_plugin/package.xml
[19.736s] Invoked command in '/home/home/ros2_ws/build/sliding_door_plugin' returned '0': CMAKE_PREFIX_PATH=/opt/ros/humble /usr/bin/cmake --install /home/home/ros2_ws/build/sliding_door_plugin
