[0.028s] Invoking command in '/home/home/ros2_ws/build/velodyne_gazebo_plugins': CMAKE_PREFIX_PATH=/opt/ros/humble /usr/bin/cmake /home/home/ros2_ws/src/RCI_quadruped_robot_navigation/velodyne_simulator/velodyne_gazebo_plugins -DAMENT_CMAKE_SYMLINK_INSTALL=1 -DCMAKE_INSTALL_PREFIX=/home/home/ros2_ws/install/velodyne_gazebo_plugins
[0.074s] -- The C compiler identification is GNU 11.4.0
[0.124s] -- The CXX compiler identification is GNU 11.4.0
[0.131s] -- Detecting C compiler ABI info
[0.197s] -- Detecting C compiler ABI info - done
[0.205s] -- Check for working C compiler: /usr/bin/cc - skipped
[0.205s] -- Detecting C compile features
[0.205s] -- Detecting C compile features - done
[0.207s] -- Detecting CXX compiler ABI info
[0.286s] -- Detecting CXX compiler ABI info - done
[0.291s] -- Check for working CXX compiler: /usr/bin/c++ - skipped
[0.291s] -- Detecting CXX compile features
[0.291s] -- Detecting CXX compile features - done
[0.294s] -- Found ament_cmake: 1.3.12 (/opt/ros/humble/share/ament_cmake/cmake)
[0.429s] -- Found Python3: /usr/bin/python3 (found version "3.10.12") found components: Interpreter 
[0.486s] -- Override CMake install command with custom implementation using symlinks instead of copying resources
[0.515s] -- Found gazebo_dev: 3.9.0 (/opt/ros/humble/share/gazebo_dev/cmake)
[0.520s] -- Found PkgConfig: /usr/bin/pkg-config (found version "0.29.2") 
[0.523s] -- Checking for module 'bullet>=2.82'
[0.533s] --   Found bullet, version 3.05
[0.616s] -- Found fcl: /usr/include (found suitable version "0.7.0", minimum required is "0.5.0") 
[0.654s] -- Found assimp: /usr/include (found version "5.2.0") 
[0.666s] -- Found DART: /usr/include (Required is at least version "6.6") found components: dart 
[0.802s] -- Found Boost: /usr/lib/x86_64-linux-gnu/cmake/Boost-1.74.0/BoostConfig.cmake (found suitable version "1.74.0", minimum required is "1.40.0") found components: thread system filesystem program_options regex iostreams date_time 
[0.815s] -- Found Protobuf: /usr/lib/x86_64-linux-gnu/libprotobuf.so (found version "3.12.4") 
[0.822s] -- Looking for ignition-math6 -- found version 6.15.1
[0.825s] -- Searching for dependencies of ignition-math6
[0.826s] -- Looking for OGRE...
[0.827s] -- OGRE_PREFIX_WATCH changed.
[0.831s] -- Checking for module 'OGRE'
[0.839s] --   Found OGRE, version 1.9.0
[0.866s] -- Found Ogre Ghadamon (1.9.0)
[0.875s] -- Found OGRE: optimized;/usr/lib/x86_64-linux-gnu/libOgreMain.so;debug;/usr/lib/x86_64-linux-gnu/libOgreMain.so
[0.885s] -- Looking for OGRE_Paging...
[0.887s] -- Found OGRE_Paging: optimized;/usr/lib/x86_64-linux-gnu/libOgrePaging.so;debug;/usr/lib/x86_64-linux-gnu/libOgrePaging.so
[0.887s] -- Looking for OGRE_Terrain...
[0.891s] -- Found OGRE_Terrain: optimized;/usr/lib/x86_64-linux-gnu/libOgreTerrain.so;debug;/usr/lib/x86_64-linux-gnu/libOgreTerrain.so
[0.895s] -- Looking for OGRE_Property...
[0.898s] -- Found OGRE_Property: optimized;/usr/lib/x86_64-linux-gnu/libOgreProperty.so;debug;/usr/lib/x86_64-linux-gnu/libOgreProperty.so
[0.898s] -- Looking for OGRE_RTShaderSystem...
[0.901s] -- Found OGRE_RTShaderSystem: optimized;/usr/lib/x86_64-linux-gnu/libOgreRTShaderSystem.so;debug;/usr/lib/x86_64-linux-gnu/libOgreRTShaderSystem.so
[0.901s] -- Looking for OGRE_Volume...
[0.904s] -- Found OGRE_Volume: optimized;/usr/lib/x86_64-linux-gnu/libOgreVolume.so;debug;/usr/lib/x86_64-linux-gnu/libOgreVolume.so
[0.904s] -- Looking for OGRE_Overlay...
[0.908s] -- Found OGRE_Overlay: optimized;/usr/lib/x86_64-linux-gnu/libOgreOverlay.so;debug;/usr/lib/x86_64-linux-gnu/libOgreOverlay.so
[0.992s] -- Looking for ignition-math6 -- found version 6.15.1
[0.992s] -- Looking for ignition-transport8 -- found version 8.2.1
[0.992s] -- Searching for dependencies of ignition-transport8
[1.010s] -- Found Protobuf: /usr/lib/x86_64-linux-gnu/libprotobuf.so (found suitable version "3.12.4", minimum required is "3") 
[1.018s] -- Config-file not installed for ZeroMQ -- checking for pkg-config
[1.022s] -- Checking for module 'libzmq >= 4'
[1.031s] --   Found libzmq , version 4.3.4
[1.082s] -- Found ZeroMQ: TRUE (Required is at least version "4") 
[1.092s] -- Checking for module 'uuid'
[1.111s] --   Found uuid, version 2.37.2
[1.158s] -- Found UUID: TRUE  
[1.162s] -- Looking for ignition-msgs5 -- found version 5.8.1
[1.164s] -- Searching for dependencies of ignition-msgs5
[1.189s] -- Looking for ignition-math6 -- found version 6.15.1
[1.197s] -- Checking for module 'tinyxml2'
[1.226s] --   Found tinyxml2, version 9.0.0
[1.306s] -- Looking for ignition-msgs5 -- found version 5.8.1
[1.312s] -- Looking for ignition-common3 -- found version 3.14.0
[1.317s] -- Searching for dependencies of ignition-common3
[1.317s] -- Looking for dlfcn.h - found
[1.318s] -- Looking for libdl - found
[1.319s] -- Found DL: TRUE  
[1.345s] -- Found tinyobjloader: /usr/lib/x86_64-linux-gnu/cmake/tinyobjloader/tinyobjloader-config.cmake (found version "2.0.0") 
[1.345s] -- Searching for <ignition-common3> component [graphics]
[1.350s] -- Looking for ignition-common3-graphics -- found version 3.14.0
[1.350s] -- Searching for dependencies of ignition-common3-graphics
[1.350s] -- Looking for ignition-math6 -- found version 6.15.1
[1.357s] -- Looking for ignition-fuel_tools4 -- found version 4.4.0
[1.357s] -- Searching for dependencies of ignition-fuel_tools4
[1.503s] -- Found CURL: /usr/lib/x86_64-linux-gnu/libcurl.so (found version "7.81.0")  
[1.524s] -- Checking for module 'jsoncpp'
[1.552s] --   Found jsoncpp, version 1.9.5
[1.612s] -- Found JSONCPP: TRUE  
[1.626s] -- Checking for module 'libzip'
[1.651s] --   Found libzip, version 1.7.3
[1.719s] -- Found ZIP: TRUE  
[1.724s] -- Looking for ignition-common3 -- found version 3.14.0
[1.724s] -- Looking for ignition-math6 -- found version 6.15.1
[1.724s] -- Looking for ignition-msgs5 -- found version 5.8.1
[1.734s] -- Gazebo version: 11.10
[1.734s] -- Checking for module 'tbb'
[1.761s] --   Found tbb, version 2021.5.0
[1.846s] -- Found gazebo_ros: 3.9.0 (/opt/ros/humble/share/gazebo_ros/cmake)
[1.923s] -- Found rosidl_generator_c: 3.1.7 (/opt/ros/humble/share/rosidl_generator_c/cmake)
[1.938s] -- Found rosidl_adapter: 3.1.7 (/opt/ros/humble/share/rosidl_adapter/cmake)
[1.945s] -- Found rosidl_generator_cpp: 3.1.7 (/opt/ros/humble/share/rosidl_generator_cpp/cmake)
[1.970s] -- Using all available rosidl_typesupport_c: rosidl_typesupport_fastrtps_c;rosidl_typesupport_introspection_c
[1.998s] -- Using all available rosidl_typesupport_cpp: rosidl_typesupport_fastrtps_cpp;rosidl_typesupport_introspection_cpp
[2.078s] -- Found rmw_implementation_cmake: 6.1.2 (/opt/ros/humble/share/rmw_implementation_cmake/cmake)
[2.084s] -- Found rmw_fastrtps_cpp: 6.2.9 (/opt/ros/humble/share/rmw_fastrtps_cpp/cmake)
[2.297s] -- Found OpenSSL: /usr/lib/x86_64-linux-gnu/libcrypto.so (found version "3.0.2")  
[2.357s] -- Found FastRTPS: /opt/ros/humble/include  
[2.444s] -- Using RMW implementation 'rmw_fastrtps_cpp' as default
[2.465s] -- Found Threads: TRUE  
[2.556s] -- Found gazebo_msgs: 3.9.0 (/opt/ros/humble/share/gazebo_msgs/cmake)
[2.653s] -- Found sensor_msgs: 4.9.0 (/opt/ros/humble/share/sensor_msgs/cmake)
[2.815s] -- Configuring done
[2.867s] -- Generating done
[2.887s] -- Build files have been written to: /home/home/ros2_ws/build/velodyne_gazebo_plugins
[2.916s] Invoked command in '/home/home/ros2_ws/build/velodyne_gazebo_plugins' returned '0': CMAKE_PREFIX_PATH=/opt/ros/humble /usr/bin/cmake /home/home/ros2_ws/src/RCI_quadruped_robot_navigation/velodyne_simulator/velodyne_gazebo_plugins -DAMENT_CMAKE_SYMLINK_INSTALL=1 -DCMAKE_INSTALL_PREFIX=/home/home/ros2_ws/install/velodyne_gazebo_plugins
[2.926s] Invoking command in '/home/home/ros2_ws/build/velodyne_gazebo_plugins': CMAKE_PREFIX_PATH=/opt/ros/humble /usr/bin/cmake --build /home/home/ros2_ws/build/velodyne_gazebo_plugins -- -j12 -l12
[3.034s] [ 50%] [32mBuilding CXX object CMakeFiles/gazebo_ros_velodyne_laser.dir/src/GazeboRosVelodyneLaser.cpp.o[0m
[16.671s] [100%] [32m[1mLinking CXX shared library libgazebo_ros_velodyne_laser.so[0m
[17.070s] [100%] Built target gazebo_ros_velodyne_laser
[17.078s] Invoked command in '/home/home/ros2_ws/build/velodyne_gazebo_plugins' returned '0': CMAKE_PREFIX_PATH=/opt/ros/humble /usr/bin/cmake --build /home/home/ros2_ws/build/velodyne_gazebo_plugins -- -j12 -l12
[17.080s] Invoking command in '/home/home/ros2_ws/build/velodyne_gazebo_plugins': CMAKE_PREFIX_PATH=/opt/ros/humble /usr/bin/cmake --install /home/home/ros2_ws/build/velodyne_gazebo_plugins
[17.086s] -- Install configuration: ""
[17.087s] -- Execute custom install script
[17.087s] -- Symlinking: /home/home/ros2_ws/install/velodyne_gazebo_plugins/lib/libgazebo_ros_velodyne_laser.so
[17.096s] -- Symlinking: /home/home/ros2_ws/install/velodyne_gazebo_plugins/include/velodyne_gazebo_plugins/GazeboRosVelodyneLaser.hpp
[17.104s] -- Symlinking: /home/home/ros2_ws/install/velodyne_gazebo_plugins/share/velodyne_gazebo_plugins/environment/library_path.sh
[17.112s] -- Symlinking: /home/home/ros2_ws/install/velodyne_gazebo_plugins/share/velodyne_gazebo_plugins/environment/library_path.dsv
[17.121s] -- Symlinking: /home/home/ros2_ws/install/velodyne_gazebo_plugins/share/ament_index/resource_index/package_run_dependencies/velodyne_gazebo_plugins
[17.129s] -- Symlinking: /home/home/ros2_ws/install/velodyne_gazebo_plugins/share/ament_index/resource_index/parent_prefix_path/velodyne_gazebo_plugins
[17.138s] -- Symlinking: /home/home/ros2_ws/install/velodyne_gazebo_plugins/share/velodyne_gazebo_plugins/environment/ament_prefix_path.sh
[17.147s] -- Symlinking: /home/home/ros2_ws/install/velodyne_gazebo_plugins/share/velodyne_gazebo_plugins/environment/ament_prefix_path.dsv
[17.155s] -- Symlinking: /home/home/ros2_ws/install/velodyne_gazebo_plugins/share/velodyne_gazebo_plugins/environment/path.sh
[17.164s] -- Symlinking: /home/home/ros2_ws/install/velodyne_gazebo_plugins/share/velodyne_gazebo_plugins/environment/path.dsv
[17.173s] -- Symlinking: /home/home/ros2_ws/install/velodyne_gazebo_plugins/share/velodyne_gazebo_plugins/local_setup.bash
[17.182s] -- Symlinking: /home/home/ros2_ws/install/velodyne_gazebo_plugins/share/velodyne_gazebo_plugins/local_setup.sh
[17.191s] -- Symlinking: /home/home/ros2_ws/install/velodyne_gazebo_plugins/share/velodyne_gazebo_plugins/local_setup.zsh
[17.199s] -- Symlinking: /home/home/ros2_ws/install/velodyne_gazebo_plugins/share/velodyne_gazebo_plugins/local_setup.dsv
[17.207s] -- Symlinking: /home/home/ros2_ws/install/velodyne_gazebo_plugins/share/velodyne_gazebo_plugins/package.dsv
[17.214s] -- Symlinking: /home/home/ros2_ws/install/velodyne_gazebo_plugins/share/ament_index/resource_index/packages/velodyne_gazebo_plugins
[17.222s] -- Symlinking: /home/home/ros2_ws/install/velodyne_gazebo_plugins/share/velodyne_gazebo_plugins/cmake/ament_cmake_export_include_directories-extras.cmake
[17.230s] -- Symlinking: /home/home/ros2_ws/install/velodyne_gazebo_plugins/share/velodyne_gazebo_plugins/cmake/ament_cmake_export_libraries-extras.cmake
[17.238s] -- Symlinking: /home/home/ros2_ws/install/velodyne_gazebo_plugins/share/velodyne_gazebo_plugins/cmake/ament_cmake_export_dependencies-extras.cmake
[17.245s] -- Symlinking: /home/home/ros2_ws/install/velodyne_gazebo_plugins/share/velodyne_gazebo_plugins/cmake/velodyne_gazebo_pluginsConfig.cmake
[17.253s] -- Symlinking: /home/home/ros2_ws/install/velodyne_gazebo_plugins/share/velodyne_gazebo_plugins/cmake/velodyne_gazebo_pluginsConfig-version.cmake
[17.261s] -- Symlinking: /home/home/ros2_ws/install/velodyne_gazebo_plugins/share/velodyne_gazebo_plugins/package.xml
[17.271s] Invoked command in '/home/home/ros2_ws/build/velodyne_gazebo_plugins' returned '0': CMAKE_PREFIX_PATH=/opt/ros/humble /usr/bin/cmake --install /home/home/ros2_ws/build/velodyne_gazebo_plugins
