-- The C compiler identification is GNU 11.4.0
-- The CXX compiler identification is GNU 11.4.0
-- Detecting C compiler ABI info
-- Detecting C compiler ABI info - done
-- Check for working C compiler: /usr/bin/cc - skipped
-- Detecting C compile features
-- Detecting C compile features - done
-- Detecting CXX compiler ABI info
-- Detecting CXX compiler ABI info - done
-- Check for working CXX compiler: /usr/bin/c++ - skipped
-- Detecting CXX compile features
-- Detecting CXX compile features - done
-- Found ament_cmake: 1.3.12 (/opt/ros/humble/share/ament_cmake/cmake)
-- Found Python3: /usr/bin/python3 (found version "3.10.12") found components: Interpreter 
-- Override CMake install command with custom implementation using symlinks instead of copying resources
-- Found rclcpp: 16.0.16 (/opt/ros/humble/share/rclcpp/cmake)
-- Found rosidl_generator_c: 3.1.7 (/opt/ros/humble/share/rosidl_generator_c/cmake)
-- Found rosidl_adapter: 3.1.7 (/opt/ros/humble/share/rosidl_adapter/cmake)
-- Found rosidl_generator_cpp: 3.1.7 (/opt/ros/humble/share/rosidl_generator_cpp/cmake)
-- Using all available rosidl_typesupport_c: rosidl_typesupport_fastrtps_c;rosidl_typesupport_introspection_c
-- Using all available rosidl_typesupport_cpp: rosidl_typesupport_fastrtps_cpp;rosidl_typesupport_introspection_cpp
-- Found rmw_implementation_cmake: 6.1.2 (/opt/ros/humble/share/rmw_implementation_cmake/cmake)
-- Found rmw_fastrtps_cpp: 6.2.9 (/opt/ros/humble/share/rmw_fastrtps_cpp/cmake)
-- Found OpenSSL: /usr/lib/x86_64-linux-gnu/libcrypto.so (found version "3.0.2")  
-- Found FastRTPS: /opt/ros/humble/include  
-- Using RMW implementation 'rmw_fastrtps_cpp' as default
-- Looking for pthread.h
-- Looking for pthread.h - found
-- Performing Test CMAKE_HAVE_LIBC_PTHREAD
-- Performing Test CMAKE_HAVE_LIBC_PTHREAD - Success
-- Found Threads: TRUE  
-- Found nav_msgs: 4.9.0 (/opt/ros/humble/share/nav_msgs/cmake)
-- Found tf2_ros: 0.25.17 (/opt/ros/humble/share/tf2_ros/cmake)
-- Found ament_lint_auto: 0.12.14 (/opt/ros/humble/share/ament_lint_auto/cmake)
-- Added test 'cppcheck' to perform static code analysis on C / C++ code
-- Configured cppcheck include dirs: /home/home/ros2_ws/src/RCI_quadruped_robot_navigation/bt/door_bt/include
-- Configured cppcheck exclude dirs and/or files: 
-- Added test 'lint_cmake' to check CMake code style
-- Added test 'uncrustify' to check C / C++ code style
-- Configured uncrustify additional arguments: 
-- Added test 'xmllint' to check XML markup files
-- Configuring done
-- Generating done
-- Build files have been written to: /home/home/ros2_ws/build/door_bt
[ 12%] [32mBuilding CXX object CMakeFiles/door_bt_nodes.dir/src/bt_nodes/check_path_uses_door.cpp.o[0m
[ 25%] [32mBuilding CXX object CMakeFiles/door_bt_nodes.dir/src/bt_nodes/bt_plugin.cpp.o[0m
[ 37%] [32mBuilding CXX object CMakeFiles/door_bt_nodes.dir/src/bt_nodes/is_robot_past_door.cpp.o[0m
[ 50%] [32mBuilding CXX object CMakeFiles/door_bt_nodes.dir/src/bt_nodes/is_robot_in_door_radius.cpp.o[0m
[ 62%] [32mBuilding CXX object CMakeFiles/door_bt_nodes.dir/src/bt_nodes/set_door_open.cpp.o[0m
[ 75%] [32m[1mLinking CXX shared library libdoor_bt_nodes.so[0m
[ 75%] Built target door_bt_nodes
[ 87%] [32mBuilding CXX object CMakeFiles/door_bt_runner.dir/src/door_bt_runner.cpp.o[0m
[100%] [32m[1mLinking CXX executable door_bt_runner[0m
[100%] Built target door_bt_runner
-- Install configuration: ""
-- Execute custom install script
-- Symlinking: /home/home/ros2_ws/install/door_bt/lib/libdoor_bt_nodes.so
-- Symlinking: /home/home/ros2_ws/install/door_bt/lib/door_bt/door_bt_runner
-- Symlinking: /home/home/ros2_ws/install/door_bt/share/door_bt/bt_trees/tests/door_open_close_3doors.xml
-- Symlinking: /home/home/ros2_ws/install/door_bt/include/door_bt/bt_nodes/check_path_uses_door.hpp
-- Symlinking: /home/home/ros2_ws/install/door_bt/include/door_bt/bt_nodes/is_robot_in_door_radius.hpp
-- Symlinking: /home/home/ros2_ws/install/door_bt/include/door_bt/bt_nodes/is_robot_past_door.hpp
-- Symlinking: /home/home/ros2_ws/install/door_bt/include/door_bt/bt_nodes/set_door_open.hpp
-- Symlinking: /home/home/ros2_ws/install/door_bt/share/ament_index/resource_index/package_run_dependencies/door_bt
-- Symlinking: /home/home/ros2_ws/install/door_bt/share/ament_index/resource_index/parent_prefix_path/door_bt
-- Symlinking: /home/home/ros2_ws/install/door_bt/share/door_bt/environment/ament_prefix_path.sh
-- Symlinking: /home/home/ros2_ws/install/door_bt/share/door_bt/environment/ament_prefix_path.dsv
-- Symlinking: /home/home/ros2_ws/install/door_bt/share/door_bt/environment/path.sh
-- Symlinking: /home/home/ros2_ws/install/door_bt/share/door_bt/environment/path.dsv
-- Symlinking: /home/home/ros2_ws/install/door_bt/share/door_bt/local_setup.bash
-- Symlinking: /home/home/ros2_ws/install/door_bt/share/door_bt/local_setup.sh
-- Symlinking: /home/home/ros2_ws/install/door_bt/share/door_bt/local_setup.zsh
-- Symlinking: /home/home/ros2_ws/install/door_bt/share/door_bt/local_setup.dsv
-- Symlinking: /home/home/ros2_ws/install/door_bt/share/door_bt/package.dsv
-- Symlinking: /home/home/ros2_ws/install/door_bt/share/ament_index/resource_index/packages/door_bt
-- Symlinking: /home/home/ros2_ws/install/door_bt/share/door_bt/cmake/door_btConfig.cmake
-- Symlinking: /home/home/ros2_ws/install/door_bt/share/door_bt/cmake/door_btConfig-version.cmake
-- Symlinking: /home/home/ros2_ws/install/door_bt/share/door_bt/package.xml
