[0.026s] Invoking command in '/home/home/ros2_ws/build/door_bt': CMAKE_PREFIX_PATH=/opt/ros/humble /usr/bin/cmake /home/home/ros2_ws/src/RCI_quadruped_robot_navigation/bt/door_bt -DAMENT_CMAKE_SYMLINK_INSTALL=1 -DCMAKE_INSTALL_PREFIX=/home/home/ros2_ws/install/door_bt
[0.074s] -- The C compiler identification is GNU 11.4.0
[0.126s] -- The CXX compiler identification is GNU 11.4.0
[0.136s] -- Detecting C compiler ABI info
[0.196s] -- Detecting C compiler ABI info - done
[0.203s] -- Check for working C compiler: /usr/bin/cc - skipped
[0.203s] -- Detecting C compile features
[0.203s] -- Detecting C compile features - done
[0.210s] -- Detecting CXX compiler ABI info
[0.281s] -- Detecting CXX compiler ABI info - done
[0.288s] -- Check for working CXX compiler: /usr/bin/c++ - skipped
[0.288s] -- Detecting CXX compile features
[0.288s] -- Detecting CXX compile features - done
[0.298s] -- Found ament_cmake: 1.3.12 (/opt/ros/humble/share/ament_cmake/cmake)
[0.429s] -- Found Python3: /usr/bin/python3 (found version "3.10.12") found components: Interpreter 
[0.488s] -- Override CMake install command with custom implementation using symlinks instead of copying resources
[0.518s] -- Found rclcpp: 16.0.16 (/opt/ros/humble/share/rclcpp/cmake)
[0.552s] -- Found rosidl_generator_c: 3.1.7 (/opt/ros/humble/share/rosidl_generator_c/cmake)
[0.557s] -- Found rosidl_adapter: 3.1.7 (/opt/ros/humble/share/rosidl_adapter/cmake)
[0.573s] -- Found rosidl_generator_cpp: 3.1.7 (/opt/ros/humble/share/rosidl_generator_cpp/cmake)
[0.574s] -- Using all available rosidl_typesupport_c: rosidl_typesupport_fastrtps_c;rosidl_typesupport_introspection_c
[0.589s] -- Using all available rosidl_typesupport_cpp: rosidl_typesupport_fastrtps_cpp;rosidl_typesupport_introspection_cpp
[0.627s] -- Found rmw_implementation_cmake: 6.1.2 (/opt/ros/humble/share/rmw_implementation_cmake/cmake)
[0.630s] -- Found rmw_fastrtps_cpp: 6.2.9 (/opt/ros/humble/share/rmw_fastrtps_cpp/cmake)
[0.697s] -- Found OpenSSL: /usr/lib/x86_64-linux-gnu/libcrypto.so (found version "3.0.2")  
[0.724s] -- Found FastRTPS: /opt/ros/humble/include  
[0.761s] -- Using RMW implementation 'rmw_fastrtps_cpp' as default
[0.768s] -- Looking for pthread.h
[0.823s] -- Looking for pthread.h - found
[0.823s] -- Performing Test CMAKE_HAVE_LIBC_PTHREAD
[0.876s] -- Performing Test CMAKE_HAVE_LIBC_PTHREAD - Success
[0.881s] -- Found Threads: TRUE  
[0.918s] -- Found nav_msgs: 4.9.0 (/opt/ros/humble/share/nav_msgs/cmake)
[0.946s] -- Found tf2_ros: 0.25.17 (/opt/ros/humble/share/tf2_ros/cmake)
[1.028s] -- Found ament_lint_auto: 0.12.14 (/opt/ros/humble/share/ament_lint_auto/cmake)
[1.118s] -- Added test 'cppcheck' to perform static code analysis on C / C++ code
[1.118s] -- Configured cppcheck include dirs: /home/home/ros2_ws/src/RCI_quadruped_robot_navigation/bt/door_bt/include
[1.118s] -- Configured cppcheck exclude dirs and/or files: 
[1.118s] -- Added test 'lint_cmake' to check CMake code style
[1.118s] -- Added test 'uncrustify' to check C / C++ code style
[1.118s] -- Configured uncrustify additional arguments: 
[1.118s] -- Added test 'xmllint' to check XML markup files
[1.118s] -- Configuring done
[1.132s] -- Generating done
[1.147s] -- Build files have been written to: /home/home/ros2_ws/build/door_bt
[1.184s] Invoked command in '/home/home/ros2_ws/build/door_bt' returned '0': CMAKE_PREFIX_PATH=/opt/ros/humble /usr/bin/cmake /home/home/ros2_ws/src/RCI_quadruped_robot_navigation/bt/door_bt -DAMENT_CMAKE_SYMLINK_INSTALL=1 -DCMAKE_INSTALL_PREFIX=/home/home/ros2_ws/install/door_bt
[1.184s] Invoking command in '/home/home/ros2_ws/build/door_bt': CMAKE_PREFIX_PATH=/opt/ros/humble /usr/bin/cmake --build /home/home/ros2_ws/build/door_bt -- -j12 -l12
[1.375s] [ 12%] [32mBuilding CXX object CMakeFiles/door_bt_nodes.dir/src/bt_nodes/check_path_uses_door.cpp.o[0m
[1.375s] [ 25%] [32mBuilding CXX object CMakeFiles/door_bt_nodes.dir/src/bt_nodes/bt_plugin.cpp.o[0m
[1.375s] [ 37%] [32mBuilding CXX object CMakeFiles/door_bt_nodes.dir/src/bt_nodes/is_robot_past_door.cpp.o[0m
[1.375s] [ 50%] [32mBuilding CXX object CMakeFiles/door_bt_nodes.dir/src/bt_nodes/is_robot_in_door_radius.cpp.o[0m
[1.375s] [ 62%] [32mBuilding CXX object CMakeFiles/door_bt_nodes.dir/src/bt_nodes/set_door_open.cpp.o[0m
[11.338s] [ 75%] [32m[1mLinking CXX shared library libdoor_bt_nodes.so[0m
[11.757s] [ 75%] Built target door_bt_nodes
[11.776s] [ 87%] [32mBuilding CXX object CMakeFiles/door_bt_runner.dir/src/door_bt_runner.cpp.o[0m
[14.921s] [100%] [32m[1mLinking CXX executable door_bt_runner[0m
[15.130s] [100%] Built target door_bt_runner
[15.140s] Invoked command in '/home/home/ros2_ws/build/door_bt' returned '0': CMAKE_PREFIX_PATH=/opt/ros/humble /usr/bin/cmake --build /home/home/ros2_ws/build/door_bt -- -j12 -l12
[15.142s] Invoking command in '/home/home/ros2_ws/build/door_bt': CMAKE_PREFIX_PATH=/opt/ros/humble /usr/bin/cmake --install /home/home/ros2_ws/build/door_bt
[15.149s] -- Install configuration: ""
[15.149s] -- Execute custom install script
[15.150s] -- Symlinking: /home/home/ros2_ws/install/door_bt/lib/libdoor_bt_nodes.so
[15.158s] -- Symlinking: /home/home/ros2_ws/install/door_bt/lib/door_bt/door_bt_runner
[15.168s] -- Symlinking: /home/home/ros2_ws/install/door_bt/share/door_bt/bt_trees/tests/door_open_close_3doors.xml
[15.177s] -- Symlinking: /home/home/ros2_ws/install/door_bt/include/door_bt/bt_nodes/check_path_uses_door.hpp
[15.185s] -- Symlinking: /home/home/ros2_ws/install/door_bt/include/door_bt/bt_nodes/is_robot_in_door_radius.hpp
[15.195s] -- Symlinking: /home/home/ros2_ws/install/door_bt/include/door_bt/bt_nodes/is_robot_past_door.hpp
[15.204s] -- Symlinking: /home/home/ros2_ws/install/door_bt/include/door_bt/bt_nodes/set_door_open.hpp
[15.213s] -- Symlinking: /home/home/ros2_ws/install/door_bt/share/ament_index/resource_index/package_run_dependencies/door_bt
[15.222s] -- Symlinking: /home/home/ros2_ws/install/door_bt/share/ament_index/resource_index/parent_prefix_path/door_bt
[15.230s] -- Symlinking: /home/home/ros2_ws/install/door_bt/share/door_bt/environment/ament_prefix_path.sh
[15.239s] -- Symlinking: /home/home/ros2_ws/install/door_bt/share/door_bt/environment/ament_prefix_path.dsv
[15.248s] -- Symlinking: /home/home/ros2_ws/install/door_bt/share/door_bt/environment/path.sh
[15.257s] -- Symlinking: /home/home/ros2_ws/install/door_bt/share/door_bt/environment/path.dsv
[15.266s] -- Symlinking: /home/home/ros2_ws/install/door_bt/share/door_bt/local_setup.bash
[15.275s] -- Symlinking: /home/home/ros2_ws/install/door_bt/share/door_bt/local_setup.sh
[15.284s] -- Symlinking: /home/home/ros2_ws/install/door_bt/share/door_bt/local_setup.zsh
[15.293s] -- Symlinking: /home/home/ros2_ws/install/door_bt/share/door_bt/local_setup.dsv
[15.301s] -- Symlinking: /home/home/ros2_ws/install/door_bt/share/door_bt/package.dsv
[15.310s] -- Symlinking: /home/home/ros2_ws/install/door_bt/share/ament_index/resource_index/packages/door_bt
[15.319s] -- Symlinking: /home/home/ros2_ws/install/door_bt/share/door_bt/cmake/door_btConfig.cmake
[15.328s] -- Symlinking: /home/home/ros2_ws/install/door_bt/share/door_bt/cmake/door_btConfig-version.cmake
[15.337s] -- Symlinking: /home/home/ros2_ws/install/door_bt/share/door_bt/package.xml
[15.349s] Invoked command in '/home/home/ros2_ws/build/door_bt' returned '0': CMAKE_PREFIX_PATH=/opt/ros/humble /usr/bin/cmake --install /home/home/ros2_ws/build/door_bt
