[0.043s] Invoking command in '/home/home/ros2_ws/build/world_tf_publisher': CMAKE_PREFIX_PATH=${CMAKE_PREFIX_PATH}:/opt/ros/humble /usr/bin/cmake --build /home/home/ros2_ws/build/world_tf_publisher -- -j12 -l12
[0.133s] [100%] Built target world_tf_publisher
[0.180s] Invoked command in '/home/home/ros2_ws/build/world_tf_publisher' returned '0': CMAKE_PREFIX_PATH=${CMAKE_PREFIX_PATH}:/opt/ros/humble /usr/bin/cmake --build /home/home/ros2_ws/build/world_tf_publisher -- -j12 -l12
[0.181s] Invoking command in '/home/home/ros2_ws/build/world_tf_publisher': CMAKE_PREFIX_PATH=${CMAKE_PREFIX_PATH}:/opt/ros/humble /usr/bin/cmake --install /home/home/ros2_ws/build/world_tf_publisher
[0.198s] -- Install configuration: ""
[0.198s] -- Execute custom install script
[0.198s] -- Up-to-date symlink: /home/home/ros2_ws/install/world_tf_publisher/lib/libworld_tf_publisher.so
[0.198s] -- Up-to-date symlink: /home/home/ros2_ws/install/world_tf_publisher/share/ament_index/resource_index/package_run_dependencies/world_tf_publisher
[0.198s] -- Up-to-date symlink: /home/home/ros2_ws/install/world_tf_publisher/share/ament_index/resource_index/parent_prefix_path/world_tf_publisher
[0.198s] -- Up-to-date symlink: /home/home/ros2_ws/install/world_tf_publisher/share/world_tf_publisher/environment/ament_prefix_path.sh
[0.198s] -- Up-to-date symlink: /home/home/ros2_ws/install/world_tf_publisher/share/world_tf_publisher/environment/ament_prefix_path.dsv
[0.198s] -- Up-to-date symlink: /home/home/ros2_ws/install/world_tf_publisher/share/world_tf_publisher/environment/path.sh
[0.198s] -- Up-to-date symlink: /home/home/ros2_ws/install/world_tf_publisher/share/world_tf_publisher/environment/path.dsv
[0.198s] -- Up-to-date symlink: /home/home/ros2_ws/install/world_tf_publisher/share/world_tf_publisher/local_setup.bash
[0.198s] -- Up-to-date symlink: /home/home/ros2_ws/install/world_tf_publisher/share/world_tf_publisher/local_setup.sh
[0.198s] -- Up-to-date symlink: /home/home/ros2_ws/install/world_tf_publisher/share/world_tf_publisher/local_setup.zsh
[0.198s] -- Up-to-date symlink: /home/home/ros2_ws/install/world_tf_publisher/share/world_tf_publisher/local_setup.dsv
[0.198s] -- Symlinking: /home/home/ros2_ws/install/world_tf_publisher/share/world_tf_publisher/package.dsv
[0.201s] -- Up-to-date symlink: /home/home/ros2_ws/install/world_tf_publisher/share/ament_index/resource_index/packages/world_tf_publisher
[0.201s] -- Up-to-date symlink: /home/home/ros2_ws/install/world_tf_publisher/share/world_tf_publisher/cmake/world_tf_publisherConfig.cmake
[0.201s] -- Up-to-date symlink: /home/home/ros2_ws/install/world_tf_publisher/share/world_tf_publisher/cmake/world_tf_publisherConfig-version.cmake
[0.201s] -- Up-to-date symlink: /home/home/ros2_ws/install/world_tf_publisher/share/world_tf_publisher/package.xml
[0.237s] Invoked command in '/home/home/ros2_ws/build/world_tf_publisher' returned '0': CMAKE_PREFIX_PATH=${CMAKE_PREFIX_PATH}:/opt/ros/humble /usr/bin/cmake --install /home/home/ros2_ws/build/world_tf_publisher
