[0.039s] Invoking command in '/home/home/ros2_ws/build/rl_sar': CMAKE_PREFIX_PATH=${CMAKE_PREFIX_PATH}:/opt/ros/humble /usr/bin/cmake --build /home/home/ros2_ws/build/rl_sar -- -j12 -l12
[0.064s] -- Found ament_cmake: 1.3.12 (/opt/ros/humble/share/ament_cmake/cmake)
[0.118s] -- Found Python3: /usr/bin/python3 (found version "3.10.12") found components: Interpreter 
[0.171s] -- Override CMake install command with custom implementation using symlinks instead of copying resources
[0.175s] -- Found rclcpp: 16.0.16 (/opt/ros/humble/share/rclcpp/cmake)
[0.195s] -- Found rosidl_generator_c: 3.1.7 (/opt/ros/humble/share/rosidl_generator_c/cmake)
[0.196s] -- Found rosidl_adapter: 3.1.7 (/opt/ros/humble/share/rosidl_adapter/cmake)
[0.202s] -- Found rosidl_generator_cpp: 3.1.7 (/opt/ros/humble/share/rosidl_generator_cpp/cmake)
[0.208s] -- Using all available rosidl_typesupport_c: rosidl_typesupport_fastrtps_c;rosidl_typesupport_introspection_c
[0.217s] -- Using all available rosidl_typesupport_cpp: rosidl_typesupport_fastrtps_cpp;rosidl_typesupport_introspection_cpp
[0.235s] -- Found rmw_implementation_cmake: 6.1.2 (/opt/ros/humble/share/rmw_implementation_cmake/cmake)
[0.236s] -- Found rmw_fastrtps_cpp: 6.2.9 (/opt/ros/humble/share/rmw_fastrtps_cpp/cmake)
[0.318s] -- Using RMW implementation 'rmw_fastrtps_cpp' as default
[0.344s] -- Found gazebo_ros: 3.9.0 (/opt/ros/humble/share/gazebo_ros/cmake)
[0.363s] -- Found DART: /usr/include (Required is at least version "6.6") found components: dart 
[0.380s] -- Found Protobuf: /usr/lib/x86_64-linux-gnu/libprotobuf.so (found version "3.12.4") 
[0.381s] -- Looking for ignition-math6 -- found version 6.15.1
[0.384s] -- Searching for dependencies of ignition-math6
[0.384s] -- Looking for OGRE...
[0.388s] -- Found Ogre Ghadamon (1.9.0)
[0.388s] -- Found OGRE: optimized;/usr/lib/x86_64-linux-gnu/libOgreMain.so;debug;/usr/lib/x86_64-linux-gnu/libOgreMain.so
[0.394s] -- Looking for OGRE_Paging...
[0.394s] -- Found OGRE_Paging: optimized;/usr/lib/x86_64-linux-gnu/libOgrePaging.so;debug;/usr/lib/x86_64-linux-gnu/libOgrePaging.so
[0.394s] -- Looking for OGRE_Terrain...
[0.394s] -- Found OGRE_Terrain: optimized;/usr/lib/x86_64-linux-gnu/libOgreTerrain.so;debug;/usr/lib/x86_64-linux-gnu/libOgreTerrain.so
[0.395s] -- Looking for OGRE_Property...
[0.395s] -- Found OGRE_Property: optimized;/usr/lib/x86_64-linux-gnu/libOgreProperty.so;debug;/usr/lib/x86_64-linux-gnu/libOgreProperty.so
[0.395s] -- Looking for OGRE_RTShaderSystem...
[0.395s] -- Found OGRE_RTShaderSystem: optimized;/usr/lib/x86_64-linux-gnu/libOgreRTShaderSystem.so;debug;/usr/lib/x86_64-linux-gnu/libOgreRTShaderSystem.so
[0.395s] -- Looking for OGRE_Volume...
[0.395s] -- Found OGRE_Volume: optimized;/usr/lib/x86_64-linux-gnu/libOgreVolume.so;debug;/usr/lib/x86_64-linux-gnu/libOgreVolume.so
[0.395s] -- Looking for OGRE_Overlay...
[0.395s] -- Found OGRE_Overlay: optimized;/usr/lib/x86_64-linux-gnu/libOgreOverlay.so;debug;/usr/lib/x86_64-linux-gnu/libOgreOverlay.so
[0.487s] -- Looking for ignition-math6 -- found version 6.15.1
[0.487s] -- Looking for ignition-transport8 -- found version 8.2.1
[0.487s] -- Searching for dependencies of ignition-transport8
[0.502s] -- Found Protobuf: /usr/lib/x86_64-linux-gnu/libprotobuf.so (found suitable version "3.12.4", minimum required is "3") 
[0.512s] -- Config-file not installed for ZeroMQ -- checking for pkg-config
[0.515s] -- Checking for module 'libzmq >= 4'
[0.526s] --   Found libzmq , version 4.3.4
[0.559s] -- Checking for module 'uuid'
[0.570s] --   Found uuid, version 2.37.2
[0.595s] -- Looking for ignition-msgs5 -- found version 5.8.1
[0.595s] -- Searching for dependencies of ignition-msgs5
[0.610s] -- Looking for ignition-math6 -- found version 6.15.1
[0.614s] -- Checking for module 'tinyxml2'
[0.624s] --   Found tinyxml2, version 9.0.0
[0.649s] -- Looking for ignition-msgs5 -- found version 5.8.1
[0.649s] -- Looking for ignition-common3 -- found version 3.14.0
[0.650s] -- Searching for dependencies of ignition-common3
[0.650s] -- Looking for dlfcn.h - found
[0.650s] -- Looking for libdl - found
[0.657s] -- Searching for <ignition-common3> component [graphics]
[0.658s] -- Looking for ignition-common3-graphics -- found version 3.14.0
[0.658s] -- Searching for dependencies of ignition-common3-graphics
[0.658s] -- Looking for ignition-math6 -- found version 6.15.1
[0.659s] -- Looking for ignition-fuel_tools4 -- found version 4.4.0
[0.659s] -- Searching for dependencies of ignition-fuel_tools4
[0.689s] -- Checking for module 'jsoncpp'
[0.699s] --   Found jsoncpp, version 1.9.5
[0.730s] -- Checking for module 'libzip'
[0.740s] --   Found libzip, version 1.7.3
[0.765s] -- Looking for ignition-common3 -- found version 3.14.0
[0.765s] -- Looking for ignition-math6 -- found version 6.15.1
[0.765s] -- Looking for ignition-msgs5 -- found version 5.8.1
[0.766s] -- Gazebo version: 11.10
[0.767s] -- Found geometry_msgs: 4.9.0 (/opt/ros/humble/share/geometry_msgs/cmake)
[0.775s] -- Found nav_msgs: 4.9.0 (/opt/ros/humble/share/nav_msgs/cmake)
[0.785s] -- Found sensor_msgs: 4.9.0 (/opt/ros/humble/share/sensor_msgs/cmake)
[0.794s] -- Found tf2: 0.25.17 (/opt/ros/humble/share/tf2/cmake)
[0.797s] -- Found tf2_ros: 0.25.17 (/opt/ros/humble/share/tf2_ros/cmake)
[0.838s] -- Found robot_state_publisher: 3.0.3 (/opt/ros/humble/share/robot_state_publisher/cmake)
[0.839s] -- Found eigen3_cmake_module: 0.1.1 (/opt/ros/humble/share/eigen3_cmake_module/cmake)
[0.840s] -- Ensuring Eigen3 include directory is part of orocos-kdl CMake target
[0.873s] [31mCMake Error at CMakeLists.txt:19 (find_package):
[0.873s]   By not providing "Findjoint_state_publisher.cmake" in CMAKE_MODULE_PATH
[0.873s]   this project has asked CMake to find a package configuration file provided
[0.873s]   by "joint_state_publisher", but CMake did not find one.
[0.873s] 
[0.873s]   Could not find a package configuration file provided by
[0.873s]   "joint_state_publisher" with any of the following names:
[0.873s] 
[0.873s]     joint_state_publisherConfig.cmake
[0.873s]     joint_state_publisher-config.cmake
[0.873s] 
[0.873s]   Add the installation prefix of "joint_state_publisher" to CMAKE_PREFIX_PATH
[0.873s]   or set "joint_state_publisher_DIR" to a directory containing one of the
[0.873s]   above files.  If "joint_state_publisher" provides a separate development
[0.873s]   package or SDK, be sure it has been installed.
[0.873s] 
[0.873s] [0m
[0.873s] -- Configuring incomplete, errors occurred!
[0.873s] See also "/home/home/ros2_ws/build/rl_sar/CMakeFiles/CMakeOutput.log".
[0.881s] gmake: *** [Makefile:1588: cmake_check_build_system] Error 1
[0.883s] Invoked command in '/home/home/ros2_ws/build/rl_sar' returned '2': CMAKE_PREFIX_PATH=${CMAKE_PREFIX_PATH}:/opt/ros/humble /usr/bin/cmake --build /home/home/ros2_ws/build/rl_sar -- -j12 -l12
