[0.031s] Invoking command in '/home/home/ros2_ws/build/hinged_door_plugin': CMAKE_PREFIX_PATH=${CMAKE_PREFIX_PATH}:/opt/ros/humble /usr/bin/cmake --build /home/home/ros2_ws/build/hinged_door_plugin -- -j12 -l12
[0.079s] [35m[1mConsolidate compiler generated dependencies of target single_hinged_door_plugin[0m
[0.097s] [35m[1mConsolidate compiler generated dependencies of target double_hinged_door_plugin[0m
[0.130s] [ 50%] Built target single_hinged_door_plugin
[0.153s] [100%] Built target double_hinged_door_plugin
[0.194s] Invoked command in '/home/home/ros2_ws/build/hinged_door_plugin' returned '0': CMAKE_PREFIX_PATH=${CMAKE_PREFIX_PATH}:/opt/ros/humble /usr/bin/cmake --build /home/home/ros2_ws/build/hinged_door_plugin -- -j12 -l12
[0.195s] Invoking command in '/home/home/ros2_ws/build/hinged_door_plugin': CMAKE_PREFIX_PATH=${CMAKE_PREFIX_PATH}:/opt/ros/humble /usr/bin/cmake --install /home/home/ros2_ws/build/hinged_door_plugin
[0.210s] -- Install configuration: ""
[0.210s] -- Execute custom install script
[0.212s] -- Up-to-date symlink: /home/home/ros2_ws/install/hinged_door_plugin/lib/libdouble_hinged_door_plugin.so
[0.213s] -- Up-to-date symlink: /home/home/ros2_ws/install/hinged_door_plugin/lib/libsingle_hinged_door_plugin.so
[0.213s] -- Up-to-date symlink: /home/home/ros2_ws/install/hinged_door_plugin/share/ament_index/resource_index/package_run_dependencies/hinged_door_plugin
[0.213s] -- Up-to-date symlink: /home/home/ros2_ws/install/hinged_door_plugin/share/ament_index/resource_index/parent_prefix_path/hinged_door_plugin
[0.213s] -- Up-to-date symlink: /home/home/ros2_ws/install/hinged_door_plugin/share/hinged_door_plugin/environment/ament_prefix_path.sh
[0.213s] -- Up-to-date symlink: /home/home/ros2_ws/install/hinged_door_plugin/share/hinged_door_plugin/environment/ament_prefix_path.dsv
[0.213s] -- Up-to-date symlink: /home/home/ros2_ws/install/hinged_door_plugin/share/hinged_door_plugin/environment/path.sh
[0.213s] -- Up-to-date symlink: /home/home/ros2_ws/install/hinged_door_plugin/share/hinged_door_plugin/environment/path.dsv
[0.213s] -- Up-to-date symlink: /home/home/ros2_ws/install/hinged_door_plugin/share/hinged_door_plugin/local_setup.bash
[0.213s] -- Up-to-date symlink: /home/home/ros2_ws/install/hinged_door_plugin/share/hinged_door_plugin/local_setup.sh
[0.213s] -- Up-to-date symlink: /home/home/ros2_ws/install/hinged_door_plugin/share/hinged_door_plugin/local_setup.zsh
[0.214s] -- Up-to-date symlink: /home/home/ros2_ws/install/hinged_door_plugin/share/hinged_door_plugin/local_setup.dsv
[0.214s] -- Symlinking: /home/home/ros2_ws/install/hinged_door_plugin/share/hinged_door_plugin/package.dsv
[0.217s] -- Up-to-date symlink: /home/home/ros2_ws/install/hinged_door_plugin/share/ament_index/resource_index/packages/hinged_door_plugin
[0.217s] -- Up-to-date symlink: /home/home/ros2_ws/install/hinged_door_plugin/share/hinged_door_plugin/cmake/hinged_door_pluginConfig.cmake
[0.217s] -- Up-to-date symlink: /home/home/ros2_ws/install/hinged_door_plugin/share/hinged_door_plugin/cmake/hinged_door_pluginConfig-version.cmake
[0.217s] -- Up-to-date symlink: /home/home/ros2_ws/install/hinged_door_plugin/share/hinged_door_plugin/package.xml
[0.240s] Invoked command in '/home/home/ros2_ws/build/hinged_door_plugin' returned '0': CMAKE_PREFIX_PATH=${CMAKE_PREFIX_PATH}:/opt/ros/humble /usr/bin/cmake --install /home/home/ros2_ws/build/hinged_door_plugin
