[35m[1mConsolidate compiler generated dependencies of target rl_sar__rosidl_generator_c[0m
[35m[1mConsolidate compiler generated dependencies of target rl_sdk[0m
[35m[1mConsolidate compiler generated dependencies of target observation_buffer[0m
[  1%] Built target rl_sar__cpp
[  9%] Built target rl_sar__rosidl_generator_c
[  9%] Built target ament_cmake_python_symlink_rl_sar
[35m[1mConsolidate compiler generated dependencies of target rl_sar__rosidl_typesupport_cpp[0m
[35m[1mConsolidate compiler generated dependencies of target rl_sar__rosidl_typesupport_fastrtps_cpp[0m
[35m[1mConsolidate compiler generated dependencies of target rl_sar__rosidl_typesupport_introspection_cpp[0m
[35m[1mConsolidate compiler generated dependencies of target rl_sar__rosidl_typesupport_introspection_c[0m
[35m[1mConsolidate compiler generated dependencies of target rl_sar__rosidl_typesupport_c[0m
[35m[1mConsolidate compiler generated dependencies of target rl_sar__rosidl_typesupport_fastrtps_c[0m
[ 22%] Built target rl_sar__rosidl_typesupport_cpp
[ 24%] Built target rl_sar__rosidl_typesupport_introspection_c
[ 31%] Built target rl_sar__rosidl_typesupport_c
[ 39%] Built target rl_sar__rosidl_typesupport_introspection_cpp
[ 46%] Built target rl_sar__rosidl_typesupport_fastrtps_cpp
[ 54%] Built target rl_sar__rosidl_typesupport_fastrtps_c
[ 54%] Built target rl_sar
[ 57%] Built target observation_buffer
[ 60%] Built target rl_sdk
[ 62%] Built target rl_sar__py
[35m[1mConsolidate compiler generated dependencies of target rl_real_a1[0m
[35m[1mConsolidate compiler generated dependencies of target rl_real_l4w4[0m
[35m[1mConsolidate compiler generated dependencies of target rl_sim[0m
[35m[1mConsolidate compiler generated dependencies of target rl_real_lite3[0m
[ 63%] [32mBuilding CXX object CMakeFiles/rl_real_go2.dir/src/rl_real_go2.cpp.o[0m
[ 65%] [32mBuilding CXX object CMakeFiles/rl_real_g1.dir/src/rl_real_g1.cpp.o[0m
[35m[1mConsolidate compiler generated dependencies of target rl_sar__rosidl_generator_py[0m
[ 71%] Built target rl_sar__rosidl_generator_py
[35m[1mConsolidate compiler generated dependencies of target rl_sar__rosidl_typesupport_fastrtps_c__pyext[0m
[35m[1mConsolidate compiler generated dependencies of target rl_sar__rosidl_typesupport_c__pyext[0m
[35m[1mConsolidate compiler generated dependencies of target rl_sar__rosidl_typesupport_introspection_c__pyext[0m
[ 74%] Built target rl_sar__rosidl_typesupport_introspection_c__pyext
[ 77%] Built target rl_sar__rosidl_typesupport_fastrtps_c__pyext
[ 80%] Built target rl_sar__rosidl_typesupport_c__pyext
[ 83%] Built target rl_real_l4w4
[ 86%] Built target rl_sim
[ 89%] Built target rl_real_a1
[ 96%] Built target rl_real_lite3
running egg_info
writing rl_sar.egg-info/PKG-INFO
writing dependency_links to rl_sar.egg-info/dependency_links.txt
writing top-level names to rl_sar.egg-info/top_level.txt
reading manifest file 'rl_sar.egg-info/SOURCES.txt'
writing manifest file 'rl_sar.egg-info/SOURCES.txt'
[ 96%] Built target ament_cmake_python_build_rl_sar_egg
