[0.032s] Invoking command in '/home/home/ros2_ws/build/sliding_door_plugin': CMAKE_PREFIX_PATH=${CMAKE_PREFIX_PATH}:/opt/ros/humble /usr/bin/cmake --build /home/home/ros2_ws/build/sliding_door_plugin -- -j12 -l12
[0.091s] [35m[1mConsolidate compiler generated dependencies of target double_sliding_door_plugin[0m
[0.097s] [35m[1mConsolidate compiler generated dependencies of target single_sliding_door_plugin[0m
[0.147s] [ 50%] Built target single_sliding_door_plugin
[0.148s] [100%] Built target double_sliding_door_plugin
[0.189s] Invoked command in '/home/home/ros2_ws/build/sliding_door_plugin' returned '0': CMAKE_PREFIX_PATH=${CMAKE_PREFIX_PATH}:/opt/ros/humble /usr/bin/cmake --build /home/home/ros2_ws/build/sliding_door_plugin -- -j12 -l12
[0.190s] Invoking command in '/home/home/ros2_ws/build/sliding_door_plugin': CMAKE_PREFIX_PATH=${CMAKE_PREFIX_PATH}:/opt/ros/humble /usr/bin/cmake --install /home/home/ros2_ws/build/sliding_door_plugin
[0.208s] -- Install configuration: ""
[0.208s] -- Execute custom install script
[0.208s] -- Up-to-date symlink: /home/home/ros2_ws/install/sliding_door_plugin/lib/libdouble_sliding_door_plugin.so
[0.208s] -- Up-to-date symlink: /home/home/ros2_ws/install/sliding_door_plugin/lib/libsingle_sliding_door_plugin.so
[0.208s] -- Up-to-date symlink: /home/home/ros2_ws/install/sliding_door_plugin/share/ament_index/resource_index/package_run_dependencies/sliding_door_plugin
[0.208s] -- Up-to-date symlink: /home/home/ros2_ws/install/sliding_door_plugin/share/ament_index/resource_index/parent_prefix_path/sliding_door_plugin
[0.208s] -- Up-to-date symlink: /home/home/ros2_ws/install/sliding_door_plugin/share/sliding_door_plugin/environment/ament_prefix_path.sh
[0.208s] -- Up-to-date symlink: /home/home/ros2_ws/install/sliding_door_plugin/share/sliding_door_plugin/environment/ament_prefix_path.dsv
[0.208s] -- Up-to-date symlink: /home/home/ros2_ws/install/sliding_door_plugin/share/sliding_door_plugin/environment/path.sh
[0.208s] -- Up-to-date symlink: /home/home/ros2_ws/install/sliding_door_plugin/share/sliding_door_plugin/environment/path.dsv
[0.208s] -- Up-to-date symlink: /home/home/ros2_ws/install/sliding_door_plugin/share/sliding_door_plugin/local_setup.bash
[0.208s] -- Up-to-date symlink: /home/home/ros2_ws/install/sliding_door_plugin/share/sliding_door_plugin/local_setup.sh
[0.208s] -- Up-to-date symlink: /home/home/ros2_ws/install/sliding_door_plugin/share/sliding_door_plugin/local_setup.zsh
[0.209s] -- Up-to-date symlink: /home/home/ros2_ws/install/sliding_door_plugin/share/sliding_door_plugin/local_setup.dsv
[0.209s] -- Symlinking: /home/home/ros2_ws/install/sliding_door_plugin/share/sliding_door_plugin/package.dsv
[0.210s] -- Up-to-date symlink: /home/home/ros2_ws/install/sliding_door_plugin/share/ament_index/resource_index/packages/sliding_door_plugin
[0.210s] -- Up-to-date symlink: /home/home/ros2_ws/install/sliding_door_plugin/share/sliding_door_plugin/cmake/sliding_door_pluginConfig.cmake
[0.210s] -- Up-to-date symlink: /home/home/ros2_ws/install/sliding_door_plugin/share/sliding_door_plugin/cmake/sliding_door_pluginConfig-version.cmake
[0.210s] -- Up-to-date symlink: /home/home/ros2_ws/install/sliding_door_plugin/share/sliding_door_plugin/package.xml
[0.227s] Invoked command in '/home/home/ros2_ws/build/sliding_door_plugin' returned '0': CMAKE_PREFIX_PATH=${CMAKE_PREFIX_PATH}:/opt/ros/humble /usr/bin/cmake --install /home/home/ros2_ws/build/sliding_door_plugin
