[0.034s] Invoking command in '/home/home/ros2_ws/build/hinged_door_plugin': CMAKE_PREFIX_PATH=${CMAKE_PREFIX_PATH}:/home/home/ros2_ws/install/rl_action:/opt/ros/humble /usr/bin/cmake --build /home/home/ros2_ws/build/hinged_door_plugin -- -j12 -l12
[0.132s] [ 50%] Built target single_hinged_door_plugin
[0.133s] [100%] Built target double_hinged_door_plugin
[0.176s] Invoked command in '/home/home/ros2_ws/build/hinged_door_plugin' returned '0': CMAKE_PREFIX_PATH=${CMAKE_PREFIX_PATH}:/home/home/ros2_ws/install/rl_action:/opt/ros/humble /usr/bin/cmake --build /home/home/ros2_ws/build/hinged_door_plugin -- -j12 -l12
[0.178s] Invoking command in '/home/home/ros2_ws/build/hinged_door_plugin': CMAKE_PREFIX_PATH=${CMAKE_PREFIX_PATH}:/home/home/ros2_ws/install/rl_action:/opt/ros/humble /usr/bin/cmake --install /home/home/ros2_ws/build/hinged_door_plugin
[0.187s] -- Install configuration: ""
[0.187s] -- Execute custom install script
[0.188s] -- Up-to-date symlink: /home/home/ros2_ws/install/hinged_door_plugin/lib/libdouble_hinged_door_plugin.so
[0.188s] -- Up-to-date symlink: /home/home/ros2_ws/install/hinged_door_plugin/lib/libsingle_hinged_door_plugin.so
[0.188s] -- Up-to-date symlink: /home/home/ros2_ws/install/hinged_door_plugin/share/ament_index/resource_index/package_run_dependencies/hinged_door_plugin
[0.188s] -- Up-to-date symlink: /home/home/ros2_ws/install/hinged_door_plugin/share/ament_index/resource_index/parent_prefix_path/hinged_door_plugin
[0.188s] -- Up-to-date symlink: /home/home/ros2_ws/install/hinged_door_plugin/share/hinged_door_plugin/environment/ament_prefix_path.sh
[0.188s] -- Up-to-date symlink: /home/home/ros2_ws/install/hinged_door_plugin/share/hinged_door_plugin/environment/ament_prefix_path.dsv
[0.188s] -- Up-to-date symlink: /home/home/ros2_ws/install/hinged_door_plugin/share/hinged_door_plugin/environment/path.sh
[0.188s] -- Up-to-date symlink: /home/home/ros2_ws/install/hinged_door_plugin/share/hinged_door_plugin/environment/path.dsv
[0.188s] -- Up-to-date symlink: /home/home/ros2_ws/install/hinged_door_plugin/share/hinged_door_plugin/local_setup.bash
[0.188s] -- Up-to-date symlink: /home/home/ros2_ws/install/hinged_door_plugin/share/hinged_door_plugin/local_setup.sh
[0.188s] -- Up-to-date symlink: /home/home/ros2_ws/install/hinged_door_plugin/share/hinged_door_plugin/local_setup.zsh
[0.188s] -- Up-to-date symlink: /home/home/ros2_ws/install/hinged_door_plugin/share/hinged_door_plugin/local_setup.dsv
[0.188s] -- Symlinking: /home/home/ros2_ws/install/hinged_door_plugin/share/hinged_door_plugin/package.dsv
[0.195s] -- Up-to-date symlink: /home/home/ros2_ws/install/hinged_door_plugin/share/ament_index/resource_index/packages/hinged_door_plugin
[0.195s] -- Up-to-date symlink: /home/home/ros2_ws/install/hinged_door_plugin/share/hinged_door_plugin/cmake/hinged_door_pluginConfig.cmake
[0.195s] -- Up-to-date symlink: /home/home/ros2_ws/install/hinged_door_plugin/share/hinged_door_plugin/cmake/hinged_door_pluginConfig-version.cmake
[0.195s] -- Up-to-date symlink: /home/home/ros2_ws/install/hinged_door_plugin/share/hinged_door_plugin/package.xml
[0.224s] Invoked command in '/home/home/ros2_ws/build/hinged_door_plugin' returned '0': CMAKE_PREFIX_PATH=${CMAKE_PREFIX_PATH}:/home/home/ros2_ws/install/rl_action:/opt/ros/humble /usr/bin/cmake --install /home/home/ros2_ws/build/hinged_door_plugin
