[0.030s] Invoking command in '/home/home/ros2_ws/build/velodyne_description': CMAKE_PREFIX_PATH=/opt/ros/humble /usr/bin/cmake /home/home/ros2_ws/src/RCI_quadruped_robot_navigation/velodyne_simulator/velodyne_description -DAMENT_CMAKE_SYMLINK_INSTALL=1 -DCMAKE_INSTALL_PREFIX=/home/home/ros2_ws/install/velodyne_description
[0.076s] -- The C compiler identification is GNU 11.4.0
[0.133s] -- The CXX compiler identification is GNU 11.4.0
[0.139s] -- Detecting C compiler ABI info
[0.200s] -- Detecting C compiler ABI info - done
[0.208s] -- Check for working C compiler: /usr/bin/cc - skipped
[0.208s] -- Detecting C compile features
[0.209s] -- Detecting C compile features - done
[0.217s] -- Detecting CXX compiler ABI info
[0.284s] -- Detecting CXX compiler ABI info - done
[0.291s] -- Check for working CXX compiler: /usr/bin/c++ - skipped
[0.292s] -- Detecting CXX compile features
[0.292s] -- Detecting CXX compile features - done
[0.295s] -- Found ament_cmake: 1.3.12 (/opt/ros/humble/share/ament_cmake/cmake)
[0.431s] -- Found Python3: /usr/bin/python3 (found version "3.10.12") found components: Interpreter 
[0.488s] -- Override CMake install command with custom implementation using symlinks instead of copying resources
[0.562s] -- Configuring done
[0.565s] -- Generating done
[0.566s] -- Build files have been written to: /home/home/ros2_ws/build/velodyne_description
[0.573s] Invoked command in '/home/home/ros2_ws/build/velodyne_description' returned '0': CMAKE_PREFIX_PATH=/opt/ros/humble /usr/bin/cmake /home/home/ros2_ws/src/RCI_quadruped_robot_navigation/velodyne_simulator/velodyne_description -DAMENT_CMAKE_SYMLINK_INSTALL=1 -DCMAKE_INSTALL_PREFIX=/home/home/ros2_ws/install/velodyne_description
[0.573s] Invoking command in '/home/home/ros2_ws/build/velodyne_description': CMAKE_PREFIX_PATH=/opt/ros/humble /usr/bin/cmake --build /home/home/ros2_ws/build/velodyne_description -- -j12 -l12
[1.164s] Invoked command in '/home/home/ros2_ws/build/velodyne_description' returned '0': CMAKE_PREFIX_PATH=/opt/ros/humble /usr/bin/cmake --build /home/home/ros2_ws/build/velodyne_description -- -j12 -l12
[1.176s] Invoking command in '/home/home/ros2_ws/build/velodyne_description': CMAKE_PREFIX_PATH=/opt/ros/humble /usr/bin/cmake --install /home/home/ros2_ws/build/velodyne_description
[1.209s] -- Install configuration: ""
[1.209s] -- Execute custom install script
[1.209s] -- Symlinking: /home/home/ros2_ws/install/velodyne_description/share/velodyne_description/launch/example.launch.py
[1.209s] -- Symlinking: /home/home/ros2_ws/install/velodyne_description/share/velodyne_description/meshes/HDL32E_base.dae
[1.217s] -- Symlinking: /home/home/ros2_ws/install/velodyne_description/share/velodyne_description/meshes/HDL32E_base.stl
[1.231s] -- Symlinking: /home/home/ros2_ws/install/velodyne_description/share/velodyne_description/meshes/HDL32E_scan.dae
[1.247s] -- Symlinking: /home/home/ros2_ws/install/velodyne_description/share/velodyne_description/meshes/HDL32E_scan.stl
[1.258s] -- Symlinking: /home/home/ros2_ws/install/velodyne_description/share/velodyne_description/meshes/VLP16_base_1.dae
[1.273s] -- Symlinking: /home/home/ros2_ws/install/velodyne_description/share/velodyne_description/meshes/VLP16_base_1.stl
[1.286s] -- Symlinking: /home/home/ros2_ws/install/velodyne_description/share/velodyne_description/meshes/VLP16_base_2.dae
[1.309s] -- Symlinking: /home/home/ros2_ws/install/velodyne_description/share/velodyne_description/meshes/VLP16_base_2.stl
[1.329s] -- Symlinking: /home/home/ros2_ws/install/velodyne_description/share/velodyne_description/meshes/VLP16_scan.dae
[1.343s] -- Symlinking: /home/home/ros2_ws/install/velodyne_description/share/velodyne_description/meshes/VLP16_scan.stl
[1.359s] -- Symlinking: /home/home/ros2_ws/install/velodyne_description/share/velodyne_description/rviz/example.rviz
[1.375s] -- Symlinking: /home/home/ros2_ws/install/velodyne_description/share/velodyne_description/urdf/HDL-32E.urdf.xacro
[1.385s] -- Symlinking: /home/home/ros2_ws/install/velodyne_description/share/velodyne_description/urdf/VLP-16.urdf.xacro
[1.406s] -- Symlinking: /home/home/ros2_ws/install/velodyne_description/share/velodyne_description/urdf/example.urdf.xacro
[1.426s] -- Symlinking: /home/home/ros2_ws/install/velodyne_description/share/velodyne_description/world/example.world
[1.433s] -- Symlinking: /home/home/ros2_ws/install/velodyne_description/share/velodyne_description/environment/velodyne_description.dsv
[1.452s] -- Symlinking: /home/home/ros2_ws/install/velodyne_description/share/ament_index/resource_index/package_run_dependencies/velodyne_description
[1.464s] -- Symlinking: /home/home/ros2_ws/install/velodyne_description/share/ament_index/resource_index/parent_prefix_path/velodyne_description
[1.479s] -- Symlinking: /home/home/ros2_ws/install/velodyne_description/share/velodyne_description/environment/ament_prefix_path.sh
[1.495s] -- Symlinking: /home/home/ros2_ws/install/velodyne_description/share/velodyne_description/environment/ament_prefix_path.dsv
[1.511s] -- Symlinking: /home/home/ros2_ws/install/velodyne_description/share/velodyne_description/environment/path.sh
[1.526s] -- Symlinking: /home/home/ros2_ws/install/velodyne_description/share/velodyne_description/environment/path.dsv
[1.540s] -- Symlinking: /home/home/ros2_ws/install/velodyne_description/share/velodyne_description/local_setup.bash
[1.553s] -- Symlinking: /home/home/ros2_ws/install/velodyne_description/share/velodyne_description/local_setup.sh
[1.565s] -- Symlinking: /home/home/ros2_ws/install/velodyne_description/share/velodyne_description/local_setup.zsh
[1.580s] -- Symlinking: /home/home/ros2_ws/install/velodyne_description/share/velodyne_description/local_setup.dsv
[1.599s] -- Symlinking: /home/home/ros2_ws/install/velodyne_description/share/velodyne_description/package.dsv
[1.612s] -- Symlinking: /home/home/ros2_ws/install/velodyne_description/share/ament_index/resource_index/packages/velodyne_description
[1.631s] -- Symlinking: /home/home/ros2_ws/install/velodyne_description/share/velodyne_description/cmake/velodyne_descriptionConfig.cmake
[1.646s] -- Symlinking: /home/home/ros2_ws/install/velodyne_description/share/velodyne_description/cmake/velodyne_descriptionConfig-version.cmake
[1.662s] -- Symlinking: /home/home/ros2_ws/install/velodyne_description/share/velodyne_description/package.xml
[1.689s] Invoked command in '/home/home/ros2_ws/build/velodyne_description' returned '0': CMAKE_PREFIX_PATH=/opt/ros/humble /usr/bin/cmake --install /home/home/ros2_ws/build/velodyne_description
