-- The C compiler identification is GNU 11.4.0
-- The CXX compiler identification is GNU 11.4.0
-- Detecting C compiler ABI info
-- Detecting C compiler ABI info - done
-- Check for working C compiler: /usr/bin/cc - skipped
-- Detecting C compile features
-- Detecting C compile features - done
-- Detecting CXX compiler ABI info
-- Detecting CXX compiler ABI info - done
-- Check for working CXX compiler: /usr/bin/c++ - skipped
-- Detecting CXX compile features
-- Detecting CXX compile features - done
-- Found ament_cmake: 1.3.12 (/opt/ros/humble/share/ament_cmake/cmake)
-- Found Python3: /usr/bin/python3 (found version "3.10.12") found components: Interpreter 
-- Override CMake install command with custom implementation using symlinks instead of copying resources
-- Found rclcpp: 16.0.16 (/opt/ros/humble/share/rclcpp/cmake)
-- Found rosidl_generator_c: 3.1.7 (/opt/ros/humble/share/rosidl_generator_c/cmake)
-- Found rosidl_adapter: 3.1.7 (/opt/ros/humble/share/rosidl_adapter/cmake)
-- Found rosidl_generator_cpp: 3.1.7 (/opt/ros/humble/share/rosidl_generator_cpp/cmake)
-- Using all available rosidl_typesupport_c: rosidl_typesupport_fastrtps_c;rosidl_typesupport_introspection_c
-- Using all available rosidl_typesupport_cpp: rosidl_typesupport_fastrtps_cpp;rosidl_typesupport_introspection_cpp
-- Found rmw_implementation_cmake: 6.1.2 (/opt/ros/humble/share/rmw_implementation_cmake/cmake)
-- Found rmw_fastrtps_cpp: 6.2.9 (/opt/ros/humble/share/rmw_fastrtps_cpp/cmake)
-- Found OpenSSL: /usr/lib/x86_64-linux-gnu/libcrypto.so (found version "3.0.2")  
-- Found FastRTPS: /opt/ros/humble/include  
-- Using RMW implementation 'rmw_fastrtps_cpp' as default
-- Looking for pthread.h
-- Looking for pthread.h - found
-- Performing Test CMAKE_HAVE_LIBC_PTHREAD
-- Performing Test CMAKE_HAVE_LIBC_PTHREAD - Success
-- Found Threads: TRUE  
-- Configuring done
-- Generating done
-- Build files have been written to: /home/home/ros2_ws/build/elevator_bt
[ 25%] [32mBuilding CXX object CMakeFiles/elevator_bt_runner.dir/src/bt_nodes/set_elevator_door.cpp.o[0m
[ 25%] [32mBuilding CXX object CMakeFiles/elevator_bt_runner.dir/src/bt_nodes/ok_node.cpp.o[0m
[ 37%] [32mBuilding CXX object CMakeFiles/elevator_bt_runner.dir/src/bt_nodes/elevator_client.cpp.o[0m
[ 50%] [32mBuilding CXX object CMakeFiles/elevator_bt_runner.dir/src/main_bt.cpp.o[0m
[ 62%] [32mBuilding CXX object CMakeFiles/elevator_bt_runner.dir/src/bt_nodes/call_elevator_to_floor.cpp.o[0m
[ 75%] [32mBuilding CXX object CMakeFiles/elevator_bt_runner.dir/src/bt_nodes/wait_door_open.cpp.o[0m
[ 87%] [32mBuilding CXX object CMakeFiles/elevator_bt_runner.dir/src/bt_nodes/wait_cabin_at_target.cpp.o[0m
[100%] [32m[1mLinking CXX executable elevator_bt_runner[0m
[100%] Built target elevator_bt_runner
-- Install configuration: ""
-- Execute custom install script
-- Symlinking: /home/home/ros2_ws/install/elevator_bt/lib/elevator_bt/elevator_bt_runner
-- Symlinking: /home/home/ros2_ws/install/elevator_bt/include/elevator_bt/bt_nodes/call_elevator_to_floor.hpp
-- Symlinking: /home/home/ros2_ws/install/elevator_bt/include/elevator_bt/bt_nodes/elevator_client.hpp
-- Symlinking: /home/home/ros2_ws/install/elevator_bt/include/elevator_bt/bt_nodes/ok_node.hpp
-- Symlinking: /home/home/ros2_ws/install/elevator_bt/include/elevator_bt/bt_nodes/set_elevator_door.hpp
-- Symlinking: /home/home/ros2_ws/install/elevator_bt/include/elevator_bt/bt_nodes/wait_cabin_at_target.hpp
-- Symlinking: /home/home/ros2_ws/install/elevator_bt/include/elevator_bt/bt_nodes/wait_door_open.hpp
-- Symlinking: /home/home/ros2_ws/install/elevator_bt/config/elevator_lift1.yaml
-- Symlinking: /home/home/ros2_ws/install/elevator_bt/config/elevator_lift2.yaml
-- Symlinking: /home/home/ros2_ws/install/elevator_bt/share/ament_index/resource_index/package_run_dependencies/elevator_bt
-- Symlinking: /home/home/ros2_ws/install/elevator_bt/share/ament_index/resource_index/parent_prefix_path/elevator_bt
-- Symlinking: /home/home/ros2_ws/install/elevator_bt/share/elevator_bt/environment/ament_prefix_path.sh
-- Symlinking: /home/home/ros2_ws/install/elevator_bt/share/elevator_bt/environment/ament_prefix_path.dsv
-- Symlinking: /home/home/ros2_ws/install/elevator_bt/share/elevator_bt/environment/path.sh
-- Symlinking: /home/home/ros2_ws/install/elevator_bt/share/elevator_bt/environment/path.dsv
-- Symlinking: /home/home/ros2_ws/install/elevator_bt/share/elevator_bt/local_setup.bash
-- Symlinking: /home/home/ros2_ws/install/elevator_bt/share/elevator_bt/local_setup.sh
-- Symlinking: /home/home/ros2_ws/install/elevator_bt/share/elevator_bt/local_setup.zsh
-- Symlinking: /home/home/ros2_ws/install/elevator_bt/share/elevator_bt/local_setup.dsv
-- Symlinking: /home/home/ros2_ws/install/elevator_bt/share/elevator_bt/package.dsv
-- Symlinking: /home/home/ros2_ws/install/elevator_bt/share/ament_index/resource_index/packages/elevator_bt
-- Symlinking: /home/home/ros2_ws/install/elevator_bt/share/elevator_bt/cmake/elevator_btConfig.cmake
-- Symlinking: /home/home/ros2_ws/install/elevator_bt/share/elevator_bt/cmake/elevator_btConfig-version.cmake
-- Symlinking: /home/home/ros2_ws/install/elevator_bt/share/elevator_bt/package.xml
