-- Install configuration: ""
-- Execute custom install script
-- Up-to-date symlink: /home/home/ros2_ws/install/go2w_description/share/go2w_description/config/robot_control.yaml
-- Up-to-date symlink: /home/home/ros2_ws/install/go2w_description/share/go2w_description/config/robot_control_ros2.yaml
-- Up-to-date symlink: /home/home/ros2_ws/install/go2w_description/share/go2w_description/launch/check_joint.rviz
-- Up-to-date symlink: /home/home/ros2_ws/install/go2w_description/share/go2w_description/launch/display.launch.py
-- Up-to-date symlink: /home/home/ros2_ws/install/go2w_description/share/go2w_description/launch/fake_display.launch.py
-- Up-to-date symlink: /home/home/ros2_ws/install/go2w_description/share/go2w_description/launch/gazebo.launch
-- Up-to-date symlink: /home/home/ros2_ws/install/go2w_description/share/go2w_description/launch/go2w_rviz.launch
-- Up-to-date symlink: /home/home/ros2_ws/install/go2w_description/share/go2w_description/meshes/base.dae
-- Up-to-date symlink: /home/home/ros2_ws/install/go2w_description/share/go2w_description/meshes/calf.stl
-- Up-to-date symlink: /home/home/ros2_ws/install/go2w_description/share/go2w_description/meshes/calf_mirror.stl
-- Up-to-date symlink: /home/home/ros2_ws/install/go2w_description/share/go2w_description/meshes/foot.dae
-- Up-to-date symlink: /home/home/ros2_ws/install/go2w_description/share/go2w_description/meshes/hip.dae
-- Up-to-date symlink: /home/home/ros2_ws/install/go2w_description/share/go2w_description/meshes/left_wheel.dae
-- Up-to-date symlink: /home/home/ros2_ws/install/go2w_description/share/go2w_description/meshes/right_wheel.dae
-- Up-to-date symlink: /home/home/ros2_ws/install/go2w_description/share/go2w_description/meshes/thigh.dae
-- Up-to-date symlink: /home/home/ros2_ws/install/go2w_description/share/go2w_description/meshes/thigh_mirror.dae
-- Up-to-date symlink: /home/home/ros2_ws/install/go2w_description/share/go2w_description/urdf/go2w_description.urdf
-- Up-to-date symlink: /home/home/ros2_ws/install/go2w_description/share/go2w_description/xacro/gazebo.xacro
-- Up-to-date symlink: /home/home/ros2_ws/install/go2w_description/share/go2w_description/xacro/robot.xacro
-- Up-to-date symlink: /home/home/ros2_ws/install/go2w_description/share/go2w_description/rviz/display.rviz
-- Up-to-date symlink: /home/home/ros2_ws/install/go2w_description/share/ament_index/resource_index/package_run_dependencies/go2w_description
-- Up-to-date symlink: /home/home/ros2_ws/install/go2w_description/share/ament_index/resource_index/parent_prefix_path/go2w_description
-- Up-to-date symlink: /home/home/ros2_ws/install/go2w_description/share/go2w_description/environment/ament_prefix_path.sh
-- Up-to-date symlink: /home/home/ros2_ws/install/go2w_description/share/go2w_description/environment/ament_prefix_path.dsv
-- Up-to-date symlink: /home/home/ros2_ws/install/go2w_description/share/go2w_description/environment/path.sh
-- Up-to-date symlink: /home/home/ros2_ws/install/go2w_description/share/go2w_description/environment/path.dsv
-- Up-to-date symlink: /home/home/ros2_ws/install/go2w_description/share/go2w_description/local_setup.bash
-- Up-to-date symlink: /home/home/ros2_ws/install/go2w_description/share/go2w_description/local_setup.sh
-- Up-to-date symlink: /home/home/ros2_ws/install/go2w_description/share/go2w_description/local_setup.zsh
-- Up-to-date symlink: /home/home/ros2_ws/install/go2w_description/share/go2w_description/local_setup.dsv
-- Symlinking: /home/home/ros2_ws/install/go2w_description/share/go2w_description/package.dsv
-- Up-to-date symlink: /home/home/ros2_ws/install/go2w_description/share/ament_index/resource_index/packages/go2w_description
-- Up-to-date symlink: /home/home/ros2_ws/install/go2w_description/share/go2w_description/cmake/go2w_descriptionConfig.cmake
-- Up-to-date symlink: /home/home/ros2_ws/install/go2w_description/share/go2w_description/cmake/go2w_descriptionConfig-version.cmake
-- Up-to-date symlink: /home/home/ros2_ws/install/go2w_description/share/go2w_description/package.xml
