[0.029s] Invoking command in '/home/home/ros2_ws/build/world_tf_publisher': CMAKE_PREFIX_PATH=/opt/ros/humble /usr/bin/cmake /home/home/ros2_ws/src/RCI_quadruped_robot_navigation/plugins/world_tf_publisher -DAMENT_CMAKE_SYMLINK_INSTALL=1 -DCMAKE_INSTALL_PREFIX=/home/home/ros2_ws/install/world_tf_publisher
[1.121s] -- The C compiler identification is GNU 11.4.0
[1.121s] -- The CXX compiler identification is GNU 11.4.0
[1.121s] -- Detecting C compiler ABI info
[1.121s] -- Detecting C compiler ABI info - done
[1.121s] -- Check for working C compiler: /usr/bin/cc - skipped
[1.121s] -- Detecting C compile features
[1.121s] -- Detecting C compile features - done
[1.121s] -- Detecting CXX compiler ABI info
[1.121s] -- Detecting CXX compiler ABI info - done
[1.121s] -- Check for working CXX compiler: /usr/bin/c++ - skipped
[1.121s] -- Detecting CXX compile features
[1.121s] -- Detecting CXX compile features - done
[1.121s] -- Found ament_cmake: 1.3.12 (/opt/ros/humble/share/ament_cmake/cmake)
[1.121s] -- Found Python3: /usr/bin/python3 (found version "3.10.12") found components: Interpreter 
[1.121s] -- Override CMake install command with custom implementation using symlinks instead of copying resources
[1.121s] -- Found PkgConfig: /usr/bin/pkg-config (found version "0.29.2") 
[1.121s] -- Checking for module 'bullet>=2.82'
[1.121s] --   Found bullet, version 3.05
[1.121s] -- Found fcl: /usr/include (found suitable version "0.7.0", minimum required is "0.5.0") 
[1.121s] -- Found assimp: /usr/include (found version "5.2.0") 
[1.121s] -- Found DART: /usr/include (Required is at least version "6.6") found components: dart 
[1.121s] -- Found Boost: /usr/lib/x86_64-linux-gnu/cmake/Boost-1.74.0/BoostConfig.cmake (found suitable version "1.74.0", minimum required is "1.40.0") found components: thread system filesystem program_options regex iostreams date_time 
[1.121s] -- Found Protobuf: /usr/lib/x86_64-linux-gnu/libprotobuf.so (found version "3.12.4") 
[1.122s] -- Looking for ignition-math6 -- found version 6.15.1
[1.122s] -- Searching for dependencies of ignition-math6
[1.122s] -- Looking for OGRE...
[1.122s] -- OGRE_PREFIX_WATCH changed.
[1.122s] -- Checking for module 'OGRE'
[1.122s] --   Found OGRE, version 1.9.0
[1.122s] -- Found Ogre Ghadamon (1.9.0)
[1.122s] -- Found OGRE: optimized;/usr/lib/x86_64-linux-gnu/libOgreMain.so;debug;/usr/lib/x86_64-linux-gnu/libOgreMain.so
[1.122s] -- Looking for OGRE_Paging...
[1.122s] -- Found OGRE_Paging: optimized;/usr/lib/x86_64-linux-gnu/libOgrePaging.so;debug;/usr/lib/x86_64-linux-gnu/libOgrePaging.so
[1.122s] -- Looking for OGRE_Terrain...
[1.122s] -- Found OGRE_Terrain: optimized;/usr/lib/x86_64-linux-gnu/libOgreTerrain.so;debug;/usr/lib/x86_64-linux-gnu/libOgreTerrain.so
[1.122s] -- Looking for OGRE_Property...
[1.122s] -- Found OGRE_Property: optimized;/usr/lib/x86_64-linux-gnu/libOgreProperty.so;debug;/usr/lib/x86_64-linux-gnu/libOgreProperty.so
[1.122s] -- Looking for OGRE_RTShaderSystem...
[1.122s] -- Found OGRE_RTShaderSystem: optimized;/usr/lib/x86_64-linux-gnu/libOgreRTShaderSystem.so;debug;/usr/lib/x86_64-linux-gnu/libOgreRTShaderSystem.so
[1.122s] -- Looking for OGRE_Volume...
[1.122s] -- Found OGRE_Volume: optimized;/usr/lib/x86_64-linux-gnu/libOgreVolume.so;debug;/usr/lib/x86_64-linux-gnu/libOgreVolume.so
[1.122s] -- Looking for OGRE_Overlay...
[1.122s] -- Found OGRE_Overlay: optimized;/usr/lib/x86_64-linux-gnu/libOgreOverlay.so;debug;/usr/lib/x86_64-linux-gnu/libOgreOverlay.so
[1.122s] -- Looking for ignition-math6 -- found version 6.15.1
[1.129s] -- Looking for ignition-transport8 -- found version 8.2.1
[1.129s] -- Searching for dependencies of ignition-transport8
[1.129s] -- Found Protobuf: /usr/lib/x86_64-linux-gnu/libprotobuf.so (found suitable version "3.12.4", minimum required is "3") 
[1.129s] -- Config-file not installed for ZeroMQ -- checking for pkg-config
[1.129s] -- Checking for module 'libzmq >= 4'
[1.129s] --   Found libzmq , version 4.3.4
[1.129s] -- Found ZeroMQ: TRUE (Required is at least version "4") 
[1.129s] -- Checking for module 'uuid'
[1.129s] [33mCMake Warning (dev) at /usr/share/cmake-3.22/Modules/FindPackageHandleStandardArgs.cmake:438 (message):
[1.129s]   The package name passed to `find_package_handle_standard_args` (PkgConfig)
[1.129s]   does not match the name of the calling package (gazebo).  This can lead to
[1.129s]   problems in calling code that expects `find_package` result variables
[1.129s]   (e.g., `_FOUND`) to follow a certain pattern.
[1.129s] Call Stack (most recent call first):
[1.129s]   /usr/share/cmake-3.22/Modules/FindPkgConfig.cmake:99 (find_package_handle_standard_args)
[1.129s]   /usr/lib/x86_64-linux-gnu/cmake/gazebo/gazebo-config.cmake:72 (include)
[1.129s]   CMakeLists.txt:12 (find_package)
[1.129s] This warning is for project developers.  Use -Wno-dev to suppress it.
[1.130s] [0m
[1.134s] --   Found uuid, version 2.37.2
[1.197s] -- Found UUID: TRUE  
[1.199s] -- Looking for ignition-msgs5 -- found version 5.8.1
[1.200s] -- Searching for dependencies of ignition-msgs5
[1.221s] -- Looking for ignition-math6 -- found version 6.15.1
[1.225s] -- Checking for module 'tinyxml2'
[1.247s] --   Found tinyxml2, version 9.0.0
[1.336s] -- Looking for ignition-msgs5 -- found version 5.8.1
[1.336s] -- Looking for ignition-common3 -- found version 3.14.0
[1.336s] -- Searching for dependencies of ignition-common3
[1.336s] -- Looking for dlfcn.h - found
[1.338s] -- Looking for libdl - found
[1.340s] -- Found DL: TRUE  
[1.363s] -- Found tinyobjloader: /usr/lib/x86_64-linux-gnu/cmake/tinyobjloader/tinyobjloader-config.cmake (found version "2.0.0") 
[1.370s] -- Searching for <ignition-common3> component [graphics]
[1.370s] -- Looking for ignition-common3-graphics -- found version 3.14.0
[1.370s] -- Searching for dependencies of ignition-common3-graphics
[1.370s] -- Looking for ignition-math6 -- found version 6.15.1
[1.377s] -- Looking for ignition-fuel_tools4 -- found version 4.4.0
[1.378s] -- Searching for dependencies of ignition-fuel_tools4
[1.549s] -- Found CURL: /usr/lib/x86_64-linux-gnu/libcurl.so (found version "7.81.0")  
[1.565s] -- Checking for module 'jsoncpp'
[1.589s] --   Found jsoncpp, version 1.9.5
[1.671s] -- Found JSONCPP: TRUE  
[1.690s] -- Checking for module 'libzip'
[1.713s] --   Found libzip, version 1.7.3
[1.786s] -- Found ZIP: TRUE  
[1.786s] -- Looking for ignition-common3 -- found version 3.14.0
[1.788s] -- Looking for ignition-math6 -- found version 6.15.1
[1.788s] -- Looking for ignition-msgs5 -- found version 5.8.1
[1.794s] -- Found gazebo_ros: 3.9.0 (/opt/ros/humble/share/gazebo_ros/cmake)
[1.875s] -- Found rosidl_generator_c: 3.1.7 (/opt/ros/humble/share/rosidl_generator_c/cmake)
[1.888s] -- Found rosidl_adapter: 3.1.7 (/opt/ros/humble/share/rosidl_adapter/cmake)
[1.899s] -- Found rosidl_generator_cpp: 3.1.7 (/opt/ros/humble/share/rosidl_generator_cpp/cmake)
[1.927s] -- Using all available rosidl_typesupport_c: rosidl_typesupport_fastrtps_c;rosidl_typesupport_introspection_c
[1.953s] -- Using all available rosidl_typesupport_cpp: rosidl_typesupport_fastrtps_cpp;rosidl_typesupport_introspection_cpp
[2.039s] -- Found rmw_implementation_cmake: 6.1.2 (/opt/ros/humble/share/rmw_implementation_cmake/cmake)
[2.040s] -- Found rmw_fastrtps_cpp: 6.2.9 (/opt/ros/humble/share/rmw_fastrtps_cpp/cmake)
[2.230s] -- Found OpenSSL: /usr/lib/x86_64-linux-gnu/libcrypto.so (found version "3.0.2")  
[2.295s] -- Found FastRTPS: /opt/ros/humble/include  
[2.368s] -- Using RMW implementation 'rmw_fastrtps_cpp' as default
[2.377s] -- Found Threads: TRUE  
[2.447s] -- Gazebo version: 11.10
[2.448s] -- Checking for module 'tbb'
[2.473s] --   Found tbb, version 2021.5.0
[2.545s] -- Found tf2_ros: 0.25.17 (/opt/ros/humble/share/tf2_ros/cmake)
[2.891s] -- Configuring done
[2.945s] -- Generating done
[2.951s] -- Build files have been written to: /home/home/ros2_ws/build/world_tf_publisher
[2.992s] Invoked command in '/home/home/ros2_ws/build/world_tf_publisher' returned '0': CMAKE_PREFIX_PATH=/opt/ros/humble /usr/bin/cmake /home/home/ros2_ws/src/RCI_quadruped_robot_navigation/plugins/world_tf_publisher -DAMENT_CMAKE_SYMLINK_INSTALL=1 -DCMAKE_INSTALL_PREFIX=/home/home/ros2_ws/install/world_tf_publisher
[2.992s] Invoking command in '/home/home/ros2_ws/build/world_tf_publisher': CMAKE_PREFIX_PATH=/opt/ros/humble /usr/bin/cmake --build /home/home/ros2_ws/build/world_tf_publisher -- -j12 -l12
[3.103s] [ 50%] [32mBuilding CXX object CMakeFiles/world_tf_publisher.dir/src/world_tf_publisher.cpp.o[0m
[17.190s] [100%] [32m[1mLinking CXX shared library libworld_tf_publisher.so[0m
[17.529s] [100%] Built target world_tf_publisher
[17.537s] Invoked command in '/home/home/ros2_ws/build/world_tf_publisher' returned '0': CMAKE_PREFIX_PATH=/opt/ros/humble /usr/bin/cmake --build /home/home/ros2_ws/build/world_tf_publisher -- -j12 -l12
[17.538s] Invoking command in '/home/home/ros2_ws/build/world_tf_publisher': CMAKE_PREFIX_PATH=/opt/ros/humble /usr/bin/cmake --install /home/home/ros2_ws/build/world_tf_publisher
[17.543s] -- Install configuration: ""
[17.543s] -- Execute custom install script
[17.543s] -- Symlinking: /home/home/ros2_ws/install/world_tf_publisher/lib/libworld_tf_publisher.so
[17.550s] -- Symlinking: /home/home/ros2_ws/install/world_tf_publisher/share/ament_index/resource_index/package_run_dependencies/world_tf_publisher
[17.556s] -- Symlinking: /home/home/ros2_ws/install/world_tf_publisher/share/ament_index/resource_index/parent_prefix_path/world_tf_publisher
[17.563s] -- Symlinking: /home/home/ros2_ws/install/world_tf_publisher/share/world_tf_publisher/environment/ament_prefix_path.sh
[17.569s] -- Symlinking: /home/home/ros2_ws/install/world_tf_publisher/share/world_tf_publisher/environment/ament_prefix_path.dsv
[17.575s] -- Symlinking: /home/home/ros2_ws/install/world_tf_publisher/share/world_tf_publisher/environment/path.sh
[17.582s] -- Symlinking: /home/home/ros2_ws/install/world_tf_publisher/share/world_tf_publisher/environment/path.dsv
[17.589s] -- Symlinking: /home/home/ros2_ws/install/world_tf_publisher/share/world_tf_publisher/local_setup.bash
[17.596s] -- Symlinking: /home/home/ros2_ws/install/world_tf_publisher/share/world_tf_publisher/local_setup.sh
[17.603s] -- Symlinking: /home/home/ros2_ws/install/world_tf_publisher/share/world_tf_publisher/local_setup.zsh
[17.610s] -- Symlinking: /home/home/ros2_ws/install/world_tf_publisher/share/world_tf_publisher/local_setup.dsv
[17.617s] -- Symlinking: /home/home/ros2_ws/install/world_tf_publisher/share/world_tf_publisher/package.dsv
[17.624s] -- Symlinking: /home/home/ros2_ws/install/world_tf_publisher/share/ament_index/resource_index/packages/world_tf_publisher
[17.631s] -- Symlinking: /home/home/ros2_ws/install/world_tf_publisher/share/world_tf_publisher/cmake/world_tf_publisherConfig.cmake
[17.638s] -- Symlinking: /home/home/ros2_ws/install/world_tf_publisher/share/world_tf_publisher/cmake/world_tf_publisherConfig-version.cmake
[17.645s] -- Symlinking: /home/home/ros2_ws/install/world_tf_publisher/share/world_tf_publisher/package.xml
[17.655s] Invoked command in '/home/home/ros2_ws/build/world_tf_publisher' returned '0': CMAKE_PREFIX_PATH=/opt/ros/humble /usr/bin/cmake --install /home/home/ros2_ws/build/world_tf_publisher
