[0.037s] Invoking command in '/home/home/ros2_ws/build/rl_sar': CMAKE_PREFIX_PATH=${CMAKE_PREFIX_PATH}:/opt/ros/humble /usr/bin/cmake --build /home/home/ros2_ws/build/rl_sar -- -j12 -l12
[0.060s] -- Found ament_cmake: 1.3.12 (/opt/ros/humble/share/ament_cmake/cmake)
[0.171s] -- Override CMake install command with custom implementation using symlinks instead of copying resources
[0.175s] -- Found rclcpp: 16.0.16 (/opt/ros/humble/share/rclcpp/cmake)
[0.193s] -- Found rosidl_generator_c: 3.1.7 (/opt/ros/humble/share/rosidl_generator_c/cmake)
[0.195s] -- Found rosidl_adapter: 3.1.7 (/opt/ros/humble/share/rosidl_adapter/cmake)
[0.199s] -- Found rosidl_generator_cpp: 3.1.7 (/opt/ros/humble/share/rosidl_generator_cpp/cmake)
[0.210s] -- Using all available rosidl_typesupport_c: rosidl_typesupport_fastrtps_c;rosidl_typesupport_introspection_c
[0.218s] -- Using all available rosidl_typesupport_cpp: rosidl_typesupport_fastrtps_cpp;rosidl_typesupport_introspection_cpp
[0.235s] -- Found rmw_implementation_cmake: 6.1.2 (/opt/ros/humble/share/rmw_implementation_cmake/cmake)
[0.236s] -- Found rmw_fastrtps_cpp: 6.2.9 (/opt/ros/humble/share/rmw_fastrtps_cpp/cmake)
[0.317s] -- Using RMW implementation 'rmw_fastrtps_cpp' as default
[0.344s] -- Found gazebo_ros: 3.9.0 (/opt/ros/humble/share/gazebo_ros/cmake)
[0.363s] -- Found DART: /usr/include (Required is at least version "6.6") found components: dart 
[0.380s] -- Found Protobuf: /usr/lib/x86_64-linux-gnu/libprotobuf.so (found version "3.12.4") 
[0.381s] -- Looking for ignition-math6 -- found version 6.15.1
[0.384s] -- Searching for dependencies of ignition-math6
[0.385s] -- Looking for OGRE...
[0.389s] -- Found Ogre Ghadamon (1.9.0)
[0.389s] -- Found OGRE: optimized;/usr/lib/x86_64-linux-gnu/libOgreMain.so;debug;/usr/lib/x86_64-linux-gnu/libOgreMain.so
[0.395s] -- Looking for OGRE_Paging...
[0.395s] -- Found OGRE_Paging: optimized;/usr/lib/x86_64-linux-gnu/libOgrePaging.so;debug;/usr/lib/x86_64-linux-gnu/libOgrePaging.so
[0.395s] -- Looking for OGRE_Terrain...
[0.395s] -- Found OGRE_Terrain: optimized;/usr/lib/x86_64-linux-gnu/libOgreTerrain.so;debug;/usr/lib/x86_64-linux-gnu/libOgreTerrain.so
[0.395s] -- Looking for OGRE_Property...
[0.395s] -- Found OGRE_Property: optimized;/usr/lib/x86_64-linux-gnu/libOgreProperty.so;debug;/usr/lib/x86_64-linux-gnu/libOgreProperty.so
[0.395s] -- Looking for OGRE_RTShaderSystem...
[0.395s] -- Found OGRE_RTShaderSystem: optimized;/usr/lib/x86_64-linux-gnu/libOgreRTShaderSystem.so;debug;/usr/lib/x86_64-linux-gnu/libOgreRTShaderSystem.so
[0.395s] -- Looking for OGRE_Volume...
[0.395s] -- Found OGRE_Volume: optimized;/usr/lib/x86_64-linux-gnu/libOgreVolume.so;debug;/usr/lib/x86_64-linux-gnu/libOgreVolume.so
[0.395s] -- Looking for OGRE_Overlay...
[0.396s] -- Found OGRE_Overlay: optimized;/usr/lib/x86_64-linux-gnu/libOgreOverlay.so;debug;/usr/lib/x86_64-linux-gnu/libOgreOverlay.so
[0.487s] -- Looking for ignition-math6 -- found version 6.15.1
[0.487s] -- Looking for ignition-transport8 -- found version 8.2.1
[0.487s] -- Searching for dependencies of ignition-transport8
[0.502s] -- Found Protobuf: /usr/lib/x86_64-linux-gnu/libprotobuf.so (found suitable version "3.12.4", minimum required is "3") 
[0.511s] -- Config-file not installed for ZeroMQ -- checking for pkg-config
[0.514s] -- Checking for module 'libzmq >= 4'
[0.525s] --   Found libzmq , version 4.3.4
[0.556s] -- Checking for module 'uuid'
[0.565s] --   Found uuid, version 2.37.2
[0.590s] -- Looking for ignition-msgs5 -- found version 5.8.1
[0.590s] -- Searching for dependencies of ignition-msgs5
[0.606s] -- Looking for ignition-math6 -- found version 6.15.1
[0.609s] -- Checking for module 'tinyxml2'
[0.620s] --   Found tinyxml2, version 9.0.0
[0.647s] -- Looking for ignition-msgs5 -- found version 5.8.1
[0.647s] -- Looking for ignition-common3 -- found version 3.14.0
[0.648s] -- Searching for dependencies of ignition-common3
[0.648s] -- Looking for dlfcn.h - found
[0.648s] -- Looking for libdl - found
[0.655s] -- Searching for <ignition-common3> component [graphics]
[0.656s] -- Looking for ignition-common3-graphics -- found version 3.14.0
[0.656s] -- Searching for dependencies of ignition-common3-graphics
[0.656s] -- Looking for ignition-math6 -- found version 6.15.1
[0.656s] -- Looking for ignition-fuel_tools4 -- found version 4.4.0
[0.657s] -- Searching for dependencies of ignition-fuel_tools4
[0.685s] -- Checking for module 'jsoncpp'
[0.694s] --   Found jsoncpp, version 1.9.5
[0.725s] -- Checking for module 'libzip'
[0.736s] --   Found libzip, version 1.7.3
[0.762s] -- Looking for ignition-common3 -- found version 3.14.0
[0.762s] -- Looking for ignition-math6 -- found version 6.15.1
[0.762s] -- Looking for ignition-msgs5 -- found version 5.8.1
[0.763s] -- Gazebo version: 11.10
[0.764s] -- Found geometry_msgs: 4.9.0 (/opt/ros/humble/share/geometry_msgs/cmake)
[0.770s] -- Found nav_msgs: 4.9.0 (/opt/ros/humble/share/nav_msgs/cmake)
[0.780s] -- Found sensor_msgs: 4.9.0 (/opt/ros/humble/share/sensor_msgs/cmake)
[0.790s] -- Found tf2: 0.25.17 (/opt/ros/humble/share/tf2/cmake)
[0.792s] -- Found tf2_ros: 0.25.17 (/opt/ros/humble/share/tf2_ros/cmake)
[0.871s] -- Configuring done
[0.875s] -- Generating done
[0.878s] -- Build files have been written to: /home/home/ros2_ws/build/rl_sar
[0.902s] Invoked command in '/home/home/ros2_ws/build/rl_sar' returned '0': CMAKE_PREFIX_PATH=${CMAKE_PREFIX_PATH}:/opt/ros/humble /usr/bin/cmake --build /home/home/ros2_ws/build/rl_sar -- -j12 -l12
[0.903s] Invoking command in '/home/home/ros2_ws/build/rl_sar': CMAKE_PREFIX_PATH=${CMAKE_PREFIX_PATH}:/opt/ros/humble /usr/bin/cmake --install /home/home/ros2_ws/build/rl_sar
[0.909s] -- Install configuration: "Release"
[0.909s] -- Execute custom install script
[0.910s] -- Symlinking: /home/home/ros2_ws/install/rl_sar/share/rl_sar/launch/competition.launch.py
[0.917s] -- Up-to-date symlink: /home/home/ros2_ws/install/rl_sar/share/rl_sar/launch/gazebo.launch.py
[0.917s] -- Up-to-date symlink: /home/home/ros2_ws/install/rl_sar/share/rl_sar/launch/nav2.launch.py
[0.917s] -- Up-to-date symlink: /home/home/ros2_ws/install/rl_sar/share/rl_sar/launch/slam_nav.launch.py
[0.917s] -- Up-to-date symlink: /home/home/ros2_ws/install/rl_sar/share/rl_sar/worlds/hotel.world
[0.917s] -- Up-to-date symlink: /home/home/ros2_ws/install/rl_sar/share/rl_sar/worlds/hotel.world.bak
[0.917s] -- Up-to-date symlink: /home/home/ros2_ws/install/rl_sar/share/rl_sar/worlds/hotel_raw.world
[0.917s] -- Up-to-date symlink: /home/home/ros2_ws/install/rl_sar/share/rl_sar/worlds/hotel_raw_new_elevator.world
[0.917s] -- Up-to-date symlink: /home/home/ros2_ws/install/rl_sar/share/rl_sar/worlds/hotel_stairs.world
[0.917s] -- Up-to-date symlink: /home/home/ros2_ws/install/rl_sar/share/rl_sar/worlds/hotel_stairs_raw.world
[0.918s] -- Up-to-date symlink: /home/home/ros2_ws/install/rl_sar/share/rl_sar/worlds/remove_models.py
[0.918s] -- Up-to-date symlink: /home/home/ros2_ws/install/rl_sar/share/rl_sar/worlds/stairs.world
[0.918s] -- Symlinking: /home/home/ros2_ws/install/rl_sar/share/rl_sar/config/slam_toolbox_params.yaml
[0.925s] -- Symlinking: /home/home/ros2_ws/install/rl_sar/share/rl_sar/config/turtlebot3_nav2_params.yaml
[0.931s] -- Symlinking: /home/home/ros2_ws/install/rl_sar/share/rl_sar/rviz/turtlebot3_nav2.rviz
[0.938s] -- Up-to-date symlink: /home/home/ros2_ws/install/rl_sar/share/ament_index/resource_index/package_run_dependencies/rl_sar
[0.938s] -- Up-to-date symlink: /home/home/ros2_ws/install/rl_sar/share/ament_index/resource_index/parent_prefix_path/rl_sar
[0.938s] -- Up-to-date symlink: /home/home/ros2_ws/install/rl_sar/share/rl_sar/environment/ament_prefix_path.sh
[0.938s] -- Up-to-date symlink: /home/home/ros2_ws/install/rl_sar/share/rl_sar/environment/ament_prefix_path.dsv
[0.938s] -- Up-to-date symlink: /home/home/ros2_ws/install/rl_sar/share/rl_sar/environment/path.sh
[0.938s] -- Up-to-date symlink: /home/home/ros2_ws/install/rl_sar/share/rl_sar/environment/path.dsv
[0.938s] -- Up-to-date symlink: /home/home/ros2_ws/install/rl_sar/share/rl_sar/local_setup.bash
[0.938s] -- Up-to-date symlink: /home/home/ros2_ws/install/rl_sar/share/rl_sar/local_setup.sh
[0.938s] -- Up-to-date symlink: /home/home/ros2_ws/install/rl_sar/share/rl_sar/local_setup.zsh
[0.938s] -- Up-to-date symlink: /home/home/ros2_ws/install/rl_sar/share/rl_sar/local_setup.dsv
[0.938s] -- Symlinking: /home/home/ros2_ws/install/rl_sar/share/rl_sar/package.dsv
[0.945s] -- Up-to-date symlink: /home/home/ros2_ws/install/rl_sar/share/ament_index/resource_index/packages/rl_sar
[0.945s] -- Up-to-date symlink: /home/home/ros2_ws/install/rl_sar/share/rl_sar/cmake/rl_sarConfig.cmake
[0.945s] -- Up-to-date symlink: /home/home/ros2_ws/install/rl_sar/share/rl_sar/cmake/rl_sarConfig-version.cmake
[0.945s] -- Up-to-date symlink: /home/home/ros2_ws/install/rl_sar/share/rl_sar/package.xml
[0.947s] Invoked command in '/home/home/ros2_ws/build/rl_sar' returned '0': CMAKE_PREFIX_PATH=${CMAKE_PREFIX_PATH}:/opt/ros/humble /usr/bin/cmake --install /home/home/ros2_ws/build/rl_sar
