[0.032s] Invoking command in '/home/home/ros2_ws/build/robot_msgs': CMAKE_PREFIX_PATH=/opt/ros/humble /usr/bin/cmake /home/home/ros2_ws/src/RCI_quadruped_robot_navigation/robot_msgs -DAMENT_CMAKE_SYMLINK_INSTALL=1 -DCMAKE_INSTALL_PREFIX=/home/home/ros2_ws/install/robot_msgs
[0.081s] -- The C compiler identification is GNU 11.4.0
[0.137s] -- The CXX compiler identification is GNU 11.4.0
[0.143s] -- Detecting C compiler ABI info
[0.211s] -- Detecting C compiler ABI info - done
[0.221s] -- Check for working C compiler: /usr/bin/cc - skipped
[0.221s] -- Detecting C compile features
[0.221s] -- Detecting C compile features - done
[0.221s] -- Detecting CXX compiler ABI info
[0.295s] -- Detecting CXX compiler ABI info - done
[0.309s] -- Check for working CXX compiler: /usr/bin/c++ - skipped
[0.309s] -- Detecting CXX compile features
[0.309s] -- Detecting CXX compile features - done
[0.309s] -- Found ament_cmake: 1.3.12 (/opt/ros/humble/share/ament_cmake/cmake)
[0.438s] -- Found Python3: /usr/bin/python3 (found version "3.10.12") found components: Interpreter 
[0.496s] -- Override CMake install command with custom implementation using symlinks instead of copying resources
[0.523s] -- Found rosidl_default_generators: 1.2.0 (/opt/ros/humble/share/rosidl_default_generators/cmake)
[0.525s] -- Using all available rosidl_typesupport_c: rosidl_typesupport_fastrtps_c;rosidl_typesupport_introspection_c
[0.531s] -- Found rosidl_adapter: 3.1.7 (/opt/ros/humble/share/rosidl_adapter/cmake)
[0.567s] -- Using all available rosidl_typesupport_cpp: rosidl_typesupport_fastrtps_cpp;rosidl_typesupport_introspection_cpp
[0.780s] -- Found ament_cmake_ros: 0.10.0 (/opt/ros/humble/share/ament_cmake_ros/cmake)
[0.911s] -- Using all available rosidl_typesupport_c: rosidl_typesupport_fastrtps_c;rosidl_typesupport_introspection_c
[1.129s] -- Using all available rosidl_typesupport_cpp: rosidl_typesupport_fastrtps_cpp;rosidl_typesupport_introspection_cpp
[1.157s] -- Found PythonInterp: /usr/bin/python3 (found suitable version "3.10.12", minimum required is "3.6") 
[1.158s] -- Found python_cmake_module: 0.10.0 (/opt/ros/humble/share/python_cmake_module/cmake)
[1.195s] -- Found PythonLibs: /usr/lib/x86_64-linux-gnu/libpython3.10.so (found suitable version "3.10.12", minimum required is "3.5") 
[1.195s] -- Using PYTHON_EXECUTABLE: /usr/bin/python3
[1.195s] -- Using PYTHON_INCLUDE_DIRS: /usr/include/python3.10
[1.196s] -- Using PYTHON_LIBRARIES: /usr/lib/x86_64-linux-gnu/libpython3.10.so
[1.217s] -- Found PythonExtra: .so  
[1.290s] -- Configuring done
[1.349s] -- Generating done
[1.363s] -- Build files have been written to: /home/home/ros2_ws/build/robot_msgs
[1.390s] Invoked command in '/home/home/ros2_ws/build/robot_msgs' returned '0': CMAKE_PREFIX_PATH=/opt/ros/humble /usr/bin/cmake /home/home/ros2_ws/src/RCI_quadruped_robot_navigation/robot_msgs -DAMENT_CMAKE_SYMLINK_INSTALL=1 -DCMAKE_INSTALL_PREFIX=/home/home/ros2_ws/install/robot_msgs
[1.397s] Invoking command in '/home/home/ros2_ws/build/robot_msgs': CMAKE_PREFIX_PATH=/opt/ros/humble /usr/bin/cmake --build /home/home/ros2_ws/build/robot_msgs -- -j12 -l12
[1.934s] [  1%] [34m[1mGenerating C code for ROS interfaces[0m
[1.934s] [  3%] [34m[1mGenerating C++ code for ROS interfaces[0m
[1.934s] [  3%] Built target ament_cmake_python_symlink_robot_msgs
[1.934s] running egg_info
[1.934s] creating robot_msgs.egg-info
[1.934s] writing robot_msgs.egg-info/PKG-INFO
[1.934s] writing dependency_links to robot_msgs.egg-info/dependency_links.txt
[1.934s] writing top-level names to robot_msgs.egg-info/top_level.txt
[1.935s] writing manifest file 'robot_msgs.egg-info/SOURCES.txt'
[1.935s] reading manifest file 'robot_msgs.egg-info/SOURCES.txt'
[1.935s] writing manifest file 'robot_msgs.egg-info/SOURCES.txt'
[1.995s] [  3%] Built target ament_cmake_python_build_robot_msgs_egg
[2.212s] [  3%] Built target robot_msgs__cpp
[2.229s] [  4%] [34m[1mGenerating C++ introspection for ROS interfaces[0m
[2.239s] [  6%] [34m[1mGenerating C++ type support dispatch for ROS interfaces[0m
[2.239s] [  7%] [34m[1mGenerating C++ type support for eProsima Fast-RTPS[0m
[2.290s] [  9%] [32mBuilding C object CMakeFiles/robot_msgs__rosidl_generator_c.dir/rosidl_generator_c/robot_msgs/msg/detail/motor_command__functions.c.o[0m
[2.305s] [ 12%] [32mBuilding C object CMakeFiles/robot_msgs__rosidl_generator_c.dir/rosidl_generator_c/robot_msgs/msg/detail/motor_state__functions.c.o[0m
[2.305s] [ 15%] [32mBuilding C object CMakeFiles/robot_msgs__rosidl_generator_c.dir/rosidl_generator_c/robot_msgs/msg/detail/imu__functions.c.o[0m
[2.305s] [ 12%] [32mBuilding C object CMakeFiles/robot_msgs__rosidl_generator_c.dir/rosidl_generator_c/robot_msgs/msg/detail/robot_command__functions.c.o[0m
[2.305s] [ 14%] [32mBuilding C object CMakeFiles/robot_msgs__rosidl_generator_c.dir/rosidl_generator_c/robot_msgs/msg/detail/robot_state__functions.c.o[0m
[2.394s] [ 17%] [32m[1mLinking C shared library librobot_msgs__rosidl_generator_c.so[0m
[2.473s] [ 17%] Built target robot_msgs__rosidl_generator_c
[2.492s] [ 19%] [34m[1mGenerating C type support for eProsima Fast-RTPS[0m
[2.492s] [ 20%] [34m[1mGenerating C introspection for ROS interfaces[0m
[2.498s] [ 22%] [34m[1mGenerating C type support dispatch for ROS interfaces[0m
[2.960s] [ 23%] [32mBuilding CXX object CMakeFiles/robot_msgs__rosidl_typesupport_cpp.dir/rosidl_typesupport_cpp/robot_msgs/msg/motor_command__type_support.cpp.o[0m
[2.973s] [ 25%] [32mBuilding CXX object CMakeFiles/robot_msgs__rosidl_typesupport_cpp.dir/rosidl_typesupport_cpp/robot_msgs/msg/robot_state__type_support.cpp.o[0m
[2.976s] [ 26%] [32mBuilding CXX object CMakeFiles/robot_msgs__rosidl_typesupport_cpp.dir/rosidl_typesupport_cpp/robot_msgs/msg/motor_state__type_support.cpp.o[0m
[2.977s] [ 28%] [32mBuilding CXX object CMakeFiles/robot_msgs__rosidl_typesupport_cpp.dir/rosidl_typesupport_cpp/robot_msgs/msg/robot_command__type_support.cpp.o[0m
[2.978s] [ 30%] [32mBuilding CXX object CMakeFiles/robot_msgs__rosidl_typesupport_cpp.dir/rosidl_typesupport_cpp/robot_msgs/msg/imu__type_support.cpp.o[0m
[2.988s] [ 31%] [32mBuilding CXX object CMakeFiles/robot_msgs__rosidl_typesupport_introspection_cpp.dir/rosidl_typesupport_introspection_cpp/robot_msgs/msg/detail/motor_command__type_support.cpp.o[0m
[2.988s] [ 33%] [32mBuilding CXX object CMakeFiles/robot_msgs__rosidl_typesupport_introspection_cpp.dir/rosidl_typesupport_introspection_cpp/robot_msgs/msg/detail/robot_command__type_support.cpp.o[0m
[2.995s] [ 34%] [32mBuilding CXX object CMakeFiles/robot_msgs__rosidl_typesupport_introspection_cpp.dir/rosidl_typesupport_introspection_cpp/robot_msgs/msg/detail/motor_state__type_support.cpp.o[0m
[3.207s] [ 36%] [32mBuilding CXX object CMakeFiles/robot_msgs__rosidl_typesupport_fastrtps_cpp.dir/rosidl_typesupport_fastrtps_cpp/robot_msgs/msg/detail/dds_fastrtps/motor_command__type_support.cpp.o[0m
[3.216s] [ 38%] [32mBuilding CXX object CMakeFiles/robot_msgs__rosidl_typesupport_fastrtps_cpp.dir/rosidl_typesupport_fastrtps_cpp/robot_msgs/msg/detail/dds_fastrtps/motor_state__type_support.cpp.o[0m
[3.307s] [ 39%] [32mBuilding CXX object CMakeFiles/robot_msgs__rosidl_typesupport_c.dir/rosidl_typesupport_c/robot_msgs/msg/motor_command__type_support.cpp.o[0m
[3.372s] [ 41%] [32mBuilding CXX object CMakeFiles/robot_msgs__rosidl_typesupport_c.dir/rosidl_typesupport_c/robot_msgs/msg/motor_state__type_support.cpp.o[0m
[3.428s] [ 42%] [32mBuilding C object CMakeFiles/robot_msgs__rosidl_typesupport_introspection_c.dir/rosidl_typesupport_introspection_c/robot_msgs/msg/detail/motor_command__type_support.c.o[0m
[3.443s] [ 44%] [32mBuilding CXX object CMakeFiles/robot_msgs__rosidl_typesupport_c.dir/rosidl_typesupport_c/robot_msgs/msg/robot_command__type_support.cpp.o[0m
[3.511s] [ 46%] [32mBuilding C object CMakeFiles/robot_msgs__rosidl_typesupport_introspection_c.dir/rosidl_typesupport_introspection_c/robot_msgs/msg/detail/motor_state__type_support.c.o[0m
[3.516s] [ 47%] [32mBuilding CXX object CMakeFiles/robot_msgs__rosidl_typesupport_c.dir/rosidl_typesupport_c/robot_msgs/msg/robot_state__type_support.cpp.o[0m
[3.519s] [ 49%] [32mBuilding C object CMakeFiles/robot_msgs__rosidl_typesupport_introspection_c.dir/rosidl_typesupport_introspection_c/robot_msgs/msg/detail/robot_command__type_support.c.o[0m
[3.531s] [ 50%] [32mBuilding CXX object CMakeFiles/robot_msgs__rosidl_typesupport_c.dir/rosidl_typesupport_c/robot_msgs/msg/imu__type_support.cpp.o[0m
[3.568s] [ 52%] [32mBuilding C object CMakeFiles/robot_msgs__rosidl_typesupport_introspection_c.dir/rosidl_typesupport_introspection_c/robot_msgs/msg/detail/robot_state__type_support.c.o[0m
[3.588s] [ 53%] [32mBuilding CXX object CMakeFiles/robot_msgs__rosidl_typesupport_fastrtps_cpp.dir/rosidl_typesupport_fastrtps_cpp/robot_msgs/msg/detail/dds_fastrtps/robot_command__type_support.cpp.o[0m
[3.588s] [ 55%] [32mBuilding CXX object CMakeFiles/robot_msgs__rosidl_typesupport_fastrtps_cpp.dir/rosidl_typesupport_fastrtps_cpp/robot_msgs/msg/detail/dds_fastrtps/robot_state__type_support.cpp.o[0m
[3.596s] [ 57%] [32m[1mLinking CXX shared library librobot_msgs__rosidl_typesupport_c.so[0m
[3.607s] [ 58%] [32mBuilding CXX object CMakeFiles/robot_msgs__rosidl_typesupport_fastrtps_cpp.dir/rosidl_typesupport_fastrtps_cpp/robot_msgs/msg/detail/dds_fastrtps/imu__type_support.cpp.o[0m
[3.631s] [ 60%] [32m[1mLinking CXX shared library librobot_msgs__rosidl_typesupport_cpp.so[0m
[3.649s] [ 61%] [32mBuilding C object CMakeFiles/robot_msgs__rosidl_typesupport_introspection_c.dir/rosidl_typesupport_introspection_c/robot_msgs/msg/detail/imu__type_support.c.o[0m
[3.653s] [ 63%] [32mBuilding CXX object CMakeFiles/robot_msgs__rosidl_typesupport_introspection_cpp.dir/rosidl_typesupport_introspection_cpp/robot_msgs/msg/detail/robot_state__type_support.cpp.o[0m
[3.679s] [ 63%] Built target robot_msgs__rosidl_typesupport_c
[3.688s] [ 65%] [32mBuilding CXX object CMakeFiles/robot_msgs__rosidl_typesupport_introspection_cpp.dir/rosidl_typesupport_introspection_cpp/robot_msgs/msg/detail/imu__type_support.cpp.o[0m
[3.718s] [ 66%] [32m[1mLinking C shared library librobot_msgs__rosidl_typesupport_introspection_c.so[0m
[3.730s] [ 68%] [32mBuilding CXX object CMakeFiles/robot_msgs__rosidl_typesupport_fastrtps_c.dir/rosidl_typesupport_fastrtps_c/robot_msgs/msg/detail/motor_command__type_support_c.cpp.o[0m
[3.731s] [ 71%] [32mBuilding CXX object CMakeFiles/robot_msgs__rosidl_typesupport_fastrtps_c.dir/rosidl_typesupport_fastrtps_c/robot_msgs/msg/detail/motor_state__type_support_c.cpp.o[0m
[3.735s] [ 71%] Built target robot_msgs__rosidl_typesupport_cpp
[3.736s] [ 69%] [32mBuilding CXX object CMakeFiles/robot_msgs__rosidl_typesupport_fastrtps_c.dir/rosidl_typesupport_fastrtps_c/robot_msgs/msg/detail/robot_command__type_support_c.cpp.o[0m
[3.777s] [ 73%] [32mBuilding CXX object CMakeFiles/robot_msgs__rosidl_typesupport_fastrtps_c.dir/rosidl_typesupport_fastrtps_c/robot_msgs/msg/detail/robot_state__type_support_c.cpp.o[0m
[3.806s] [ 73%] Built target robot_msgs__rosidl_typesupport_introspection_c
[3.826s] [ 74%] [32mBuilding CXX object CMakeFiles/robot_msgs__rosidl_typesupport_fastrtps_c.dir/rosidl_typesupport_fastrtps_c/robot_msgs/msg/detail/imu__type_support_c.cpp.o[0m
[4.359s] [ 76%] [32m[1mLinking CXX shared library librobot_msgs__rosidl_typesupport_fastrtps_cpp.so[0m
[4.463s] [ 77%] [32m[1mLinking CXX shared library librobot_msgs__rosidl_typesupport_introspection_cpp.so[0m
[4.482s] [ 77%] Built target robot_msgs__rosidl_typesupport_fastrtps_cpp
[4.504s] [ 79%] [32m[1mLinking CXX shared library librobot_msgs__rosidl_typesupport_fastrtps_c.so[0m
[4.632s] [ 79%] Built target robot_msgs__rosidl_typesupport_introspection_cpp
[4.679s] [ 79%] Built target robot_msgs__rosidl_typesupport_fastrtps_c
[4.716s] [ 79%] Built target robot_msgs
[4.761s] [ 80%] [34m[1mGenerating Python code for ROS interfaces[0m
[5.754s] [ 80%] Built target robot_msgs__py
[5.804s] [ 82%] [32mBuilding C object CMakeFiles/robot_msgs__rosidl_generator_py.dir/rosidl_generator_py/robot_msgs/msg/_robot_command_s.c.o[0m
[5.805s] [ 84%] [32mBuilding C object CMakeFiles/robot_msgs__rosidl_generator_py.dir/rosidl_generator_py/robot_msgs/msg/_motor_command_s.c.o[0m
[5.806s] [ 85%] [32mBuilding C object CMakeFiles/robot_msgs__rosidl_generator_py.dir/rosidl_generator_py/robot_msgs/msg/_motor_state_s.c.o[0m
[5.815s] [ 87%] [32mBuilding C object CMakeFiles/robot_msgs__rosidl_generator_py.dir/rosidl_generator_py/robot_msgs/msg/_robot_state_s.c.o[0m
[5.820s] [ 88%] [32mBuilding C object CMakeFiles/robot_msgs__rosidl_generator_py.dir/rosidl_generator_py/robot_msgs/msg/_imu_s.c.o[0m
[6.037s] [ 90%] [32m[1mLinking C shared library rosidl_generator_py/robot_msgs/librobot_msgs__rosidl_generator_py.so[0m
[6.110s] [ 90%] Built target robot_msgs__rosidl_generator_py
[6.145s] [ 92%] [32mBuilding C object CMakeFiles/robot_msgs__rosidl_typesupport_fastrtps_c__pyext.dir/rosidl_generator_py/robot_msgs/_robot_msgs_s.ep.rosidl_typesupport_fastrtps_c.c.o[0m
[6.154s] [ 93%] [32mBuilding C object CMakeFiles/robot_msgs__rosidl_typesupport_c__pyext.dir/rosidl_generator_py/robot_msgs/_robot_msgs_s.ep.rosidl_typesupport_c.c.o[0m
[6.158s] [ 95%] [32mBuilding C object CMakeFiles/robot_msgs__rosidl_typesupport_introspection_c__pyext.dir/rosidl_generator_py/robot_msgs/_robot_msgs_s.ep.rosidl_typesupport_introspection_c.c.o[0m
[6.317s] [ 98%] [32m[1mLinking C shared library rosidl_generator_py/robot_msgs/robot_msgs_s__rosidl_typesupport_c.cpython-310-x86_64-linux-gnu.so[0m
[6.317s] [ 98%] [32m[1mLinking C shared library rosidl_generator_py/robot_msgs/robot_msgs_s__rosidl_typesupport_fastrtps_c.cpython-310-x86_64-linux-gnu.so[0m
[6.370s] [100%] [32m[1mLinking C shared library rosidl_generator_py/robot_msgs/robot_msgs_s__rosidl_typesupport_introspection_c.cpython-310-x86_64-linux-gnu.so[0m
[6.370s] [100%] Built target robot_msgs__rosidl_typesupport_fastrtps_c__pyext
[6.378s] [100%] Built target robot_msgs__rosidl_typesupport_c__pyext
[6.426s] [100%] Built target robot_msgs__rosidl_typesupport_introspection_c__pyext
[6.461s] Invoked command in '/home/home/ros2_ws/build/robot_msgs' returned '0': CMAKE_PREFIX_PATH=/opt/ros/humble /usr/bin/cmake --build /home/home/ros2_ws/build/robot_msgs -- -j12 -l12
[6.461s] Invoking command in '/home/home/ros2_ws/build/robot_msgs': CMAKE_PREFIX_PATH=/opt/ros/humble /usr/bin/cmake --install /home/home/ros2_ws/build/robot_msgs
[6.477s] -- Install configuration: ""
[6.477s] -- Execute custom install script
[6.477s] -- Symlinking: /home/home/ros2_ws/install/robot_msgs/share/ament_index/resource_index/rosidl_interfaces/robot_msgs
[6.499s] -- Symlinking: /home/home/ros2_ws/install/robot_msgs/include/robot_msgs/robot_msgs/msg/detail/imu__functions.h
[6.518s] -- Symlinking: /home/home/ros2_ws/install/robot_msgs/include/robot_msgs/robot_msgs/msg/detail/imu__struct.h
[6.536s] -- Symlinking: /home/home/ros2_ws/install/robot_msgs/include/robot_msgs/robot_msgs/msg/detail/imu__type_support.h
[6.553s] -- Symlinking: /home/home/ros2_ws/install/robot_msgs/include/robot_msgs/robot_msgs/msg/detail/motor_command__functions.h
[6.573s] -- Symlinking: /home/home/ros2_ws/install/robot_msgs/include/robot_msgs/robot_msgs/msg/detail/motor_command__struct.h
[6.587s] -- Symlinking: /home/home/ros2_ws/install/robot_msgs/include/robot_msgs/robot_msgs/msg/detail/motor_command__type_support.h
[6.606s] -- Symlinking: /home/home/ros2_ws/install/robot_msgs/include/robot_msgs/robot_msgs/msg/detail/motor_state__functions.h
[6.624s] -- Symlinking: /home/home/ros2_ws/install/robot_msgs/include/robot_msgs/robot_msgs/msg/detail/motor_state__struct.h
[6.642s] -- Symlinking: /home/home/ros2_ws/install/robot_msgs/include/robot_msgs/robot_msgs/msg/detail/motor_state__type_support.h
[6.660s] -- Symlinking: /home/home/ros2_ws/install/robot_msgs/include/robot_msgs/robot_msgs/msg/detail/robot_command__functions.h
[6.675s] -- Symlinking: /home/home/ros2_ws/install/robot_msgs/include/robot_msgs/robot_msgs/msg/detail/robot_command__struct.h
[6.694s] -- Symlinking: /home/home/ros2_ws/install/robot_msgs/include/robot_msgs/robot_msgs/msg/detail/robot_command__type_support.h
[6.715s] -- Symlinking: /home/home/ros2_ws/install/robot_msgs/include/robot_msgs/robot_msgs/msg/detail/robot_state__functions.h
[6.735s] -- Symlinking: /home/home/ros2_ws/install/robot_msgs/include/robot_msgs/robot_msgs/msg/detail/robot_state__struct.h
[6.752s] -- Symlinking: /home/home/ros2_ws/install/robot_msgs/include/robot_msgs/robot_msgs/msg/detail/robot_state__type_support.h
[6.761s] -- Symlinking: /home/home/ros2_ws/install/robot_msgs/include/robot_msgs/robot_msgs/msg/imu.h
[6.769s] -- Symlinking: /home/home/ros2_ws/install/robot_msgs/include/robot_msgs/robot_msgs/msg/motor_command.h
[6.778s] -- Symlinking: /home/home/ros2_ws/install/robot_msgs/include/robot_msgs/robot_msgs/msg/motor_state.h
[6.787s] -- Symlinking: /home/home/ros2_ws/install/robot_msgs/include/robot_msgs/robot_msgs/msg/robot_command.h
[6.796s] -- Symlinking: /home/home/ros2_ws/install/robot_msgs/include/robot_msgs/robot_msgs/msg/robot_state.h
[6.805s] -- Symlinking: /home/home/ros2_ws/install/robot_msgs/include/robot_msgs/robot_msgs/msg/rosidl_generator_c__visibility_control.h
[6.814s] -- Symlinking: /home/home/ros2_ws/install/robot_msgs/share/robot_msgs/environment/library_path.sh
[6.823s] -- Symlinking: /home/home/ros2_ws/install/robot_msgs/share/robot_msgs/environment/library_path.dsv
[6.833s] -- Symlinking: /home/home/ros2_ws/install/robot_msgs/include/robot_msgs/robot_msgs/msg/detail/imu__rosidl_typesupport_fastrtps_c.h
[6.843s] -- Symlinking: /home/home/ros2_ws/install/robot_msgs/include/robot_msgs/robot_msgs/msg/detail/motor_command__rosidl_typesupport_fastrtps_c.h
[6.853s] -- Symlinking: /home/home/ros2_ws/install/robot_msgs/include/robot_msgs/robot_msgs/msg/detail/motor_state__rosidl_typesupport_fastrtps_c.h
[6.862s] -- Symlinking: /home/home/ros2_ws/install/robot_msgs/include/robot_msgs/robot_msgs/msg/detail/robot_command__rosidl_typesupport_fastrtps_c.h
[6.872s] -- Symlinking: /home/home/ros2_ws/install/robot_msgs/include/robot_msgs/robot_msgs/msg/detail/robot_state__rosidl_typesupport_fastrtps_c.h
[6.882s] -- Symlinking: /home/home/ros2_ws/install/robot_msgs/include/robot_msgs/robot_msgs/msg/rosidl_typesupport_fastrtps_c__visibility_control.h
[6.891s] -- Symlinking: /home/home/ros2_ws/install/robot_msgs/include/robot_msgs/robot_msgs/msg/detail/imu__rosidl_typesupport_introspection_c.h
[6.902s] -- Symlinking: /home/home/ros2_ws/install/robot_msgs/include/robot_msgs/robot_msgs/msg/detail/motor_command__rosidl_typesupport_introspection_c.h
[6.911s] -- Symlinking: /home/home/ros2_ws/install/robot_msgs/include/robot_msgs/robot_msgs/msg/detail/motor_state__rosidl_typesupport_introspection_c.h
[6.920s] -- Symlinking: /home/home/ros2_ws/install/robot_msgs/include/robot_msgs/robot_msgs/msg/detail/robot_command__rosidl_typesupport_introspection_c.h
[6.934s] -- Symlinking: /home/home/ros2_ws/install/robot_msgs/include/robot_msgs/robot_msgs/msg/detail/robot_state__rosidl_typesupport_introspection_c.h
[6.939s] -- Symlinking: /home/home/ros2_ws/install/robot_msgs/include/robot_msgs/robot_msgs/msg/rosidl_typesupport_introspection_c__visibility_control.h
[6.949s] -- Symlinking: /home/home/ros2_ws/install/robot_msgs/include/robot_msgs/robot_msgs/msg/detail/imu__builder.hpp
[6.959s] -- Symlinking: /home/home/ros2_ws/install/robot_msgs/include/robot_msgs/robot_msgs/msg/detail/imu__struct.hpp
[6.969s] -- Symlinking: /home/home/ros2_ws/install/robot_msgs/include/robot_msgs/robot_msgs/msg/detail/imu__traits.hpp
[6.984s] -- Symlinking: /home/home/ros2_ws/install/robot_msgs/include/robot_msgs/robot_msgs/msg/detail/imu__type_support.hpp
[7.004s] -- Symlinking: /home/home/ros2_ws/install/robot_msgs/include/robot_msgs/robot_msgs/msg/detail/motor_command__builder.hpp
[7.029s] -- Symlinking: /home/home/ros2_ws/install/robot_msgs/include/robot_msgs/robot_msgs/msg/detail/motor_command__struct.hpp
[7.043s] -- Symlinking: /home/home/ros2_ws/install/robot_msgs/include/robot_msgs/robot_msgs/msg/detail/motor_command__traits.hpp
[7.064s] -- Symlinking: /home/home/ros2_ws/install/robot_msgs/include/robot_msgs/robot_msgs/msg/detail/motor_command__type_support.hpp
[7.077s] -- Symlinking: /home/home/ros2_ws/install/robot_msgs/include/robot_msgs/robot_msgs/msg/detail/motor_state__builder.hpp
[7.086s] -- Symlinking: /home/home/ros2_ws/install/robot_msgs/include/robot_msgs/robot_msgs/msg/detail/motor_state__struct.hpp
[7.095s] -- Symlinking: /home/home/ros2_ws/install/robot_msgs/include/robot_msgs/robot_msgs/msg/detail/motor_state__traits.hpp
[7.104s] -- Symlinking: /home/home/ros2_ws/install/robot_msgs/include/robot_msgs/robot_msgs/msg/detail/motor_state__type_support.hpp
[7.114s] -- Symlinking: /home/home/ros2_ws/install/robot_msgs/include/robot_msgs/robot_msgs/msg/detail/robot_command__builder.hpp
[7.123s] -- Symlinking: /home/home/ros2_ws/install/robot_msgs/include/robot_msgs/robot_msgs/msg/detail/robot_command__struct.hpp
[7.133s] -- Symlinking: /home/home/ros2_ws/install/robot_msgs/include/robot_msgs/robot_msgs/msg/detail/robot_command__traits.hpp
[7.143s] -- Symlinking: /home/home/ros2_ws/install/robot_msgs/include/robot_msgs/robot_msgs/msg/detail/robot_command__type_support.hpp
[7.153s] -- Symlinking: /home/home/ros2_ws/install/robot_msgs/include/robot_msgs/robot_msgs/msg/detail/robot_state__builder.hpp
[7.166s] -- Symlinking: /home/home/ros2_ws/install/robot_msgs/include/robot_msgs/robot_msgs/msg/detail/robot_state__struct.hpp
[7.173s] -- Symlinking: /home/home/ros2_ws/install/robot_msgs/include/robot_msgs/robot_msgs/msg/detail/robot_state__traits.hpp
[7.182s] -- Symlinking: /home/home/ros2_ws/install/robot_msgs/include/robot_msgs/robot_msgs/msg/detail/robot_state__type_support.hpp
[7.191s] -- Symlinking: /home/home/ros2_ws/install/robot_msgs/include/robot_msgs/robot_msgs/msg/imu.hpp
[7.201s] -- Symlinking: /home/home/ros2_ws/install/robot_msgs/include/robot_msgs/robot_msgs/msg/motor_command.hpp
[7.213s] -- Symlinking: /home/home/ros2_ws/install/robot_msgs/include/robot_msgs/robot_msgs/msg/motor_state.hpp
[7.222s] -- Symlinking: /home/home/ros2_ws/install/robot_msgs/include/robot_msgs/robot_msgs/msg/robot_command.hpp
[7.231s] -- Symlinking: /home/home/ros2_ws/install/robot_msgs/include/robot_msgs/robot_msgs/msg/robot_state.hpp
[7.239s] -- Symlinking: /home/home/ros2_ws/install/robot_msgs/include/robot_msgs/robot_msgs/msg/rosidl_generator_cpp__visibility_control.hpp
[7.249s] -- Symlinking: /home/home/ros2_ws/install/robot_msgs/include/robot_msgs/robot_msgs/msg/detail/imu__rosidl_typesupport_fastrtps_cpp.hpp
[7.258s] -- Symlinking: /home/home/ros2_ws/install/robot_msgs/include/robot_msgs/robot_msgs/msg/detail/motor_command__rosidl_typesupport_fastrtps_cpp.hpp
[7.267s] -- Symlinking: /home/home/ros2_ws/install/robot_msgs/include/robot_msgs/robot_msgs/msg/detail/motor_state__rosidl_typesupport_fastrtps_cpp.hpp
[7.276s] -- Symlinking: /home/home/ros2_ws/install/robot_msgs/include/robot_msgs/robot_msgs/msg/detail/robot_command__rosidl_typesupport_fastrtps_cpp.hpp
[7.284s] -- Symlinking: /home/home/ros2_ws/install/robot_msgs/include/robot_msgs/robot_msgs/msg/detail/robot_state__rosidl_typesupport_fastrtps_cpp.hpp
[7.293s] -- Symlinking: /home/home/ros2_ws/install/robot_msgs/include/robot_msgs/robot_msgs/msg/rosidl_typesupport_fastrtps_cpp__visibility_control.h
[7.301s] -- Symlinking: /home/home/ros2_ws/install/robot_msgs/include/robot_msgs/robot_msgs/msg/detail/imu__rosidl_typesupport_introspection_cpp.hpp
[7.311s] -- Symlinking: /home/home/ros2_ws/install/robot_msgs/include/robot_msgs/robot_msgs/msg/detail/motor_command__rosidl_typesupport_introspection_cpp.hpp
[7.319s] -- Symlinking: /home/home/ros2_ws/install/robot_msgs/include/robot_msgs/robot_msgs/msg/detail/motor_state__rosidl_typesupport_introspection_cpp.hpp
[7.329s] -- Symlinking: /home/home/ros2_ws/install/robot_msgs/include/robot_msgs/robot_msgs/msg/detail/robot_command__rosidl_typesupport_introspection_cpp.hpp
[7.337s] -- Symlinking: /home/home/ros2_ws/install/robot_msgs/include/robot_msgs/robot_msgs/msg/detail/robot_state__rosidl_typesupport_introspection_cpp.hpp
[7.347s] -- Symlinking: /home/home/ros2_ws/install/robot_msgs/share/robot_msgs/environment/pythonpath.sh
[7.356s] -- Symlinking: /home/home/ros2_ws/install/robot_msgs/share/robot_msgs/environment/pythonpath.dsv
[7.365s] -- Symlinking: /home/home/ros2_ws/install/robot_msgs/local/lib/python3.10/dist-packages/robot_msgs-3.0.0-py3.10.egg-info/PKG-INFO
[7.374s] -- Symlinking: /home/home/ros2_ws/install/robot_msgs/local/lib/python3.10/dist-packages/robot_msgs-3.0.0-py3.10.egg-info/SOURCES.txt
[7.383s] -- Symlinking: /home/home/ros2_ws/install/robot_msgs/local/lib/python3.10/dist-packages/robot_msgs-3.0.0-py3.10.egg-info/dependency_links.txt
[7.393s] -- Symlinking: /home/home/ros2_ws/install/robot_msgs/local/lib/python3.10/dist-packages/robot_msgs-3.0.0-py3.10.egg-info/top_level.txt
[7.400s] -- Symlinking: /home/home/ros2_ws/install/robot_msgs/local/lib/python3.10/dist-packages/robot_msgs/__init__.py
[7.408s] -- Symlinking: /home/home/ros2_ws/install/robot_msgs/local/lib/python3.10/dist-packages/robot_msgs/_robot_msgs_s.ep.rosidl_typesupport_c.c
[7.416s] -- Symlinking: /home/home/ros2_ws/install/robot_msgs/local/lib/python3.10/dist-packages/robot_msgs/_robot_msgs_s.ep.rosidl_typesupport_fastrtps_c.c
[7.425s] -- Symlinking: /home/home/ros2_ws/install/robot_msgs/local/lib/python3.10/dist-packages/robot_msgs/_robot_msgs_s.ep.rosidl_typesupport_introspection_c.c
[7.433s] -- Symlinking: /home/home/ros2_ws/install/robot_msgs/local/lib/python3.10/dist-packages/robot_msgs/librobot_msgs__rosidl_generator_py.so
[7.442s] -- Symlinking: /home/home/ros2_ws/install/robot_msgs/local/lib/python3.10/dist-packages/robot_msgs/msg/__init__.py
[7.450s] -- Symlinking: /home/home/ros2_ws/install/robot_msgs/local/lib/python3.10/dist-packages/robot_msgs/msg/_imu.py
[7.457s] -- Symlinking: /home/home/ros2_ws/install/robot_msgs/local/lib/python3.10/dist-packages/robot_msgs/msg/_imu_s.c
[7.465s] -- Symlinking: /home/home/ros2_ws/install/robot_msgs/local/lib/python3.10/dist-packages/robot_msgs/msg/_motor_command.py
[7.473s] -- Symlinking: /home/home/ros2_ws/install/robot_msgs/local/lib/python3.10/dist-packages/robot_msgs/msg/_motor_command_s.c
[7.481s] -- Symlinking: /home/home/ros2_ws/install/robot_msgs/local/lib/python3.10/dist-packages/robot_msgs/msg/_motor_state.py
[7.489s] -- Symlinking: /home/home/ros2_ws/install/robot_msgs/local/lib/python3.10/dist-packages/robot_msgs/msg/_motor_state_s.c
[7.496s] -- Symlinking: /home/home/ros2_ws/install/robot_msgs/local/lib/python3.10/dist-packages/robot_msgs/msg/_robot_command.py
[7.504s] -- Symlinking: /home/home/ros2_ws/install/robot_msgs/local/lib/python3.10/dist-packages/robot_msgs/msg/_robot_command_s.c
[7.512s] -- Symlinking: /home/home/ros2_ws/install/robot_msgs/local/lib/python3.10/dist-packages/robot_msgs/msg/_robot_state.py
[7.520s] -- Symlinking: /home/home/ros2_ws/install/robot_msgs/local/lib/python3.10/dist-packages/robot_msgs/msg/_robot_state_s.c
[7.528s] -- Symlinking: /home/home/ros2_ws/install/robot_msgs/local/lib/python3.10/dist-packages/robot_msgs/robot_msgs_s__rosidl_typesupport_c.cpython-310-x86_64-linux-gnu.so
[7.535s] -- Symlinking: /home/home/ros2_ws/install/robot_msgs/local/lib/python3.10/dist-packages/robot_msgs/robot_msgs_s__rosidl_typesupport_fastrtps_c.cpython-310-x86_64-linux-gnu.so
[7.543s] -- Symlinking: /home/home/ros2_ws/install/robot_msgs/local/lib/python3.10/dist-packages/robot_msgs/robot_msgs_s__rosidl_typesupport_introspection_c.cpython-310-x86_64-linux-gnu.so
[7.552s] -- Up-to-date symlink: /home/home/ros2_ws/install/robot_msgs/local/lib/python3.10/dist-packages/robot_msgs/robot_msgs_s__rosidl_typesupport_fastrtps_c.cpython-310-x86_64-linux-gnu.so
[7.552s] -- Up-to-date symlink: /home/home/ros2_ws/install/robot_msgs/local/lib/python3.10/dist-packages/robot_msgs/robot_msgs_s__rosidl_typesupport_introspection_c.cpython-310-x86_64-linux-gnu.so
[7.552s] -- Up-to-date symlink: /home/home/ros2_ws/install/robot_msgs/local/lib/python3.10/dist-packages/robot_msgs/robot_msgs_s__rosidl_typesupport_c.cpython-310-x86_64-linux-gnu.so
[7.553s] -- Symlinking: /home/home/ros2_ws/install/robot_msgs/share/robot_msgs/msg/MotorCommand.idl
[7.561s] -- Symlinking: /home/home/ros2_ws/install/robot_msgs/share/robot_msgs/msg/MotorState.idl
[7.569s] -- Symlinking: /home/home/ros2_ws/install/robot_msgs/share/robot_msgs/msg/RobotCommand.idl
[7.577s] -- Symlinking: /home/home/ros2_ws/install/robot_msgs/share/robot_msgs/msg/RobotState.idl
[7.585s] -- Symlinking: /home/home/ros2_ws/install/robot_msgs/share/robot_msgs/msg/IMU.idl
[7.592s] -- Symlinking: /home/home/ros2_ws/install/robot_msgs/share/robot_msgs/msg/MotorCommand.msg
[7.600s] -- Symlinking: /home/home/ros2_ws/install/robot_msgs/share/robot_msgs/msg/MotorState.msg
[7.608s] -- Symlinking: /home/home/ros2_ws/install/robot_msgs/share/robot_msgs/msg/RobotCommand.msg
[7.615s] -- Symlinking: /home/home/ros2_ws/install/robot_msgs/share/robot_msgs/msg/RobotState.msg
[7.624s] -- Symlinking: /home/home/ros2_ws/install/robot_msgs/share/robot_msgs/msg/IMU.msg
[7.632s] -- Symlinking: /home/home/ros2_ws/install/robot_msgs/share/ament_index/resource_index/package_run_dependencies/robot_msgs
[7.639s] -- Symlinking: /home/home/ros2_ws/install/robot_msgs/share/ament_index/resource_index/parent_prefix_path/robot_msgs
[7.647s] -- Symlinking: /home/home/ros2_ws/install/robot_msgs/share/robot_msgs/environment/ament_prefix_path.sh
[7.655s] -- Symlinking: /home/home/ros2_ws/install/robot_msgs/share/robot_msgs/environment/ament_prefix_path.dsv
[7.662s] -- Symlinking: /home/home/ros2_ws/install/robot_msgs/share/robot_msgs/environment/path.sh
[7.669s] -- Symlinking: /home/home/ros2_ws/install/robot_msgs/share/robot_msgs/environment/path.dsv
[7.677s] -- Symlinking: /home/home/ros2_ws/install/robot_msgs/share/robot_msgs/local_setup.bash
[7.685s] -- Symlinking: /home/home/ros2_ws/install/robot_msgs/share/robot_msgs/local_setup.sh
[7.693s] -- Symlinking: /home/home/ros2_ws/install/robot_msgs/share/robot_msgs/local_setup.zsh
[7.701s] -- Symlinking: /home/home/ros2_ws/install/robot_msgs/share/robot_msgs/local_setup.dsv
[7.709s] -- Symlinking: /home/home/ros2_ws/install/robot_msgs/share/robot_msgs/package.dsv
[7.717s] -- Symlinking: /home/home/ros2_ws/install/robot_msgs/share/ament_index/resource_index/packages/robot_msgs
[7.724s] -- Symlinking: /home/home/ros2_ws/install/robot_msgs/share/robot_msgs/cmake/rosidl_cmake-extras.cmake
[7.732s] -- Symlinking: /home/home/ros2_ws/install/robot_msgs/share/robot_msgs/cmake/ament_cmake_export_include_directories-extras.cmake
[7.739s] -- Symlinking: /home/home/ros2_ws/install/robot_msgs/share/robot_msgs/cmake/ament_cmake_export_libraries-extras.cmake
[7.748s] -- Symlinking: /home/home/ros2_ws/install/robot_msgs/share/robot_msgs/cmake/ament_cmake_export_targets-extras.cmake
[7.755s] -- Symlinking: /home/home/ros2_ws/install/robot_msgs/share/robot_msgs/cmake/rosidl_cmake_export_typesupport_targets-extras.cmake
[7.763s] -- Symlinking: /home/home/ros2_ws/install/robot_msgs/share/robot_msgs/cmake/ament_cmake_export_dependencies-extras.cmake
[7.771s] -- Symlinking: /home/home/ros2_ws/install/robot_msgs/share/robot_msgs/cmake/rosidl_cmake_export_typesupport_libraries-extras.cmake
[7.779s] -- Symlinking: /home/home/ros2_ws/install/robot_msgs/share/robot_msgs/cmake/robot_msgsConfig.cmake
[7.787s] -- Symlinking: /home/home/ros2_ws/install/robot_msgs/share/robot_msgs/cmake/robot_msgsConfig-version.cmake
[7.795s] -- Symlinking: /home/home/ros2_ws/install/robot_msgs/share/robot_msgs/package.xml
[7.803s] -- Installing: /home/home/ros2_ws/install/robot_msgs/lib/librobot_msgs__rosidl_generator_c.so
[7.803s] -- Set runtime path of "/home/home/ros2_ws/install/robot_msgs/lib/librobot_msgs__rosidl_generator_c.so" to ""
[7.803s] -- Installing: /home/home/ros2_ws/install/robot_msgs/lib/librobot_msgs__rosidl_typesupport_fastrtps_c.so
[7.803s] -- Set runtime path of "/home/home/ros2_ws/install/robot_msgs/lib/librobot_msgs__rosidl_typesupport_fastrtps_c.so" to ""
[7.803s] -- Installing: /home/home/ros2_ws/install/robot_msgs/lib/librobot_msgs__rosidl_typesupport_introspection_c.so
[7.804s] -- Set runtime path of "/home/home/ros2_ws/install/robot_msgs/lib/librobot_msgs__rosidl_typesupport_introspection_c.so" to ""
[7.804s] -- Installing: /home/home/ros2_ws/install/robot_msgs/lib/librobot_msgs__rosidl_typesupport_c.so
[7.804s] -- Set runtime path of "/home/home/ros2_ws/install/robot_msgs/lib/librobot_msgs__rosidl_typesupport_c.so" to ""
[7.804s] -- Installing: /home/home/ros2_ws/install/robot_msgs/lib/librobot_msgs__rosidl_typesupport_fastrtps_cpp.so
[7.804s] -- Set runtime path of "/home/home/ros2_ws/install/robot_msgs/lib/librobot_msgs__rosidl_typesupport_fastrtps_cpp.so" to ""
[7.805s] -- Installing: /home/home/ros2_ws/install/robot_msgs/lib/librobot_msgs__rosidl_typesupport_introspection_cpp.so
[7.805s] -- Set runtime path of "/home/home/ros2_ws/install/robot_msgs/lib/librobot_msgs__rosidl_typesupport_introspection_cpp.so" to ""
[7.805s] -- Installing: /home/home/ros2_ws/install/robot_msgs/lib/librobot_msgs__rosidl_typesupport_cpp.so
[7.805s] -- Set runtime path of "/home/home/ros2_ws/install/robot_msgs/lib/librobot_msgs__rosidl_typesupport_cpp.so" to ""
[7.837s] Listing '/home/home/ros2_ws/install/robot_msgs/local/lib/python3.10/dist-packages/robot_msgs'...
[7.837s] Compiling '/home/home/ros2_ws/install/robot_msgs/local/lib/python3.10/dist-packages/robot_msgs/__init__.py'...
[7.837s] Listing '/home/home/ros2_ws/install/robot_msgs/local/lib/python3.10/dist-packages/robot_msgs/msg'...
[7.837s] Compiling '/home/home/ros2_ws/install/robot_msgs/local/lib/python3.10/dist-packages/robot_msgs/msg/__init__.py'...
[7.837s] Compiling '/home/home/ros2_ws/install/robot_msgs/local/lib/python3.10/dist-packages/robot_msgs/msg/_imu.py'...
[7.837s] Compiling '/home/home/ros2_ws/install/robot_msgs/local/lib/python3.10/dist-packages/robot_msgs/msg/_motor_command.py'...
[7.837s] Compiling '/home/home/ros2_ws/install/robot_msgs/local/lib/python3.10/dist-packages/robot_msgs/msg/_motor_state.py'...
[7.837s] Compiling '/home/home/ros2_ws/install/robot_msgs/local/lib/python3.10/dist-packages/robot_msgs/msg/_robot_command.py'...
[7.837s] Compiling '/home/home/ros2_ws/install/robot_msgs/local/lib/python3.10/dist-packages/robot_msgs/msg/_robot_state.py'...
[7.842s] -- Installing: /home/home/ros2_ws/install/robot_msgs/lib/librobot_msgs__rosidl_generator_py.so
[7.842s] -- Set runtime path of "/home/home/ros2_ws/install/robot_msgs/lib/librobot_msgs__rosidl_generator_py.so" to ""
[7.842s] -- Installing: /home/home/ros2_ws/install/robot_msgs/share/robot_msgs/cmake/export_robot_msgs__rosidl_generator_cExport.cmake
[7.842s] -- Installing: /home/home/ros2_ws/install/robot_msgs/share/robot_msgs/cmake/export_robot_msgs__rosidl_generator_cExport-noconfig.cmake
[7.843s] -- Installing: /home/home/ros2_ws/install/robot_msgs/share/robot_msgs/cmake/export_robot_msgs__rosidl_typesupport_fastrtps_cExport.cmake
[7.843s] -- Installing: /home/home/ros2_ws/install/robot_msgs/share/robot_msgs/cmake/export_robot_msgs__rosidl_typesupport_fastrtps_cExport-noconfig.cmake
[7.843s] -- Installing: /home/home/ros2_ws/install/robot_msgs/share/robot_msgs/cmake/robot_msgs__rosidl_typesupport_introspection_cExport.cmake
[7.843s] -- Installing: /home/home/ros2_ws/install/robot_msgs/share/robot_msgs/cmake/robot_msgs__rosidl_typesupport_introspection_cExport-noconfig.cmake
[7.843s] -- Installing: /home/home/ros2_ws/install/robot_msgs/share/robot_msgs/cmake/robot_msgs__rosidl_typesupport_cExport.cmake
[7.843s] -- Installing: /home/home/ros2_ws/install/robot_msgs/share/robot_msgs/cmake/robot_msgs__rosidl_typesupport_cExport-noconfig.cmake
[7.843s] -- Installing: /home/home/ros2_ws/install/robot_msgs/share/robot_msgs/cmake/export_robot_msgs__rosidl_generator_cppExport.cmake
[7.844s] -- Installing: /home/home/ros2_ws/install/robot_msgs/share/robot_msgs/cmake/export_robot_msgs__rosidl_typesupport_fastrtps_cppExport.cmake
[7.844s] -- Installing: /home/home/ros2_ws/install/robot_msgs/share/robot_msgs/cmake/export_robot_msgs__rosidl_typesupport_fastrtps_cppExport-noconfig.cmake
[7.844s] -- Installing: /home/home/ros2_ws/install/robot_msgs/share/robot_msgs/cmake/robot_msgs__rosidl_typesupport_introspection_cppExport.cmake
[7.844s] -- Installing: /home/home/ros2_ws/install/robot_msgs/share/robot_msgs/cmake/robot_msgs__rosidl_typesupport_introspection_cppExport-noconfig.cmake
[7.844s] -- Installing: /home/home/ros2_ws/install/robot_msgs/share/robot_msgs/cmake/robot_msgs__rosidl_typesupport_cppExport.cmake
[7.844s] -- Installing: /home/home/ros2_ws/install/robot_msgs/share/robot_msgs/cmake/robot_msgs__rosidl_typesupport_cppExport-noconfig.cmake
[7.844s] -- Installing: /home/home/ros2_ws/install/robot_msgs/share/robot_msgs/cmake/export_robot_msgs__rosidl_generator_pyExport.cmake
[7.845s] -- Installing: /home/home/ros2_ws/install/robot_msgs/share/robot_msgs/cmake/export_robot_msgs__rosidl_generator_pyExport-noconfig.cmake
[7.851s] Invoked command in '/home/home/ros2_ws/build/robot_msgs' returned '0': CMAKE_PREFIX_PATH=/opt/ros/humble /usr/bin/cmake --install /home/home/ros2_ws/build/robot_msgs
