[100%] Built target robot_joint_controller
-- Install configuration: ""
-- Execute custom install script
-- Up-to-date symlink: /home/home/ros2_ws/install/robot_joint_controller/share/robot_joint_controller/ros2/robot_joint_controller_plugins.xml
-- Up-to-date symlink: /home/home/ros2_ws/install/robot_joint_controller/include/robot_joint_controller/robot_joint_controller.hpp
-- Up-to-date symlink: /home/home/ros2_ws/install/robot_joint_controller/include/robot_joint_controller/robot_joint_controller_group.hpp
-- Up-to-date symlink: /home/home/ros2_ws/install/robot_joint_controller/include/robot_joint_controller/visibility_control.h
-- Up-to-date symlink: /home/home/ros2_ws/install/robot_joint_controller/share/robot_joint_controller/environment/library_path.sh
-- Up-to-date symlink: /home/home/ros2_ws/install/robot_joint_controller/share/robot_joint_controller/environment/library_path.dsv
-- Up-to-date symlink: /home/home/ros2_ws/install/robot_joint_controller/share/ament_index/resource_index/package_run_dependencies/robot_joint_controller
-- Up-to-date symlink: /home/home/ros2_ws/install/robot_joint_controller/share/ament_index/resource_index/parent_prefix_path/robot_joint_controller
-- Up-to-date symlink: /home/home/ros2_ws/install/robot_joint_controller/share/robot_joint_controller/environment/ament_prefix_path.sh
-- Up-to-date symlink: /home/home/ros2_ws/install/robot_joint_controller/share/robot_joint_controller/environment/ament_prefix_path.dsv
-- Up-to-date symlink: /home/home/ros2_ws/install/robot_joint_controller/share/robot_joint_controller/environment/path.sh
-- Up-to-date symlink: /home/home/ros2_ws/install/robot_joint_controller/share/robot_joint_controller/environment/path.dsv
-- Up-to-date symlink: /home/home/ros2_ws/install/robot_joint_controller/share/robot_joint_controller/local_setup.bash
-- Up-to-date symlink: /home/home/ros2_ws/install/robot_joint_controller/share/robot_joint_controller/local_setup.sh
-- Up-to-date symlink: /home/home/ros2_ws/install/robot_joint_controller/share/robot_joint_controller/local_setup.zsh
-- Up-to-date symlink: /home/home/ros2_ws/install/robot_joint_controller/share/robot_joint_controller/local_setup.dsv
-- Symlinking: /home/home/ros2_ws/install/robot_joint_controller/share/robot_joint_controller/package.dsv
-- Up-to-date symlink: /home/home/ros2_ws/install/robot_joint_controller/share/ament_index/resource_index/packages/robot_joint_controller
-- Up-to-date symlink: /home/home/ros2_ws/install/robot_joint_controller/share/ament_index/resource_index/controller_interface__pluginlib__plugin/robot_joint_controller
-- Up-to-date symlink: /home/home/ros2_ws/install/robot_joint_controller/share/robot_joint_controller/cmake/ament_cmake_export_libraries-extras.cmake
-- Up-to-date symlink: /home/home/ros2_ws/install/robot_joint_controller/share/robot_joint_controller/cmake/ament_cmake_export_dependencies-extras.cmake
-- Up-to-date symlink: /home/home/ros2_ws/install/robot_joint_controller/share/robot_joint_controller/cmake/robot_joint_controllerConfig.cmake
-- Up-to-date symlink: /home/home/ros2_ws/install/robot_joint_controller/share/robot_joint_controller/cmake/robot_joint_controllerConfig-version.cmake
-- Up-to-date symlink: /home/home/ros2_ws/install/robot_joint_controller/share/robot_joint_controller/package.xml
-- Up-to-date: /home/home/ros2_ws/install/robot_joint_controller/lib/librobot_joint_controller.so
