-- Install configuration: "Release"
-- Execute custom install script
-- Up-to-date symlink: /home/home/ros2_ws/install/rl_sar/share/rl_sar/launch/competition.launch.py
-- Up-to-date symlink: /home/home/ros2_ws/install/rl_sar/share/rl_sar/launch/gazebo.launch.py
-- Up-to-date symlink: /home/home/ros2_ws/install/rl_sar/share/rl_sar/launch/nav2.launch.py
-- Up-to-date symlink: /home/home/ros2_ws/install/rl_sar/share/rl_sar/launch/slam_nav.launch.py
-- Up-to-date symlink: /home/home/ros2_ws/install/rl_sar/share/rl_sar/worlds/hotel.world
-- Up-to-date symlink: /home/home/ros2_ws/install/rl_sar/share/rl_sar/worlds/hotel.world.bak
-- Up-to-date symlink: /home/home/ros2_ws/install/rl_sar/share/rl_sar/worlds/hotel_raw.world
-- Up-to-date symlink: /home/home/ros2_ws/install/rl_sar/share/rl_sar/worlds/hotel_raw_new_elevator.world
-- Up-to-date symlink: /home/home/ros2_ws/install/rl_sar/share/rl_sar/worlds/hotel_stairs.world
-- Up-to-date symlink: /home/home/ros2_ws/install/rl_sar/share/rl_sar/worlds/hotel_stairs_raw.world
-- Up-to-date symlink: /home/home/ros2_ws/install/rl_sar/share/rl_sar/worlds/remove_models.py
-- Up-to-date symlink: /home/home/ros2_ws/install/rl_sar/share/rl_sar/worlds/stairs.world
-- Up-to-date symlink: /home/home/ros2_ws/install/rl_sar/share/rl_sar/config/slam_toolbox_params.yaml
-- Up-to-date symlink: /home/home/ros2_ws/install/rl_sar/share/rl_sar/config/turtlebot3_nav2_params.yaml
-- Up-to-date symlink: /home/home/ros2_ws/install/rl_sar/share/rl_sar/rviz/turtlebot3_nav2.rviz
-- Up-to-date symlink: /home/home/ros2_ws/install/rl_sar/share/ament_index/resource_index/package_run_dependencies/rl_sar
-- Up-to-date symlink: /home/home/ros2_ws/install/rl_sar/share/ament_index/resource_index/parent_prefix_path/rl_sar
-- Up-to-date symlink: /home/home/ros2_ws/install/rl_sar/share/rl_sar/environment/ament_prefix_path.sh
-- Up-to-date symlink: /home/home/ros2_ws/install/rl_sar/share/rl_sar/environment/ament_prefix_path.dsv
-- Up-to-date symlink: /home/home/ros2_ws/install/rl_sar/share/rl_sar/environment/path.sh
-- Up-to-date symlink: /home/home/ros2_ws/install/rl_sar/share/rl_sar/environment/path.dsv
-- Up-to-date symlink: /home/home/ros2_ws/install/rl_sar/share/rl_sar/local_setup.bash
-- Up-to-date symlink: /home/home/ros2_ws/install/rl_sar/share/rl_sar/local_setup.sh
-- Up-to-date symlink: /home/home/ros2_ws/install/rl_sar/share/rl_sar/local_setup.zsh
-- Up-to-date symlink: /home/home/ros2_ws/install/rl_sar/share/rl_sar/local_setup.dsv
-- Symlinking: /home/home/ros2_ws/install/rl_sar/share/rl_sar/package.dsv
-- Up-to-date symlink: /home/home/ros2_ws/install/rl_sar/share/ament_index/resource_index/packages/rl_sar
-- Up-to-date symlink: /home/home/ros2_ws/install/rl_sar/share/rl_sar/cmake/rl_sarConfig.cmake
-- Up-to-date symlink: /home/home/ros2_ws/install/rl_sar/share/rl_sar/cmake/rl_sarConfig-version.cmake
-- Up-to-date symlink: /home/home/ros2_ws/install/rl_sar/share/rl_sar/package.xml
