[0.023s] Invoking command in '/home/home/ros2_ws/build/hinged_door_plugin': CMAKE_PREFIX_PATH=/opt/ros/humble /usr/bin/cmake /home/home/ros2_ws/src/RCI_quadruped_robot_navigation/plugins/hinged_door_plugin -DAMENT_CMAKE_SYMLINK_INSTALL=1 -DCMAKE_INSTALL_PREFIX=/home/home/ros2_ws/install/hinged_door_plugin
[0.554s] -- The C compiler identification is GNU 11.4.0
[0.554s] -- The CXX compiler identification is GNU 11.4.0
[0.554s] -- Detecting C compiler ABI info
[0.554s] -- Detecting C compiler ABI info - done
[0.554s] -- Check for working C compiler: /usr/bin/cc - skipped
[0.554s] -- Detecting C compile features
[0.554s] -- Detecting C compile features - done
[0.554s] -- Detecting CXX compiler ABI info
[0.555s] -- Detecting CXX compiler ABI info - done
[0.555s] -- Check for working CXX compiler: /usr/bin/c++ - skipped
[0.555s] -- Detecting CXX compile features
[0.555s] -- Detecting CXX compile features - done
[0.555s] -- Found ament_cmake: 1.3.12 (/opt/ros/humble/share/ament_cmake/cmake)
[0.555s] -- Found Python3: /usr/bin/python3 (found version "3.10.12") found components: Interpreter 
[0.555s] -- Override CMake install command with custom implementation using symlinks instead of copying resources
[0.555s] -- Found PkgConfig: /usr/bin/pkg-config (found version "0.29.2") 
[0.555s] -- Checking for module 'bullet>=2.82'
[0.555s] --   Found bullet, version 3.05
[0.556s] [33mCMake Warning (dev) at /usr/share/cmake-3.22/Modules/FindPackageHandleStandardArgs.cmake:438 (message):
[0.556s]   The package name passed to `find_package_handle_standard_args` (PkgConfig)
[0.556s]   does not match the name of the calling package (gazebo).  This can lead to
[0.556s]   problems in calling code that expects `find_package` result variables
[0.556s]   (e.g., `_FOUND`) to follow a certain pattern.
[0.556s] Call Stack (most recent call first):
[0.556s]   /usr/share/cmake-3.22/Modules/FindPkgConfig.cmake:99 (find_package_handle_standard_args)
[0.556s]   /usr/lib/x86_64-linux-gnu/cmake/gazebo/gazebo-config.cmake:72 (include)
[0.556s]   CMakeLists.txt:12 (find_package)
[0.556s] This warning is for project developers.  Use -Wno-dev to suppress it.
[0.556s] [0m
[0.608s] -- Found fcl: /usr/include (found suitable version "0.7.0", minimum required is "0.5.0") 
[0.644s] -- Found assimp: /usr/include (found version "5.2.0") 
[0.659s] -- Found DART: /usr/include (Required is at least version "6.6") found components: dart 
[0.787s] -- Found Boost: /usr/lib/x86_64-linux-gnu/cmake/Boost-1.74.0/BoostConfig.cmake (found suitable version "1.74.0", minimum required is "1.40.0") found components: thread system filesystem program_options regex iostreams date_time 
[0.800s] -- Found Protobuf: /usr/lib/x86_64-linux-gnu/libprotobuf.so (found version "3.12.4") 
[0.804s] -- Looking for ignition-math6 -- found version 6.15.1
[0.809s] -- Searching for dependencies of ignition-math6
[0.810s] -- Looking for OGRE...
[0.810s] -- OGRE_PREFIX_WATCH changed.
[0.815s] -- Checking for module 'OGRE'
[0.824s] --   Found OGRE, version 1.9.0
[0.847s] -- Found Ogre Ghadamon (1.9.0)
[0.859s] -- Found OGRE: optimized;/usr/lib/x86_64-linux-gnu/libOgreMain.so;debug;/usr/lib/x86_64-linux-gnu/libOgreMain.so
[0.865s] -- Looking for OGRE_Paging...
[0.870s] -- Found OGRE_Paging: optimized;/usr/lib/x86_64-linux-gnu/libOgrePaging.so;debug;/usr/lib/x86_64-linux-gnu/libOgrePaging.so
[0.870s] -- Looking for OGRE_Terrain...
[0.874s] -- Found OGRE_Terrain: optimized;/usr/lib/x86_64-linux-gnu/libOgreTerrain.so;debug;/usr/lib/x86_64-linux-gnu/libOgreTerrain.so
[0.874s] -- Looking for OGRE_Property...
[0.881s] -- Found OGRE_Property: optimized;/usr/lib/x86_64-linux-gnu/libOgreProperty.so;debug;/usr/lib/x86_64-linux-gnu/libOgreProperty.so
[0.881s] -- Looking for OGRE_RTShaderSystem...
[0.884s] -- Found OGRE_RTShaderSystem: optimized;/usr/lib/x86_64-linux-gnu/libOgreRTShaderSystem.so;debug;/usr/lib/x86_64-linux-gnu/libOgreRTShaderSystem.so
[0.884s] -- Looking for OGRE_Volume...
[0.887s] -- Found OGRE_Volume: optimized;/usr/lib/x86_64-linux-gnu/libOgreVolume.so;debug;/usr/lib/x86_64-linux-gnu/libOgreVolume.so
[0.887s] -- Looking for OGRE_Overlay...
[0.890s] -- Found OGRE_Overlay: optimized;/usr/lib/x86_64-linux-gnu/libOgreOverlay.so;debug;/usr/lib/x86_64-linux-gnu/libOgreOverlay.so
[0.980s] -- Looking for ignition-math6 -- found version 6.15.1
[0.982s] -- Looking for ignition-transport8 -- found version 8.2.1
[0.982s] -- Searching for dependencies of ignition-transport8
[0.998s] -- Found Protobuf: /usr/lib/x86_64-linux-gnu/libprotobuf.so (found suitable version "3.12.4", minimum required is "3") 
[1.009s] -- Config-file not installed for ZeroMQ -- checking for pkg-config
[1.012s] -- Checking for module 'libzmq >= 4'
[1.026s] --   Found libzmq , version 4.3.4
[1.086s] -- Found ZeroMQ: TRUE (Required is at least version "4") 
[1.096s] -- Checking for module 'uuid'
[1.114s] --   Found uuid, version 2.37.2
[1.162s] -- Found UUID: TRUE  
[1.164s] -- Looking for ignition-msgs5 -- found version 5.8.1
[1.175s] -- Searching for dependencies of ignition-msgs5
[1.189s] -- Looking for ignition-math6 -- found version 6.15.1
[1.197s] -- Checking for module 'tinyxml2'
[1.219s] --   Found tinyxml2, version 9.0.0
[1.299s] -- Looking for ignition-msgs5 -- found version 5.8.1
[1.305s] -- Looking for ignition-common3 -- found version 3.14.0
[1.305s] -- Searching for dependencies of ignition-common3
[1.305s] -- Looking for dlfcn.h - found
[1.307s] -- Looking for libdl - found
[1.313s] -- Found DL: TRUE  
[1.336s] -- Found tinyobjloader: /usr/lib/x86_64-linux-gnu/cmake/tinyobjloader/tinyobjloader-config.cmake (found version "2.0.0") 
[1.336s] -- Searching for <ignition-common3> component [graphics]
[1.343s] -- Looking for ignition-common3-graphics -- found version 3.14.0
[1.343s] -- Searching for dependencies of ignition-common3-graphics
[1.343s] -- Looking for ignition-math6 -- found version 6.15.1
[1.345s] -- Looking for ignition-fuel_tools4 -- found version 4.4.0
[1.346s] -- Searching for dependencies of ignition-fuel_tools4
[1.499s] -- Found CURL: /usr/lib/x86_64-linux-gnu/libcurl.so (found version "7.81.0")  
[1.515s] -- Checking for module 'jsoncpp'
[1.539s] --   Found jsoncpp, version 1.9.5
[1.614s] -- Found JSONCPP: TRUE  
[1.627s] -- Checking for module 'libzip'
[1.656s] --   Found libzip, version 1.7.3
[1.720s] -- Found ZIP: TRUE  
[1.724s] -- Looking for ignition-common3 -- found version 3.14.0
[1.724s] -- Looking for ignition-math6 -- found version 6.15.1
[1.728s] -- Looking for ignition-msgs5 -- found version 5.8.1
[1.738s] -- Found gazebo_ros: 3.9.0 (/opt/ros/humble/share/gazebo_ros/cmake)
[1.815s] -- Found rosidl_generator_c: 3.1.7 (/opt/ros/humble/share/rosidl_generator_c/cmake)
[1.826s] -- Found rosidl_adapter: 3.1.7 (/opt/ros/humble/share/rosidl_adapter/cmake)
[1.836s] -- Found rosidl_generator_cpp: 3.1.7 (/opt/ros/humble/share/rosidl_generator_cpp/cmake)
[1.865s] -- Using all available rosidl_typesupport_c: rosidl_typesupport_fastrtps_c;rosidl_typesupport_introspection_c
[1.891s] -- Using all available rosidl_typesupport_cpp: rosidl_typesupport_fastrtps_cpp;rosidl_typesupport_introspection_cpp
[1.979s] -- Found rmw_implementation_cmake: 6.1.2 (/opt/ros/humble/share/rmw_implementation_cmake/cmake)
[1.981s] -- Found rmw_fastrtps_cpp: 6.2.9 (/opt/ros/humble/share/rmw_fastrtps_cpp/cmake)
[2.170s] -- Found OpenSSL: /usr/lib/x86_64-linux-gnu/libcrypto.so (found version "3.0.2")  
[2.231s] -- Found FastRTPS: /opt/ros/humble/include  
[2.326s] -- Using RMW implementation 'rmw_fastrtps_cpp' as default
[2.349s] -- Found Threads: TRUE  
[2.442s] -- Gazebo version: 11.10
[2.443s] -- Checking for module 'tbb'
[2.466s] --   Found tbb, version 2021.5.0
[2.598s] -- Configuring done
[2.665s] -- Generating done
[2.674s] -- Build files have been written to: /home/home/ros2_ws/build/hinged_door_plugin
[2.700s] Invoked command in '/home/home/ros2_ws/build/hinged_door_plugin' returned '0': CMAKE_PREFIX_PATH=/opt/ros/humble /usr/bin/cmake /home/home/ros2_ws/src/RCI_quadruped_robot_navigation/plugins/hinged_door_plugin -DAMENT_CMAKE_SYMLINK_INSTALL=1 -DCMAKE_INSTALL_PREFIX=/home/home/ros2_ws/install/hinged_door_plugin
[2.700s] Invoking command in '/home/home/ros2_ws/build/hinged_door_plugin': CMAKE_PREFIX_PATH=/opt/ros/humble /usr/bin/cmake --build /home/home/ros2_ws/build/hinged_door_plugin -- -j12 -l12
[2.835s] [ 25%] [32mBuilding CXX object CMakeFiles/double_hinged_door_plugin.dir/src/double_hinged_door_plugin.cpp.o[0m
[2.835s] [ 50%] [32mBuilding CXX object CMakeFiles/single_hinged_door_plugin.dir/src/single_hinged_door_plugin.cpp.o[0m
[19.292s] [ 75%] [32m[1mLinking CXX shared library libdouble_hinged_door_plugin.so[0m
[19.553s] [100%] [32m[1mLinking CXX shared library libsingle_hinged_door_plugin.so[0m
[19.760s] [100%] Built target double_hinged_door_plugin
[20.003s] [100%] Built target single_hinged_door_plugin
[20.011s] Invoked command in '/home/home/ros2_ws/build/hinged_door_plugin' returned '0': CMAKE_PREFIX_PATH=/opt/ros/humble /usr/bin/cmake --build /home/home/ros2_ws/build/hinged_door_plugin -- -j12 -l12
[20.016s] Invoking command in '/home/home/ros2_ws/build/hinged_door_plugin': CMAKE_PREFIX_PATH=/opt/ros/humble /usr/bin/cmake --install /home/home/ros2_ws/build/hinged_door_plugin
[20.018s] -- Install configuration: ""
[20.018s] -- Execute custom install script
[20.018s] -- Symlinking: /home/home/ros2_ws/install/hinged_door_plugin/lib/libdouble_hinged_door_plugin.so
[20.024s] -- Symlinking: /home/home/ros2_ws/install/hinged_door_plugin/lib/libsingle_hinged_door_plugin.so
[20.030s] -- Symlinking: /home/home/ros2_ws/install/hinged_door_plugin/share/ament_index/resource_index/package_run_dependencies/hinged_door_plugin
[20.036s] -- Symlinking: /home/home/ros2_ws/install/hinged_door_plugin/share/ament_index/resource_index/parent_prefix_path/hinged_door_plugin
[20.042s] -- Symlinking: /home/home/ros2_ws/install/hinged_door_plugin/share/hinged_door_plugin/environment/ament_prefix_path.sh
[20.048s] -- Symlinking: /home/home/ros2_ws/install/hinged_door_plugin/share/hinged_door_plugin/environment/ament_prefix_path.dsv
[20.054s] -- Symlinking: /home/home/ros2_ws/install/hinged_door_plugin/share/hinged_door_plugin/environment/path.sh
[20.059s] -- Symlinking: /home/home/ros2_ws/install/hinged_door_plugin/share/hinged_door_plugin/environment/path.dsv
[20.064s] -- Symlinking: /home/home/ros2_ws/install/hinged_door_plugin/share/hinged_door_plugin/local_setup.bash
[20.069s] -- Symlinking: /home/home/ros2_ws/install/hinged_door_plugin/share/hinged_door_plugin/local_setup.sh
[20.074s] -- Symlinking: /home/home/ros2_ws/install/hinged_door_plugin/share/hinged_door_plugin/local_setup.zsh
[20.079s] -- Symlinking: /home/home/ros2_ws/install/hinged_door_plugin/share/hinged_door_plugin/local_setup.dsv
[20.084s] -- Symlinking: /home/home/ros2_ws/install/hinged_door_plugin/share/hinged_door_plugin/package.dsv
[20.090s] -- Symlinking: /home/home/ros2_ws/install/hinged_door_plugin/share/ament_index/resource_index/packages/hinged_door_plugin
[20.095s] -- Symlinking: /home/home/ros2_ws/install/hinged_door_plugin/share/hinged_door_plugin/cmake/hinged_door_pluginConfig.cmake
[20.102s] -- Symlinking: /home/home/ros2_ws/install/hinged_door_plugin/share/hinged_door_plugin/cmake/hinged_door_pluginConfig-version.cmake
[20.108s] -- Symlinking: /home/home/ros2_ws/install/hinged_door_plugin/share/hinged_door_plugin/package.xml
[20.116s] Invoked command in '/home/home/ros2_ws/build/hinged_door_plugin' returned '0': CMAKE_PREFIX_PATH=/opt/ros/humble /usr/bin/cmake --install /home/home/ros2_ws/build/hinged_door_plugin
