[0.007s] Invoking command in '/home/home/ros2_ws/build/robot_joint_controller': CMAKE_PREFIX_PATH=/home/home/ros2_ws/install/robot_msgs:/home/home/ros2_ws/install/rl_sar:/home/home/ros2_ws/install/world_tf_publisher:/home/home/ros2_ws/install/velodyne_simulator:/home/home/ros2_ws/install/velodyne_gazebo_plugins:/home/home/ros2_ws/install/velodyne_description:/home/home/ros2_ws/install/sliding_door_plugin:/home/home/ros2_ws/install/robot_joint_controller:/home/home/ros2_ws/install/lift_elevator_plugin:/home/home/ros2_ws/install/hinged_door_plugin:/home/home/ros2_ws/install/go2w_description:/home/home/ros2_ws/install/go2_description:/home/home/ros2_ws/install/elevator_bt:/home/home/ros2_ws/install/door_bt:/home/home/ros2_ws/install/b2_description:/home/home/ros2_ws/install/rl_action:/opt/ros/humble LD_LIBRARY_PATH=/home/home/ros2_ws/install/robot_msgs/lib:/home/home/ros2_ws/install/rl_sar/lib:/home/home/ros2_ws/install/world_tf_publisher/lib:/home/home/ros2_ws/install/velodyne_gazebo_plugins/lib:/home/home/ros2_ws/install/sliding_door_plugin/lib:/home/home/ros2_ws/install/robot_joint_controller/lib:/home/home/ros2_ws/install/lift_elevator_plugin/lib:/home/home/ros2_ws/install/hinged_door_plugin/lib:/home/home/ros2_ws/install/door_bt/lib:/usr/lib/x86_64-linux-gnu/gazebo-11/plugins:/opt/ros/humble/opt/rviz_ogre_vendor/lib:/opt/ros/humble/lib/x86_64-linux-gnu:/opt/ros/humble/lib /usr/bin/cmake --build /home/home/ros2_ws/build/robot_joint_controller -- -j12 -l12
[0.055s] [100%] Built target robot_joint_controller
[0.064s] Invoked command in '/home/home/ros2_ws/build/robot_joint_controller' returned '0': CMAKE_PREFIX_PATH=/home/home/ros2_ws/install/robot_msgs:/home/home/ros2_ws/install/rl_sar:/home/home/ros2_ws/install/world_tf_publisher:/home/home/ros2_ws/install/velodyne_simulator:/home/home/ros2_ws/install/velodyne_gazebo_plugins:/home/home/ros2_ws/install/velodyne_description:/home/home/ros2_ws/install/sliding_door_plugin:/home/home/ros2_ws/install/robot_joint_controller:/home/home/ros2_ws/install/lift_elevator_plugin:/home/home/ros2_ws/install/hinged_door_plugin:/home/home/ros2_ws/install/go2w_description:/home/home/ros2_ws/install/go2_description:/home/home/ros2_ws/install/elevator_bt:/home/home/ros2_ws/install/door_bt:/home/home/ros2_ws/install/b2_description:/home/home/ros2_ws/install/rl_action:/opt/ros/humble LD_LIBRARY_PATH=/home/home/ros2_ws/install/robot_msgs/lib:/home/home/ros2_ws/install/rl_sar/lib:/home/home/ros2_ws/install/world_tf_publisher/lib:/home/home/ros2_ws/install/velodyne_gazebo_plugins/lib:/home/home/ros2_ws/install/sliding_door_plugin/lib:/home/home/ros2_ws/install/robot_joint_controller/lib:/home/home/ros2_ws/install/lift_elevator_plugin/lib:/home/home/ros2_ws/install/hinged_door_plugin/lib:/home/home/ros2_ws/install/door_bt/lib:/usr/lib/x86_64-linux-gnu/gazebo-11/plugins:/opt/ros/humble/opt/rviz_ogre_vendor/lib:/opt/ros/humble/lib/x86_64-linux-gnu:/opt/ros/humble/lib /usr/bin/cmake --build /home/home/ros2_ws/build/robot_joint_controller -- -j12 -l12
[0.065s] Invoking command in '/home/home/ros2_ws/build/robot_joint_controller': CMAKE_PREFIX_PATH=/home/home/ros2_ws/install/robot_msgs:/home/home/ros2_ws/install/rl_sar:/home/home/ros2_ws/install/world_tf_publisher:/home/home/ros2_ws/install/velodyne_simulator:/home/home/ros2_ws/install/velodyne_gazebo_plugins:/home/home/ros2_ws/install/velodyne_description:/home/home/ros2_ws/install/sliding_door_plugin:/home/home/ros2_ws/install/robot_joint_controller:/home/home/ros2_ws/install/lift_elevator_plugin:/home/home/ros2_ws/install/hinged_door_plugin:/home/home/ros2_ws/install/go2w_description:/home/home/ros2_ws/install/go2_description:/home/home/ros2_ws/install/elevator_bt:/home/home/ros2_ws/install/door_bt:/home/home/ros2_ws/install/b2_description:/home/home/ros2_ws/install/rl_action:/opt/ros/humble LD_LIBRARY_PATH=/home/home/ros2_ws/install/robot_msgs/lib:/home/home/ros2_ws/install/rl_sar/lib:/home/home/ros2_ws/install/world_tf_publisher/lib:/home/home/ros2_ws/install/velodyne_gazebo_plugins/lib:/home/home/ros2_ws/install/sliding_door_plugin/lib:/home/home/ros2_ws/install/robot_joint_controller/lib:/home/home/ros2_ws/install/lift_elevator_plugin/lib:/home/home/ros2_ws/install/hinged_door_plugin/lib:/home/home/ros2_ws/install/door_bt/lib:/usr/lib/x86_64-linux-gnu/gazebo-11/plugins:/opt/ros/humble/opt/rviz_ogre_vendor/lib:/opt/ros/humble/lib/x86_64-linux-gnu:/opt/ros/humble/lib /usr/bin/cmake --install /home/home/ros2_ws/build/robot_joint_controller
[0.071s] -- Install configuration: ""
[0.071s] -- Execute custom install script
[0.071s] -- Up-to-date symlink: /home/home/ros2_ws/install/robot_joint_controller/share/robot_joint_controller/ros2/robot_joint_controller_plugins.xml
[0.072s] -- Up-to-date symlink: /home/home/ros2_ws/install/robot_joint_controller/include/robot_joint_controller/robot_joint_controller.hpp
[0.072s] -- Up-to-date symlink: /home/home/ros2_ws/install/robot_joint_controller/include/robot_joint_controller/robot_joint_controller_group.hpp
[0.072s] -- Up-to-date symlink: /home/home/ros2_ws/install/robot_joint_controller/include/robot_joint_controller/visibility_control.h
[0.072s] -- Up-to-date symlink: /home/home/ros2_ws/install/robot_joint_controller/share/robot_joint_controller/environment/library_path.sh
[0.072s] -- Up-to-date symlink: /home/home/ros2_ws/install/robot_joint_controller/share/robot_joint_controller/environment/library_path.dsv
[0.072s] -- Up-to-date symlink: /home/home/ros2_ws/install/robot_joint_controller/share/ament_index/resource_index/package_run_dependencies/robot_joint_controller
[0.072s] -- Up-to-date symlink: /home/home/ros2_ws/install/robot_joint_controller/share/ament_index/resource_index/parent_prefix_path/robot_joint_controller
[0.072s] -- Up-to-date symlink: /home/home/ros2_ws/install/robot_joint_controller/share/robot_joint_controller/environment/ament_prefix_path.sh
[0.072s] -- Up-to-date symlink: /home/home/ros2_ws/install/robot_joint_controller/share/robot_joint_controller/environment/ament_prefix_path.dsv
[0.072s] -- Up-to-date symlink: /home/home/ros2_ws/install/robot_joint_controller/share/robot_joint_controller/environment/path.sh
[0.072s] -- Up-to-date symlink: /home/home/ros2_ws/install/robot_joint_controller/share/robot_joint_controller/environment/path.dsv
[0.072s] -- Up-to-date symlink: /home/home/ros2_ws/install/robot_joint_controller/share/robot_joint_controller/local_setup.bash
[0.073s] -- Up-to-date symlink: /home/home/ros2_ws/install/robot_joint_controller/share/robot_joint_controller/local_setup.sh
[0.073s] -- Up-to-date symlink: /home/home/ros2_ws/install/robot_joint_controller/share/robot_joint_controller/local_setup.zsh
[0.073s] -- Up-to-date symlink: /home/home/ros2_ws/install/robot_joint_controller/share/robot_joint_controller/local_setup.dsv
[0.073s] -- Symlinking: /home/home/ros2_ws/install/robot_joint_controller/share/robot_joint_controller/package.dsv
[0.080s] -- Up-to-date symlink: /home/home/ros2_ws/install/robot_joint_controller/share/ament_index/resource_index/packages/robot_joint_controller
[0.080s] -- Up-to-date symlink: /home/home/ros2_ws/install/robot_joint_controller/share/ament_index/resource_index/controller_interface__pluginlib__plugin/robot_joint_controller
[0.080s] -- Up-to-date symlink: /home/home/ros2_ws/install/robot_joint_controller/share/robot_joint_controller/cmake/ament_cmake_export_libraries-extras.cmake
[0.080s] -- Up-to-date symlink: /home/home/ros2_ws/install/robot_joint_controller/share/robot_joint_controller/cmake/ament_cmake_export_dependencies-extras.cmake
[0.081s] -- Up-to-date symlink: /home/home/ros2_ws/install/robot_joint_controller/share/robot_joint_controller/cmake/robot_joint_controllerConfig.cmake
[0.081s] -- Up-to-date symlink: /home/home/ros2_ws/install/robot_joint_controller/share/robot_joint_controller/cmake/robot_joint_controllerConfig-version.cmake
[0.081s] -- Up-to-date symlink: /home/home/ros2_ws/install/robot_joint_controller/share/robot_joint_controller/package.xml
[0.081s] -- Up-to-date: /home/home/ros2_ws/install/robot_joint_controller/lib/librobot_joint_controller.so
[0.083s] Invoked command in '/home/home/ros2_ws/build/robot_joint_controller' returned '0': CMAKE_PREFIX_PATH=/home/home/ros2_ws/install/robot_msgs:/home/home/ros2_ws/install/rl_sar:/home/home/ros2_ws/install/world_tf_publisher:/home/home/ros2_ws/install/velodyne_simulator:/home/home/ros2_ws/install/velodyne_gazebo_plugins:/home/home/ros2_ws/install/velodyne_description:/home/home/ros2_ws/install/sliding_door_plugin:/home/home/ros2_ws/install/robot_joint_controller:/home/home/ros2_ws/install/lift_elevator_plugin:/home/home/ros2_ws/install/hinged_door_plugin:/home/home/ros2_ws/install/go2w_description:/home/home/ros2_ws/install/go2_description:/home/home/ros2_ws/install/elevator_bt:/home/home/ros2_ws/install/door_bt:/home/home/ros2_ws/install/b2_description:/home/home/ros2_ws/install/rl_action:/opt/ros/humble LD_LIBRARY_PATH=/home/home/ros2_ws/install/robot_msgs/lib:/home/home/ros2_ws/install/rl_sar/lib:/home/home/ros2_ws/install/world_tf_publisher/lib:/home/home/ros2_ws/install/velodyne_gazebo_plugins/lib:/home/home/ros2_ws/install/sliding_door_plugin/lib:/home/home/ros2_ws/install/robot_joint_controller/lib:/home/home/ros2_ws/install/lift_elevator_plugin/lib:/home/home/ros2_ws/install/hinged_door_plugin/lib:/home/home/ros2_ws/install/door_bt/lib:/usr/lib/x86_64-linux-gnu/gazebo-11/plugins:/opt/ros/humble/opt/rviz_ogre_vendor/lib:/opt/ros/humble/lib/x86_64-linux-gnu:/opt/ros/humble/lib /usr/bin/cmake --install /home/home/ros2_ws/build/robot_joint_controller
