[0.032s] Invoking command in '/home/home/ros2_ws/build/lift_elevator_plugin': CMAKE_PREFIX_PATH=${CMAKE_PREFIX_PATH}:/home/home/ros2_ws/install/rl_action:/opt/ros/humble /usr/bin/cmake --build /home/home/ros2_ws/build/lift_elevator_plugin -- -j12 -l12
[0.133s] [100%] Built target elevator_plugin
[0.175s] Invoked command in '/home/home/ros2_ws/build/lift_elevator_plugin' returned '0': CMAKE_PREFIX_PATH=${CMAKE_PREFIX_PATH}:/home/home/ros2_ws/install/rl_action:/opt/ros/humble /usr/bin/cmake --build /home/home/ros2_ws/build/lift_elevator_plugin -- -j12 -l12
[0.176s] Invoking command in '/home/home/ros2_ws/build/lift_elevator_plugin': CMAKE_PREFIX_PATH=${CMAKE_PREFIX_PATH}:/home/home/ros2_ws/install/rl_action:/opt/ros/humble /usr/bin/cmake --install /home/home/ros2_ws/build/lift_elevator_plugin
[0.185s] -- Install configuration: ""
[0.186s] -- Execute custom install script
[0.186s] -- Up-to-date symlink: /home/home/ros2_ws/install/lift_elevator_plugin/lib/libelevator_plugin.so
[0.186s] -- Up-to-date symlink: /home/home/ros2_ws/install/lift_elevator_plugin/share/ament_index/resource_index/package_run_dependencies/lift_elevator_plugin
[0.186s] -- Up-to-date symlink: /home/home/ros2_ws/install/lift_elevator_plugin/share/ament_index/resource_index/parent_prefix_path/lift_elevator_plugin
[0.186s] -- Up-to-date symlink: /home/home/ros2_ws/install/lift_elevator_plugin/share/lift_elevator_plugin/environment/ament_prefix_path.sh
[0.186s] -- Up-to-date symlink: /home/home/ros2_ws/install/lift_elevator_plugin/share/lift_elevator_plugin/environment/ament_prefix_path.dsv
[0.186s] -- Up-to-date symlink: /home/home/ros2_ws/install/lift_elevator_plugin/share/lift_elevator_plugin/environment/path.sh
[0.186s] -- Up-to-date symlink: /home/home/ros2_ws/install/lift_elevator_plugin/share/lift_elevator_plugin/environment/path.dsv
[0.186s] -- Up-to-date symlink: /home/home/ros2_ws/install/lift_elevator_plugin/share/lift_elevator_plugin/local_setup.bash
[0.186s] -- Up-to-date symlink: /home/home/ros2_ws/install/lift_elevator_plugin/share/lift_elevator_plugin/local_setup.sh
[0.186s] -- Up-to-date symlink: /home/home/ros2_ws/install/lift_elevator_plugin/share/lift_elevator_plugin/local_setup.zsh
[0.187s] -- Up-to-date symlink: /home/home/ros2_ws/install/lift_elevator_plugin/share/lift_elevator_plugin/local_setup.dsv
[0.187s] -- Symlinking: /home/home/ros2_ws/install/lift_elevator_plugin/share/lift_elevator_plugin/package.dsv
[0.194s] -- Up-to-date symlink: /home/home/ros2_ws/install/lift_elevator_plugin/share/ament_index/resource_index/packages/lift_elevator_plugin
[0.194s] -- Up-to-date symlink: /home/home/ros2_ws/install/lift_elevator_plugin/share/lift_elevator_plugin/cmake/lift_elevator_pluginConfig.cmake
[0.194s] -- Up-to-date symlink: /home/home/ros2_ws/install/lift_elevator_plugin/share/lift_elevator_plugin/cmake/lift_elevator_pluginConfig-version.cmake
[0.194s] -- Up-to-date symlink: /home/home/ros2_ws/install/lift_elevator_plugin/share/lift_elevator_plugin/package.xml
[0.261s] Invoked command in '/home/home/ros2_ws/build/lift_elevator_plugin' returned '0': CMAKE_PREFIX_PATH=${CMAKE_PREFIX_PATH}:/home/home/ros2_ws/install/rl_action:/opt/ros/humble /usr/bin/cmake --install /home/home/ros2_ws/build/lift_elevator_plugin
